#
# There is insufficient memory for the Java Runtime Environment to continue.
# Native memory allocation (malloc) failed to allocate 1063216 bytes for Chunk::new
# Possible reasons:
#   The system is out of physical RAM or swap space
#   The process is running with CompressedOops enabled, and the Java Heap may be blocking the growth of the native heap
# Possible solutions:
#   Reduce memory load on the system
#   Increase physical memory or swap space
#   Check if swap backing store is full
#   Decrease Java heap size (-Xmx/-Xms)
#   Decrease number of Java threads
#   Decrease Java thread stack sizes (-Xss)
#   Set larger code cache with -XX:ReservedCodeCacheSize=
#   JVM is running with Zero Based Compressed Oops mode in which the Java heap is
#     placed in the first 32GB address space. The Java Heap base address is the
#     maximum limit for the native heap growth. Please use -XX:HeapBaseMinAddress
#     to set the Java Heap base and to place the Java Heap above 32GB virtual address.
# This output file may be truncated or incomplete.
#
#  Out of Memory Error (t:/workspace/open/src/hotspot/share/memory/arena.cpp:197), pid=22112, tid=2884
#
# JRE version: Java(TM) SE Runtime Environment (12.0.2+10) (build 12.0.2+10)
# Java VM: Java HotSpot(TM) 64-Bit Server VM (12.0.2+10, mixed mode, sharing, tiered, compressed oops, g1 gc, windows-amd64)
# No core dump will be written. Minidumps are not enabled by default on client versions of Windows
#

---------------  S U M M A R Y ------------

Command Line: -Dapplication.home=C:\Program Files\Java\jdk-12.0.2 --add-modules=ALL-DEFAULT -Xms8m -Djdk.module.main=jdk.compiler jdk.compiler/com.sun.tools.javac.Main -d C:\Users\USER\Documents\NetBeansProjects\cnpm\build\classes -classpath C:\Users\USER\Documents\NetBeansProjects\cnpm\build\classes;C:\Users\USER\Desktop\NNLT\JAVA TOOL+CODE\Tool JAVA\mssql-jdbc-7.2.1.jre11.jar;D:\NETBEAN\netbeans\java\modules\ext\AbsoluteLayout.jar;C:\Users\USER\Desktop\NNLT\JAVA TOOL+CODE\Tool JAVA\jdatechooser\DateChooser.jar;C:\Users\USER\Desktop\NNLT\JAVA TOOL+CODE\Tool JAVA\javadate picker\jdatepicker-1.3.2.jar;C:\Users\USER\Desktop\NNLT\JAVA TOOL+CODE\Tool JAVA\ITextSharp\itextpdf-5.4.0.jar;C:\Users\USER\Desktop\NNLT\JAVA TOOL+CODE\Tool JAVA\io\io-7.0.5.jar;C:\Users\USER\Desktop\NNLT\JAVA TOOL+CODE\Tool JAVA\pqScan.PDFtoImage\pqScan.PDFtoImage.jar -sourcepath C:\Users\USER\Documents\NetBeansProjects\cnpm\src -target 12 -encoding UTF-8 -g -processorpath C:\Users\USER\Desktop\NNLT\JAVA TOOL+CODE\Tool JAVA\mssql-jdbc-7.2.1.jre11.jar;D:\NETBEAN\netbeans\java\modules\ext\AbsoluteLayout.jar;C:\Users\USER\Desktop\NNLT\JAVA TOOL+CODE\Tool JAVA\jdatechooser\DateChooser.jar;C:\Users\USER\Desktop\NNLT\JAVA TOOL+CODE\Tool JAVA\javadate picker\jdatepicker-1.3.4.jar;C:\Users\USER\Desktop\NNLT\JAVA TOOL+CODE\Tool JAVA\javadate picker\jdatepicker-1.3.2.jar;C:\Users\USER\Downloads\New folder\New folder\AbsoluteLayout.jar;C:\Users\USER\Downloads\New folder\New folder\commons-beanutils-1.8.2.jar;C:\Users\USER\Downloads\New folder\New folder\groovy-all-1.7.5.jar;C:\Users\USER\Downloads\New folder\New folder\jasperreports-4.0.2.jar;C:\Users\USER\Downloads\New folder\New folder\swingx-all-1.6.4.jar;C:\Users\USER\Downloads\New folder\New folder\sqljdbc4.jar;C:\Users\USER\Desktop\NNLT\JAVA TOOL+CODE\Tool JAVA\ITextSharp\itextpdf-5.4.0.jar;C:\Users\USER\Desktop\NNLT\JAVA TOOL+CODE\Tool JAVA\io\io-7.0.5.jar;C:\Users\USER\Desktop\NNLT\JAVA TOOL+CODE\Tool JAVA\pqScan.PDFtoImage\pqScan.PDFtoImage.jar;C:\Users\USER\Documents\NetBeansProjects\cnpm\build\empty -s C:\Users\USER\Documents\NetBeansProjects\cnpm\build\generated-sources\ap-source-output -source 12 C:\Users\USER\Documents\NetBeansProjects\cnpm\src\cnpm\updatePanelGuest.java

Host: Intel(R) Core(TM) i7-7500U CPU @ 2.70GHz, 4 cores, 11G,  Windows 10 , 64 bit Build 18362 (10.0.18362.778)
Time: Fri Jun 26 14:32:53 2020 SE Asia Standard Time elapsed time: 1 seconds (0d 0h 0m 1s)

---------------  T H R E A D  ---------------

Current thread (0x000001dd4d3bb800):  JavaThread "C2 CompilerThread1" daemon [_thread_in_native, id=2884, stack(0x0000002e33e00000,0x0000002e33f00000)]


Current CompileTask:
C2:   1856 2018       4       com.sun.tools.javac.code.Symtab::lookupPackage (243 bytes)

Stack: [0x0000002e33e00000,0x0000002e33f00000]
Native frames: (J=compiled Java code, j=interpreted, Vv=VM code, C=native code)
V  [jvm.dll+0x63aa2a]
V  [jvm.dll+0x78ce1e]
V  [jvm.dll+0x78e4c1]
V  [jvm.dll+0x78eb13]
V  [jvm.dll+0x2627e8]
V  [jvm.dll+0xc55cc]
V  [jvm.dll+0xc5b4c]
V  [jvm.dll+0x2d4034]
V  [jvm.dll+0x5569ad]
V  [jvm.dll+0x2246f7]
V  [jvm.dll+0x21e313]
V  [jvm.dll+0x21b2b6]
V  [jvm.dll+0x199a20]
V  [jvm.dll+0x22a744]
V  [jvm.dll+0x228d98]
V  [jvm.dll+0x7512a0]
V  [jvm.dll+0x74a2c8]
V  [jvm.dll+0x639b16]
C  [ucrtbase.dll+0x20e82]
C  [KERNEL32.DLL+0x17bd4]
C  [ntdll.dll+0x6ce51]


---------------  P R O C E S S  ---------------

Threads class SMR info:
_java_thread_list=0x000001dd4d433ca0, length=11, elements={
0x000001dd2bf3d000, 0x000001dd2c00b000, 0x000001dd2c00c800, 0x000001dd4c898000,
0x000001dd4c89a000, 0x000001dd4c89c800, 0x000001dd4c8a5800, 0x000001dd4c8ab800,
0x000001dd4c87d800, 0x000001dd4d350000, 0x000001dd4d3bb800
}

Java Threads: ( => current thread )
  0x000001dd2bf3d000 JavaThread "main" [_thread_in_vm, id=16592, stack(0x0000002e32c00000,0x0000002e32d00000)]
  0x000001dd2c00b000 JavaThread "Reference Handler" daemon [_thread_blocked, id=21788, stack(0x0000002e33300000,0x0000002e33400000)]
  0x000001dd2c00c800 JavaThread "Finalizer" daemon [_thread_blocked, id=21964, stack(0x0000002e33400000,0x0000002e33500000)]
  0x000001dd4c898000 JavaThread "Signal Dispatcher" daemon [_thread_blocked, id=21568, stack(0x0000002e33500000,0x0000002e33600000)]
  0x000001dd4c89a000 JavaThread "Attach Listener" daemon [_thread_blocked, id=22148, stack(0x0000002e33600000,0x0000002e33700000)]
  0x000001dd4c89c800 JavaThread "C2 CompilerThread0" daemon [_thread_in_native, id=21588, stack(0x0000002e33700000,0x0000002e33800000)]
  0x000001dd4c8a5800 JavaThread "C1 CompilerThread0" daemon [_thread_in_native, id=22204, stack(0x0000002e33800000,0x0000002e33900000)]
  0x000001dd4c8ab800 JavaThread "Sweeper thread" daemon [_thread_blocked, id=21064, stack(0x0000002e33900000,0x0000002e33a00000)]
  0x000001dd4c87d800 JavaThread "Common-Cleaner" daemon [_thread_blocked, id=22012, stack(0x0000002e33a00000,0x0000002e33b00000)]
  0x000001dd4d350000 JavaThread "Service Thread" daemon [_thread_blocked, id=20884, stack(0x0000002e33b00000,0x0000002e33c00000)]
=>0x000001dd4d3bb800 JavaThread "C2 CompilerThread1" daemon [_thread_in_native, id=2884, stack(0x0000002e33e00000,0x0000002e33f00000)]

Other Threads:
  0x000001dd2c007800 VMThread "VM Thread" [stack: 0x0000002e33200000,0x0000002e33300000] [id=15168]
  0x000001dd4d3a7800 WatcherThread [stack: 0x0000002e33c00000,0x0000002e33d00000] [id=21848]
  0x000001dd2bf8e800 GCTaskThread "GC Thread#0" [stack: 0x0000002e32d00000,0x0000002e32e00000] [id=16572]
  0x000001dd4d45f800 GCTaskThread "GC Thread#1" [stack: 0x0000002e33d00000,0x0000002e33e00000] [id=21572]
  0x000001dd2bfa2000 ConcurrentGCThread "G1 Main Marker" [stack: 0x0000002e32e00000,0x0000002e32f00000] [id=22352]
  0x000001dd2bfa4000 ConcurrentGCThread "G1 Conc#0" [stack: 0x0000002e32f00000,0x0000002e33000000] [id=20148]
  0x000001dd2bfc1000 ConcurrentGCThread "G1 Refine#0" [stack: 0x0000002e33000000,0x0000002e33100000] [id=19004]
  0x000001dd2bfc2000 ConcurrentGCThread "G1 Young RemSet Sampling" [stack: 0x0000002e33100000,0x0000002e33200000] [id=22004]

Threads with active compile tasks:
C2 CompilerThread0  2090       4       com.sun.tools.javac.code.Types::union (182 bytes)
C1 CompilerThread0  2256       2       com.sun.tools.javac.code.Types$HashCodeVisitor::visitClassType (10 bytes)
C2 CompilerThread1  2018       4       com.sun.tools.javac.code.Symtab::lookupPackage (243 bytes)

VM state:not at safepoint (normal execution)

VM Mutex/Monitor currently owned by a thread: None

Heap address: 0x0000000742000000, size: 3040 MB, Compressed Oops mode: Zero based, Oop shift amount: 3
Narrow klass base: 0x0000000800000000, Narrow klass shift: 3
Compressed class space size: 1073741824 Address: 0x0000000801190000

Heap:
 garbage-first heap   total 57344K, used 15132K [0x0000000742000000, 0x0000000800000000)
  region size 1024K, 3 young (3072K), 1 survivors (1024K)
 Metaspace       used 10684K, capacity 13209K, committed 13312K, reserved 1060864K
  class space    used 1188K, capacity 1511K, committed 1536K, reserved 1048576K
Heap Regions: E=young(eden), S=young(survivor), O=old, HS=humongous(starts), HC=humongous(continues), CS=collection set, F=free, A=archive, TAMS=top-at-mark-start (previous, next)
|   0|0x0000000742000000, 0x0000000742100000, 0x0000000742100000|100%| O|  |TAMS 0x0000000742100000, 0x0000000742000000| Untracked 
|   1|0x0000000742100000, 0x0000000742200000, 0x0000000742200000|100%| O|  |TAMS 0x0000000742200000, 0x0000000742100000| Untracked 
|   2|0x0000000742200000, 0x0000000742300000, 0x0000000742300000|100%| O|  |TAMS 0x0000000742300000, 0x0000000742200000| Untracked 
|   3|0x0000000742300000, 0x0000000742400000, 0x0000000742400000|100%| O|  |TAMS 0x0000000742400000, 0x0000000742300000| Untracked 
|   4|0x0000000742400000, 0x0000000742500000, 0x0000000742500000|100%| O|  |TAMS 0x0000000742500000, 0x0000000742400000| Untracked 
|   5|0x0000000742500000, 0x0000000742600000, 0x0000000742600000|100%| O|  |TAMS 0x0000000742509e00, 0x0000000742500000| Untracked 
|   6|0x0000000742600000, 0x0000000742700000, 0x0000000742700000|100%| O|  |TAMS 0x0000000742600000, 0x0000000742600000| Untracked 
|   7|0x0000000742700000, 0x0000000742800000, 0x0000000742800000|100%| O|  |TAMS 0x0000000742700000, 0x0000000742700000| Untracked 
|   8|0x0000000742800000, 0x0000000742900000, 0x0000000742900000|100%| O|  |TAMS 0x0000000742800000, 0x0000000742800000| Untracked 
|   9|0x0000000742900000, 0x0000000742a00000, 0x0000000742a00000|100%| O|  |TAMS 0x0000000742900000, 0x0000000742900000| Untracked 
|  10|0x0000000742a00000, 0x0000000742b00000, 0x0000000742b00000|100%|HS|  |TAMS 0x0000000742a00000, 0x0000000742a00000| Complete 
|  11|0x0000000742b00000, 0x0000000742c00000, 0x0000000742c00000|100%| O|  |TAMS 0x0000000742b00000, 0x0000000742b00000| Untracked 
|  12|0x0000000742c00000, 0x0000000742cd6a00, 0x0000000742d00000| 83%| O|  |TAMS 0x0000000742c00000, 0x0000000742c00000| Untracked 
|  13|0x0000000742d00000, 0x0000000742d00000, 0x0000000742e00000|  0%| F|  |TAMS 0x0000000742d00000, 0x0000000742d00000| Untracked 
|  14|0x0000000742e00000, 0x0000000742e00000, 0x0000000742f00000|  0%| F|  |TAMS 0x0000000742e00000, 0x0000000742e00000| Untracked 
|  15|0x0000000742f00000, 0x0000000742f00000, 0x0000000743000000|  0%| F|  |TAMS 0x0000000742f00000, 0x0000000742f00000| Untracked 
|  16|0x0000000743000000, 0x0000000743000000, 0x0000000743100000|  0%| F|  |TAMS 0x0000000743000000, 0x0000000743000000| Untracked 
|  17|0x0000000743100000, 0x0000000743100000, 0x0000000743200000|  0%| F|  |TAMS 0x0000000743100000, 0x0000000743100000| Untracked 
|  18|0x0000000743200000, 0x0000000743200000, 0x0000000743300000|  0%| F|  |TAMS 0x0000000743200000, 0x0000000743200000| Untracked 
|  19|0x0000000743300000, 0x0000000743300000, 0x0000000743400000|  0%| F|  |TAMS 0x0000000743300000, 0x0000000743300000| Untracked 
|  20|0x0000000743400000, 0x00000007434f0848, 0x0000000743500000| 93%| S|CS|TAMS 0x0000000743400000, 0x0000000743400000| Complete 
|  21|0x0000000743500000, 0x0000000743500000, 0x0000000743600000|  0%| F|  |TAMS 0x0000000743500000, 0x0000000743500000| Untracked 
|  22|0x0000000743600000, 0x0000000743600000, 0x0000000743700000|  0%| F|  |TAMS 0x0000000743600000, 0x0000000743600000| Untracked 
|  23|0x0000000743700000, 0x0000000743700000, 0x0000000743800000|  0%| F|  |TAMS 0x0000000743700000, 0x0000000743700000| Untracked 
|  24|0x0000000743800000, 0x0000000743800000, 0x0000000743900000|  0%| F|  |TAMS 0x0000000743800000, 0x0000000743800000| Untracked 
|  25|0x0000000743900000, 0x0000000743900000, 0x0000000743a00000|  0%| F|  |TAMS 0x0000000743900000, 0x0000000743900000| Untracked 
|  26|0x0000000743a00000, 0x0000000743a00000, 0x0000000743b00000|  0%| F|  |TAMS 0x0000000743a00000, 0x0000000743a00000| Untracked 
|  27|0x0000000743b00000, 0x0000000743b00000, 0x0000000743c00000|  0%| F|  |TAMS 0x0000000743b00000, 0x0000000743b00000| Untracked 
|  28|0x0000000743c00000, 0x0000000743c00000, 0x0000000743d00000|  0%| F|  |TAMS 0x0000000743c00000, 0x0000000743c00000| Untracked 
|  29|0x0000000743d00000, 0x0000000743d00000, 0x0000000743e00000|  0%| F|  |TAMS 0x0000000743d00000, 0x0000000743d00000| Untracked 
|  30|0x0000000743e00000, 0x0000000743e00000, 0x0000000743f00000|  0%| F|  |TAMS 0x0000000743e00000, 0x0000000743e00000| Untracked 
|  31|0x0000000743f00000, 0x0000000743f00000, 0x0000000744000000|  0%| F|  |TAMS 0x0000000743f00000, 0x0000000743f00000| Untracked 
|  32|0x0000000744000000, 0x0000000744000000, 0x0000000744100000|  0%| F|  |TAMS 0x0000000744000000, 0x0000000744000000| Untracked 
|  33|0x0000000744100000, 0x0000000744100000, 0x0000000744200000|  0%| F|  |TAMS 0x0000000744100000, 0x0000000744100000| Untracked 
|  34|0x0000000744200000, 0x0000000744200000, 0x0000000744300000|  0%| F|  |TAMS 0x0000000744200000, 0x0000000744200000| Untracked 
|  35|0x0000000744300000, 0x0000000744300000, 0x0000000744400000|  0%| F|  |TAMS 0x0000000744300000, 0x0000000744300000| Untracked 
|  36|0x0000000744400000, 0x0000000744400000, 0x0000000744500000|  0%| F|  |TAMS 0x0000000744400000, 0x0000000744400000| Untracked 
|  37|0x0000000744500000, 0x0000000744500000, 0x0000000744600000|  0%| F|  |TAMS 0x0000000744500000, 0x0000000744500000| Untracked 
|  38|0x0000000744600000, 0x0000000744600000, 0x0000000744700000|  0%| F|  |TAMS 0x0000000744600000, 0x0000000744600000| Untracked 
|  39|0x0000000744700000, 0x0000000744700000, 0x0000000744800000|  0%| F|  |TAMS 0x0000000744700000, 0x0000000744700000| Untracked 
|  40|0x0000000744800000, 0x0000000744800000, 0x0000000744900000|  0%| F|  |TAMS 0x0000000744800000, 0x0000000744800000| Untracked 
|  41|0x0000000744900000, 0x0000000744900000, 0x0000000744a00000|  0%| F|  |TAMS 0x0000000744900000, 0x0000000744900000| Untracked 
|  42|0x0000000744a00000, 0x0000000744a00000, 0x0000000744b00000|  0%| F|  |TAMS 0x0000000744a00000, 0x0000000744a00000| Untracked 
|  43|0x0000000744b00000, 0x0000000744b00000, 0x0000000744c00000|  0%| F|  |TAMS 0x0000000744b00000, 0x0000000744b00000| Untracked 
|  44|0x0000000744c00000, 0x0000000744c00000, 0x0000000744d00000|  0%| F|  |TAMS 0x0000000744c00000, 0x0000000744c00000| Untracked 
|  45|0x0000000744d00000, 0x0000000744d00000, 0x0000000744e00000|  0%| F|  |TAMS 0x0000000744d00000, 0x0000000744d00000| Untracked 
|  46|0x0000000744e00000, 0x0000000744e00000, 0x0000000744f00000|  0%| F|  |TAMS 0x0000000744e00000, 0x0000000744e00000| Untracked 
|  47|0x0000000744f00000, 0x0000000744f00000, 0x0000000745000000|  0%| F|  |TAMS 0x0000000744f00000, 0x0000000744f00000| Untracked 
|  48|0x0000000745000000, 0x0000000745000000, 0x0000000745100000|  0%| F|  |TAMS 0x0000000745000000, 0x0000000745000000| Untracked 
|  49|0x0000000745100000, 0x0000000745100000, 0x0000000745200000|  0%| F|  |TAMS 0x0000000745100000, 0x0000000745100000| Untracked 
|  50|0x0000000745200000, 0x0000000745200000, 0x0000000745300000|  0%| F|  |TAMS 0x0000000745200000, 0x0000000745200000| Untracked 
|  51|0x0000000745300000, 0x0000000745300000, 0x0000000745400000|  0%| F|  |TAMS 0x0000000745300000, 0x0000000745300000| Untracked 
|  52|0x0000000745400000, 0x0000000745400000, 0x0000000745500000|  0%| F|  |TAMS 0x0000000745400000, 0x0000000745400000| Untracked 
|  53|0x0000000745500000, 0x0000000745500000, 0x0000000745600000|  0%| F|  |TAMS 0x0000000745500000, 0x0000000745500000| Untracked 
|  54|0x0000000745600000, 0x0000000745642380, 0x0000000745700000| 25%| E|  |TAMS 0x0000000745600000, 0x0000000745600000| Complete 
|  55|0x0000000745700000, 0x0000000745800000, 0x0000000745800000|100%| E|CS|TAMS 0x0000000745700000, 0x0000000745700000| Complete 

Card table byte_map: [0x000001dd43930000,0x000001dd43f20000] _byte_map_base: 0x000001dd3ff20000

Marking Bits (Prev, Next): (CMBitMap*) 0x000001dd2bf8f838, (CMBitMap*) 0x000001dd2bf8f878
 Prev Bits: [0x000001dd44510000, 0x000001dd47490000)
 Next Bits: [0x000001dd47490000, 0x000001dd4a410000)

Polling page: 0x000001dd29de0000

Metaspace:

Usage:
  Non-class:     11.49 MB capacity,     9.29 MB ( 81%) used,     2.16 MB ( 19%) free+waste,    33.31 KB ( <1%) overhead. 
      Class:      1.48 MB capacity,     1.16 MB ( 79%) used,   302.57 KB ( 20%) free+waste,    15.75 KB (  1%) overhead. 
       Both:     12.96 MB capacity,    10.45 MB ( 81%) used,     2.46 MB ( 19%) free+waste,    49.06 KB ( <1%) overhead. 

Virtual space:
  Non-class space:       12.00 MB reserved,      11.50 MB ( 96%) committed 
      Class space:        1.00 GB reserved,       1.50 MB ( <1%) committed 
             Both:        1.01 GB reserved,      13.00 MB (  1%) committed 

Chunk freelists:
   Non-Class:  1.75 KB
       Class:  3.13 KB
        Both:  4.88 KB

CodeHeap 'non-profiled nmethods': size=120064Kb used=791Kb max_used=791Kb free=119273Kb
 bounds [0x000001dd3be00000, 0x000001dd3c070000, 0x000001dd43340000]
CodeHeap 'profiled nmethods': size=120000Kb used=5394Kb max_used=5394Kb free=114605Kb
 bounds [0x000001dd348d0000, 0x000001dd34e20000, 0x000001dd3be00000]
CodeHeap 'non-nmethods': size=5696Kb used=1122Kb max_used=1160Kb free=4573Kb
 bounds [0x000001dd34340000, 0x000001dd345b0000, 0x000001dd348d0000]
 total_blobs=3171 nmethods=2244 adapters=336
 compilation: enabled
              stopped_count=0, restarted_count=0
 full_count=0

Compilation events (10 events):
Event: 1.828 Thread 0x000001dd4c8a5800 2232       2       com.sun.tools.javac.tree.JCTree$JCPolyExpression::<init> (5 bytes)
Event: 1.828 Thread 0x000001dd4c8a5800 nmethod 2232 0x000001dd34e08010 code [0x000001dd34e081c0, 0x000001dd34e08338]
Event: 1.831 Thread 0x000001dd4c8a5800 2239       2       jdk.internal.org.objectweb.asm.MethodWriter::hasFrames (13 bytes)
Event: 1.831 Thread 0x000001dd4c8a5800 nmethod 2239 0x000001dd34e08410 code [0x000001dd34e085c0, 0x000001dd34e08758]
Event: 1.831 Thread 0x000001dd4c8a5800 2240       2       jdk.internal.org.objectweb.asm.MethodWriter::putMethodInfo (1407 bytes)
Event: 1.835 Thread 0x000001dd4c8a5800 nmethod 2240 0x000001dd34e08810 code [0x000001dd34e08e80, 0x000001dd34e0a790]
Event: 1.835 Thread 0x000001dd4c8a5800 2241       2       jdk.internal.org.objectweb.asm.Handler::putExceptionTable (63 bytes)
Event: 1.835 Thread 0x000001dd4c8a5800 nmethod 2241 0x000001dd34e0bc90 code [0x000001dd34e0bea0, 0x000001dd34e0c1f0]
Event: 1.835 Thread 0x000001dd4c8a5800 2242       2       java.lang.invoke.ConstantCallSite::getTarget (20 bytes)
Event: 1.836 Thread 0x000001dd4c8a5800 nmethod 2242 0x000001dd34e0c490 code [0x000001dd34e0c660, 0x000001dd34e0c8b0]

GC Heap History (10 events):
Event: 1.054 GC heap before
{Heap before GC invocations=19 (full 0):
 garbage-first heap   total 17408K, used 10431K [0x0000000742000000, 0x0000000800000000)
  region size 1024K, 4 young (4096K), 1 survivors (1024K)
 Metaspace       used 8867K, capacity 11464K, committed 11648K, reserved 1058816K
  class space    used 1016K, capacity 1316K, committed 1408K, reserved 1048576K
}
Event: 1.056 GC heap after
{Heap after GC invocations=20 (full 0):
 garbage-first heap   total 28672K, used 8166K [0x0000000742000000, 0x0000000800000000)
  region size 1024K, 1 young (1024K), 1 survivors (1024K)
 Metaspace       used 8867K, capacity 11464K, committed 11648K, reserved 1058816K
  class space    used 1016K, capacity 1316K, committed 1408K, reserved 1048576K
}
Event: 1.156 GC heap before
{Heap before GC invocations=20 (full 0):
 garbage-first heap   total 28672K, used 15334K [0x0000000742000000, 0x0000000800000000)
  region size 1024K, 8 young (8192K), 1 survivors (1024K)
 Metaspace       used 8922K, capacity 11483K, committed 11648K, reserved 1058816K
  class space    used 1021K, capacity 1322K, committed 1408K, reserved 1048576K
}
Event: 1.160 GC heap after
{Heap after GC invocations=21 (full 0):
 garbage-first heap   total 28672K, used 9371K [0x0000000742000000, 0x0000000800000000)
  region size 1024K, 1 young (1024K), 1 survivors (1024K)
 Metaspace       used 8922K, capacity 11483K, committed 11648K, reserved 1058816K
  class space    used 1021K, capacity 1322K, committed 1408K, reserved 1048576K
}
Event: 1.373 GC heap before
{Heap before GC invocations=21 (full 0):
 garbage-first heap   total 28672K, used 15515K [0x0000000742000000, 0x0000000800000000)
  region size 1024K, 8 young (8192K), 1 survivors (1024K)
 Metaspace       used 9458K, capacity 12028K, committed 12160K, reserved 1060864K
  class space    used 1072K, capacity 1375K, committed 1408K, reserved 1048576K
}
Event: 1.380 GC heap after
{Heap after GC invocations=22 (full 0):
 garbage-first heap   total 28672K, used 11120K [0x0000000742000000, 0x0000000800000000)
  region size 1024K, 1 young (1024K), 1 survivors (1024K)
 Metaspace       used 9458K, capacity 12028K, committed 12160K, reserved 1060864K
  class space    used 1072K, capacity 1375K, committed 1408K, reserved 1048576K
}
Event: 1.614 GC heap before
{Heap before GC invocations=22 (full 0):
 garbage-first heap   total 28672K, used 18288K [0x0000000742000000, 0x0000000800000000)
  region size 1024K, 7 young (7168K), 1 survivors (1024K)
 Metaspace       used 10003K, capacity 12587K, committed 12800K, reserved 1060864K
  class space    used 1140K, capacity 1476K, committed 1536K, reserved 1048576K
}
Event: 1.619 GC heap after
{Heap after GC invocations=23 (full 0):
 garbage-first heap   total 28672K, used 13120K [0x0000000742000000, 0x0000000800000000)
  region size 1024K, 1 young (1024K), 1 survivors (1024K)
 Metaspace       used 10003K, capacity 12587K, committed 12800K, reserved 1060864K
  class space    used 1140K, capacity 1476K, committed 1536K, reserved 1048576K
}
Event: 1.763 GC heap before
{Heap before GC invocations=23 (full 0):
 garbage-first heap   total 28672K, used 19264K [0x0000000742000000, 0x0000000800000000)
  region size 1024K, 7 young (7168K), 1 survivors (1024K)
 Metaspace       used 10423K, capacity 12982K, committed 13056K, reserved 1060864K
  class space    used 1163K, capacity 1478K, committed 1536K, reserved 1048576K
}
Event: 1.768 GC heap after
{Heap after GC invocations=24 (full 0):
 garbage-first heap   total 57344K, used 14108K [0x0000000742000000, 0x0000000800000000)
  region size 1024K, 1 young (1024K), 1 survivors (1024K)
 Metaspace       used 10423K, capacity 12982K, committed 13056K, reserved 1060864K
  class space    used 1163K, capacity 1478K, committed 1536K, reserved 1048576K
}

Deoptimization events (10 events):
Event: 1.673 Thread 0x000001dd2bf3d000 Uncommon trap: reason=class_check action=maybe_recompile pc=0x000001dd3bebf790 method=com.sun.tools.javac.code.Types.union(Lcom/sun/tools/javac/util/List;Lcom/sun/tools/javac/util/List;Ljava/util/function/BiPredicate;)Lcom/sun/tools/javac/util/List; @ 58 
Event: 1.673 Thread 0x000001dd2bf3d000 Uncommon trap: reason=class_check action=maybe_recompile pc=0x000001dd3bebf7b8 method=com.sun.tools.javac.code.Types.union(Lcom/sun/tools/javac/util/List;Lcom/sun/tools/javac/util/List;Ljava/util/function/BiPredicate;)Lcom/sun/tools/javac/util/List; @ 58 
Event: 1.673 Thread 0x000001dd2bf3d000 Uncommon trap: reason=class_check action=maybe_recompile pc=0x000001dd3bebf7cc method=com.sun.tools.javac.code.Types.union(Lcom/sun/tools/javac/util/List;Lcom/sun/tools/javac/util/List;Ljava/util/function/BiPredicate;)Lcom/sun/tools/javac/util/List; @ 58 
Event: 1.693 Thread 0x000001dd2bf3d000 Uncommon trap: reason=unstable_if action=reinterpret pc=0x000001dd3be8c0fc method=com.sun.tools.javac.jvm.ClassReader.sigToType()Lcom/sun/tools/javac/code/Type; @ 288 c2
Event: 1.782 Thread 0x000001dd2bf3d000 Uncommon trap: reason=class_check action=maybe_recompile pc=0x000001dd3be8fd20 method=com.sun.tools.javac.code.Scope$ScopeListenerList.walkReferences(Lcom/sun/tools/javac/code/Symbol;Lcom/sun/tools/javac/code/Scope;Z)V @ 20 c2
Event: 1.782 Thread 0x000001dd2bf3d000 Uncommon trap: reason=class_check action=maybe_recompile pc=0x000001dd3be8fd20 method=com.sun.tools.javac.code.Scope$ScopeListenerList.walkReferences(Lcom/sun/tools/javac/code/Symbol;Lcom/sun/tools/javac/code/Scope;Z)V @ 20 c2
Event: 1.782 Thread 0x000001dd2bf3d000 Uncommon trap: reason=class_check action=maybe_recompile pc=0x000001dd3be8fd20 method=com.sun.tools.javac.code.Scope$ScopeListenerList.walkReferences(Lcom/sun/tools/javac/code/Symbol;Lcom/sun/tools/javac/code/Scope;Z)V @ 20 c2
Event: 1.782 Thread 0x000001dd2bf3d000 Uncommon trap: reason=class_check action=maybe_recompile pc=0x000001dd3be8fd20 method=com.sun.tools.javac.code.Scope$ScopeListenerList.walkReferences(Lcom/sun/tools/javac/code/Symbol;Lcom/sun/tools/javac/code/Scope;Z)V @ 20 c2
Event: 1.784 Thread 0x000001dd2bf3d000 Uncommon trap: reason=unstable_if action=reinterpret pc=0x000001dd3be82994 method=com.sun.tools.javac.jvm.ClassReader.readPool(I)Ljava/lang/Object; @ 36 c2
Event: 1.822 Thread 0x000001dd2bf3d000 Uncommon trap: reason=unstable_if action=reinterpret pc=0x000001dd3beb5060 method=com.sun.tools.javac.code.Scope$ScopeImpl$2.hasNext()Z @ 69 c2

Classes redefined (0 events):
No events

Internal exceptions (10 events):
Event: 1.343 Thread 0x000001dd2bf3d000 Exception <a 'sun/nio/fs/WindowsException'{0x0000000743623210}> (0x0000000743623210) thrown at [t:/workspace/open/src/hotspot/share/prims/jni.cpp, line 615]
Event: 1.344 Thread 0x000001dd2bf3d000 Exception <a 'sun/nio/fs/WindowsException'{0x0000000743625280}> (0x0000000743625280) thrown at [t:/workspace/open/src/hotspot/share/prims/jni.cpp, line 615]
Event: 1.344 Thread 0x000001dd2bf3d000 Exception <a 'sun/nio/fs/WindowsException'{0x00000007436255b0}> (0x00000007436255b0) thrown at [t:/workspace/open/src/hotspot/share/prims/jni.cpp, line 615]
Event: 1.345 Thread 0x000001dd2bf3d000 Exception <a 'sun/nio/fs/WindowsException'{0x00000007436282f0}> (0x00000007436282f0) thrown at [t:/workspace/open/src/hotspot/share/prims/jni.cpp, line 615]
Event: 1.345 Thread 0x000001dd2bf3d000 Exception <a 'sun/nio/fs/WindowsException'{0x00000007436285e8}> (0x00000007436285e8) thrown at [t:/workspace/open/src/hotspot/share/prims/jni.cpp, line 615]
Event: 1.362 Thread 0x000001dd2bf3d000 Exception <a 'java/lang/NoSuchMethodError'{0x00000007435b4320}: java.lang.invoke.DirectMethodHandle$Holder.invokeVirtual(Ljava/lang/Object;Ljava/lang/Object;)V> (0x00000007435b4320) thrown at [t:/workspace/open/src/hotspot/share/interpreter/linkResolver.c
Event: 1.541 Thread 0x000001dd2bf3d000 Exception <a 'java/lang/NoSuchMethodError'{0x000000074379f518}: java.lang.invoke.DirectMethodHandle$Holder.invokeVirtual(Ljava/lang/Object;Ljava/lang/Object;Ljava/lang/Object;Ljava/lang/Object;)I> (0x000000074379f518) thrown at [t:/workspace/open/src/hots
Event: 1.543 Thread 0x000001dd2bf3d000 Exception <a 'java/lang/NoSuchMethodError'{0x00000007437a9d28}: java.lang.invoke.DirectMethodHandle$Holder.invokeStatic(Ljava/lang/Object;Ljava/lang/Object;ILjava/lang/Object;)Ljava/lang/Object;> (0x00000007437a9d28) thrown at [t:/workspace/open/src/hotsp
Event: 1.544 Thread 0x000001dd2bf3d000 Exception <a 'java/lang/NoSuchMethodError'{0x00000007437b0290}: java.lang.invoke.Invokers$Holder.linkToTargetMethod(Ljava/lang/Object;ILjava/lang/Object;Ljava/lang/Object;)Ljava/lang/Object;> (0x00000007437b0290) thrown at [t:/workspace/open/src/hotspot/s
Event: 1.545 Thread 0x000001dd2bf3d000 Exception <a 'java/lang/NoSuchMethodError'{0x00000007437b57f8}: java.lang.invoke.DirectMethodHandle$Holder.invokeVirtual(Ljava/lang/Object;Ljava/lang/Object;Ljava/lang/Object;)Ljava/lang/Object;> (0x00000007437b57f8) thrown at [t:/workspace/open/src/hotsp

Events (10 events):
Event: 1.830 loading class com/sun/tools/javac/code/Symbol
Event: 1.830 loading class com/sun/tools/javac/code/Symbol done
Event: 1.830 loading class com/sun/tools/javac/code/Symbol
Event: 1.830 loading class com/sun/tools/javac/code/Symbol done
Event: 1.831 loading class com/sun/tools/javac/util/Filter
Event: 1.831 loading class com/sun/tools/javac/util/Filter done
Event: 1.833 loading class java/nio/channels/Channels$1
Event: 1.833 loading class java/nio/channels/Channels$1 done
Event: 1.834 loading class sun/nio/fs/WindowsUriSupport
Event: 1.834 loading class sun/nio/fs/WindowsUriSupport done


Dynamic libraries:
0x00007ff6d2740000 - 0x00007ff6d2748000 	C:\Program Files\Java\jdk-12.0.2\bin\javac.exe
0x00007ffe58f20000 - 0x00007ffe59110000 	C:\Windows\SYSTEM32\ntdll.dll
0x00007ffe588c0000 - 0x00007ffe58972000 	C:\Windows\System32\KERNEL32.DLL
0x00007ffe56d20000 - 0x00007ffe56fc4000 	C:\Windows\System32\KERNELBASE.dll
0x00007ffe56b30000 - 0x00007ffe56c2a000 	C:\Windows\System32\ucrtbase.dll
0x00007ffe39660000 - 0x00007ffe39678000 	C:\Program Files\Java\jdk-12.0.2\bin\jli.dll
0x00007ffe53be0000 - 0x00007ffe53bf6000 	C:\Program Files\Java\jdk-12.0.2\bin\VCRUNTIME140.dll
0x00007ffe57680000 - 0x00007ffe57723000 	C:\Windows\System32\ADVAPI32.dll
0x00007ffe575d0000 - 0x00007ffe5766e000 	C:\Windows\System32\msvcrt.dll
0x00007ffe57380000 - 0x00007ffe57417000 	C:\Windows\System32\sechost.dll
0x00007ffe57260000 - 0x00007ffe57380000 	C:\Windows\System32\RPCRT4.dll
0x00007ffe58a00000 - 0x00007ffe58b94000 	C:\Windows\System32\USER32.dll
0x00007ffe56b00000 - 0x00007ffe56b21000 	C:\Windows\System32\win32u.dll
0x00007ffe57540000 - 0x00007ffe57566000 	C:\Windows\System32\GDI32.dll
0x00007ffe47e50000 - 0x00007ffe480d4000 	C:\Windows\WinSxS\amd64_microsoft.windows.common-controls_6595b64144ccf1df_6.0.18362.836_none_e6c4b943130f18ed\COMCTL32.dll
0x00007ffe56960000 - 0x00007ffe56af4000 	C:\Windows\System32\gdi32full.dll
0x00007ffe56c30000 - 0x00007ffe56cce000 	C:\Windows\System32\msvcp_win.dll
0x00007ffe58ba0000 - 0x00007ffe58ed6000 	C:\Windows\System32\combase.dll
0x00007ffe56100000 - 0x00007ffe56180000 	C:\Windows\System32\bcryptPrimitives.dll
0x00007ffe49f90000 - 0x00007ffe49f9a000 	C:\Windows\SYSTEM32\VERSION.dll
0x00007ffe57730000 - 0x00007ffe5775e000 	C:\Windows\System32\IMM32.DLL
0x00007ffe1fd50000 - 0x00007ffe1fdfa000 	C:\Program Files\Java\jdk-12.0.2\bin\msvcp140.dll
0x00007ffe16840000 - 0x00007ffe173b7000 	C:\Program Files\Java\jdk-12.0.2\bin\server\jvm.dll
0x00007ffe57670000 - 0x00007ffe57678000 	C:\Windows\System32\PSAPI.DLL
0x00007ffe44940000 - 0x00007ffe44949000 	C:\Windows\SYSTEM32\WSOCK32.dll
0x00007ffe574d0000 - 0x00007ffe5753f000 	C:\Windows\System32\WS2_32.dll
0x00007ffe53a70000 - 0x00007ffe53a94000 	C:\Windows\SYSTEM32\WINMM.dll
0x00007ffe53a40000 - 0x00007ffe53a6d000 	C:\Windows\SYSTEM32\WINMMBASE.dll
0x00007ffe56cd0000 - 0x00007ffe56d1a000 	C:\Windows\System32\cfgmgr32.dll
0x00007ffe55e40000 - 0x00007ffe55e51000 	C:\Windows\System32\kernel.appcore.dll
0x00007ffe52300000 - 0x00007ffe52311000 	C:\Program Files\Java\jdk-12.0.2\bin\verify.dll
0x00007ffe546f0000 - 0x00007ffe548e4000 	C:\Windows\SYSTEM32\DBGHELP.DLL
0x00007ffe3b460000 - 0x00007ffe3b48a000 	C:\Windows\SYSTEM32\dbgcore.DLL
0x00007ffe49ad0000 - 0x00007ffe49af6000 	C:\Program Files\Java\jdk-12.0.2\bin\java.dll
0x00007ffe49ab0000 - 0x00007ffe49ac7000 	C:\Program Files\Java\jdk-12.0.2\bin\zip.dll
0x00007ffe53bd0000 - 0x00007ffe53bda000 	C:\Program Files\Java\jdk-12.0.2\bin\jimage.dll
0x00007ffe57fc0000 - 0x00007ffe586a4000 	C:\Windows\System32\SHELL32.dll
0x00007ffe57f10000 - 0x00007ffe57fb9000 	C:\Windows\System32\shcore.dll
0x00007ffe561e0000 - 0x00007ffe5695e000 	C:\Windows\System32\windows.storage.dll
0x00007ffe55e80000 - 0x00007ffe55ea3000 	C:\Windows\System32\profapi.dll
0x00007ffe55df0000 - 0x00007ffe55e3a000 	C:\Windows\System32\powrprof.dll
0x00007ffe55de0000 - 0x00007ffe55df0000 	C:\Windows\System32\UMPDC.dll
0x00007ffe57200000 - 0x00007ffe57252000 	C:\Windows\System32\shlwapi.dll
0x00007ffe55eb0000 - 0x00007ffe55ec7000 	C:\Windows\System32\cryptsp.dll
0x00007ffe497f0000 - 0x00007ffe49809000 	C:\Program Files\Java\jdk-12.0.2\bin\net.dll
0x00007ffe49d10000 - 0x00007ffe49e00000 	C:\Windows\SYSTEM32\WINHTTP.dll
0x00007ffe3da60000 - 0x00007ffe3dc36000 	C:\Windows\SYSTEM32\urlmon.dll
0x00007ffe3d790000 - 0x00007ffe3da36000 	C:\Windows\SYSTEM32\iertutil.dll
0x00007ffe55820000 - 0x00007ffe5582c000 	C:\Windows\SYSTEM32\CRYPTBASE.DLL
0x00007ffe55650000 - 0x00007ffe556b7000 	C:\Windows\system32\mswsock.dll
0x00007ffe497d0000 - 0x00007ffe497e3000 	C:\Program Files\Java\jdk-12.0.2\bin\nio.dll

dbghelp: loaded successfully - version: 4.0.5 - missing functions: none
symbol engine: initialized successfully - sym options: 0x614 - pdb path: .;C:\Program Files\Java\jdk-12.0.2\bin;C:\Windows\SYSTEM32;C:\Windows\WinSxS\amd64_microsoft.windows.common-controls_6595b64144ccf1df_6.0.18362.836_none_e6c4b943130f18ed;C:\Program Files\Java\jdk-12.0.2\bin\server

VM Arguments:
jvm_args: -Dapplication.home=C:\Program Files\Java\jdk-12.0.2 --add-modules=ALL-DEFAULT -Xms8m -Djdk.module.main=jdk.compiler 
java_command: jdk.compiler/com.sun.tools.javac.Main -d C:\Users\USER\Documents\NetBeansProjects\cnpm\build\classes -classpath C:\Users\USER\Documents\NetBeansProjects\cnpm\build\classes;C:\Users\USER\Desktop\NNLT\JAVA TOOL+CODE\Tool JAVA\mssql-jdbc-7.2.1.jre11.jar;D:\NETBEAN\netbeans\java\modules\ext\AbsoluteLayout.jar;C:\Users\USER\Desktop\NNLT\JAVA TOOL+CODE\Tool JAVA\jdatechooser\DateChooser.jar;C:\Users\USER\Desktop\NNLT\JAVA TOOL+CODE\Tool JAVA\javadate picker\jdatepicker-1.3.2.jar;C:\Users\USER\Desktop\NNLT\JAVA TOOL+CODE\Tool JAVA\ITextSharp\itextpdf-5.4.0.jar;C:\Users\USER\Desktop\NNLT\JAVA TOOL+CODE\Tool JAVA\io\io-7.0.5.jar;C:\Users\USER\Desktop\NNLT\JAVA TOOL+CODE\Tool JAVA\pqScan.PDFtoImage\pqScan.PDFtoImage.jar -sourcepath C:\Users\USER\Documents\NetBeansProjects\cnpm\src -target 12 -encoding UTF-8 -g -processorpath C:\Users\USER\Desktop\NNLT\JAVA TOOL+CODE\Tool JAVA\mssql-jdbc-7.2.1.jre11.jar;D:\NETBEAN\netbeans\java\modules\ext\AbsoluteLayout.jar;C:\Users\USER\Desktop\NNLT\JAVA TOOL+CODE\Tool JAVA\jdatechooser\DateChooser.jar;C:\Users\USER\Desktop\NNLT\JAVA TOOL+CODE\Tool JAVA\javadate picker\jdatepicker-1.3.4.jar;C:\Users\USER\Desktop\NNLT\JAVA TOOL+CODE\Tool JAVA\javadate picker\jdatepicker-1.3.2.jar;C:\Users\USER\Downloads\New folder\New folder\AbsoluteLayout.jar;C:\Users\USER\Downloads\New folder\New folder\commons-beanutils-1.8.2.jar;C:\Users\USER\Downloads\New folder\New folder\groovy-all-1.7.5.jar;C:\Users\USER\Downloads\New folder\New folder\jasperreports-4.0.2.jar;C:\Users\USER\Downloads\New folder\New folder\swingx-all-1.6.4.jar;C:\Users\USER\Downloads\New folder\New folder\sqljdbc4.jar;C:\Users\USER\Desktop\NNLT\JAVA TOOL+CODE\Tool JAVA\ITextSharp\itextpdf-5.4.0.jar;C:\Users\USER\Desktop\NNLT\JAVA TOOL+CODE\Tool JAVA\io\io-7.0.5.jar;C:\Users\USER\Desktop\NNLT\JAVA TOOL+CODE\Tool JAVA\pqScan.PDFtoImage\pqScan.PDFtoImage.jar;C:\Users\USER\Documents\NetBeansProjects\cnpm\build\empty -s C:\Users\USER\Documents\NetBeansProjects\cnpm\build\gene
java_class_path (initial): <not set>
Launcher Type: SUN_STANDARD

[Global flags]
     intx CICompilerCount                          = 3                                         {product} {ergonomic}
     uint ConcGCThreads                            = 1                                         {product} {ergonomic}
     uint G1ConcRefinementThreads                  = 4                                         {product} {ergonomic}
   size_t G1HeapRegionSize                         = 1048576                                   {product} {ergonomic}
    uintx GCDrainStackTargetSize                   = 64                                        {product} {ergonomic}
   size_t InitialHeapSize                          = 8388608                                   {product} {command line}
   size_t MarkStackSize                            = 4194304                                   {product} {ergonomic}
   size_t MaxHeapSize                              = 3187671040                                {product} {ergonomic}
   size_t MaxNewSize                               = 1912602624                                {product} {ergonomic}
   size_t MinHeapDeltaBytes                        = 1048576                                   {product} {ergonomic}
    uintx NonNMethodCodeHeapSize                   = 5830732                                {pd product} {ergonomic}
    uintx NonProfiledCodeHeapSize                  = 122913754                              {pd product} {ergonomic}
    uintx ProfiledCodeHeapSize                     = 122913754                              {pd product} {ergonomic}
    uintx ReservedCodeCacheSize                    = 251658240                              {pd product} {ergonomic}
     bool SegmentedCodeCache                       = true                                      {product} {ergonomic}
     bool UseCompressedClassPointers               = true                                 {lp64_product} {ergonomic}
     bool UseCompressedOops                        = true                                 {lp64_product} {ergonomic}
     bool UseG1GC                                  = true                                      {product} {ergonomic}
     bool UseLargePagesIndividualAllocation        = false                                  {pd product} {ergonomic}

Logging:
Log output configuration:
 #0: stdout all=warning uptime,level,tags
 #1: stderr all=off uptime,level,tags

Environment Variables:
JAVA_HOME=C:\Program Files\Java\jdk-12.0.2
PATH=C:\Program Files (x86)\Common Files\Oracle\Java\javapath;C:\Program Files (x86)\Intel\Intel(R) Management Engine Components\iCLS\;C:\Program Files\Intel\Intel(R) Management Engine Components\iCLS\;C:\Windows\system32;C:\Windows;C:\Windows\System32\Wbem;C:\Windows\System32\WindowsPowerShell\v1.0\;C:\Windows\System32\OpenSSH\;C:\Program Files (x86)\Intel\Intel(R) Management Engine Components\DAL;C:\Program Files\Intel\Intel(R) Management Engine Components\DAL;C:\Program Files (x86)\Intel\Intel(R) Management Engine Components\IPT;C:\Program Files\Intel\Intel(R) Management Engine Components\IPT;C:\Program Files\Intel\WiFi\bin\;C:\Program Files\Common Files\Intel\WirelessCommon\;C:\Program Files\Java\jdk-12.0.2\bin;C:\Program Files\Microsoft SQL Server\110\Tools\Binn\;C:\Program Files (x86)\Microsoft SQL Server\110\Tools\Binn\;C:\Program Files\Microsoft SQL Server\110\DTS\Binn\;C:\Program Files (x86)\Microsoft SQL Server\110\Tools\Binn\ManagementStudio\;C:\Program Files (x86)\Microsoft Visual Studio 10.0\Common7\IDE\PrivateAssemblies\;C:\Program Files (x86)\Microsoft SQL Server\110\DTS\Binn\;C:\Users\USER\Documents\OpenSSL\OpenSSL-Win64\bin;C:\Program Files\OpenSSL-Win64\bin;C:\Users\USER\Downloads\New folder\New folder\bin;C:\Users\USER\AppData\Local\Microsoft\WindowsApps;C:\Program Files\Intel\WiFi\bin\;C:\Program Files\Common Files\Intel\WirelessCommon\
USERNAME=USER
OS=Windows_NT
PROCESSOR_IDENTIFIER=Intel64 Family 6 Model 142 Stepping 9, GenuineIntel



---------------  S Y S T E M  ---------------

OS: Windows 10 , 64 bit Build 18362 (10.0.18362.778)

CPU:total 4 (initial active 4) (2 cores per cpu, 2 threads per core) family 6 model 142 stepping 9, cmov, cx8, fxsr, mmx, sse, sse2, sse3, ssse3, sse4.1, sse4.2, popcnt, avx, avx2, aes, clmul, erms, 3dnowpref, lzcnt, ht, tsc, tscinvbit, bmi1, bmi2, adx, fma

Memory: 4k page, system-wide physical 12153M (2206M free)
TotalPageFile size 28176M (AvailPageFile size 5M)
current process WorkingSet (physical memory assigned to process): 117M, peak: 119M
current process commit charge ("private bytes"): 171M, peak: 173M

vm_info: Java HotSpot(TM) 64-Bit Server VM (12.0.2+10) for windows-amd64 JRE (12.0.2+10), built on Jul 16 2019 01:56:17 by "mach5one" with MS VC++ 15.5 (VS2017)

END.
