#
# There is insufficient memory for the Java Runtime Environment to continue.
# Native memory allocation (mmap) failed to map 10485760 bytes for Failed to commit area from 0x0000000743100000 to 0x0000000743b00000 of length 10485760.
# Possible reasons:
#   The system is out of physical RAM or swap space
#   The process is running with CompressedOops enabled, and the Java Heap may be blocking the growth of the native heap
# Possible solutions:
#   Reduce memory load on the system
#   Increase physical memory or swap space
#   Check if swap backing store is full
#   Decrease Java heap size (-Xmx/-Xms)
#   Decrease number of Java threads
#   Decrease Java thread stack sizes (-Xss)
#   Set larger code cache with -XX:ReservedCodeCacheSize=
#   JVM is running with Zero Based Compressed Oops mode in which the Java heap is
#     placed in the first 32GB address space. The Java Heap base address is the
#     maximum limit for the native heap growth. Please use -XX:HeapBaseMinAddress
#     to set the Java Heap base and to place the Java Heap above 32GB virtual address.
# This output file may be truncated or incomplete.
#
#  Out of Memory Error (t:/workspace/open/src/hotspot/os/windows/os_windows.cpp:3264), pid=14580, tid=13544
#
# JRE version: Java(TM) SE Runtime Environment (12.0.2+10) (build 12.0.2+10)
# Java VM: Java HotSpot(TM) 64-Bit Server VM (12.0.2+10, mixed mode, sharing, tiered, compressed oops, g1 gc, windows-amd64)
# No core dump will be written. Minidumps are not enabled by default on client versions of Windows
#

---------------  S U M M A R Y ------------

Command Line: -Dapplication.home=C:\Program Files\Java\jdk-12.0.2 --add-modules=ALL-DEFAULT -Xms8m -Djdk.module.main=jdk.compiler jdk.compiler/com.sun.tools.javac.Main -d C:\Users\USER\Documents\NetBeansProjects\cnpm\build\classes -classpath C:\Users\USER\Documents\NetBeansProjects\cnpm\build\classes;C:\Users\USER\Desktop\NNLT\JAVA TOOL+CODE\Tool JAVA\mssql-jdbc-7.2.1.jre11.jar;D:\NETBEAN\netbeans\java\modules\ext\AbsoluteLayout.jar;C:\Users\USER\Desktop\NNLT\JAVA TOOL+CODE\Tool JAVA\jdatechooser\DateChooser.jar;C:\Users\USER\Desktop\NNLT\JAVA TOOL+CODE\Tool JAVA\javadate picker\jdatepicker-1.3.2.jar;C:\Users\USER\Desktop\NNLT\JAVA TOOL+CODE\Tool JAVA\ITextSharp\itextpdf-5.4.0.jar;C:\Users\USER\Desktop\NNLT\JAVA TOOL+CODE\Tool JAVA\io\io-7.0.5.jar;C:\Users\USER\Desktop\NNLT\JAVA TOOL+CODE\Tool JAVA\pqScan.PDFtoImage\pqScan.PDFtoImage.jar -sourcepath C:\Users\USER\Documents\NetBeansProjects\cnpm\src -target 12 -encoding UTF-8 -g -processorpath C:\Users\USER\Desktop\NNLT\JAVA TOOL+CODE\Tool JAVA\mssql-jdbc-7.2.1.jre11.jar;D:\NETBEAN\netbeans\java\modules\ext\AbsoluteLayout.jar;C:\Users\USER\Desktop\NNLT\JAVA TOOL+CODE\Tool JAVA\jdatechooser\DateChooser.jar;C:\Users\USER\Desktop\NNLT\JAVA TOOL+CODE\Tool JAVA\javadate picker\jdatepicker-1.3.4.jar;C:\Users\USER\Desktop\NNLT\JAVA TOOL+CODE\Tool JAVA\javadate picker\jdatepicker-1.3.2.jar;C:\Users\USER\Downloads\New folder\New folder\AbsoluteLayout.jar;C:\Users\USER\Downloads\New folder\New folder\commons-beanutils-1.8.2.jar;C:\Users\USER\Downloads\New folder\New folder\groovy-all-1.7.5.jar;C:\Users\USER\Downloads\New folder\New folder\jasperreports-4.0.2.jar;C:\Users\USER\Downloads\New folder\New folder\swingx-all-1.6.4.jar;C:\Users\USER\Downloads\New folder\New folder\sqljdbc4.jar;C:\Users\USER\Desktop\NNLT\JAVA TOOL+CODE\Tool JAVA\ITextSharp\itextpdf-5.4.0.jar;C:\Users\USER\Desktop\NNLT\JAVA TOOL+CODE\Tool JAVA\io\io-7.0.5.jar;C:\Users\USER\Desktop\NNLT\JAVA TOOL+CODE\Tool JAVA\pqScan.PDFtoImage\pqScan.PDFtoImage.jar;C:\Users\USER\Documents\NetBeansProjects\cnpm\build\empty -s C:\Users\USER\Documents\NetBeansProjects\cnpm\build\generated-sources\ap-source-output -source 12 C:\Users\USER\Documents\NetBeansProjects\cnpm\src\cnpm\Login.java

Host: Intel(R) Core(TM) i7-7500U CPU @ 2.70GHz, 4 cores, 11G,  Windows 10 , 64 bit Build 18362 (10.0.18362.778)
Time: Tue May 26 15:25:04 2020 SE Asia Standard Time elapsed time: 0 seconds (0d 0h 0m 0s)

---------------  T H R E A D  ---------------

Current thread (0x000001cece585800):  VMThread "VM Thread" [stack: 0x000000c2cb100000,0x000000c2cb200000] [id=13544]

Stack: [0x000000c2cb100000,0x000000c2cb200000]
[error occurred during error reporting (printing stack bounds), id 0xc0000005, EXCEPTION_ACCESS_VIOLATION (0xc0000005) at pc=0x000001ceb5850bad]

Native frames: (J=compiled Java code, j=interpreted, Vv=VM code, C=native code)
V  [jvm.dll+0x63aa2a]
V  [jvm.dll+0x78ce1e]
V  [jvm.dll+0x78e4c1]
V  [jvm.dll+0x78ea75]
V  [jvm.dll+0x78ea2b]
V  [jvm.dll+0x63a134]
V  [jvm.dll+0x63a4f8]
C  [ntdll.dll+0xa11cf]
C  [ntdll.dll+0x6a209]
C  [ntdll.dll+0x9fe3e]
C  0x000001ceb5850bad

VM_Operation (0x000000c2cabfdb30): G1CollectForAllocation, mode: safepoint, requested by thread 0x000001cead44e000


---------------  P R O C E S S  ---------------

Threads class SMR info:
_java_thread_list=0x000001cece8c4cb0, length=11, elements={
0x000001cead44e000, 0x000001cece58b000, 0x000001cece58c800, 0x000001cece5a7000,
0x000001cece5a9000, 0x000001cece5ab800, 0x000001cece5b4800, 0x000001cece5b8800,
0x000001cece7da000, 0x000001cece839000, 0x000001cece91f800
}

Java Threads: ( => current thread )
  0x000001cead44e000 JavaThread "main" [_thread_blocked, id=15240, stack(0x000000c2cab00000,0x000000c2cac00000)]
  0x000001cece58b000 JavaThread "Reference Handler" daemon [_thread_blocked, id=22080, stack(0x000000c2cb200000,0x000000c2cb300000)]
  0x000001cece58c800 JavaThread "Finalizer" daemon [_thread_blocked, id=12528, stack(0x000000c2cb300000,0x000000c2cb400000)]
  0x000001cece5a7000 JavaThread "Signal Dispatcher" daemon [_thread_blocked, id=10944, stack(0x000000c2cb400000,0x000000c2cb500000)]
  0x000001cece5a9000 JavaThread "Attach Listener" daemon [_thread_blocked, id=19804, stack(0x000000c2cb500000,0x000000c2cb600000)]
  0x000001cece5ab800 JavaThread "C2 CompilerThread0" daemon [_thread_blocked, id=21996, stack(0x000000c2cb600000,0x000000c2cb700000)]
  0x000001cece5b4800 JavaThread "C1 CompilerThread0" daemon [_thread_blocked, id=8400, stack(0x000000c2cb700000,0x000000c2cb800000)]
  0x000001cece5b8800 JavaThread "Sweeper thread" daemon [_thread_blocked, id=13376, stack(0x000000c2cb800000,0x000000c2cb900000)]
  0x000001cece7da000 JavaThread "Common-Cleaner" daemon [_thread_blocked, id=4756, stack(0x000000c2cb900000,0x000000c2cba00000)]
  0x000001cece839000 JavaThread "Service Thread" daemon [_thread_blocked, id=7628, stack(0x000000c2cba00000,0x000000c2cbb00000)]
  0x000001cece91f800 JavaThread "C2 CompilerThread1" daemon [_thread_blocked, id=17472, stack(0x000000c2cbc00000,0x000000c2cbd00000)]

Other Threads:
=>0x000001cece585800 VMThread "VM Thread" [stack: 0x000000c2cb100000,0x000000c2cb200000] [id=13544]
  0x000001cece84f000 WatcherThread [stack: 0x000000c2cbb00000,0x000000c2cbc00000] [id=1756]
  0x000001cead49e800 GCTaskThread "GC Thread#0" [stack: 0x000000c2cac00000,0x000000c2cad00000] [id=864]
  0x000001cece88f000 GCTaskThread "GC Thread#1" [stack: 0x000000c2cbd00000,0x000000c2cbe00000] [id=2456]
  0x000001cead4b2000 ConcurrentGCThread "G1 Main Marker" [stack: 0x000000c2cad00000,0x000000c2cae00000] [id=19120]
  0x000001cead4b6000 ConcurrentGCThread "G1 Conc#0" [stack: 0x000000c2cae00000,0x000000c2caf00000] [id=12200]
  0x000001cead4d0000 ConcurrentGCThread "G1 Refine#0" [stack: 0x000000c2caf00000,0x000000c2cb000000] [id=20980]
  0x000001cead4d1000 ConcurrentGCThread "G1 Young RemSet Sampling" [stack: 0x000000c2cb000000,0x000000c2cb100000] [id=17832]

Threads with active compile tasks:
C2 CompilerThread0  1429       4       jdk.internal.jimage.ImageLocation::getAttributeString (54 bytes)
C1 CompilerThread0  1449       3       jdk.internal.jimage.ImageReader$SharedImageReader::visitLocation (73 bytes)
C2 CompilerThread1  1432       4       java.lang.String::<init> (74 bytes)

VM state:at safepoint (normal execution)

VM Mutex/Monitor currently owned by a thread:  ([mutex/lock_event])
[0x000001cead44a4f0] Threads_lock - owner thread: 0x000001cece585800
[0x000001cead44b780] Heap_lock - owner thread: 0x000001cead44e000

Heap address: 0x0000000742000000, size: 3040 MB, Compressed Oops mode: Zero based, Oop shift amount: 3
Narrow klass base: 0x0000000800000000, Narrow klass shift: 3
Compressed class space size: 1073741824 Address: 0x0000000801190000

Heap:
 garbage-first heap   total 27648K, used 8656K [0x0000000742000000, 0x0000000800000000)
  region size 1024K, 1 young (1024K), 1 survivors (1024K)
 Metaspace       used 8887K, capacity 11463K, committed 11648K, reserved 1058816K
  class space    used 1016K, capacity 1316K, committed 1408K, reserved 1048576K
Heap Regions: E=young(eden), S=young(survivor), O=old, HS=humongous(starts), HC=humongous(continues), CS=collection set, F=free, A=archive, TAMS=top-at-mark-start (previous, next)
|   0|0x0000000742000000, 0x0000000742100000, 0x0000000742100000|100%| O|  |TAMS 0x0000000742000000, 0x0000000742000000| Untracked 
|   1|0x0000000742100000, 0x0000000742200000, 0x0000000742200000|100%| O|  |TAMS 0x0000000742100000, 0x0000000742100000| Untracked 
|   2|0x0000000742200000, 0x0000000742300000, 0x0000000742300000|100%| O|  |TAMS 0x0000000742200000, 0x0000000742200000| Untracked 
|   3|0x0000000742300000, 0x0000000742400000, 0x0000000742400000|100%| O|  |TAMS 0x0000000742300000, 0x0000000742300000| Untracked 
|   4|0x0000000742400000, 0x0000000742500000, 0x0000000742500000|100%| O|  |TAMS 0x0000000742400000, 0x0000000742400000| Untracked 
|   5|0x0000000742500000, 0x0000000742600000, 0x0000000742600000|100%| O|  |TAMS 0x0000000742500000, 0x0000000742500000| Untracked 
|   6|0x0000000742600000, 0x0000000742700000, 0x0000000742700000|100%| O|  |TAMS 0x0000000742600000, 0x0000000742600000| Untracked 
|   7|0x0000000742700000, 0x00000007427e8000, 0x0000000742800000| 90%| O|  |TAMS 0x0000000742700000, 0x0000000742700000| Untracked 
|   8|0x0000000742800000, 0x0000000742800000, 0x0000000742900000|  0%| F|  |TAMS 0x0000000742800000, 0x0000000742800000| Untracked 
|   9|0x0000000742900000, 0x0000000742900000, 0x0000000742a00000|  0%| F|  |TAMS 0x0000000742900000, 0x0000000742900000| Untracked 
|  10|0x0000000742a00000, 0x0000000742a00000, 0x0000000742b00000|  0%| F|  |TAMS 0x0000000742a00000, 0x0000000742a00000| Untracked 
|  11|0x0000000742b00000, 0x0000000742b00000, 0x0000000742c00000|  0%| F|  |TAMS 0x0000000742b00000, 0x0000000742b00000| Untracked 
|  12|0x0000000742c00000, 0x0000000742c8c190, 0x0000000742d00000| 54%| S|CS|TAMS 0x0000000742c00000, 0x0000000742c00000| Complete 
|  13|0x0000000742d00000, 0x0000000742d00000, 0x0000000742e00000|  0%| F|  |TAMS 0x0000000742d00000, 0x0000000742d00000| Untracked 
|  14|0x0000000742e00000, 0x0000000742e00000, 0x0000000742f00000|  0%| F|  |TAMS 0x0000000742e00000, 0x0000000742e00000| Untracked 
|  15|0x0000000742f00000, 0x0000000742f00000, 0x0000000743000000|  0%| F|  |TAMS 0x0000000742f00000, 0x0000000742f00000| Untracked 
|  16|0x0000000743000000, 0x0000000743000000, 0x0000000743100000|  0%| F|  |TAMS 0x0000000743000000, 0x0000000743000000| Untracked 

Card table byte_map: [0x000001cec4e40000,0x000001cec5430000] _byte_map_base: 0x000001cec1430000

Marking Bits (Prev, Next): (CMBitMap*) 0x000001cead49f728, (CMBitMap*) 0x000001cead49f768
 Prev Bits: [0x000001cec5a20000, 0x000001cec89a0000)
 Next Bits: [0x000001cec89a0000, 0x000001cecb920000)

Polling page: 0x000001ceacc20000

Metaspace:

Usage:
  Non-class:      9.91 MB capacity,     7.69 MB ( 78%) used,     2.20 MB ( 22%) free+waste,    22.94 KB ( <1%) overhead. 
      Class:      1.29 MB capacity,  1016.88 KB ( 77%) used,   287.80 KB ( 22%) free+waste,    11.31 KB ( <1%) overhead. 
       Both:     11.19 MB capacity,     8.68 MB ( 78%) used,     2.48 MB ( 22%) free+waste,    34.25 KB ( <1%) overhead. 

Virtual space:
  Non-class space:       10.00 MB reserved,      10.00 MB (100%) committed 
      Class space:        1.00 GB reserved,       1.38 MB ( <1%) committed 
             Both:        1.01 GB reserved,      11.38 MB (  1%) committed 

Chunk freelists:
   Non-Class:  3.63 KB
       Class:  0 bytes
        Both:  3.63 KB

CodeHeap 'non-profiled nmethods': size=120064Kb used=470Kb max_used=470Kb free=119593Kb
 bounds [0x000001cebd310000, 0x000001cebd580000, 0x000001cec4850000]
CodeHeap 'profiled nmethods': size=120000Kb used=3017Kb max_used=3017Kb free=116982Kb
 bounds [0x000001ceb5de0000, 0x000001ceb60e0000, 0x000001cebd310000]
CodeHeap 'non-nmethods': size=5696Kb used=1123Kb max_used=1141Kb free=4572Kb
 bounds [0x000001ceb5850000, 0x000001ceb5ac0000, 0x000001ceb5de0000]
 total_blobs=2209 nmethods=1440 adapters=335
 compilation: enabled
              stopped_count=0, restarted_count=0
 full_count=0

Compilation events (10 events):
Event: 0.992 Thread 0x000001cece5b4800 nmethod 1444 0x000001ceb60d1e90 code [0x000001ceb60d2060, 0x000001ceb60d2230]
Event: 0.992 Thread 0x000001cece91f800 nmethod 1428 0x000001cebd383490 code [0x000001cebd3836a0, 0x000001cebd384938]
Event: 0.993 Thread 0x000001cece91f800 1432       4       java.lang.String::<init> (74 bytes)
Event: 0.993 Thread 0x000001cece5b4800 1445       1       com.sun.tools.javac.util.List::setTail (7 bytes)
Event: 0.993 Thread 0x000001cece5b4800 nmethod 1445 0x000001cebd385310 code [0x000001cebd3854c0, 0x000001cebd385658]
Event: 0.993 Thread 0x000001cece5b4800 1447       3       com.sun.tools.javac.code.Type$MethodType::asMethodType (2 bytes)
Event: 0.993 Thread 0x000001cece5b4800 nmethod 1447 0x000001ceb60d2310 code [0x000001ceb60d24c0, 0x000001ceb60d2638]
Event: 0.993 Thread 0x000001cece5b4800 1448       1       com.sun.tools.javac.comp.Resolve$ResolveError::exists (2 bytes)
Event: 0.993 Thread 0x000001cece5b4800 nmethod 1448 0x000001cebd385710 code [0x000001cebd3858c0, 0x000001cebd3859f8]
Event: 0.994 Thread 0x000001cece5b4800 1449       3       jdk.internal.jimage.ImageReader$SharedImageReader::visitLocation (73 bytes)

GC Heap History (10 events):
Event: 0.896 GC heap after
{Heap after GC invocations=12 (full 0):
 garbage-first heap   total 14336K, used 6050K [0x0000000742000000, 0x0000000800000000)
  region size 1024K, 1 young (1024K), 1 survivors (1024K)
 Metaspace       used 8806K, capacity 11456K, committed 11648K, reserved 1058816K
  class space    used 1016K, capacity 1315K, committed 1408K, reserved 1048576K
}
Event: 0.906 GC heap before
{Heap before GC invocations=12 (full 0):
 garbage-first heap   total 14336K, used 8098K [0x0000000742000000, 0x0000000800000000)
  region size 1024K, 3 young (3072K), 1 survivors (1024K)
 Metaspace       used 8821K, capacity 11459K, committed 11648K, reserved 1058816K
  class space    used 1016K, capacity 1315K, committed 1408K, reserved 1048576K
}
Event: 0.908 GC heap after
{Heap after GC invocations=13 (full 0):
 garbage-first heap   total 17408K, used 6335K [0x0000000742000000, 0x0000000800000000)
  region size 1024K, 1 young (1024K), 1 survivors (1024K)
 Metaspace       used 8821K, capacity 11459K, committed 11648K, reserved 1058816K
  class space    used 1016K, capacity 1315K, committed 1408K, reserved 1048576K
}
Event: 0.947 GC heap before
{Heap before GC invocations=13 (full 0):
 garbage-first heap   total 17408K, used 9407K [0x0000000742000000, 0x0000000800000000)
  region size 1024K, 4 young (4096K), 1 survivors (1024K)
 Metaspace       used 8883K, capacity 11463K, committed 11648K, reserved 1058816K
  class space    used 1016K, capacity 1316K, committed 1408K, reserved 1048576K
}
Event: 0.950 GC heap after
{Heap after GC invocations=14 (full 0):
 garbage-first heap   total 17408K, used 7110K [0x0000000742000000, 0x0000000800000000)
  region size 1024K, 1 young (1024K), 1 survivors (1024K)
 Metaspace       used 8883K, capacity 11463K, committed 11648K, reserved 1058816K
  class space    used 1016K, capacity 1316K, committed 1408K, reserved 1048576K
}
Event: 0.959 GC heap before
{Heap before GC invocations=14 (full 0):
 garbage-first heap   total 17408K, used 10182K [0x0000000742000000, 0x0000000800000000)
  region size 1024K, 4 young (4096K), 1 survivors (1024K)
 Metaspace       used 8883K, capacity 11463K, committed 11648K, reserved 1058816K
  class space    used 1016K, capacity 1316K, committed 1408K, reserved 1048576K
}
Event: 0.962 GC heap after
{Heap after GC invocations=15 (full 0):
 garbage-first heap   total 17408K, used 7615K [0x0000000742000000, 0x0000000800000000)
  region size 1024K, 1 young (1024K), 1 survivors (1024K)
 Metaspace       used 8883K, capacity 11463K, committed 11648K, reserved 1058816K
  class space    used 1016K, capacity 1316K, committed 1408K, reserved 1048576K
}
Event: 0.973 GC heap before
{Heap before GC invocations=15 (full 0):
 garbage-first heap   total 17408K, used 10687K [0x0000000742000000, 0x0000000800000000)
  region size 1024K, 4 young (4096K), 1 survivors (1024K)
 Metaspace       used 8883K, capacity 11463K, committed 11648K, reserved 1058816K
  class space    used 1016K, capacity 1316K, committed 1408K, reserved 1048576K
}
Event: 0.975 GC heap after
{Heap after GC invocations=16 (full 0):
 garbage-first heap   total 17408K, used 8138K [0x0000000742000000, 0x0000000800000000)
  region size 1024K, 1 young (1024K), 1 survivors (1024K)
 Metaspace       used 8883K, capacity 11463K, committed 11648K, reserved 1058816K
  class space    used 1016K, capacity 1316K, committed 1408K, reserved 1048576K
}
Event: 0.995 GC heap before
{Heap before GC invocations=16 (full 0):
 garbage-first heap   total 17408K, used 11210K [0x0000000742000000, 0x0000000800000000)
  region size 1024K, 4 young (4096K), 1 survivors (1024K)
 Metaspace       used 8887K, capacity 11463K, committed 11648K, reserved 1058816K
  class space    used 1016K, capacity 1316K, committed 1408K, reserved 1048576K
}

Deoptimization events (10 events):
Event: 0.718 Thread 0x000001cead44e000 Uncommon trap: reason=class_check action=maybe_recompile pc=0x000001cebd34bc50 method=java.util.HashMap.getNode(ILjava/lang/Object;)Ljava/util/HashMap$Node; @ 126 c2
Event: 0.718 Thread 0x000001cead44e000 Uncommon trap: reason=class_check action=maybe_recompile pc=0x000001cebd34bc50 method=java.util.HashMap.getNode(ILjava/lang/Object;)Ljava/util/HashMap$Node; @ 126 c2
Event: 0.718 Thread 0x000001cead44e000 Uncommon trap: reason=class_check action=maybe_recompile pc=0x000001cebd34bc50 method=java.util.HashMap.getNode(ILjava/lang/Object;)Ljava/util/HashMap$Node; @ 126 c2
Event: 0.719 Thread 0x000001cead44e000 Uncommon trap: reason=class_check action=maybe_recompile pc=0x000001cebd34bc50 method=java.util.HashMap.getNode(ILjava/lang/Object;)Ljava/util/HashMap$Node; @ 126 c2
Event: 0.736 Thread 0x000001cead44e000 Uncommon trap: reason=class_check action=maybe_recompile pc=0x000001cebd34de2c method=java.util.HashMap.putVal(ILjava/lang/Object;Ljava/lang/Object;ZZ)Ljava/lang/Object; @ 203 c2
Event: 0.740 Thread 0x000001cead44e000 Uncommon trap: reason=class_check action=maybe_recompile pc=0x000001cebd34de2c method=java.util.HashMap.putVal(ILjava/lang/Object;Ljava/lang/Object;ZZ)Ljava/lang/Object; @ 203 c2
Event: 0.824 Thread 0x000001cead44e000 Uncommon trap: reason=class_check action=maybe_recompile pc=0x000001cebd3532b4 method=java.util.HashMap.getNode(ILjava/lang/Object;)Ljava/util/HashMap$Node; @ 126 c2
Event: 0.880 Thread 0x000001cead44e000 Uncommon trap: reason=unstable_if action=reinterpret pc=0x000001cebd3738cc method=java.lang.String.<init>([CIILjava/lang/Void;)V @ 5 c2
Event: 0.880 Thread 0x000001cead44e000 Uncommon trap: reason=unstable_if action=reinterpret pc=0x000001cebd36ece4 method=java.lang.String.<init>([CIILjava/lang/Void;)V @ 5 c2
Event: 0.915 Thread 0x000001cead44e000 Uncommon trap: reason=unstable_if action=reinterpret pc=0x000001cebd359148 method=java.lang.String.<init>([CIILjava/lang/Void;)V @ 5 c2

Classes redefined (0 events):
No events

Internal exceptions (10 events):
Event: 0.807 Thread 0x000001cead44e000 Exception <a 'sun/nio/fs/WindowsException'{0x0000000742c79408}> (0x0000000742c79408) thrown at [t:/workspace/open/src/hotspot/share/prims/jni.cpp, line 615]
Event: 0.820 Thread 0x000001cead44e000 Exception <a 'java/lang/NoSuchMethodError'{0x0000000742caccc8}: java.lang.invoke.DirectMethodHandle$Holder.invokeSpecial(Ljava/lang/Object;Ljava/lang/Object;Ljava/lang/Object;Ljava/lang/Object;Ljava/lang/Object;)I> (0x0000000742caccc8) thrown at [t:/works
Event: 0.864 Thread 0x000001cead44e000 Exception <a 'sun/nio/fs/WindowsException'{0x0000000742de42d0}> (0x0000000742de42d0) thrown at [t:/workspace/open/src/hotspot/share/prims/jni.cpp, line 615]
Event: 0.864 Thread 0x000001cead44e000 Exception <a 'sun/nio/fs/WindowsException'{0x0000000742de4588}> (0x0000000742de4588) thrown at [t:/workspace/open/src/hotspot/share/prims/jni.cpp, line 615]
Event: 0.864 Thread 0x000001cead44e000 Exception <a 'sun/nio/fs/WindowsException'{0x0000000742de5560}> (0x0000000742de5560) thrown at [t:/workspace/open/src/hotspot/share/prims/jni.cpp, line 615]
Event: 0.864 Thread 0x000001cead44e000 Exception <a 'sun/nio/fs/WindowsException'{0x0000000742de57d0}> (0x0000000742de57d0) thrown at [t:/workspace/open/src/hotspot/share/prims/jni.cpp, line 615]
Event: 0.993 Thread 0x000001cead44e000 Exception <a 'sun/nio/fs/WindowsException'{0x0000000742e4a748}> (0x0000000742e4a748) thrown at [t:/workspace/open/src/hotspot/share/prims/jni.cpp, line 615]
Event: 0.993 Thread 0x000001cead44e000 Exception <a 'sun/nio/fs/WindowsException'{0x0000000742e4aa08}> (0x0000000742e4aa08) thrown at [t:/workspace/open/src/hotspot/share/prims/jni.cpp, line 615]
Event: 0.994 Thread 0x000001cead44e000 Exception <a 'sun/nio/fs/WindowsException'{0x0000000742e4b9e0}> (0x0000000742e4b9e0) thrown at [t:/workspace/open/src/hotspot/share/prims/jni.cpp, line 615]
Event: 0.994 Thread 0x000001cead44e000 Exception <a 'sun/nio/fs/WindowsException'{0x0000000742e4bc60}> (0x0000000742e4bc60) thrown at [t:/workspace/open/src/hotspot/share/prims/jni.cpp, line 615]

Events (10 events):
Event: 0.921 loading class com/sun/tools/javac/code/Symbol done
Event: 0.921 loading class com/sun/tools/javac/code/Symbol
Event: 0.921 loading class com/sun/tools/javac/code/Symbol done
Event: 0.947 Executing VM operation: G1CollectForAllocation
Event: 0.950 Executing VM operation: G1CollectForAllocation done
Event: 0.959 Executing VM operation: G1CollectForAllocation
Event: 0.962 Executing VM operation: G1CollectForAllocation done
Event: 0.973 Executing VM operation: G1CollectForAllocation
Event: 0.975 Executing VM operation: G1CollectForAllocation done
Event: 0.995 Executing VM operation: G1CollectForAllocation


Dynamic libraries:
0x00007ff6d2740000 - 0x00007ff6d2748000 	C:\Program Files\Java\jdk-12.0.2\bin\javac.exe
0x00007ffe58f20000 - 0x00007ffe59110000 	C:\Windows\SYSTEM32\ntdll.dll
0x00007ffe588c0000 - 0x00007ffe58972000 	C:\Windows\System32\KERNEL32.DLL
0x00007ffe56d20000 - 0x00007ffe56fc4000 	C:\Windows\System32\KERNELBASE.dll
0x00007ffe56b30000 - 0x00007ffe56c2a000 	C:\Windows\System32\ucrtbase.dll
0x00007ffe39660000 - 0x00007ffe39678000 	C:\Program Files\Java\jdk-12.0.2\bin\jli.dll
0x00007ffe57680000 - 0x00007ffe57723000 	C:\Windows\System32\ADVAPI32.dll
0x00007ffe575d0000 - 0x00007ffe5766e000 	C:\Windows\System32\msvcrt.dll
0x00007ffe57380000 - 0x00007ffe57417000 	C:\Windows\System32\sechost.dll
0x00007ffe57260000 - 0x00007ffe57380000 	C:\Windows\System32\RPCRT4.dll
0x00007ffe53be0000 - 0x00007ffe53bf6000 	C:\Program Files\Java\jdk-12.0.2\bin\VCRUNTIME140.dll
0x00007ffe58a00000 - 0x00007ffe58b94000 	C:\Windows\System32\USER32.dll
0x00007ffe47e50000 - 0x00007ffe480d4000 	C:\Windows\WinSxS\amd64_microsoft.windows.common-controls_6595b64144ccf1df_6.0.18362.836_none_e6c4b943130f18ed\COMCTL32.dll
0x00007ffe56b00000 - 0x00007ffe56b21000 	C:\Windows\System32\win32u.dll
0x00007ffe58ba0000 - 0x00007ffe58ed6000 	C:\Windows\System32\combase.dll
0x00007ffe56100000 - 0x00007ffe56180000 	C:\Windows\System32\bcryptPrimitives.dll
0x000001ceab230000 - 0x000001ceab256000 	C:\Windows\System32\GDI32.dll
0x00007ffe56960000 - 0x00007ffe56af4000 	C:\Windows\System32\gdi32full.dll
0x00007ffe56c30000 - 0x00007ffe56cce000 	C:\Windows\System32\msvcp_win.dll
0x00007ffe49f90000 - 0x00007ffe49f9a000 	C:\Windows\SYSTEM32\VERSION.dll
0x00007ffe57730000 - 0x00007ffe5775e000 	C:\Windows\System32\IMM32.DLL
0x00007ffe1fd50000 - 0x00007ffe1fdfa000 	C:\Program Files\Java\jdk-12.0.2\bin\msvcp140.dll
0x00007ffe16840000 - 0x00007ffe173b7000 	C:\Program Files\Java\jdk-12.0.2\bin\server\jvm.dll
0x00007ffe57670000 - 0x00007ffe57678000 	C:\Windows\System32\PSAPI.DLL
0x00007ffe53a70000 - 0x00007ffe53a94000 	C:\Windows\SYSTEM32\WINMM.dll
0x00007ffe53a40000 - 0x00007ffe53a6d000 	C:\Windows\SYSTEM32\WINMMBASE.dll
0x00007ffe44940000 - 0x00007ffe44949000 	C:\Windows\SYSTEM32\WSOCK32.dll
0x00007ffe56cd0000 - 0x00007ffe56d1a000 	C:\Windows\System32\cfgmgr32.dll
0x00007ffe574d0000 - 0x00007ffe5753f000 	C:\Windows\System32\ws2_32.DLL
0x00007ffe55e40000 - 0x00007ffe55e51000 	C:\Windows\System32\kernel.appcore.dll
0x00007ffe52300000 - 0x00007ffe52311000 	C:\Program Files\Java\jdk-12.0.2\bin\verify.dll
0x00007ffe546f0000 - 0x00007ffe548e4000 	C:\Windows\SYSTEM32\DBGHELP.DLL
0x00007ffe3b460000 - 0x00007ffe3b48a000 	C:\Windows\SYSTEM32\dbgcore.DLL
0x00007ffe49ad0000 - 0x00007ffe49af6000 	C:\Program Files\Java\jdk-12.0.2\bin\java.dll
0x00007ffe49ab0000 - 0x00007ffe49ac7000 	C:\Program Files\Java\jdk-12.0.2\bin\zip.dll
0x00007ffe53bd0000 - 0x00007ffe53bda000 	C:\Program Files\Java\jdk-12.0.2\bin\jimage.dll
0x00007ffe57fc0000 - 0x00007ffe586a4000 	C:\Windows\System32\SHELL32.dll
0x00007ffe57f10000 - 0x00007ffe57fb9000 	C:\Windows\System32\shcore.dll
0x00007ffe561e0000 - 0x00007ffe5695e000 	C:\Windows\System32\windows.storage.dll
0x00007ffe55e80000 - 0x00007ffe55ea3000 	C:\Windows\System32\profapi.dll
0x00007ffe55df0000 - 0x00007ffe55e3a000 	C:\Windows\System32\powrprof.dll
0x00007ffe55de0000 - 0x00007ffe55df0000 	C:\Windows\System32\UMPDC.dll
0x00007ffe57200000 - 0x00007ffe57252000 	C:\Windows\System32\shlwapi.dll
0x00007ffe55eb0000 - 0x00007ffe55ec7000 	C:\Windows\System32\cryptsp.dll
0x00007ffe497f0000 - 0x00007ffe49809000 	C:\Program Files\Java\jdk-12.0.2\bin\net.dll
0x00007ffe49d10000 - 0x00007ffe49e00000 	C:\Windows\SYSTEM32\WINHTTP.dll
0x00007ffe3da60000 - 0x00007ffe3dc36000 	C:\Windows\SYSTEM32\urlmon.dll
0x00007ffe3d790000 - 0x00007ffe3da36000 	C:\Windows\SYSTEM32\iertutil.dll
0x00007ffe55820000 - 0x00007ffe5582c000 	C:\Windows\SYSTEM32\CRYPTBASE.DLL
0x00007ffe55650000 - 0x00007ffe556b7000 	C:\Windows\system32\mswsock.dll
0x00007ffe497d0000 - 0x00007ffe497e3000 	C:\Program Files\Java\jdk-12.0.2\bin\nio.dll

dbghelp: loaded successfully - version: 4.0.5 - missing functions: none
symbol engine: initialized successfully - sym options: 0x614 - pdb path: .;C:\Program Files\Java\jdk-12.0.2\bin;C:\Windows\SYSTEM32;C:\Windows\WinSxS\amd64_microsoft.windows.common-controls_6595b64144ccf1df_6.0.18362.836_none_e6c4b943130f18ed;C:\Program Files\Java\jdk-12.0.2\bin\server

VM Arguments:
jvm_args: -Dapplication.home=C:\Program Files\Java\jdk-12.0.2 --add-modules=ALL-DEFAULT -Xms8m -Djdk.module.main=jdk.compiler 
java_command: jdk.compiler/com.sun.tools.javac.Main -d C:\Users\USER\Documents\NetBeansProjects\cnpm\build\classes -classpath C:\Users\USER\Documents\NetBeansProjects\cnpm\build\classes;C:\Users\USER\Desktop\NNLT\JAVA TOOL+CODE\Tool JAVA\mssql-jdbc-7.2.1.jre11.jar;D:\NETBEAN\netbeans\java\modules\ext\AbsoluteLayout.jar;C:\Users\USER\Desktop\NNLT\JAVA TOOL+CODE\Tool JAVA\jdatechooser\DateChooser.jar;C:\Users\USER\Desktop\NNLT\JAVA TOOL+CODE\Tool JAVA\javadate picker\jdatepicker-1.3.2.jar;C:\Users\USER\Desktop\NNLT\JAVA TOOL+CODE\Tool JAVA\ITextSharp\itextpdf-5.4.0.jar;C:\Users\USER\Desktop\NNLT\JAVA TOOL+CODE\Tool JAVA\io\io-7.0.5.jar;C:\Users\USER\Desktop\NNLT\JAVA TOOL+CODE\Tool JAVA\pqScan.PDFtoImage\pqScan.PDFtoImage.jar -sourcepath C:\Users\USER\Documents\NetBeansProjects\cnpm\src -target 12 -encoding UTF-8 -g -processorpath C:\Users\USER\Desktop\NNLT\JAVA TOOL+CODE\Tool JAVA\mssql-jdbc-7.2.1.jre11.jar;D:\NETBEAN\netbeans\java\modules\ext\AbsoluteLayout.jar;C:\Users\USER\Desktop\NNLT\JAVA TOOL+CODE\Tool JAVA\jdatechooser\DateChooser.jar;C:\Users\USER\Desktop\NNLT\JAVA TOOL+CODE\Tool JAVA\javadate picker\jdatepicker-1.3.4.jar;C:\Users\USER\Desktop\NNLT\JAVA TOOL+CODE\Tool JAVA\javadate picker\jdatepicker-1.3.2.jar;C:\Users\USER\Downloads\New folder\New folder\AbsoluteLayout.jar;C:\Users\USER\Downloads\New folder\New folder\commons-beanutils-1.8.2.jar;C:\Users\USER\Downloads\New folder\New folder\groovy-all-1.7.5.jar;C:\Users\USER\Downloads\New folder\New folder\jasperreports-4.0.2.jar;C:\Users\USER\Downloads\New folder\New folder\swingx-all-1.6.4.jar;C:\Users\USER\Downloads\New folder\New folder\sqljdbc4.jar;C:\Users\USER\Desktop\NNLT\JAVA TOOL+CODE\Tool JAVA\ITextSharp\itextpdf-5.4.0.jar;C:\Users\USER\Desktop\NNLT\JAVA TOOL+CODE\Tool JAVA\io\io-7.0.5.jar;C:\Users\USER\Desktop\NNLT\JAVA TOOL+CODE\Tool JAVA\pqScan.PDFtoImage\pqScan.PDFtoImage.jar;C:\Users\USER\Documents\NetBeansProjects\cnpm\build\empty -s C:\Users\USER\Documents\NetBeansProjects\cnpm\build\gene
java_class_path (initial): <not set>
Launcher Type: SUN_STANDARD

[Global flags]
     intx CICompilerCount                          = 3                                         {product} {ergonomic}
     uint ConcGCThreads                            = 1                                         {product} {ergonomic}
     uint G1ConcRefinementThreads                  = 4                                         {product} {ergonomic}
   size_t G1HeapRegionSize                         = 1048576                                   {product} {ergonomic}
    uintx GCDrainStackTargetSize                   = 64                                        {product} {ergonomic}
   size_t InitialHeapSize                          = 8388608                                   {product} {command line}
   size_t MarkStackSize                            = 4194304                                   {product} {ergonomic}
   size_t MaxHeapSize                              = 3187671040                                {product} {ergonomic}
   size_t MaxNewSize                               = 1912602624                                {product} {ergonomic}
   size_t MinHeapDeltaBytes                        = 1048576                                   {product} {ergonomic}
    uintx NonNMethodCodeHeapSize                   = 5830732                                {pd product} {ergonomic}
    uintx NonProfiledCodeHeapSize                  = 122913754                              {pd product} {ergonomic}
    uintx ProfiledCodeHeapSize                     = 122913754                              {pd product} {ergonomic}
    uintx ReservedCodeCacheSize                    = 251658240                              {pd product} {ergonomic}
     bool SegmentedCodeCache                       = true                                      {product} {ergonomic}
     bool UseCompressedClassPointers               = true                                 {lp64_product} {ergonomic}
     bool UseCompressedOops                        = true                                 {lp64_product} {ergonomic}
     bool UseG1GC                                  = true                                      {product} {ergonomic}
     bool UseLargePagesIndividualAllocation        = false                                  {pd product} {ergonomic}

Logging:
Log output configuration:
 #0: stdout all=warning uptime,level,tags
 #1: stderr all=off uptime,level,tags

Environment Variables:
JAVA_HOME=C:\Program Files\Java\jdk-12.0.2
PATH=C:\Program Files (x86)\Common Files\Oracle\Java\javapath;C:\Program Files (x86)\Intel\Intel(R) Management Engine Components\iCLS\;C:\Program Files\Intel\Intel(R) Management Engine Components\iCLS\;C:\Windows\system32;C:\Windows;C:\Windows\System32\Wbem;C:\Windows\System32\WindowsPowerShell\v1.0\;C:\Windows\System32\OpenSSH\;C:\Program Files (x86)\Intel\Intel(R) Management Engine Components\DAL;C:\Program Files\Intel\Intel(R) Management Engine Components\DAL;C:\Program Files (x86)\Intel\Intel(R) Management Engine Components\IPT;C:\Program Files\Intel\Intel(R) Management Engine Components\IPT;C:\Program Files\Intel\WiFi\bin\;C:\Program Files\Common Files\Intel\WirelessCommon\;C:\Program Files\Java\jdk-12.0.2\bin;C:\Program Files\Microsoft SQL Server\110\Tools\Binn\;C:\Program Files (x86)\Microsoft SQL Server\110\Tools\Binn\;C:\Program Files\Microsoft SQL Server\110\DTS\Binn\;C:\Program Files (x86)\Microsoft SQL Server\110\Tools\Binn\ManagementStudio\;C:\Program Files (x86)\Microsoft Visual Studio 10.0\Common7\IDE\PrivateAssemblies\;C:\Program Files (x86)\Microsoft SQL Server\110\DTS\Binn\;C:\Users\USER\Documents\OpenSSL\OpenSSL-Win64\bin;C:\Program Files\OpenSSL-Win64\bin;C:\Users\USER\Downloads\New folder\New folder\bin;C:\Users\USER\AppData\Local\Microsoft\WindowsApps;C:\Program Files\Intel\WiFi\bin\;C:\Program Files\Common Files\Intel\WirelessCommon\
USERNAME=USER
OS=Windows_NT
PROCESSOR_IDENTIFIER=Intel64 Family 6 Model 142 Stepping 9, GenuineIntel



---------------  S Y S T E M  ---------------

OS: Windows 10 , 64 bit Build 18362 (10.0.18362.778)

CPU:total 4 (initial active 4) (2 cores per cpu, 2 threads per core) family 6 model 142 stepping 9, cmov, cx8, fxsr, mmx, sse, sse2, sse3, ssse3, sse4.1, sse4.2, popcnt, avx, avx2, aes, clmul, erms, 3dnowpref, lzcnt, ht, tsc, tscinvbit, bmi1, bmi2, adx, fma

Memory: 4k page, system-wide physical 12153M (3983M free)
TotalPageFile size 28176M (AvailPageFile size 5M)
current process WorkingSet (physical memory assigned to process): 77M, peak: 77M
current process commit charge ("private bytes"): 102M, peak: 112M

vm_info: Java HotSpot(TM) 64-Bit Server VM (12.0.2+10) for windows-amd64 JRE (12.0.2+10), built on Jul 16 2019 01:56:17 by "mach5one" with MS VC++ 15.5 (VS2017)

END.
