#
# There is insufficient memory for the Java Runtime Environment to continue.
# Native memory allocation (malloc) failed to allocate 824736 bytes for Chunk::new
# Possible reasons:
#   The system is out of physical RAM or swap space
#   The process is running with CompressedOops enabled, and the Java Heap may be blocking the growth of the native heap
# Possible solutions:
#   Reduce memory load on the system
#   Increase physical memory or swap space
#   Check if swap backing store is full
#   Decrease Java heap size (-Xmx/-Xms)
#   Decrease number of Java threads
#   Decrease Java thread stack sizes (-Xss)
#   Set larger code cache with -XX:ReservedCodeCacheSize=
#   JVM is running with Zero Based Compressed Oops mode in which the Java heap is
#     placed in the first 32GB address space. The Java Heap base address is the
#     maximum limit for the native heap growth. Please use -XX:HeapBaseMinAddress
#     to set the Java Heap base and to place the Java Heap above 32GB virtual address.
# This output file may be truncated or incomplete.
#
#  Out of Memory Error (t:/workspace/open/src/hotspot/share/memory/arena.cpp:197), pid=14548, tid=20688
#
# JRE version: Java(TM) SE Runtime Environment (12.0.2+10) (build 12.0.2+10)
# Java VM: Java HotSpot(TM) 64-Bit Server VM (12.0.2+10, mixed mode, sharing, tiered, compressed oops, g1 gc, windows-amd64)
# No core dump will be written. Minidumps are not enabled by default on client versions of Windows
#

---------------  S U M M A R Y ------------

Command Line: -Dapplication.home=C:\Program Files\Java\jdk-12.0.2 --add-modules=ALL-DEFAULT -Xms8m -Djdk.module.main=jdk.compiler jdk.compiler/com.sun.tools.javac.Main -d C:\Users\USER\Documents\NetBeansProjects\cnpm\build\classes -classpath C:\Users\USER\Documents\NetBeansProjects\cnpm\build\classes;C:\Users\USER\Desktop\NNLT\JAVA TOOL+CODE\Tool JAVA\mssql-jdbc-7.2.1.jre11.jar;D:\NETBEAN\netbeans\java\modules\ext\AbsoluteLayout.jar;C:\Users\USER\Desktop\NNLT\JAVA TOOL+CODE\Tool JAVA\jdatechooser\DateChooser.jar;C:\Users\USER\Desktop\NNLT\JAVA TOOL+CODE\Tool JAVA\javadate picker\jdatepicker-1.3.2.jar;C:\Users\USER\Desktop\NNLT\JAVA TOOL+CODE\Tool JAVA\ITextSharp\itextpdf-5.4.0.jar;C:\Users\USER\Desktop\NNLT\JAVA TOOL+CODE\Tool JAVA\io\io-7.0.5.jar;C:\Users\USER\Desktop\NNLT\JAVA TOOL+CODE\Tool JAVA\pqScan.PDFtoImage\pqScan.PDFtoImage.jar -sourcepath C:\Users\USER\Documents\NetBeansProjects\cnpm\src -target 12 -encoding UTF-8 -g -processorpath C:\Users\USER\Desktop\NNLT\JAVA TOOL+CODE\Tool JAVA\mssql-jdbc-7.2.1.jre11.jar;D:\NETBEAN\netbeans\java\modules\ext\AbsoluteLayout.jar;C:\Users\USER\Desktop\NNLT\JAVA TOOL+CODE\Tool JAVA\jdatechooser\DateChooser.jar;C:\Users\USER\Desktop\NNLT\JAVA TOOL+CODE\Tool JAVA\javadate picker\jdatepicker-1.3.4.jar;C:\Users\USER\Desktop\NNLT\JAVA TOOL+CODE\Tool JAVA\javadate picker\jdatepicker-1.3.2.jar;C:\Users\USER\Downloads\New folder\New folder\AbsoluteLayout.jar;C:\Users\USER\Downloads\New folder\New folder\commons-beanutils-1.8.2.jar;C:\Users\USER\Downloads\New folder\New folder\groovy-all-1.7.5.jar;C:\Users\USER\Downloads\New folder\New folder\jasperreports-4.0.2.jar;C:\Users\USER\Downloads\New folder\New folder\swingx-all-1.6.4.jar;C:\Users\USER\Downloads\New folder\New folder\sqljdbc4.jar;C:\Users\USER\Desktop\NNLT\JAVA TOOL+CODE\Tool JAVA\ITextSharp\itextpdf-5.4.0.jar;C:\Users\USER\Desktop\NNLT\JAVA TOOL+CODE\Tool JAVA\io\io-7.0.5.jar;C:\Users\USER\Desktop\NNLT\JAVA TOOL+CODE\Tool JAVA\pqScan.PDFtoImage\pqScan.PDFtoImage.jar;C:\Users\USER\Documents\NetBeansProjects\cnpm\build\empty -s C:\Users\USER\Documents\NetBeansProjects\cnpm\build\generated-sources\ap-source-output -source 12 C:\Users\USER\Documents\NetBeansProjects\cnpm\src\cnpm\updateBrandCart.java

Host: Intel(R) Core(TM) i7-7500U CPU @ 2.70GHz, 4 cores, 11G,  Windows 10 , 64 bit Build 18362 (10.0.18362.778)
Time: Tue May 26 14:57:01 2020 SE Asia Standard Time elapsed time: 1 seconds (0d 0h 0m 1s)

---------------  T H R E A D  ---------------

Current thread (0x000002842383e000):  JavaThread "C2 CompilerThread0" daemon [_thread_in_native, id=20688, stack(0x000000a45ba00000,0x000000a45bb00000)]


Current CompileTask:
C2:   1941 2078       4       com.sun.tools.javac.code.Types::union (182 bytes)

Stack: [0x000000a45ba00000,0x000000a45bb00000]
Native frames: (J=compiled Java code, j=interpreted, Vv=VM code, C=native code)
V  [jvm.dll+0x63aa2a]
V  [jvm.dll+0x78ce1e]
V  [jvm.dll+0x78e4c1]
V  [jvm.dll+0x78eb13]
V  [jvm.dll+0x2627e8]
V  [jvm.dll+0xc55cc]
V  [jvm.dll+0xc5b4c]
V  [jvm.dll+0x2d4034]
V  [jvm.dll+0x5569ad]
V  [jvm.dll+0x2246f7]
V  [jvm.dll+0x21e313]
V  [jvm.dll+0x21b2b6]
V  [jvm.dll+0x199a20]
V  [jvm.dll+0x22a744]
V  [jvm.dll+0x228d98]
V  [jvm.dll+0x7512a0]
V  [jvm.dll+0x74a2c8]
V  [jvm.dll+0x639b16]
C  [ucrtbase.dll+0x20e82]
C  [KERNEL32.DLL+0x17bd4]
C  [ntdll.dll+0x6ce51]


---------------  P R O C E S S  ---------------

Threads class SMR info:
_java_thread_list=0x00000284242bf9d0, length=11, elements={
0x00000284026dc800, 0x000002842381d000, 0x000002842381f000, 0x0000028423839800,
0x000002842383b800, 0x000002842383e000, 0x0000028423841800, 0x00000284238ab000,
0x00000284237fd000, 0x0000028423ac2000, 0x0000028424427000
}

Java Threads: ( => current thread )
  0x00000284026dc800 JavaThread "main" [_thread_in_Java, id=18596, stack(0x000000a45ae00000,0x000000a45af00000)]
  0x000002842381d000 JavaThread "Reference Handler" daemon [_thread_blocked, id=8348, stack(0x000000a45b500000,0x000000a45b600000)]
  0x000002842381f000 JavaThread "Finalizer" daemon [_thread_blocked, id=21424, stack(0x000000a45b600000,0x000000a45b700000)]
  0x0000028423839800 JavaThread "Signal Dispatcher" daemon [_thread_blocked, id=8496, stack(0x000000a45b800000,0x000000a45b900000)]
  0x000002842383b800 JavaThread "Attach Listener" daemon [_thread_blocked, id=11536, stack(0x000000a45b900000,0x000000a45ba00000)]
=>0x000002842383e000 JavaThread "C2 CompilerThread0" daemon [_thread_in_native, id=20688, stack(0x000000a45ba00000,0x000000a45bb00000)]
  0x0000028423841800 JavaThread "C1 CompilerThread0" daemon [_thread_in_native, id=20904, stack(0x000000a45bb00000,0x000000a45bc00000)]
  0x00000284238ab000 JavaThread "Sweeper thread" daemon [_thread_blocked, id=5036, stack(0x000000a45bc00000,0x000000a45bd00000)]
  0x00000284237fd000 JavaThread "Common-Cleaner" daemon [_thread_blocked, id=20620, stack(0x000000a45bd00000,0x000000a45be00000)]
  0x0000028423ac2000 JavaThread "Service Thread" daemon [_thread_blocked, id=22084, stack(0x000000a45be00000,0x000000a45bf00000)]
  0x0000028424427000 JavaThread "C2 CompilerThread1" daemon [_thread_in_native, id=22124, stack(0x000000a45c100000,0x000000a45c200000)]

Other Threads:
  0x0000028423817000 VMThread "VM Thread" [stack: 0x000000a45b400000,0x000000a45b500000] [id=16828]
  0x0000028423ac3000 WatcherThread [stack: 0x000000a45bf00000,0x000000a45c000000] [id=22092]
  0x000002840272e800 GCTaskThread "GC Thread#0" [stack: 0x000000a45af00000,0x000000a45b000000] [id=21748]
  0x0000028423d4e000 GCTaskThread "GC Thread#1" [stack: 0x000000a45c000000,0x000000a45c100000] [id=22328]
  0x0000028402742000 ConcurrentGCThread "G1 Main Marker" [stack: 0x000000a45b000000,0x000000a45b100000] [id=16952]
  0x0000028402744800 ConcurrentGCThread "G1 Conc#0" [stack: 0x000000a45b100000,0x000000a45b200000] [id=13156]
  0x000002840275f000 ConcurrentGCThread "G1 Refine#0" [stack: 0x000000a45b200000,0x000000a45b300000] [id=21336]
  0x0000028402760000 ConcurrentGCThread "G1 Young RemSet Sampling" [stack: 0x000000a45b300000,0x000000a45b400000] [id=21856]

Threads with active compile tasks:
C2 CompilerThread0  2078       4       com.sun.tools.javac.code.Types::union (182 bytes)
C1 CompilerThread0  2206       3       com.sun.tools.javac.code.Type$StructuralTypeMapping::visitMethodType (87 bytes)
C2 CompilerThread1  2129       4       com.sun.tools.javac.code.Symbol$TypeSymbol::precedes (132 bytes)

VM state:not at safepoint (normal execution)

VM Mutex/Monitor currently owned by a thread: None

Heap address: 0x0000000742000000, size: 3040 MB, Compressed Oops mode: Zero based, Oop shift amount: 3
Narrow klass base: 0x0000000800000000, Narrow klass shift: 3
Compressed class space size: 1073741824 Address: 0x0000000801190000

Heap:
 garbage-first heap   total 31744K, used 14868K [0x0000000742000000, 0x0000000800000000)
  region size 1024K, 4 young (4096K), 1 survivors (1024K)
 Metaspace       used 10445K, capacity 12980K, committed 13056K, reserved 1060864K
  class space    used 1162K, capacity 1477K, committed 1536K, reserved 1048576K
Heap Regions: E=young(eden), S=young(survivor), O=old, HS=humongous(starts), HC=humongous(continues), CS=collection set, F=free, A=archive, TAMS=top-at-mark-start (previous, next)
|   0|0x0000000742000000, 0x0000000742100000, 0x0000000742100000|100%| O|  |TAMS 0x0000000742100000, 0x0000000742000000| Untracked 
|   1|0x0000000742100000, 0x0000000742200000, 0x0000000742200000|100%| O|  |TAMS 0x0000000742200000, 0x0000000742100000| Untracked 
|   2|0x0000000742200000, 0x0000000742300000, 0x0000000742300000|100%| O|  |TAMS 0x0000000742300000, 0x0000000742200000| Untracked 
|   3|0x0000000742300000, 0x0000000742400000, 0x0000000742400000|100%| O|  |TAMS 0x0000000742400000, 0x0000000742300000| Untracked 
|   4|0x0000000742400000, 0x0000000742500000, 0x0000000742500000|100%| O|  |TAMS 0x0000000742500000, 0x0000000742400000| Untracked 
|   5|0x0000000742500000, 0x0000000742600000, 0x0000000742600000|100%| O|  |TAMS 0x0000000742505200, 0x0000000742500000| Untracked 
|   6|0x0000000742600000, 0x0000000742700000, 0x0000000742700000|100%| O|  |TAMS 0x0000000742600000, 0x0000000742600000| Untracked 
|   7|0x0000000742700000, 0x0000000742800000, 0x0000000742800000|100%| O|  |TAMS 0x0000000742700000, 0x0000000742700000| Untracked 
|   8|0x0000000742800000, 0x0000000742900000, 0x0000000742900000|100%| O|  |TAMS 0x0000000742800000, 0x0000000742800000| Untracked 
|   9|0x0000000742900000, 0x0000000742a00000, 0x0000000742a00000|100%| O|  |TAMS 0x0000000742900000, 0x0000000742900000| Untracked 
|  10|0x0000000742a00000, 0x0000000742b00000, 0x0000000742b00000|100%|HS|  |TAMS 0x0000000742a00000, 0x0000000742a00000| Complete 
|  11|0x0000000742b00000, 0x0000000742bbdc00, 0x0000000742c00000| 74%| O|  |TAMS 0x0000000742b00000, 0x0000000742b00000| Untracked 
|  12|0x0000000742c00000, 0x0000000742c00000, 0x0000000742d00000|  0%| F|  |TAMS 0x0000000742c00000, 0x0000000742c00000| Untracked 
|  13|0x0000000742d00000, 0x0000000742d00000, 0x0000000742e00000|  0%| F|  |TAMS 0x0000000742d00000, 0x0000000742d00000| Untracked 
|  14|0x0000000742e00000, 0x0000000742e00000, 0x0000000742f00000|  0%| F|  |TAMS 0x0000000742e00000, 0x0000000742e00000| Untracked 
|  15|0x0000000742f00000, 0x0000000742f00000, 0x0000000743000000|  0%| F|  |TAMS 0x0000000742f00000, 0x0000000742f00000| Untracked 
|  16|0x0000000743000000, 0x0000000743000000, 0x0000000743100000|  0%| F|  |TAMS 0x0000000743000000, 0x0000000743000000| Untracked 
|  17|0x0000000743100000, 0x0000000743100000, 0x0000000743200000|  0%| F|  |TAMS 0x0000000743100000, 0x0000000743100000| Untracked 
|  18|0x0000000743200000, 0x0000000743200000, 0x0000000743300000|  0%| F|  |TAMS 0x0000000743200000, 0x0000000743200000| Untracked 
|  19|0x0000000743300000, 0x0000000743300000, 0x0000000743400000|  0%| F|  |TAMS 0x0000000743300000, 0x0000000743300000| Untracked 
|  20|0x0000000743400000, 0x0000000743400000, 0x0000000743500000|  0%| F|  |TAMS 0x0000000743400000, 0x0000000743400000| Untracked 
|  21|0x0000000743500000, 0x0000000743500000, 0x0000000743600000|  0%| F|  |TAMS 0x0000000743500000, 0x0000000743500000| Untracked 
|  22|0x0000000743600000, 0x0000000743600000, 0x0000000743700000|  0%| F|  |TAMS 0x0000000743600000, 0x0000000743600000| Untracked 
|  23|0x0000000743700000, 0x00000007437c7530, 0x0000000743800000| 77%| S|CS|TAMS 0x0000000743700000, 0x0000000743700000| Complete 
|  24|0x0000000743800000, 0x0000000743800000, 0x0000000743900000|  0%| F|  |TAMS 0x0000000743800000, 0x0000000743800000| Untracked 
|  25|0x0000000743900000, 0x0000000743900000, 0x0000000743a00000|  0%| F|  |TAMS 0x0000000743900000, 0x0000000743900000| Untracked 
|  26|0x0000000743a00000, 0x0000000743a00000, 0x0000000743b00000|  0%| F|  |TAMS 0x0000000743a00000, 0x0000000743a00000| Untracked 
|  27|0x0000000743b00000, 0x0000000743b00000, 0x0000000743c00000|  0%| F|  |TAMS 0x0000000743b00000, 0x0000000743b00000| Untracked 
|  28|0x0000000743c00000, 0x0000000743c47938, 0x0000000743d00000| 27%| E|  |TAMS 0x0000000743c00000, 0x0000000743c00000| Complete 
|  29|0x0000000743d00000, 0x0000000743e00000, 0x0000000743e00000|100%| E|CS|TAMS 0x0000000743d00000, 0x0000000743d00000| Complete 
|  30|0x0000000743e00000, 0x0000000743f00000, 0x0000000743f00000|100%| E|CS|TAMS 0x0000000743e00000, 0x0000000743e00000| Complete 

Card table byte_map: [0x000002841a0d0000,0x000002841a6c0000] _byte_map_base: 0x00000284166c0000

Marking Bits (Prev, Next): (CMBitMap*) 0x000002840272f478, (CMBitMap*) 0x000002840272f4b8
 Prev Bits: [0x000002841acb0000, 0x000002841dc30000)
 Next Bits: [0x000002841dc30000, 0x0000028420bb0000)

Polling page: 0x00000284005e0000

Metaspace:

Usage:
  Non-class:     11.23 MB capacity,     9.06 MB ( 81%) used,     2.14 MB ( 19%) free+waste,    32.88 KB ( <1%) overhead. 
      Class:      1.44 MB capacity,     1.14 MB ( 79%) used,   298.58 KB ( 20%) free+waste,    15.56 KB (  1%) overhead. 
       Both:     12.68 MB capacity,    10.20 MB ( 80%) used,     2.43 MB ( 19%) free+waste,    48.44 KB ( <1%) overhead. 

Virtual space:
  Non-class space:       12.00 MB reserved,      11.25 MB ( 94%) committed 
      Class space:        1.00 GB reserved,       1.50 MB ( <1%) committed 
             Both:        1.01 GB reserved,      12.75 MB (  1%) committed 

Chunk freelists:
   Non-Class:  2.13 KB
       Class:  3.38 KB
        Both:  5.50 KB

CodeHeap 'non-profiled nmethods': size=120064Kb used=765Kb max_used=765Kb free=119299Kb
 bounds [0x00000284125a0000, 0x0000028412810000, 0x0000028419ae0000]
CodeHeap 'profiled nmethods': size=120000Kb used=5374Kb max_used=5374Kb free=114625Kb
 bounds [0x000002840b070000, 0x000002840b5b0000, 0x00000284125a0000]
CodeHeap 'non-nmethods': size=5696Kb used=1124Kb max_used=1161Kb free=4571Kb
 bounds [0x000002840aae0000, 0x000002840ad50000, 0x000002840b070000]
 total_blobs=3082 nmethods=2198 adapters=336
 compilation: enabled
              stopped_count=0, restarted_count=0
 full_count=0

Compilation events (10 events):
Event: 1.938 Thread 0x0000028423841800 2156       3       com.sun.tools.javac.tree.JCTree$JCNewClass::accept (6 bytes)
Event: 1.938 Thread 0x0000028423841800 nmethod 2156 0x000002840b596310 code [0x000002840b5964e0, 0x000002840b596730]
Event: 1.938 Thread 0x0000028423841800 2158       1       com.sun.tools.javac.tree.JCTree$JCFieldAccess::getExpression (5 bytes)
Event: 1.938 Thread 0x0000028423841800 nmethod 2158 0x000002841265df10 code [0x000002841265e0c0, 0x000002841265e1f8]
Event: 1.938 Thread 0x0000028423841800 2161       1       com.sun.tools.javac.code.Type::isPrimitiveOrVoid (2 bytes)
Event: 1.938 Thread 0x0000028423841800 nmethod 2161 0x000002841265e290 code [0x000002841265e440, 0x000002841265e578]
Event: 1.938 Thread 0x0000028423841800 2155       3       com.sun.tools.javac.tree.JCTree$Visitor::<init> (5 bytes)
Event: 1.938 Thread 0x0000028423841800 nmethod 2155 0x000002840b596810 code [0x000002840b5969c0, 0x000002840b596b98]
Event: 1.938 Thread 0x0000028423841800 2154       1       com.sun.tools.javac.code.Type::isParameterized (2 bytes)
Event: 1.938 Thread 0x0000028423841800 nmethod 2154 0x000002841265e610 code [0x000002841265e7c0, 0x000002841265e8f8]

GC Heap History (10 events):
Event: 1.228 GC heap before
{Heap before GC invocations=19 (full 0):
 garbage-first heap   total 18432K, used 10392K [0x0000000742000000, 0x0000000800000000)
  region size 1024K, 4 young (4096K), 1 survivors (1024K)
 Metaspace       used 8869K, capacity 11468K, committed 11648K, reserved 1058816K
  class space    used 1017K, capacity 1317K, committed 1408K, reserved 1048576K
}
Event: 1.230 GC heap after
{Heap after GC invocations=20 (full 0):
 garbage-first heap   total 18432K, used 7662K [0x0000000742000000, 0x0000000800000000)
  region size 1024K, 1 young (1024K), 1 survivors (1024K)
 Metaspace       used 8869K, capacity 11468K, committed 11648K, reserved 1058816K
  class space    used 1017K, capacity 1317K, committed 1408K, reserved 1048576K
}
Event: 1.258 GC heap before
{Heap before GC invocations=20 (full 0):
 garbage-first heap   total 18432K, used 10734K [0x0000000742000000, 0x0000000800000000)
  region size 1024K, 4 young (4096K), 1 survivors (1024K)
 Metaspace       used 8888K, capacity 11468K, committed 11648K, reserved 1058816K
  class space    used 1017K, capacity 1317K, committed 1408K, reserved 1048576K
}
Event: 1.260 GC heap after
{Heap after GC invocations=21 (full 0):
 garbage-first heap   total 31744K, used 8520K [0x0000000742000000, 0x0000000800000000)
  region size 1024K, 1 young (1024K), 1 survivors (1024K)
 Metaspace       used 8888K, capacity 11468K, committed 11648K, reserved 1058816K
  class space    used 1017K, capacity 1317K, committed 1408K, reserved 1048576K
}
Event: 1.318 GC heap before
{Heap before GC invocations=21 (full 0):
 garbage-first heap   total 31744K, used 13640K [0x0000000742000000, 0x0000000800000000)
  region size 1024K, 7 young (7168K), 1 survivors (1024K)
 Metaspace       used 8932K, capacity 11547K, committed 11648K, reserved 1058816K
  class space    used 1021K, capacity 1322K, committed 1408K, reserved 1048576K
}
Event: 1.321 GC heap after
{Heap after GC invocations=22 (full 0):
 garbage-first heap   total 31744K, used 9279K [0x0000000742000000, 0x0000000800000000)
  region size 1024K, 1 young (1024K), 1 survivors (1024K)
 Metaspace       used 8932K, capacity 11547K, committed 11648K, reserved 1058816K
  class space    used 1021K, capacity 1322K, committed 1408K, reserved 1048576K
}
Event: 1.515 GC heap before
{Heap before GC invocations=22 (full 0):
 garbage-first heap   total 31744K, used 16447K [0x0000000742000000, 0x0000000800000000)
  region size 1024K, 8 young (8192K), 1 survivors (1024K)
 Metaspace       used 9541K, capacity 12095K, committed 12160K, reserved 1060864K
  class space    used 1072K, capacity 1375K, committed 1408K, reserved 1048576K
}
Event: 1.521 GC heap after
{Heap after GC invocations=23 (full 0):
 garbage-first heap   total 31744K, used 10845K [0x0000000742000000, 0x0000000800000000)
  region size 1024K, 1 young (1024K), 1 survivors (1024K)
 Metaspace       used 9541K, capacity 12095K, committed 12160K, reserved 1060864K
  class space    used 1072K, capacity 1375K, committed 1408K, reserved 1048576K
}
Event: 1.837 GC heap before
{Heap before GC invocations=23 (full 0):
 garbage-first heap   total 31744K, used 19037K [0x0000000742000000, 0x0000000800000000)
  region size 1024K, 8 young (8192K), 1 survivors (1024K)
 Metaspace       used 10146K, capacity 12720K, committed 12800K, reserved 1060864K
  class space    used 1140K, capacity 1476K, committed 1536K, reserved 1048576K
}
Event: 1.842 GC heap after
{Heap after GC invocations=24 (full 0):
 garbage-first heap   total 31744K, used 12820K [0x0000000742000000, 0x0000000800000000)
  region size 1024K, 1 young (1024K), 1 survivors (1024K)
 Metaspace       used 10146K, capacity 12720K, committed 12800K, reserved 1060864K
  class space    used 1140K, capacity 1476K, committed 1536K, reserved 1048576K
}

Deoptimization events (10 events):
Event: 1.901 Thread 0x00000284026dc800 Uncommon trap: reason=class_check action=maybe_recompile pc=0x000002841263462c method=com.sun.tools.javac.code.Types.rank(Lcom/sun/tools/javac/code/Type;)I @ 4 c2
Event: 1.901 Thread 0x00000284026dc800 Uncommon trap: reason=class_check action=maybe_recompile pc=0x000002841263462c method=com.sun.tools.javac.code.Types.rank(Lcom/sun/tools/javac/code/Type;)I @ 4 c2
Event: 1.901 Thread 0x00000284026dc800 Uncommon trap: reason=class_check action=maybe_recompile pc=0x000002841263462c method=com.sun.tools.javac.code.Types.rank(Lcom/sun/tools/javac/code/Type;)I @ 4 c2
Event: 1.901 Thread 0x00000284026dc800 Uncommon trap: reason=class_check action=maybe_recompile pc=0x0000028412654f78 method=com.sun.tools.javac.code.Types.rank(Lcom/sun/tools/javac/code/Type;)I @ 123 c2
Event: 1.901 Thread 0x00000284026dc800 Uncommon trap: reason=unstable_if action=reinterpret pc=0x0000028412650d18 method=com.sun.tools.javac.code.Types$15.visitClassType(Lcom/sun/tools/javac/code/Type$ClassType;Ljava/lang/Void;)Lcom/sun/tools/javac/code/Type; @ 75 c2
Event: 1.901 Thread 0x00000284026dc800 Uncommon trap: reason=bimorphic_or_optimized_type_check action=maybe_recompile pc=0x000002841264cdec method=com.sun.tools.javac.code.Types$15.visitClassType(Lcom/sun/tools/javac/code/Type$ClassType;Ljava/lang/Void;)Lcom/sun/tools/javac/code/Type; @ 19 c2
Event: 1.901 Thread 0x00000284026dc800 Uncommon trap: reason=bimorphic_or_optimized_type_check action=maybe_recompile pc=0x000002841264cdec method=com.sun.tools.javac.code.Types$15.visitClassType(Lcom/sun/tools/javac/code/Type$ClassType;Ljava/lang/Void;)Lcom/sun/tools/javac/code/Type; @ 19 c2
Event: 1.907 Thread 0x00000284026dc800 Uncommon trap: reason=unstable_if action=reinterpret pc=0x0000028412657c08 method=com.sun.tools.javac.code.Scope$ScopeImpl.lookup(Lcom/sun/tools/javac/util/Name;Lcom/sun/tools/javac/util/Filter;)Lcom/sun/tools/javac/code/Scope$Entry; @ 19 c2
Event: 1.909 Thread 0x00000284026dc800 Uncommon trap: reason=unstable_if action=reinterpret pc=0x0000028412658dd0 method=com.sun.tools.javac.code.Scope$ScopeImpl.lookup(Lcom/sun/tools/javac/util/Name;Lcom/sun/tools/javac/util/Filter;)Lcom/sun/tools/javac/code/Scope$Entry; @ 19 c2
Event: 1.915 Thread 0x00000284026dc800 Uncommon trap: reason=unstable_if action=reinterpret pc=0x000002841263839c method=com.sun.tools.javac.code.Scope$ScopeImpl.lookup(Lcom/sun/tools/javac/util/Name;Lcom/sun/tools/javac/util/Filter;)Lcom/sun/tools/javac/code/Scope$Entry; @ 19 c2

Classes redefined (0 events):
No events

Internal exceptions (10 events):
Event: 1.472 Thread 0x00000284026dc800 Exception <a 'sun/nio/fs/WindowsException'{0x0000000743ab66c0}> (0x0000000743ab66c0) thrown at [t:/workspace/open/src/hotspot/share/prims/jni.cpp, line 615]
Event: 1.472 Thread 0x00000284026dc800 Exception <a 'sun/nio/fs/WindowsException'{0x0000000743ab83e8}> (0x0000000743ab83e8) thrown at [t:/workspace/open/src/hotspot/share/prims/jni.cpp, line 615]
Event: 1.472 Thread 0x00000284026dc800 Exception <a 'sun/nio/fs/WindowsException'{0x0000000743ab8718}> (0x0000000743ab8718) thrown at [t:/workspace/open/src/hotspot/share/prims/jni.cpp, line 615]
Event: 1.473 Thread 0x00000284026dc800 Exception <a 'sun/nio/fs/WindowsException'{0x0000000743abb498}> (0x0000000743abb498) thrown at [t:/workspace/open/src/hotspot/share/prims/jni.cpp, line 615]
Event: 1.473 Thread 0x00000284026dc800 Exception <a 'sun/nio/fs/WindowsException'{0x0000000743abb790}> (0x0000000743abb790) thrown at [t:/workspace/open/src/hotspot/share/prims/jni.cpp, line 615]
Event: 1.489 Thread 0x00000284026dc800 Exception <a 'java/lang/NoSuchMethodError'{0x0000000743777500}: java.lang.invoke.DirectMethodHandle$Holder.invokeVirtual(Ljava/lang/Object;Ljava/lang/Object;)V> (0x0000000743777500) thrown at [t:/workspace/open/src/hotspot/share/interpreter/linkResolver.c
Event: 1.810 Thread 0x00000284026dc800 Exception <a 'java/lang/NoSuchMethodError'{0x000000074387ffd8}: java.lang.invoke.DirectMethodHandle$Holder.invokeVirtual(Ljava/lang/Object;Ljava/lang/Object;Ljava/lang/Object;Ljava/lang/Object;)I> (0x000000074387ffd8) thrown at [t:/workspace/open/src/hots
Event: 1.812 Thread 0x00000284026dc800 Exception <a 'java/lang/NoSuchMethodError'{0x000000074388a7e8}: java.lang.invoke.DirectMethodHandle$Holder.invokeStatic(Ljava/lang/Object;Ljava/lang/Object;ILjava/lang/Object;)Ljava/lang/Object;> (0x000000074388a7e8) thrown at [t:/workspace/open/src/hotsp
Event: 1.812 Thread 0x00000284026dc800 Exception <a 'java/lang/NoSuchMethodError'{0x0000000743890f98}: java.lang.invoke.Invokers$Holder.linkToTargetMethod(Ljava/lang/Object;ILjava/lang/Object;Ljava/lang/Object;)Ljava/lang/Object;> (0x0000000743890f98) thrown at [t:/workspace/open/src/hotspot/s
Event: 1.814 Thread 0x00000284026dc800 Exception <a 'java/lang/NoSuchMethodError'{0x00000007438964d0}: java.lang.invoke.DirectMethodHandle$Holder.invokeVirtual(Ljava/lang/Object;Ljava/lang/Object;Ljava/lang/Object;)Ljava/lang/Object;> (0x00000007438964d0) thrown at [t:/workspace/open/src/hotsp

Events (10 events):
Event: 1.909 Thread 0x00000284026dc800 DEOPT UNPACKING pc=0x000002840ab09c2f sp=0x000000a45aefcc20 mode 2
Event: 1.915 Thread 0x00000284026dc800 Uncommon trap: trap_request=0xffffff4d fr.pc=0x000002841263839c relative=0x000000000000025c
Event: 1.915 Thread 0x00000284026dc800 DEOPT PACKING pc=0x000002841263839c sp=0x000000a45aefcca0
Event: 1.915 Thread 0x00000284026dc800 DEOPT UNPACKING pc=0x000002840ab09c2f sp=0x000000a45aefcc38 mode 2
Event: 1.933 loading class com/sun/tools/javac/util/Filter
Event: 1.933 loading class com/sun/tools/javac/util/Filter done
Event: 1.933 loading class com/sun/tools/javac/code/Symbol
Event: 1.933 loading class com/sun/tools/javac/code/Symbol done
Event: 1.933 loading class com/sun/tools/javac/util/Filter
Event: 1.933 loading class com/sun/tools/javac/util/Filter done


Dynamic libraries:
0x00007ff6d2740000 - 0x00007ff6d2748000 	C:\Program Files\Java\jdk-12.0.2\bin\javac.exe
0x00007ffe58f20000 - 0x00007ffe59110000 	C:\Windows\SYSTEM32\ntdll.dll
0x00007ffe588c0000 - 0x00007ffe58972000 	C:\Windows\System32\KERNEL32.DLL
0x00007ffe56d20000 - 0x00007ffe56fc4000 	C:\Windows\System32\KERNELBASE.dll
0x00007ffe56b30000 - 0x00007ffe56c2a000 	C:\Windows\System32\ucrtbase.dll
0x00007ffe39660000 - 0x00007ffe39678000 	C:\Program Files\Java\jdk-12.0.2\bin\jli.dll
0x00007ffe57680000 - 0x00007ffe57723000 	C:\Windows\System32\ADVAPI32.dll
0x00007ffe575d0000 - 0x00007ffe5766e000 	C:\Windows\System32\msvcrt.dll
0x00007ffe57380000 - 0x00007ffe57417000 	C:\Windows\System32\sechost.dll
0x00007ffe57260000 - 0x00007ffe57380000 	C:\Windows\System32\RPCRT4.dll
0x00007ffe58a00000 - 0x00007ffe58b94000 	C:\Windows\System32\USER32.dll
0x00007ffe56b00000 - 0x00007ffe56b21000 	C:\Windows\System32\win32u.dll
0x00007ffe57540000 - 0x00007ffe57566000 	C:\Windows\System32\GDI32.dll
0x00007ffe56960000 - 0x00007ffe56af4000 	C:\Windows\System32\gdi32full.dll
0x00007ffe56c30000 - 0x00007ffe56cce000 	C:\Windows\System32\msvcp_win.dll
0x00007ffe53be0000 - 0x00007ffe53bf6000 	C:\Program Files\Java\jdk-12.0.2\bin\VCRUNTIME140.dll
0x00007ffe47e50000 - 0x00007ffe480d4000 	C:\Windows\WinSxS\amd64_microsoft.windows.common-controls_6595b64144ccf1df_6.0.18362.836_none_e6c4b943130f18ed\COMCTL32.dll
0x00007ffe58ba0000 - 0x00007ffe58ed6000 	C:\Windows\System32\combase.dll
0x00007ffe56100000 - 0x00007ffe56180000 	C:\Windows\System32\bcryptPrimitives.dll
0x00007ffe49f90000 - 0x00007ffe49f9a000 	C:\Windows\SYSTEM32\VERSION.dll
0x00007ffe57730000 - 0x00007ffe5775e000 	C:\Windows\System32\IMM32.DLL
0x00007ffe1fd50000 - 0x00007ffe1fdfa000 	C:\Program Files\Java\jdk-12.0.2\bin\msvcp140.dll
0x00007ffe16840000 - 0x00007ffe173b7000 	C:\Program Files\Java\jdk-12.0.2\bin\server\jvm.dll
0x00007ffe57670000 - 0x00007ffe57678000 	C:\Windows\System32\PSAPI.DLL
0x00007ffe44940000 - 0x00007ffe44949000 	C:\Windows\SYSTEM32\WSOCK32.dll
0x00007ffe53a70000 - 0x00007ffe53a94000 	C:\Windows\SYSTEM32\WINMM.dll
0x00007ffe574d0000 - 0x00007ffe5753f000 	C:\Windows\System32\WS2_32.dll
0x00007ffe53a40000 - 0x00007ffe53a6d000 	C:\Windows\SYSTEM32\winmmbase.dll
0x00007ffe56cd0000 - 0x00007ffe56d1a000 	C:\Windows\System32\cfgmgr32.dll
0x00007ffe55e40000 - 0x00007ffe55e51000 	C:\Windows\System32\kernel.appcore.dll
0x00007ffe52300000 - 0x00007ffe52311000 	C:\Program Files\Java\jdk-12.0.2\bin\verify.dll
0x00007ffe546f0000 - 0x00007ffe548e4000 	C:\Windows\SYSTEM32\DBGHELP.DLL
0x00007ffe3b460000 - 0x00007ffe3b48a000 	C:\Windows\SYSTEM32\dbgcore.DLL
0x00007ffe49ad0000 - 0x00007ffe49af6000 	C:\Program Files\Java\jdk-12.0.2\bin\java.dll
0x00007ffe49ab0000 - 0x00007ffe49ac7000 	C:\Program Files\Java\jdk-12.0.2\bin\zip.dll
0x00007ffe53bd0000 - 0x00007ffe53bda000 	C:\Program Files\Java\jdk-12.0.2\bin\jimage.dll
0x00007ffe57fc0000 - 0x00007ffe586a4000 	C:\Windows\System32\SHELL32.dll
0x00007ffe57f10000 - 0x00007ffe57fb9000 	C:\Windows\System32\shcore.dll
0x00007ffe561e0000 - 0x00007ffe5695e000 	C:\Windows\System32\windows.storage.dll
0x00007ffe55e80000 - 0x00007ffe55ea3000 	C:\Windows\System32\profapi.dll
0x00007ffe55df0000 - 0x00007ffe55e3a000 	C:\Windows\System32\powrprof.dll
0x00007ffe55de0000 - 0x00007ffe55df0000 	C:\Windows\System32\UMPDC.dll
0x00007ffe57200000 - 0x00007ffe57252000 	C:\Windows\System32\shlwapi.dll
0x00007ffe55eb0000 - 0x00007ffe55ec7000 	C:\Windows\System32\cryptsp.dll
0x00007ffe497f0000 - 0x00007ffe49809000 	C:\Program Files\Java\jdk-12.0.2\bin\net.dll
0x00007ffe49d10000 - 0x00007ffe49e00000 	C:\Windows\SYSTEM32\WINHTTP.dll
0x00007ffe3da60000 - 0x00007ffe3dc36000 	C:\Windows\SYSTEM32\urlmon.dll
0x00007ffe3d790000 - 0x00007ffe3da36000 	C:\Windows\SYSTEM32\iertutil.dll
0x00007ffe55820000 - 0x00007ffe5582c000 	C:\Windows\SYSTEM32\CRYPTBASE.DLL
0x00007ffe55650000 - 0x00007ffe556b7000 	C:\Windows\system32\mswsock.dll
0x00007ffe497d0000 - 0x00007ffe497e3000 	C:\Program Files\Java\jdk-12.0.2\bin\nio.dll

dbghelp: loaded successfully - version: 4.0.5 - missing functions: none
symbol engine: initialized successfully - sym options: 0x614 - pdb path: .;C:\Program Files\Java\jdk-12.0.2\bin;C:\Windows\SYSTEM32;C:\Windows\WinSxS\amd64_microsoft.windows.common-controls_6595b64144ccf1df_6.0.18362.836_none_e6c4b943130f18ed;C:\Program Files\Java\jdk-12.0.2\bin\server

VM Arguments:
jvm_args: -Dapplication.home=C:\Program Files\Java\jdk-12.0.2 --add-modules=ALL-DEFAULT -Xms8m -Djdk.module.main=jdk.compiler 
java_command: jdk.compiler/com.sun.tools.javac.Main -d C:\Users\USER\Documents\NetBeansProjects\cnpm\build\classes -classpath C:\Users\USER\Documents\NetBeansProjects\cnpm\build\classes;C:\Users\USER\Desktop\NNLT\JAVA TOOL+CODE\Tool JAVA\mssql-jdbc-7.2.1.jre11.jar;D:\NETBEAN\netbeans\java\modules\ext\AbsoluteLayout.jar;C:\Users\USER\Desktop\NNLT\JAVA TOOL+CODE\Tool JAVA\jdatechooser\DateChooser.jar;C:\Users\USER\Desktop\NNLT\JAVA TOOL+CODE\Tool JAVA\javadate picker\jdatepicker-1.3.2.jar;C:\Users\USER\Desktop\NNLT\JAVA TOOL+CODE\Tool JAVA\ITextSharp\itextpdf-5.4.0.jar;C:\Users\USER\Desktop\NNLT\JAVA TOOL+CODE\Tool JAVA\io\io-7.0.5.jar;C:\Users\USER\Desktop\NNLT\JAVA TOOL+CODE\Tool JAVA\pqScan.PDFtoImage\pqScan.PDFtoImage.jar -sourcepath C:\Users\USER\Documents\NetBeansProjects\cnpm\src -target 12 -encoding UTF-8 -g -processorpath C:\Users\USER\Desktop\NNLT\JAVA TOOL+CODE\Tool JAVA\mssql-jdbc-7.2.1.jre11.jar;D:\NETBEAN\netbeans\java\modules\ext\AbsoluteLayout.jar;C:\Users\USER\Desktop\NNLT\JAVA TOOL+CODE\Tool JAVA\jdatechooser\DateChooser.jar;C:\Users\USER\Desktop\NNLT\JAVA TOOL+CODE\Tool JAVA\javadate picker\jdatepicker-1.3.4.jar;C:\Users\USER\Desktop\NNLT\JAVA TOOL+CODE\Tool JAVA\javadate picker\jdatepicker-1.3.2.jar;C:\Users\USER\Downloads\New folder\New folder\AbsoluteLayout.jar;C:\Users\USER\Downloads\New folder\New folder\commons-beanutils-1.8.2.jar;C:\Users\USER\Downloads\New folder\New folder\groovy-all-1.7.5.jar;C:\Users\USER\Downloads\New folder\New folder\jasperreports-4.0.2.jar;C:\Users\USER\Downloads\New folder\New folder\swingx-all-1.6.4.jar;C:\Users\USER\Downloads\New folder\New folder\sqljdbc4.jar;C:\Users\USER\Desktop\NNLT\JAVA TOOL+CODE\Tool JAVA\ITextSharp\itextpdf-5.4.0.jar;C:\Users\USER\Desktop\NNLT\JAVA TOOL+CODE\Tool JAVA\io\io-7.0.5.jar;C:\Users\USER\Desktop\NNLT\JAVA TOOL+CODE\Tool JAVA\pqScan.PDFtoImage\pqScan.PDFtoImage.jar;C:\Users\USER\Documents\NetBeansProjects\cnpm\build\empty -s C:\Users\USER\Documents\NetBeansProjects\cnpm\build\gene
java_class_path (initial): <not set>
Launcher Type: SUN_STANDARD

[Global flags]
     intx CICompilerCount                          = 3                                         {product} {ergonomic}
     uint ConcGCThreads                            = 1                                         {product} {ergonomic}
     uint G1ConcRefinementThreads                  = 4                                         {product} {ergonomic}
   size_t G1HeapRegionSize                         = 1048576                                   {product} {ergonomic}
    uintx GCDrainStackTargetSize                   = 64                                        {product} {ergonomic}
   size_t InitialHeapSize                          = 8388608                                   {product} {command line}
   size_t MarkStackSize                            = 4194304                                   {product} {ergonomic}
   size_t MaxHeapSize                              = 3187671040                                {product} {ergonomic}
   size_t MaxNewSize                               = 1912602624                                {product} {ergonomic}
   size_t MinHeapDeltaBytes                        = 1048576                                   {product} {ergonomic}
    uintx NonNMethodCodeHeapSize                   = 5830732                                {pd product} {ergonomic}
    uintx NonProfiledCodeHeapSize                  = 122913754                              {pd product} {ergonomic}
    uintx ProfiledCodeHeapSize                     = 122913754                              {pd product} {ergonomic}
    uintx ReservedCodeCacheSize                    = 251658240                              {pd product} {ergonomic}
     bool SegmentedCodeCache                       = true                                      {product} {ergonomic}
     bool UseCompressedClassPointers               = true                                 {lp64_product} {ergonomic}
     bool UseCompressedOops                        = true                                 {lp64_product} {ergonomic}
     bool UseG1GC                                  = true                                      {product} {ergonomic}
     bool UseLargePagesIndividualAllocation        = false                                  {pd product} {ergonomic}

Logging:
Log output configuration:
 #0: stdout all=warning uptime,level,tags
 #1: stderr all=off uptime,level,tags

Environment Variables:
JAVA_HOME=C:\Program Files\Java\jdk-12.0.2
PATH=C:\Program Files (x86)\Common Files\Oracle\Java\javapath;C:\Program Files (x86)\Intel\Intel(R) Management Engine Components\iCLS\;C:\Program Files\Intel\Intel(R) Management Engine Components\iCLS\;C:\Windows\system32;C:\Windows;C:\Windows\System32\Wbem;C:\Windows\System32\WindowsPowerShell\v1.0\;C:\Windows\System32\OpenSSH\;C:\Program Files (x86)\Intel\Intel(R) Management Engine Components\DAL;C:\Program Files\Intel\Intel(R) Management Engine Components\DAL;C:\Program Files (x86)\Intel\Intel(R) Management Engine Components\IPT;C:\Program Files\Intel\Intel(R) Management Engine Components\IPT;C:\Program Files\Intel\WiFi\bin\;C:\Program Files\Common Files\Intel\WirelessCommon\;C:\Program Files\Java\jdk-12.0.2\bin;C:\Program Files\Microsoft SQL Server\110\Tools\Binn\;C:\Program Files (x86)\Microsoft SQL Server\110\Tools\Binn\;C:\Program Files\Microsoft SQL Server\110\DTS\Binn\;C:\Program Files (x86)\Microsoft SQL Server\110\Tools\Binn\ManagementStudio\;C:\Program Files (x86)\Microsoft Visual Studio 10.0\Common7\IDE\PrivateAssemblies\;C:\Program Files (x86)\Microsoft SQL Server\110\DTS\Binn\;C:\Users\USER\Documents\OpenSSL\OpenSSL-Win64\bin;C:\Program Files\OpenSSL-Win64\bin;C:\Users\USER\Downloads\New folder\New folder\bin;C:\Users\USER\AppData\Local\Microsoft\WindowsApps;C:\Program Files\Intel\WiFi\bin\;C:\Program Files\Common Files\Intel\WirelessCommon\
USERNAME=USER
OS=Windows_NT
PROCESSOR_IDENTIFIER=Intel64 Family 6 Model 142 Stepping 9, GenuineIntel



---------------  S Y S T E M  ---------------

OS: Windows 10 , 64 bit Build 18362 (10.0.18362.778)

CPU:total 4 (initial active 4) (2 cores per cpu, 2 threads per core) family 6 model 142 stepping 9, cmov, cx8, fxsr, mmx, sse, sse2, sse3, ssse3, sse4.1, sse4.2, popcnt, avx, avx2, aes, clmul, erms, 3dnowpref, lzcnt, ht, tsc, tscinvbit, bmi1, bmi2, adx, fma

Memory: 4k page, system-wide physical 12153M (4231M free)
TotalPageFile size 28176M (AvailPageFile size 8M)
current process WorkingSet (physical memory assigned to process): 110M, peak: 110M
current process commit charge ("private bytes"): 136M, peak: 137M

vm_info: Java HotSpot(TM) 64-Bit Server VM (12.0.2+10) for windows-amd64 JRE (12.0.2+10), built on Jul 16 2019 01:56:17 by "mach5one" with MS VC++ 15.5 (VS2017)

END.
