#
# There is insufficient memory for the Java Runtime Environment to continue.
# Native memory allocation (mmap) failed to map 31457280 bytes for Failed to commit area from 0x0000000743e00000 to 0x0000000745c00000 of length 31457280.
# Possible reasons:
#   The system is out of physical RAM or swap space
#   The process is running with CompressedOops enabled, and the Java Heap may be blocking the growth of the native heap
# Possible solutions:
#   Reduce memory load on the system
#   Increase physical memory or swap space
#   Check if swap backing store is full
#   Decrease Java heap size (-Xmx/-Xms)
#   Decrease number of Java threads
#   Decrease Java thread stack sizes (-Xss)
#   Set larger code cache with -XX:ReservedCodeCacheSize=
#   JVM is running with Zero Based Compressed Oops mode in which the Java heap is
#     placed in the first 32GB address space. The Java Heap base address is the
#     maximum limit for the native heap growth. Please use -XX:HeapBaseMinAddress
#     to set the Java Heap base and to place the Java Heap above 32GB virtual address.
# This output file may be truncated or incomplete.
#
#  Out of Memory Error (t:/workspace/open/src/hotspot/os/windows/os_windows.cpp:3264), pid=21608, tid=9980
#
# JRE version: Java(TM) SE Runtime Environment (12.0.2+10) (build 12.0.2+10)
# Java VM: Java HotSpot(TM) 64-Bit Server VM (12.0.2+10, mixed mode, sharing, tiered, compressed oops, g1 gc, windows-amd64)
# No core dump will be written. Minidumps are not enabled by default on client versions of Windows
#

---------------  S U M M A R Y ------------

Command Line: -Dapplication.home=C:\Program Files\Java\jdk-12.0.2 --add-modules=ALL-DEFAULT -Xms8m -Djdk.module.main=jdk.compiler jdk.compiler/com.sun.tools.javac.Main -d C:\Users\USER\Documents\NetBeansProjects\cnpm\build\classes -classpath C:\Users\USER\Documents\NetBeansProjects\cnpm\build\classes;C:\Users\USER\Desktop\NNLT\JAVA TOOL+CODE\Tool JAVA\mssql-jdbc-7.2.1.jre11.jar;D:\NETBEAN\netbeans\java\modules\ext\AbsoluteLayout.jar;C:\Users\USER\Desktop\NNLT\JAVA TOOL+CODE\Tool JAVA\jdatechooser\DateChooser.jar;C:\Users\USER\Desktop\NNLT\JAVA TOOL+CODE\Tool JAVA\javadate picker\jdatepicker-1.3.2.jar;C:\Users\USER\Desktop\NNLT\JAVA TOOL+CODE\Tool JAVA\ITextSharp\itextpdf-5.4.0.jar;C:\Users\USER\Desktop\NNLT\JAVA TOOL+CODE\Tool JAVA\io\io-7.0.5.jar;C:\Users\USER\Desktop\NNLT\JAVA TOOL+CODE\Tool JAVA\pqScan.PDFtoImage\pqScan.PDFtoImage.jar -sourcepath C:\Users\USER\Documents\NetBeansProjects\cnpm\src -target 12 -encoding UTF-8 -g -processorpath C:\Users\USER\Desktop\NNLT\JAVA TOOL+CODE\Tool JAVA\mssql-jdbc-7.2.1.jre11.jar;D:\NETBEAN\netbeans\java\modules\ext\AbsoluteLayout.jar;C:\Users\USER\Desktop\NNLT\JAVA TOOL+CODE\Tool JAVA\jdatechooser\DateChooser.jar;C:\Users\USER\Desktop\NNLT\JAVA TOOL+CODE\Tool JAVA\javadate picker\jdatepicker-1.3.4.jar;C:\Users\USER\Desktop\NNLT\JAVA TOOL+CODE\Tool JAVA\javadate picker\jdatepicker-1.3.2.jar;C:\Users\USER\Downloads\New folder\New folder\AbsoluteLayout.jar;C:\Users\USER\Downloads\New folder\New folder\commons-beanutils-1.8.2.jar;C:\Users\USER\Downloads\New folder\New folder\groovy-all-1.7.5.jar;C:\Users\USER\Downloads\New folder\New folder\jasperreports-4.0.2.jar;C:\Users\USER\Downloads\New folder\New folder\swingx-all-1.6.4.jar;C:\Users\USER\Downloads\New folder\New folder\sqljdbc4.jar;C:\Users\USER\Desktop\NNLT\JAVA TOOL+CODE\Tool JAVA\ITextSharp\itextpdf-5.4.0.jar;C:\Users\USER\Desktop\NNLT\JAVA TOOL+CODE\Tool JAVA\io\io-7.0.5.jar;C:\Users\USER\Desktop\NNLT\JAVA TOOL+CODE\Tool JAVA\pqScan.PDFtoImage\pqScan.PDFtoImage.jar;C:\Users\USER\Documents\NetBeansProjects\cnpm\build\empty -s C:\Users\USER\Documents\NetBeansProjects\cnpm\build\generated-sources\ap-source-output -source 12 C:\Users\USER\Documents\NetBeansProjects\cnpm\src\cnpm\Login.java

Host: Intel(R) Core(TM) i7-7500U CPU @ 2.70GHz, 4 cores, 11G,  Windows 10 , 64 bit Build 18362 (10.0.18362.778)
Time: Tue May 26 15:32:24 2020 SE Asia Standard Time elapsed time: 1 seconds (0d 0h 0m 1s)

---------------  T H R E A D  ---------------

Current thread (0x00000249597c8000):  VMThread "VM Thread" [stack: 0x000000a66b200000,0x000000a66b300000] [id=9980]

Stack: [0x000000a66b200000,0x000000a66b300000]
[error occurred during error reporting (printing stack bounds), id 0xc0000005, EXCEPTION_ACCESS_VIOLATION (0xc0000005) at pc=0x0000024940a90bad]

Native frames: (J=compiled Java code, j=interpreted, Vv=VM code, C=native code)
V  [jvm.dll+0x63aa2a]
V  [jvm.dll+0x78ce1e]
V  [jvm.dll+0x78e4c1]
V  [jvm.dll+0x78ea75]
V  [jvm.dll+0x78ea2b]
V  [jvm.dll+0x63a134]
V  [jvm.dll+0x63a4f8]
C  [ntdll.dll+0xa11cf]
C  [ntdll.dll+0x6a209]
C  [ntdll.dll+0x9fe3e]
C  0x0000024940a90bad

VM_Operation (0x000000a66acfbad0): G1CollectForAllocation, mode: safepoint, requested by thread 0x0000024938692000


---------------  P R O C E S S  ---------------

Threads class SMR info:
_java_thread_list=0x0000024959a1d250, length=11, elements={
0x0000024938692000, 0x00000249597cb800, 0x00000249597ce000, 0x00000249597e6800,
0x00000249597e7800, 0x00000249597ea000, 0x00000249597ee800, 0x0000024959802000,
0x0000024959a13000, 0x0000024959a28800, 0x0000024959aad000
}

Java Threads: ( => current thread )
  0x0000024938692000 JavaThread "main" [_thread_blocked, id=10252, stack(0x000000a66ac00000,0x000000a66ad00000)]
  0x00000249597cb800 JavaThread "Reference Handler" daemon [_thread_blocked, id=8272, stack(0x000000a66b300000,0x000000a66b400000)]
  0x00000249597ce000 JavaThread "Finalizer" daemon [_thread_blocked, id=8844, stack(0x000000a66b400000,0x000000a66b500000)]
  0x00000249597e6800 JavaThread "Signal Dispatcher" daemon [_thread_blocked, id=8860, stack(0x000000a66b500000,0x000000a66b600000)]
  0x00000249597e7800 JavaThread "Attach Listener" daemon [_thread_blocked, id=21416, stack(0x000000a66b600000,0x000000a66b700000)]
  0x00000249597ea000 JavaThread "C2 CompilerThread0" daemon [_thread_in_native, id=17232, stack(0x000000a66b700000,0x000000a66b800000)]
  0x00000249597ee800 JavaThread "C1 CompilerThread0" daemon [_thread_blocked, id=21616, stack(0x000000a66b800000,0x000000a66b900000)]
  0x0000024959802000 JavaThread "Sweeper thread" daemon [_thread_blocked, id=12876, stack(0x000000a66b900000,0x000000a66ba00000)]
  0x0000024959a13000 JavaThread "Common-Cleaner" daemon [_thread_blocked, id=18856, stack(0x000000a66ba00000,0x000000a66bb00000)]
  0x0000024959a28800 JavaThread "C2 CompilerThread1" daemon [_thread_blocked, id=16152, stack(0x000000a66bb00000,0x000000a66bc00000)]
  0x0000024959aad000 JavaThread "Service Thread" daemon [_thread_blocked, id=21932, stack(0x000000a66bc00000,0x000000a66bd00000)]

Other Threads:
=>0x00000249597c8000 VMThread "VM Thread" [stack: 0x000000a66b200000,0x000000a66b300000] [id=9980]
  0x0000024959b35800 WatcherThread [stack: 0x000000a66bd00000,0x000000a66be00000] [id=1512]
  0x00000249386e2000 GCTaskThread "GC Thread#0" [stack: 0x000000a66ad00000,0x000000a66ae00000] [id=1328]
  0x0000024959e6f000 GCTaskThread "GC Thread#1" [stack: 0x000000a66be00000,0x000000a66bf00000] [id=11384]
  0x00000249386f5800 ConcurrentGCThread "G1 Main Marker" [stack: 0x000000a66ae00000,0x000000a66af00000] [id=20672]
  0x00000249386f7800 ConcurrentGCThread "G1 Conc#0" [stack: 0x000000a66af00000,0x000000a66b000000] [id=16636]
  0x0000024938712000 ConcurrentGCThread "G1 Refine#0" [stack: 0x000000a66b000000,0x000000a66b100000] [id=5420]
  0x0000024938713000 ConcurrentGCThread "G1 Young RemSet Sampling" [stack: 0x000000a66b100000,0x000000a66b200000] [id=1384]

Threads with active compile tasks:
C2 CompilerThread0  2085       4       com.sun.tools.javac.code.Types$16::visitClassType (10 bytes)
C1 CompilerThread0  2331       3       com.sun.tools.javac.code.Type$JCPrimitiveType::<init> (19 bytes)
C2 CompilerThread1  2235       4       com.sun.tools.javac.code.Symtab::lookupPackage (243 bytes)

VM state:at safepoint (normal execution)

VM Mutex/Monitor currently owned by a thread:  ([mutex/lock_event])
[0x000002493868e160] Threads_lock - owner thread: 0x00000249597c8000
[0x000002493868f240] Heap_lock - owner thread: 0x0000024938692000

Heap address: 0x0000000742000000, size: 3040 MB, Compressed Oops mode: Zero based, Oop shift amount: 3
Narrow klass base: 0x0000000800000000, Narrow klass shift: 3
Compressed class space size: 1073741824 Address: 0x0000000801190000

Heap:
 garbage-first heap   total 61440K, used 14174K [0x0000000742000000, 0x0000000800000000)
  region size 1024K, 1 young (1024K), 1 survivors (1024K)
 Metaspace       used 10617K, capacity 13152K, committed 13312K, reserved 1060864K
  class space    used 1160K, capacity 1468K, committed 1536K, reserved 1048576K
Heap Regions: E=young(eden), S=young(survivor), O=old, HS=humongous(starts), HC=humongous(continues), CS=collection set, F=free, A=archive, TAMS=top-at-mark-start (previous, next)
|   0|0x0000000742000000, 0x0000000742100000, 0x0000000742100000|100%| O|  |TAMS 0x0000000742100000, 0x0000000742000000| Untracked 
|   1|0x0000000742100000, 0x0000000742200000, 0x0000000742200000|100%| O|  |TAMS 0x0000000742200000, 0x0000000742100000| Untracked 
|   2|0x0000000742200000, 0x0000000742300000, 0x0000000742300000|100%| O|  |TAMS 0x0000000742300000, 0x0000000742200000| Untracked 
|   3|0x0000000742300000, 0x0000000742400000, 0x0000000742400000|100%| O|  |TAMS 0x0000000742400000, 0x0000000742300000| Untracked 
|   4|0x0000000742400000, 0x0000000742500000, 0x0000000742500000|100%| O|  |TAMS 0x0000000742500000, 0x0000000742400000| Untracked 
|   5|0x0000000742500000, 0x0000000742600000, 0x0000000742600000|100%| O|  |TAMS 0x0000000742509e00, 0x0000000742500000| Untracked 
|   6|0x0000000742600000, 0x0000000742700000, 0x0000000742700000|100%| O|  |TAMS 0x0000000742600000, 0x0000000742600000| Untracked 
|   7|0x0000000742700000, 0x0000000742800000, 0x0000000742800000|100%| O|  |TAMS 0x0000000742700000, 0x0000000742700000| Untracked 
|   8|0x0000000742800000, 0x0000000742900000, 0x0000000742900000|100%| O|  |TAMS 0x0000000742800000, 0x0000000742800000| Untracked 
|   9|0x0000000742900000, 0x0000000742a00000, 0x0000000742a00000|100%| O|  |TAMS 0x0000000742900000, 0x0000000742900000| Untracked 
|  10|0x0000000742a00000, 0x0000000742b00000, 0x0000000742b00000|100%|HS|  |TAMS 0x0000000742a00000, 0x0000000742a00000| Complete 
|  11|0x0000000742b00000, 0x0000000742c00000, 0x0000000742c00000|100%| O|  |TAMS 0x0000000742b00000, 0x0000000742b00000| Untracked 
|  12|0x0000000742c00000, 0x0000000742cf0800, 0x0000000742d00000| 93%| O|  |TAMS 0x0000000742c00000, 0x0000000742c00000| Untracked 
|  13|0x0000000742d00000, 0x0000000742d00000, 0x0000000742e00000|  0%| F|  |TAMS 0x0000000742d00000, 0x0000000742d00000| Untracked 
|  14|0x0000000742e00000, 0x0000000742e00000, 0x0000000742f00000|  0%| F|  |TAMS 0x0000000742e00000, 0x0000000742e00000| Untracked 
|  15|0x0000000742f00000, 0x0000000742f00000, 0x0000000743000000|  0%| F|  |TAMS 0x0000000742f00000, 0x0000000742f00000| Untracked 
|  16|0x0000000743000000, 0x0000000743000000, 0x0000000743100000|  0%| F|  |TAMS 0x0000000743000000, 0x0000000743000000| Untracked 
|  17|0x0000000743100000, 0x0000000743100000, 0x0000000743200000|  0%| F|  |TAMS 0x0000000743100000, 0x0000000743100000| Untracked 
|  18|0x0000000743200000, 0x0000000743200000, 0x0000000743300000|  0%| F|  |TAMS 0x0000000743200000, 0x0000000743200000| Untracked 
|  19|0x0000000743300000, 0x0000000743300000, 0x0000000743400000|  0%| F|  |TAMS 0x0000000743300000, 0x0000000743300000| Untracked 
|  20|0x0000000743400000, 0x0000000743400000, 0x0000000743500000|  0%| F|  |TAMS 0x0000000743400000, 0x0000000743400000| Untracked 
|  21|0x0000000743500000, 0x00000007435e70e0, 0x0000000743600000| 90%| S|CS|TAMS 0x0000000743500000, 0x0000000743500000| Complete 
|  22|0x0000000743600000, 0x0000000743600000, 0x0000000743700000|  0%| F|  |TAMS 0x0000000743600000, 0x0000000743600000| Untracked 
|  23|0x0000000743700000, 0x0000000743700000, 0x0000000743800000|  0%| F|  |TAMS 0x0000000743700000, 0x0000000743700000| Untracked 
|  24|0x0000000743800000, 0x0000000743800000, 0x0000000743900000|  0%| F|  |TAMS 0x0000000743800000, 0x0000000743800000| Untracked 
|  25|0x0000000743900000, 0x0000000743900000, 0x0000000743a00000|  0%| F|  |TAMS 0x0000000743900000, 0x0000000743900000| Untracked 
|  26|0x0000000743a00000, 0x0000000743a00000, 0x0000000743b00000|  0%| F|  |TAMS 0x0000000743a00000, 0x0000000743a00000| Untracked 
|  27|0x0000000743b00000, 0x0000000743b00000, 0x0000000743c00000|  0%| F|  |TAMS 0x0000000743b00000, 0x0000000743b00000| Untracked 
|  28|0x0000000743c00000, 0x0000000743c00000, 0x0000000743d00000|  0%| F|  |TAMS 0x0000000743c00000, 0x0000000743c00000| Untracked 
|  29|0x0000000743d00000, 0x0000000743d00000, 0x0000000743e00000|  0%| F|  |TAMS 0x0000000743d00000, 0x0000000743d00000| Untracked 

Card table byte_map: [0x0000024950080000,0x0000024950670000] _byte_map_base: 0x000002494c670000

Marking Bits (Prev, Next): (CMBitMap*) 0x00000249386e2c18, (CMBitMap*) 0x00000249386e2c58
 Prev Bits: [0x0000024950c60000, 0x0000024953be0000)
 Next Bits: [0x0000024953be0000, 0x0000024956b60000)

Polling page: 0x0000024936520000

Metaspace:

Usage:
  Non-class:     11.41 MB capacity,     9.24 MB ( 81%) used,     2.14 MB ( 19%) free+waste,    32.38 KB ( <1%) overhead. 
      Class:      1.43 MB capacity,     1.13 MB ( 79%) used,   292.47 KB ( 20%) free+waste,    15.00 KB (  1%) overhead. 
       Both:     12.84 MB capacity,    10.37 MB ( 81%) used,     2.43 MB ( 19%) free+waste,    47.38 KB ( <1%) overhead. 

Virtual space:
  Non-class space:       12.00 MB reserved,      11.50 MB ( 96%) committed 
      Class space:        1.00 GB reserved,       1.50 MB ( <1%) committed 
             Both:        1.01 GB reserved,      13.00 MB (  1%) committed 

Chunk freelists:
   Non-Class:  3.50 KB
       Class:  512 bytes
        Both:  4.00 KB

CodeHeap 'non-profiled nmethods': size=120064Kb used=826Kb max_used=826Kb free=119237Kb
 bounds [0x0000024948550000, 0x00000249487c0000, 0x000002494fa90000]
CodeHeap 'profiled nmethods': size=120000Kb used=5788Kb max_used=5788Kb free=114212Kb
 bounds [0x0000024941020000, 0x00000249415d0000, 0x0000024948550000]
CodeHeap 'non-nmethods': size=5696Kb used=1125Kb max_used=1150Kb free=4571Kb
 bounds [0x0000024940a90000, 0x0000024940d00000, 0x0000024941020000]
 total_blobs=3267 nmethods=2322 adapters=337
 compilation: enabled
              stopped_count=0, restarted_count=0
 full_count=0

Compilation events (10 events):
Event: 1.572 Thread 0x00000249597ee800 nmethod 2336 0x00000249415b5a10 code [0x00000249415b5be0, 0x00000249415b5eb0]
Event: 1.572 Thread 0x00000249597ee800 2332       3       com.sun.tools.javac.code.Flags::isEnum (19 bytes)
Event: 1.572 Thread 0x00000249597ee800 nmethod 2332 0x00000249415b5f90 code [0x00000249415b6160, 0x00000249415b63f0]
Event: 1.572 Thread 0x00000249597ee800 2338       1       com.sun.tools.javac.comp.Resolve$InterfaceLookupPhase$2::update (2 bytes)
Event: 1.572 Thread 0x00000249597ee800 nmethod 2338 0x000002494861e690 code [0x000002494861e840, 0x000002494861e978]
Event: 1.572 Thread 0x00000249597ee800 2337   !   3       com.sun.tools.javac.comp.Attr::checkMethod (912 bytes)
Event: 1.582 Thread 0x00000249597ee800 nmethod 2337 0x00000249415b6490 code [0x00000249415b71c0, 0x00000249415c2180]
Event: 1.582 Thread 0x00000249597ee800 2342       3       com.sun.tools.javac.comp.Attr::enclosingInitEnv (110 bytes)
Event: 1.583 Thread 0x00000249597ee800 nmethod 2342 0x00000249415c6090 code [0x00000249415c62e0, 0x00000249415c6cd0]
Event: 1.583 Thread 0x00000249597ee800 2331       3       com.sun.tools.javac.code.Type$JCPrimitiveType::<init> (19 bytes)

GC Heap History (10 events):
Event: 0.932 GC heap after
{Heap after GC invocations=19 (full 0):
 garbage-first heap   total 18432K, used 8162K [0x0000000742000000, 0x0000000800000000)
  region size 1024K, 1 young (1024K), 1 survivors (1024K)
 Metaspace       used 8867K, capacity 11464K, committed 11648K, reserved 1058816K
  class space    used 1015K, capacity 1316K, committed 1408K, reserved 1048576K
}
Event: 0.950 GC heap before
{Heap before GC invocations=19 (full 0):
 garbage-first heap   total 18432K, used 11234K [0x0000000742000000, 0x0000000800000000)
  region size 1024K, 4 young (4096K), 1 survivors (1024K)
 Metaspace       used 8875K, capacity 11464K, committed 11648K, reserved 1058816K
  class space    used 1015K, capacity 1316K, committed 1408K, reserved 1048576K
}
Event: 0.952 GC heap after
{Heap after GC invocations=20 (full 0):
 garbage-first heap   total 30720K, used 8676K [0x0000000742000000, 0x0000000800000000)
  region size 1024K, 1 young (1024K), 1 survivors (1024K)
 Metaspace       used 8875K, capacity 11464K, committed 11648K, reserved 1058816K
  class space    used 1015K, capacity 1316K, committed 1408K, reserved 1048576K
}
Event: 0.992 GC heap before
{Heap before GC invocations=20 (full 0):
 garbage-first heap   total 30720K, used 14820K [0x0000000742000000, 0x0000000800000000)
  region size 1024K, 7 young (7168K), 1 survivors (1024K)
 Metaspace       used 8924K, capacity 11482K, committed 11648K, reserved 1058816K
  class space    used 1020K, capacity 1322K, committed 1408K, reserved 1048576K
}
Event: 0.995 GC heap after
{Heap after GC invocations=21 (full 0):
 garbage-first heap   total 30720K, used 9652K [0x0000000742000000, 0x0000000800000000)
  region size 1024K, 1 young (1024K), 1 survivors (1024K)
 Metaspace       used 8924K, capacity 11482K, committed 11648K, reserved 1058816K
  class space    used 1020K, capacity 1322K, committed 1408K, reserved 1048576K
}
Event: 1.171 GC heap before
{Heap before GC invocations=21 (full 0):
 garbage-first heap   total 30720K, used 16820K [0x0000000742000000, 0x0000000800000000)
  region size 1024K, 8 young (8192K), 1 survivors (1024K)
 Metaspace       used 9481K, capacity 12086K, committed 12160K, reserved 1060864K
  class space    used 1073K, capacity 1372K, committed 1408K, reserved 1048576K
}
Event: 1.176 GC heap after
{Heap after GC invocations=22 (full 0):
 garbage-first heap   total 30720K, used 10907K [0x0000000742000000, 0x0000000800000000)
  region size 1024K, 1 young (1024K), 1 survivors (1024K)
 Metaspace       used 9481K, capacity 12086K, committed 12160K, reserved 1060864K
  class space    used 1073K, capacity 1372K, committed 1408K, reserved 1048576K
}
Event: 1.328 GC heap before
{Heap before GC invocations=22 (full 0):
 garbage-first heap   total 30720K, used 19099K [0x0000000742000000, 0x0000000800000000)
  region size 1024K, 8 young (8192K), 1 survivors (1024K)
 Metaspace       used 9928K, capacity 12523K, committed 12800K, reserved 1060864K
  class space    used 1102K, capacity 1431K, committed 1536K, reserved 1048576K
}
Event: 1.334 GC heap after
{Heap after GC invocations=23 (full 0):
 garbage-first heap   total 30720K, used 13088K [0x0000000742000000, 0x0000000800000000)
  region size 1024K, 1 young (1024K), 1 survivors (1024K)
 Metaspace       used 9928K, capacity 12523K, committed 12800K, reserved 1060864K
  class space    used 1102K, capacity 1431K, committed 1536K, reserved 1048576K
}
Event: 1.583 GC heap before
{Heap before GC invocations=23 (full 0):
 garbage-first heap   total 30720K, used 20256K [0x0000000742000000, 0x0000000800000000)
  region size 1024K, 8 young (8192K), 1 survivors (1024K)
 Metaspace       used 10617K, capacity 13152K, committed 13312K, reserved 1060864K
  class space    used 1160K, capacity 1468K, committed 1536K, reserved 1048576K
}

Deoptimization events (10 events):
Event: 1.418 Thread 0x0000024938692000 Uncommon trap: reason=class_check action=maybe_recompile pc=0x00000249485e74a0 method=com.sun.tools.javac.code.Scope$ScopeListenerList.walkReferences(Lcom/sun/tools/javac/code/Symbol;Lcom/sun/tools/javac/code/Scope;Z)V @ 20 c2
Event: 1.418 Thread 0x0000024938692000 Uncommon trap: reason=class_check action=maybe_recompile pc=0x00000249485e74a0 method=com.sun.tools.javac.code.Scope$ScopeListenerList.walkReferences(Lcom/sun/tools/javac/code/Symbol;Lcom/sun/tools/javac/code/Scope;Z)V @ 20 c2
Event: 1.419 Thread 0x0000024938692000 Uncommon trap: reason=class_check action=maybe_recompile pc=0x00000249485e74a0 method=com.sun.tools.javac.code.Scope$ScopeListenerList.walkReferences(Lcom/sun/tools/javac/code/Symbol;Lcom/sun/tools/javac/code/Scope;Z)V @ 20 c2
Event: 1.421 Thread 0x0000024938692000 Uncommon trap: reason=unstable_if action=reinterpret pc=0x00000249485f39e0 method=com.sun.tools.javac.code.Scope$ScopeImpl$2.hasNext()Z @ 69 c2
Event: 1.422 Thread 0x0000024938692000 Uncommon trap: reason=bimorphic_or_optimized_type_check action=maybe_recompile pc=0x00000249485d5b38 method=java.util.HashMap.putVal(ILjava/lang/Object;Ljava/lang/Object;ZZ)Ljava/lang/Object; @ 253 c2
Event: 1.472 Thread 0x0000024938692000 Uncommon trap: reason=unstable_if action=reinterpret pc=0x0000024948558448 method=java.lang.String.isLatin1()Z @ 10 c2
Event: 1.476 Thread 0x0000024938692000 Uncommon trap: reason=unstable_if action=reinterpret pc=0x0000024948559988 method=java.lang.String.isLatin1()Z @ 10 c2
Event: 1.496 Thread 0x0000024938692000 Uncommon trap: reason=unstable_if action=reinterpret pc=0x000002494855a078 method=java.lang.String.isLatin1()Z @ 10 c2
Event: 1.504 Thread 0x0000024938692000 Uncommon trap: reason=unstable_fused_if action=reinterpret pc=0x00000249485f9cb0 method=com.sun.tools.javac.util.Convert.chars2utf([CI[BII)I @ 28 c2
Event: 1.505 Thread 0x0000024938692000 Uncommon trap: reason=unstable_fused_if action=reinterpret pc=0x00000249485ab67c method=com.sun.tools.javac.util.Convert.chars2utf([CI[BII)I @ 28 c2

Classes redefined (0 events):
No events

Internal exceptions (10 events):
Event: 1.193 Thread 0x0000024938692000 Exception <a 'java/lang/NoSuchMethodError'{0x0000000743cf24b0}: java.lang.invoke.DirectMethodHandle$Holder.invokeVirtual(Ljava/lang/Object;Ljava/lang/Object;)V> (0x0000000743cf24b0) thrown at [t:/workspace/open/src/hotspot/share/interpreter/linkResolver.c
Event: 1.274 Thread 0x0000024938692000 Exception <a 'sun/nio/fs/WindowsException'{0x00000007439d0450}> (0x00000007439d0450) thrown at [t:/workspace/open/src/hotspot/share/prims/jni.cpp, line 615]
Event: 1.274 Thread 0x0000024938692000 Exception <a 'sun/nio/fs/WindowsException'{0x00000007439d0730}> (0x00000007439d0730) thrown at [t:/workspace/open/src/hotspot/share/prims/jni.cpp, line 615]
Event: 1.274 Thread 0x0000024938692000 Exception <a 'sun/nio/fs/WindowsException'{0x00000007439d2cf8}> (0x00000007439d2cf8) thrown at [t:/workspace/open/src/hotspot/share/prims/jni.cpp, line 615]
Event: 1.274 Thread 0x0000024938692000 Exception <a 'sun/nio/fs/WindowsException'{0x00000007439d2f98}> (0x00000007439d2f98) thrown at [t:/workspace/open/src/hotspot/share/prims/jni.cpp, line 615]
Event: 1.276 Thread 0x0000024938692000 Exception <a 'sun/nio/fs/WindowsException'{0x00000007439d56c0}> (0x00000007439d56c0) thrown at [t:/workspace/open/src/hotspot/share/prims/jni.cpp, line 615]
Event: 1.276 Thread 0x0000024938692000 Exception <a 'sun/nio/fs/WindowsException'{0x00000007439d59c0}> (0x00000007439d59c0) thrown at [t:/workspace/open/src/hotspot/share/prims/jni.cpp, line 615]
Event: 1.277 Thread 0x0000024938692000 Exception <a 'sun/nio/fs/WindowsException'{0x00000007439eecf8}> (0x00000007439eecf8) thrown at [t:/workspace/open/src/hotspot/share/prims/jni.cpp, line 615]
Event: 1.277 Thread 0x0000024938692000 Exception <a 'sun/nio/fs/WindowsException'{0x00000007439eefc0}> (0x00000007439eefc0) thrown at [t:/workspace/open/src/hotspot/share/prims/jni.cpp, line 615]
Event: 1.502 Thread 0x0000024938692000 Exception <a 'sun/nio/fs/WindowsException'{0x0000000743adb0f0}> (0x0000000743adb0f0) thrown at [t:/workspace/open/src/hotspot/share/prims/jni.cpp, line 615]

Events (10 events):
Event: 1.506 loading class com/sun/tools/javac/util/Name done
Event: 1.506 loading class com/sun/tools/javac/util/Filter
Event: 1.506 loading class com/sun/tools/javac/util/Filter done
Event: 1.556 loading class com/sun/tools/javac/code/Symbol
Event: 1.556 loading class com/sun/tools/javac/code/Symbol done
Event: 1.556 loading class com/sun/tools/javac/code/Symbol
Event: 1.556 loading class com/sun/tools/javac/code/Symbol done
Event: 1.556 loading class com/sun/tools/javac/code/Symbol
Event: 1.556 loading class com/sun/tools/javac/code/Symbol done
Event: 1.583 Executing VM operation: G1CollectForAllocation


Dynamic libraries:
0x00007ff6d2740000 - 0x00007ff6d2748000 	C:\Program Files\Java\jdk-12.0.2\bin\javac.exe
0x00007ffe58f20000 - 0x00007ffe59110000 	C:\Windows\SYSTEM32\ntdll.dll
0x00007ffe588c0000 - 0x00007ffe58972000 	C:\Windows\System32\KERNEL32.DLL
0x00007ffe56d20000 - 0x00007ffe56fc4000 	C:\Windows\System32\KERNELBASE.dll
0x00007ffe56b30000 - 0x00007ffe56c2a000 	C:\Windows\System32\ucrtbase.dll
0x00007ffe39660000 - 0x00007ffe39678000 	C:\Program Files\Java\jdk-12.0.2\bin\jli.dll
0x00007ffe53be0000 - 0x00007ffe53bf6000 	C:\Program Files\Java\jdk-12.0.2\bin\VCRUNTIME140.dll
0x00007ffe57680000 - 0x00007ffe57723000 	C:\Windows\System32\ADVAPI32.dll
0x00007ffe575d0000 - 0x00007ffe5766e000 	C:\Windows\System32\msvcrt.dll
0x00007ffe57380000 - 0x00007ffe57417000 	C:\Windows\System32\sechost.dll
0x00007ffe57260000 - 0x00007ffe57380000 	C:\Windows\System32\RPCRT4.dll
0x00007ffe58a00000 - 0x00007ffe58b94000 	C:\Windows\System32\USER32.dll
0x00007ffe56b00000 - 0x00007ffe56b21000 	C:\Windows\System32\win32u.dll
0x00007ffe57540000 - 0x00007ffe57566000 	C:\Windows\System32\GDI32.dll
0x00007ffe56960000 - 0x00007ffe56af4000 	C:\Windows\System32\gdi32full.dll
0x00007ffe47e50000 - 0x00007ffe480d4000 	C:\Windows\WinSxS\amd64_microsoft.windows.common-controls_6595b64144ccf1df_6.0.18362.836_none_e6c4b943130f18ed\COMCTL32.dll
0x00007ffe56c30000 - 0x00007ffe56cce000 	C:\Windows\System32\msvcp_win.dll
0x00007ffe58ba0000 - 0x00007ffe58ed6000 	C:\Windows\System32\combase.dll
0x00007ffe56100000 - 0x00007ffe56180000 	C:\Windows\System32\bcryptPrimitives.dll
0x00007ffe49f90000 - 0x00007ffe49f9a000 	C:\Windows\SYSTEM32\VERSION.dll
0x00007ffe57730000 - 0x00007ffe5775e000 	C:\Windows\System32\IMM32.DLL
0x00007ffe1fd50000 - 0x00007ffe1fdfa000 	C:\Program Files\Java\jdk-12.0.2\bin\msvcp140.dll
0x00007ffe16840000 - 0x00007ffe173b7000 	C:\Program Files\Java\jdk-12.0.2\bin\server\jvm.dll
0x00007ffe57670000 - 0x00007ffe57678000 	C:\Windows\System32\PSAPI.DLL
0x00007ffe44940000 - 0x00007ffe44949000 	C:\Windows\SYSTEM32\WSOCK32.dll
0x00007ffe574d0000 - 0x00007ffe5753f000 	C:\Windows\System32\WS2_32.dll
0x00007ffe53a70000 - 0x00007ffe53a94000 	C:\Windows\SYSTEM32\WINMM.dll
0x00007ffe53a40000 - 0x00007ffe53a6d000 	C:\Windows\SYSTEM32\WINMMBASE.dll
0x00007ffe56cd0000 - 0x00007ffe56d1a000 	C:\Windows\System32\cfgmgr32.dll
0x00007ffe55e40000 - 0x00007ffe55e51000 	C:\Windows\System32\kernel.appcore.dll
0x00007ffe52300000 - 0x00007ffe52311000 	C:\Program Files\Java\jdk-12.0.2\bin\verify.dll
0x00007ffe546f0000 - 0x00007ffe548e4000 	C:\Windows\SYSTEM32\DBGHELP.DLL
0x00007ffe3b460000 - 0x00007ffe3b48a000 	C:\Windows\SYSTEM32\dbgcore.DLL
0x00007ffe49ad0000 - 0x00007ffe49af6000 	C:\Program Files\Java\jdk-12.0.2\bin\java.dll
0x00007ffe49ab0000 - 0x00007ffe49ac7000 	C:\Program Files\Java\jdk-12.0.2\bin\zip.dll
0x00007ffe53bd0000 - 0x00007ffe53bda000 	C:\Program Files\Java\jdk-12.0.2\bin\jimage.dll
0x00007ffe57fc0000 - 0x00007ffe586a4000 	C:\Windows\System32\SHELL32.dll
0x00007ffe57f10000 - 0x00007ffe57fb9000 	C:\Windows\System32\shcore.dll
0x00007ffe561e0000 - 0x00007ffe5695e000 	C:\Windows\System32\windows.storage.dll
0x00007ffe55e80000 - 0x00007ffe55ea3000 	C:\Windows\System32\profapi.dll
0x00007ffe55df0000 - 0x00007ffe55e3a000 	C:\Windows\System32\powrprof.dll
0x00007ffe55de0000 - 0x00007ffe55df0000 	C:\Windows\System32\UMPDC.dll
0x00007ffe57200000 - 0x00007ffe57252000 	C:\Windows\System32\shlwapi.dll
0x00007ffe55eb0000 - 0x00007ffe55ec7000 	C:\Windows\System32\cryptsp.dll
0x00007ffe497f0000 - 0x00007ffe49809000 	C:\Program Files\Java\jdk-12.0.2\bin\net.dll
0x00007ffe3da60000 - 0x00007ffe3dc36000 	C:\Windows\SYSTEM32\urlmon.dll
0x00007ffe3d790000 - 0x00007ffe3da36000 	C:\Windows\SYSTEM32\iertutil.dll
0x00007ffe49d10000 - 0x00007ffe49e00000 	C:\Windows\SYSTEM32\WINHTTP.dll
0x00007ffe55820000 - 0x00007ffe5582c000 	C:\Windows\SYSTEM32\CRYPTBASE.DLL
0x00007ffe55650000 - 0x00007ffe556b7000 	C:\Windows\system32\mswsock.dll
0x00007ffe497d0000 - 0x00007ffe497e3000 	C:\Program Files\Java\jdk-12.0.2\bin\nio.dll

dbghelp: loaded successfully - version: 4.0.5 - missing functions: none
symbol engine: initialized successfully - sym options: 0x614 - pdb path: .;C:\Program Files\Java\jdk-12.0.2\bin;C:\Windows\SYSTEM32;C:\Windows\WinSxS\amd64_microsoft.windows.common-controls_6595b64144ccf1df_6.0.18362.836_none_e6c4b943130f18ed;C:\Program Files\Java\jdk-12.0.2\bin\server

VM Arguments:
jvm_args: -Dapplication.home=C:\Program Files\Java\jdk-12.0.2 --add-modules=ALL-DEFAULT -Xms8m -Djdk.module.main=jdk.compiler 
java_command: jdk.compiler/com.sun.tools.javac.Main -d C:\Users\USER\Documents\NetBeansProjects\cnpm\build\classes -classpath C:\Users\USER\Documents\NetBeansProjects\cnpm\build\classes;C:\Users\USER\Desktop\NNLT\JAVA TOOL+CODE\Tool JAVA\mssql-jdbc-7.2.1.jre11.jar;D:\NETBEAN\netbeans\java\modules\ext\AbsoluteLayout.jar;C:\Users\USER\Desktop\NNLT\JAVA TOOL+CODE\Tool JAVA\jdatechooser\DateChooser.jar;C:\Users\USER\Desktop\NNLT\JAVA TOOL+CODE\Tool JAVA\javadate picker\jdatepicker-1.3.2.jar;C:\Users\USER\Desktop\NNLT\JAVA TOOL+CODE\Tool JAVA\ITextSharp\itextpdf-5.4.0.jar;C:\Users\USER\Desktop\NNLT\JAVA TOOL+CODE\Tool JAVA\io\io-7.0.5.jar;C:\Users\USER\Desktop\NNLT\JAVA TOOL+CODE\Tool JAVA\pqScan.PDFtoImage\pqScan.PDFtoImage.jar -sourcepath C:\Users\USER\Documents\NetBeansProjects\cnpm\src -target 12 -encoding UTF-8 -g -processorpath C:\Users\USER\Desktop\NNLT\JAVA TOOL+CODE\Tool JAVA\mssql-jdbc-7.2.1.jre11.jar;D:\NETBEAN\netbeans\java\modules\ext\AbsoluteLayout.jar;C:\Users\USER\Desktop\NNLT\JAVA TOOL+CODE\Tool JAVA\jdatechooser\DateChooser.jar;C:\Users\USER\Desktop\NNLT\JAVA TOOL+CODE\Tool JAVA\javadate picker\jdatepicker-1.3.4.jar;C:\Users\USER\Desktop\NNLT\JAVA TOOL+CODE\Tool JAVA\javadate picker\jdatepicker-1.3.2.jar;C:\Users\USER\Downloads\New folder\New folder\AbsoluteLayout.jar;C:\Users\USER\Downloads\New folder\New folder\commons-beanutils-1.8.2.jar;C:\Users\USER\Downloads\New folder\New folder\groovy-all-1.7.5.jar;C:\Users\USER\Downloads\New folder\New folder\jasperreports-4.0.2.jar;C:\Users\USER\Downloads\New folder\New folder\swingx-all-1.6.4.jar;C:\Users\USER\Downloads\New folder\New folder\sqljdbc4.jar;C:\Users\USER\Desktop\NNLT\JAVA TOOL+CODE\Tool JAVA\ITextSharp\itextpdf-5.4.0.jar;C:\Users\USER\Desktop\NNLT\JAVA TOOL+CODE\Tool JAVA\io\io-7.0.5.jar;C:\Users\USER\Desktop\NNLT\JAVA TOOL+CODE\Tool JAVA\pqScan.PDFtoImage\pqScan.PDFtoImage.jar;C:\Users\USER\Documents\NetBeansProjects\cnpm\build\empty -s C:\Users\USER\Documents\NetBeansProjects\cnpm\build\gene
java_class_path (initial): <not set>
Launcher Type: SUN_STANDARD

[Global flags]
     intx CICompilerCount                          = 3                                         {product} {ergonomic}
     uint ConcGCThreads                            = 1                                         {product} {ergonomic}
     uint G1ConcRefinementThreads                  = 4                                         {product} {ergonomic}
   size_t G1HeapRegionSize                         = 1048576                                   {product} {ergonomic}
    uintx GCDrainStackTargetSize                   = 64                                        {product} {ergonomic}
   size_t InitialHeapSize                          = 8388608                                   {product} {command line}
   size_t MarkStackSize                            = 4194304                                   {product} {ergonomic}
   size_t MaxHeapSize                              = 3187671040                                {product} {ergonomic}
   size_t MaxNewSize                               = 1912602624                                {product} {ergonomic}
   size_t MinHeapDeltaBytes                        = 1048576                                   {product} {ergonomic}
    uintx NonNMethodCodeHeapSize                   = 5830732                                {pd product} {ergonomic}
    uintx NonProfiledCodeHeapSize                  = 122913754                              {pd product} {ergonomic}
    uintx ProfiledCodeHeapSize                     = 122913754                              {pd product} {ergonomic}
    uintx ReservedCodeCacheSize                    = 251658240                              {pd product} {ergonomic}
     bool SegmentedCodeCache                       = true                                      {product} {ergonomic}
     bool UseCompressedClassPointers               = true                                 {lp64_product} {ergonomic}
     bool UseCompressedOops                        = true                                 {lp64_product} {ergonomic}
     bool UseG1GC                                  = true                                      {product} {ergonomic}
     bool UseLargePagesIndividualAllocation        = false                                  {pd product} {ergonomic}

Logging:
Log output configuration:
 #0: stdout all=warning uptime,level,tags
 #1: stderr all=off uptime,level,tags

Environment Variables:
JAVA_HOME=C:\Program Files\Java\jdk-12.0.2
PATH=C:\Program Files (x86)\Common Files\Oracle\Java\javapath;C:\Program Files (x86)\Intel\Intel(R) Management Engine Components\iCLS\;C:\Program Files\Intel\Intel(R) Management Engine Components\iCLS\;C:\Windows\system32;C:\Windows;C:\Windows\System32\Wbem;C:\Windows\System32\WindowsPowerShell\v1.0\;C:\Windows\System32\OpenSSH\;C:\Program Files (x86)\Intel\Intel(R) Management Engine Components\DAL;C:\Program Files\Intel\Intel(R) Management Engine Components\DAL;C:\Program Files (x86)\Intel\Intel(R) Management Engine Components\IPT;C:\Program Files\Intel\Intel(R) Management Engine Components\IPT;C:\Program Files\Intel\WiFi\bin\;C:\Program Files\Common Files\Intel\WirelessCommon\;C:\Program Files\Java\jdk-12.0.2\bin;C:\Program Files\Microsoft SQL Server\110\Tools\Binn\;C:\Program Files (x86)\Microsoft SQL Server\110\Tools\Binn\;C:\Program Files\Microsoft SQL Server\110\DTS\Binn\;C:\Program Files (x86)\Microsoft SQL Server\110\Tools\Binn\ManagementStudio\;C:\Program Files (x86)\Microsoft Visual Studio 10.0\Common7\IDE\PrivateAssemblies\;C:\Program Files (x86)\Microsoft SQL Server\110\DTS\Binn\;C:\Users\USER\Documents\OpenSSL\OpenSSL-Win64\bin;C:\Program Files\OpenSSL-Win64\bin;C:\Users\USER\Downloads\New folder\New folder\bin;C:\Users\USER\AppData\Local\Microsoft\WindowsApps;C:\Program Files\Intel\WiFi\bin\;C:\Program Files\Common Files\Intel\WirelessCommon\
USERNAME=USER
OS=Windows_NT
PROCESSOR_IDENTIFIER=Intel64 Family 6 Model 142 Stepping 9, GenuineIntel



---------------  S Y S T E M  ---------------

OS: Windows 10 , 64 bit Build 18362 (10.0.18362.778)

CPU:total 4 (initial active 4) (2 cores per cpu, 2 threads per core) family 6 model 142 stepping 9, cmov, cx8, fxsr, mmx, sse, sse2, sse3, ssse3, sse4.1, sse4.2, popcnt, avx, avx2, aes, clmul, erms, 3dnowpref, lzcnt, ht, tsc, tscinvbit, bmi1, bmi2, adx, fma

Memory: 4k page, system-wide physical 12153M (4292M free)
TotalPageFile size 28176M (AvailPageFile size 25M)
current process WorkingSet (physical memory assigned to process): 108M, peak: 108M
current process commit charge ("private bytes"): 134M, peak: 164M

vm_info: Java HotSpot(TM) 64-Bit Server VM (12.0.2+10) for windows-amd64 JRE (12.0.2+10), built on Jul 16 2019 01:56:17 by "mach5one" with MS VC++ 15.5 (VS2017)

END.
