#
# There is insufficient memory for the Java Runtime Environment to continue.
# Native memory allocation (malloc) failed to allocate 32744 bytes for ChunkPool::allocate
# Possible reasons:
#   The system is out of physical RAM or swap space
#   The process is running with CompressedOops enabled, and the Java Heap may be blocking the growth of the native heap
# Possible solutions:
#   Reduce memory load on the system
#   Increase physical memory or swap space
#   Check if swap backing store is full
#   Decrease Java heap size (-Xmx/-Xms)
#   Decrease number of Java threads
#   Decrease Java thread stack sizes (-Xss)
#   Set larger code cache with -XX:ReservedCodeCacheSize=
#   JVM is running with Zero Based Compressed Oops mode in which the Java heap is
#     placed in the first 32GB address space. The Java Heap base address is the
#     maximum limit for the native heap growth. Please use -XX:HeapBaseMinAddress
#     to set the Java Heap base and to place the Java Heap above 32GB virtual address.
# This output file may be truncated or incomplete.
#
#  Out of Memory Error (t:/workspace/open/src/hotspot/share/memory/arena.cpp:81), pid=23480, tid=23712
#
# JRE version: Java(TM) SE Runtime Environment (12.0.2+10) (build 12.0.2+10)
# Java VM: Java HotSpot(TM) 64-Bit Server VM (12.0.2+10, mixed mode, sharing, tiered, compressed oops, g1 gc, windows-amd64)
# No core dump will be written. Minidumps are not enabled by default on client versions of Windows
#

---------------  S U M M A R Y ------------

Command Line: -Dapplication.home=C:\Program Files\Java\jdk-12.0.2 --add-modules=ALL-DEFAULT -Xms8m -Djdk.module.main=jdk.compiler jdk.compiler/com.sun.tools.javac.Main -d C:\Users\USER\Documents\NetBeansProjects\cnpm\build\classes -classpath C:\Users\USER\Documents\NetBeansProjects\cnpm\build\classes;C:\Users\USER\Desktop\NNLT\JAVA TOOL+CODE\Tool JAVA\mssql-jdbc-7.2.1.jre11.jar;D:\NETBEAN\netbeans\java\modules\ext\AbsoluteLayout.jar;C:\Users\USER\Desktop\NNLT\JAVA TOOL+CODE\Tool JAVA\jdatechooser\DateChooser.jar;C:\Users\USER\Desktop\NNLT\JAVA TOOL+CODE\Tool JAVA\javadate picker\jdatepicker-1.3.2.jar;C:\Users\USER\Desktop\NNLT\JAVA TOOL+CODE\Tool JAVA\ITextSharp\itextpdf-5.4.0.jar;C:\Users\USER\Desktop\NNLT\JAVA TOOL+CODE\Tool JAVA\io\io-7.0.5.jar;C:\Users\USER\Desktop\NNLT\JAVA TOOL+CODE\Tool JAVA\pqScan.PDFtoImage\pqScan.PDFtoImage.jar;C:\Users\USER\Desktop\NNLT\JAVA TOOL+CODE\Tool JAVA\AutoComplete\swingx-all-1.6.4.jar -sourcepath C:\Users\USER\Documents\NetBeansProjects\cnpm\src -target 12 -encoding UTF-8 -g -processorpath C:\Users\USER\Desktop\NNLT\JAVA TOOL+CODE\Tool JAVA\mssql-jdbc-7.2.1.jre11.jar;D:\NETBEAN\netbeans\java\modules\ext\AbsoluteLayout.jar;C:\Users\USER\Desktop\NNLT\JAVA TOOL+CODE\Tool JAVA\jdatechooser\DateChooser.jar;C:\Users\USER\Desktop\NNLT\JAVA TOOL+CODE\Tool JAVA\javadate picker\jdatepicker-1.3.4.jar;C:\Users\USER\Desktop\NNLT\JAVA TOOL+CODE\Tool JAVA\javadate picker\jdatepicker-1.3.2.jar;C:\Users\USER\Downloads\New folder\New folder\AbsoluteLayout.jar;C:\Users\USER\Downloads\New folder\New folder\commons-beanutils-1.8.2.jar;C:\Users\USER\Downloads\New folder\New folder\groovy-all-1.7.5.jar;C:\Users\USER\Downloads\New folder\New folder\jasperreports-4.0.2.jar;C:\Users\USER\Downloads\New folder\New folder\swingx-all-1.6.4.jar;C:\Users\USER\Downloads\New folder\New folder\sqljdbc4.jar;C:\Users\USER\Desktop\NNLT\JAVA TOOL+CODE\Tool JAVA\ITextSharp\itextpdf-5.4.0.jar;C:\Users\USER\Desktop\NNLT\JAVA TOOL+CODE\Tool JAVA\io\io-7.0.5.jar;C:\Users\USER\Desktop\NNLT\JAVA TOOL+CODE\Tool JAVA\pqScan.PDFtoImage\pqScan.PDFtoImage.jar;C:\Users\USER\Desktop\NNLT\JAVA TOOL+CODE\Tool JAVA\AutoComplete\swingx-all-1.6.4.jar;C:\Users\USER\Documents\NetBeansProjects\cnpm\build\empty -s C:\Users\USER\Documents\NetBeansProjects\cnpm\build\generated-sources\ap-source-output -source 12 C:\Users\USER\Documents\NetBeansProjects\cnpm\src\cnpm\updateService.java

Host: Intel(R) Core(TM) i7-7500U CPU @ 2.70GHz, 4 cores, 11G,  Windows 10 , 64 bit Build 18362 (10.0.18362.778)
Time: Fri Jun  5 15:53:52 2020 SE Asia Standard Time elapsed time: 0 seconds (0d 0h 0m 0s)

---------------  T H R E A D  ---------------

Current thread (0x000001d228d05800):  JavaThread "C1 CompilerThread0" daemon [_thread_in_native, id=23712, stack(0x0000006910c00000,0x0000006910d00000)]


Current CompileTask:
C1:    121   24       3       java.util.Set::of (66 bytes)

Stack: [0x0000006910c00000,0x0000006910d00000]
Native frames: (J=compiled Java code, j=interpreted, Vv=VM code, C=native code)
V  [jvm.dll+0x63aa2a]
V  [jvm.dll+0x78ce1e]
V  [jvm.dll+0x78e4c1]
V  [jvm.dll+0x78eb13]
V  [jvm.dll+0x2627e8]
V  [jvm.dll+0xc57f6]
V  [jvm.dll+0xc5b4c]
V  [jvm.dll+0x142d15]
V  [jvm.dll+0x146939]
V  [jvm.dll+0x146358]
V  [jvm.dll+0x13c439]
V  [jvm.dll+0x13ece7]
V  [jvm.dll+0x13cb75]
V  [jvm.dll+0x146e37]
V  [jvm.dll+0x146358]
V  [jvm.dll+0x13c439]
V  [jvm.dll+0x13ece7]
V  [jvm.dll+0x13cb75]
V  [jvm.dll+0x146e37]
V  [jvm.dll+0x146358]
V  [jvm.dll+0x13c439]
V  [jvm.dll+0x13ece7]
V  [jvm.dll+0x135c2b]
V  [jvm.dll+0x148297]
V  [jvm.dll+0x1480d4]
V  [jvm.dll+0x130ba6]
V  [jvm.dll+0x130f32]
V  [jvm.dll+0x13125f]
V  [jvm.dll+0x1303c7]
V  [jvm.dll+0x132477]
V  [jvm.dll+0x22a744]
V  [jvm.dll+0x228d98]
V  [jvm.dll+0x7512a0]
V  [jvm.dll+0x74a2c8]
V  [jvm.dll+0x639b16]
C  [ucrtbase.dll+0x20e82]
C  [KERNEL32.DLL+0x17bd4]
C  [ntdll.dll+0x6ce51]


---------------  P R O C E S S  ---------------

Threads class SMR info:
_java_thread_list=0x000001d228d3cfa0, length=9, elements={
0x000001d207b3d000, 0x000001d228c7b800, 0x000001d228c7d800, 0x000001d228c96000,
0x000001d228c98000, 0x000001d228c9a000, 0x000001d228d05800, 0x000001d228d12800,
0x000001d228c5b000
}

Java Threads: ( => current thread )
  0x000001d207b3d000 JavaThread "main" [_thread_in_vm, id=23588, stack(0x0000006910000000,0x0000006910100000)]
  0x000001d228c7b800 JavaThread "Reference Handler" daemon [_thread_blocked, id=23844, stack(0x0000006910700000,0x0000006910800000)]
  0x000001d228c7d800 JavaThread "Finalizer" daemon [_thread_blocked, id=21472, stack(0x0000006910800000,0x0000006910900000)]
  0x000001d228c96000 JavaThread "Signal Dispatcher" daemon [_thread_blocked, id=21864, stack(0x0000006910900000,0x0000006910a00000)]
  0x000001d228c98000 JavaThread "Attach Listener" daemon [_thread_blocked, id=24144, stack(0x0000006910a00000,0x0000006910b00000)]
  0x000001d228c9a000 JavaThread "C2 CompilerThread0" daemon [_thread_blocked, id=23956, stack(0x0000006910b00000,0x0000006910c00000)]
=>0x000001d228d05800 JavaThread "C1 CompilerThread0" daemon [_thread_in_native, id=23712, stack(0x0000006910c00000,0x0000006910d00000)]
  0x000001d228d12800 JavaThread "Sweeper thread" daemon [_thread_blocked, id=24136, stack(0x0000006910d00000,0x0000006910e00000)]
  0x000001d228c5b000 JavaThread "Common-Cleaner" daemon [_thread_blocked, id=20572, stack(0x0000006910e00000,0x0000006910f00000)]

Other Threads:
  0x000001d228c74800 VMThread "VM Thread" [stack: 0x0000006910600000,0x0000006910700000] [id=24540]
  0x000001d207b8e800 GCTaskThread "GC Thread#0" [stack: 0x0000006910100000,0x0000006910200000] [id=23868]
  0x000001d207ba2800 ConcurrentGCThread "G1 Main Marker" [stack: 0x0000006910200000,0x0000006910300000] [id=24024]
  0x000001d207ba4800 ConcurrentGCThread "G1 Conc#0" [stack: 0x0000006910300000,0x0000006910400000] [id=24184]
  0x000001d207bbf800 ConcurrentGCThread "G1 Refine#0" [stack: 0x0000006910400000,0x0000006910500000] [id=21036]
  0x000001d207bc0800 ConcurrentGCThread "G1 Young RemSet Sampling" [stack: 0x0000006910500000,0x0000006910600000] [id=23108]

Threads with active compile tasks:
C1 CompilerThread0    24       3       java.util.Set::of (66 bytes)

VM state:not at safepoint (normal execution)

VM Mutex/Monitor currently owned by a thread: None

Heap address: 0x0000000742000000, size: 3040 MB, Compressed Oops mode: Zero based, Oop shift amount: 3
Narrow klass base: 0x0000000800000000, Narrow klass shift: 3
Compressed class space size: 1073741824 Address: 0x0000000801190000

Heap:
 garbage-first heap   total 8192K, used 0K [0x0000000742000000, 0x0000000800000000)
  region size 1024K, 1 young (1024K), 0 survivors (0K)
 Metaspace       used 220K, capacity 613K, committed 768K, reserved 1060864K
  class space    used 23K, capacity 393K, committed 512K, reserved 1048576K
Heap Regions: E=young(eden), S=young(survivor), O=old, HS=humongous(starts), HC=humongous(continues), CS=collection set, F=free, A=archive, TAMS=top-at-mark-start (previous, next)
|   0|0x0000000742000000, 0x0000000742000000, 0x0000000742100000|  0%| F|  |TAMS 0x0000000742000000, 0x0000000742000000| Untracked 
|   1|0x0000000742100000, 0x0000000742100000, 0x0000000742200000|  0%| F|  |TAMS 0x0000000742100000, 0x0000000742100000| Untracked 
|   2|0x0000000742200000, 0x0000000742200000, 0x0000000742300000|  0%| F|  |TAMS 0x0000000742200000, 0x0000000742200000| Untracked 
|   3|0x0000000742300000, 0x0000000742300000, 0x0000000742400000|  0%| F|  |TAMS 0x0000000742300000, 0x0000000742300000| Untracked 
|   4|0x0000000742400000, 0x0000000742400000, 0x0000000742500000|  0%| F|  |TAMS 0x0000000742400000, 0x0000000742400000| Untracked 
|   5|0x0000000742500000, 0x0000000742500000, 0x0000000742600000|  0%| F|  |TAMS 0x0000000742500000, 0x0000000742500000| Untracked 
|   6|0x0000000742600000, 0x0000000742600000, 0x0000000742700000|  0%| F|  |TAMS 0x0000000742600000, 0x0000000742600000| Untracked 
|   7|0x0000000742700000, 0x00000007427ab258, 0x0000000742800000| 66%| E|  |TAMS 0x0000000742700000, 0x0000000742700000| Complete 

Card table byte_map: [0x000001d21f530000,0x000001d21fb20000] _byte_map_base: 0x000001d21bb20000

Marking Bits (Prev, Next): (CMBitMap*) 0x000001d207b8fa48, (CMBitMap*) 0x000001d207b8fa88
 Prev Bits: [0x000001d220110000, 0x000001d223090000)
 Next Bits: [0x000001d223090000, 0x000001d226010000)

Polling page: 0x000001d205cb0000

Metaspace:

Usage:
  Non-class:    220.00 KB capacity,   197.09 KB ( 90%) used,    21.72 KB ( 10%) free+waste,     1.19 KB ( <1%) overhead. 
      Class:    393.00 KB capacity,    23.82 KB (  6%) used,   368.55 KB ( 94%) free+waste,   640 bytes ( <1%) overhead. 
       Both:    613.00 KB capacity,   220.91 KB ( 36%) used,   390.27 KB ( 64%) free+waste,     1.81 KB ( <1%) overhead. 

Virtual space:
  Non-class space:       12.00 MB reserved,     256.00 KB (  2%) committed 
      Class space:        1.00 GB reserved,     512.00 KB ( <1%) committed 
             Both:        1.01 GB reserved,     768.00 KB ( <1%) committed 

Chunk freelists:
   Non-Class:  4.38 KB
       Class:  0 bytes
        Both:  4.38 KB

CodeHeap 'non-profiled nmethods': size=120064Kb used=11Kb max_used=11Kb free=120053Kb
 bounds [0x000001d217a00000, 0x000001d217c70000, 0x000001d21ef40000]
CodeHeap 'profiled nmethods': size=120000Kb used=32Kb max_used=32Kb free=119967Kb
 bounds [0x000001d2104d0000, 0x000001d210740000, 0x000001d217a00000]
CodeHeap 'non-nmethods': size=5696Kb used=1040Kb max_used=1040Kb free=4655Kb
 bounds [0x000001d20ff40000, 0x000001d2101b0000, 0x000001d2104d0000]
 total_blobs=388 nmethods=40 adapters=213
 compilation: enabled
              stopped_count=0, restarted_count=0
 full_count=0

Compilation events (10 events):
Event: 0.118 Thread 0x000001d228d05800 nmethod 19 0x000001d2104d6690 code [0x000001d2104d6880, 0x000001d2104d6c30]
Event: 0.118 Thread 0x000001d228d05800   20       3       java.util.Objects::requireNonNull (14 bytes)
Event: 0.118 Thread 0x000001d228d05800 nmethod 20 0x000001d2104d6d90 code [0x000001d2104d6f60, 0x000001d2104d71b0]
Event: 0.118 Thread 0x000001d228d05800   21       3       java.util.AbstractCollection::<init> (5 bytes)
Event: 0.119 Thread 0x000001d228d05800 nmethod 21 0x000001d2104d7290 code [0x000001d2104d7440, 0x000001d2104d7618]
Event: 0.119 Thread 0x000001d228d05800   22       3       java.util.ImmutableCollections$AbstractImmutableCollection::<init> (5 bytes)
Event: 0.119 Thread 0x000001d228d05800 nmethod 22 0x000001d2104d7710 code [0x000001d2104d78e0, 0x000001d2104d7b18]
Event: 0.119 Thread 0x000001d228d05800   23       3       java.util.ImmutableCollections$AbstractImmutableSet::<init> (5 bytes)
Event: 0.119 Thread 0x000001d228d05800 nmethod 23 0x000001d2104d7c10 code [0x000001d2104d7de0, 0x000001d2104d8078]
Event: 0.120 Thread 0x000001d228d05800   24       3       java.util.Set::of (66 bytes)

GC Heap History (0 events):
No events

Deoptimization events (0 events):
No events

Classes redefined (0 events):
No events

Internal exceptions (0 events):
No events

Events (8 events):
Event: 0.025 Thread 0x000001d207b3d000 Thread added: 0x000001d207b3d000
Event: 0.059 Thread 0x000001d228c7b800 Thread added: 0x000001d228c7b800
Event: 0.059 Thread 0x000001d228c7d800 Thread added: 0x000001d228c7d800
Event: 0.076 Thread 0x000001d228c96000 Thread added: 0x000001d228c96000
Event: 0.077 Thread 0x000001d228c98000 Thread added: 0x000001d228c98000
Event: 0.077 Thread 0x000001d228c9a000 Thread added: 0x000001d228c9a000
Event: 0.100 Thread 0x000001d228d05800 Thread added: 0x000001d228d05800
Event: 0.106 Thread 0x000001d228d12800 Thread added: 0x000001d228d12800


Dynamic libraries:
0x00007ff63e640000 - 0x00007ff63e648000 	C:\Program Files\Java\jdk-12.0.2\bin\javac.exe
0x00007ff8d4d60000 - 0x00007ff8d4f50000 	C:\Windows\SYSTEM32\ntdll.dll
0x00007ff8d3370000 - 0x00007ff8d3422000 	C:\Windows\System32\KERNEL32.DLL
0x00007ff8d1cf0000 - 0x00007ff8d1f94000 	C:\Windows\System32\KERNELBASE.dll
0x00007ff8d2290000 - 0x00007ff8d238a000 	C:\Windows\System32\ucrtbase.dll
0x00007ff8cd4e0000 - 0x00007ff8cd4f8000 	C:\Program Files\Java\jdk-12.0.2\bin\jli.dll
0x00007ff8d44d0000 - 0x00007ff8d4573000 	C:\Windows\System32\ADVAPI32.dll
0x00007ff8c2ba0000 - 0x00007ff8c2bb6000 	C:\Program Files\Java\jdk-12.0.2\bin\VCRUNTIME140.dll
0x00007ff8d4ab0000 - 0x00007ff8d4b4e000 	C:\Windows\System32\msvcrt.dll
0x00007ff8d4610000 - 0x00007ff8d46a7000 	C:\Windows\System32\sechost.dll
0x00007ff8d3490000 - 0x00007ff8d35b0000 	C:\Windows\System32\RPCRT4.dll
0x00007ff8d48a0000 - 0x00007ff8d4a34000 	C:\Windows\System32\USER32.dll
0x00007ff8d2260000 - 0x00007ff8d2281000 	C:\Windows\System32\win32u.dll
0x00007ff8d4580000 - 0x00007ff8d45a6000 	C:\Windows\System32\GDI32.dll
0x00007ff8d24c0000 - 0x00007ff8d2654000 	C:\Windows\System32\gdi32full.dll
0x00007ff8d21c0000 - 0x00007ff8d225e000 	C:\Windows\System32\msvcp_win.dll
0x00007ff8c1770000 - 0x00007ff8c19f4000 	C:\Windows\WinSxS\amd64_microsoft.windows.common-controls_6595b64144ccf1df_6.0.18362.836_none_e6c4b943130f18ed\COMCTL32.dll
0x00007ff8d4190000 - 0x00007ff8d44c6000 	C:\Windows\System32\combase.dll
0x00007ff8d2140000 - 0x00007ff8d21c0000 	C:\Windows\System32\bcryptPrimitives.dll
0x00007ff8c56b0000 - 0x00007ff8c56ba000 	C:\Windows\SYSTEM32\VERSION.dll
0x00007ff8d2ec0000 - 0x00007ff8d2eee000 	C:\Windows\System32\IMM32.DLL
0x00007ff898360000 - 0x00007ff89840a000 	C:\Program Files\Java\jdk-12.0.2\bin\msvcp140.dll
0x00007ff885c10000 - 0x00007ff886787000 	C:\Program Files\Java\jdk-12.0.2\bin\server\jvm.dll
0x00007ff8d2ef0000 - 0x00007ff8d2ef8000 	C:\Windows\System32\PSAPI.DLL
0x00007ff8c4ee0000 - 0x00007ff8c4ee9000 	C:\Windows\SYSTEM32\WSOCK32.dll
0x00007ff8cf2c0000 - 0x00007ff8cf2e4000 	C:\Windows\SYSTEM32\WINMM.dll
0x00007ff8d4a40000 - 0x00007ff8d4aaf000 	C:\Windows\System32\WS2_32.dll
0x00007ff8cf220000 - 0x00007ff8cf24d000 	C:\Windows\SYSTEM32\winmmbase.dll
0x00007ff8d20f0000 - 0x00007ff8d213a000 	C:\Windows\System32\cfgmgr32.dll
0x00007ff8d1ca0000 - 0x00007ff8d1cb1000 	C:\Windows\System32\kernel.appcore.dll
0x00007ff8c2b60000 - 0x00007ff8c2b71000 	C:\Program Files\Java\jdk-12.0.2\bin\verify.dll
0x00007ff8d0530000 - 0x00007ff8d0724000 	C:\Windows\SYSTEM32\DBGHELP.DLL
0x00007ff8b6af0000 - 0x00007ff8b6b1a000 	C:\Windows\SYSTEM32\dbgcore.DLL
0x00007ff8a9b50000 - 0x00007ff8a9b76000 	C:\Program Files\Java\jdk-12.0.2\bin\java.dll
0x00007ff8b3470000 - 0x00007ff8b3487000 	C:\Program Files\Java\jdk-12.0.2\bin\zip.dll
0x00007ff8c38f0000 - 0x00007ff8c38fa000 	C:\Program Files\Java\jdk-12.0.2\bin\jimage.dll
0x00007ff8d3aa0000 - 0x00007ff8d4184000 	C:\Windows\System32\SHELL32.dll
0x00007ff8d2f00000 - 0x00007ff8d2fa9000 	C:\Windows\System32\shcore.dll
0x00007ff8d2690000 - 0x00007ff8d2e0e000 	C:\Windows\System32\windows.storage.dll
0x00007ff8d1cc0000 - 0x00007ff8d1ce3000 	C:\Windows\System32\profapi.dll
0x00007ff8d1c50000 - 0x00007ff8d1c9a000 	C:\Windows\System32\powrprof.dll
0x00007ff8d1c20000 - 0x00007ff8d1c30000 	C:\Windows\System32\UMPDC.dll
0x00007ff8d3430000 - 0x00007ff8d3482000 	C:\Windows\System32\shlwapi.dll
0x00007ff8d24a0000 - 0x00007ff8d24b7000 	C:\Windows\System32\cryptsp.dll

dbghelp: loaded successfully - version: 4.0.5 - missing functions: none
symbol engine: initialized successfully - sym options: 0x614 - pdb path: .;C:\Program Files\Java\jdk-12.0.2\bin;C:\Windows\SYSTEM32;C:\Windows\WinSxS\amd64_microsoft.windows.common-controls_6595b64144ccf1df_6.0.18362.836_none_e6c4b943130f18ed;C:\Program Files\Java\jdk-12.0.2\bin\server

VM Arguments:
jvm_args: -Dapplication.home=C:\Program Files\Java\jdk-12.0.2 --add-modules=ALL-DEFAULT -Xms8m -Djdk.module.main=jdk.compiler 
java_command: jdk.compiler/com.sun.tools.javac.Main -d C:\Users\USER\Documents\NetBeansProjects\cnpm\build\classes -classpath C:\Users\USER\Documents\NetBeansProjects\cnpm\build\classes;C:\Users\USER\Desktop\NNLT\JAVA TOOL+CODE\Tool JAVA\mssql-jdbc-7.2.1.jre11.jar;D:\NETBEAN\netbeans\java\modules\ext\AbsoluteLayout.jar;C:\Users\USER\Desktop\NNLT\JAVA TOOL+CODE\Tool JAVA\jdatechooser\DateChooser.jar;C:\Users\USER\Desktop\NNLT\JAVA TOOL+CODE\Tool JAVA\javadate picker\jdatepicker-1.3.2.jar;C:\Users\USER\Desktop\NNLT\JAVA TOOL+CODE\Tool JAVA\ITextSharp\itextpdf-5.4.0.jar;C:\Users\USER\Desktop\NNLT\JAVA TOOL+CODE\Tool JAVA\io\io-7.0.5.jar;C:\Users\USER\Desktop\NNLT\JAVA TOOL+CODE\Tool JAVA\pqScan.PDFtoImage\pqScan.PDFtoImage.jar;C:\Users\USER\Desktop\NNLT\JAVA TOOL+CODE\Tool JAVA\AutoComplete\swingx-all-1.6.4.jar -sourcepath C:\Users\USER\Documents\NetBeansProjects\cnpm\src -target 12 -encoding UTF-8 -g -processorpath C:\Users\USER\Desktop\NNLT\JAVA TOOL+CODE\Tool JAVA\mssql-jdbc-7.2.1.jre11.jar;D:\NETBEAN\netbeans\java\modules\ext\AbsoluteLayout.jar;C:\Users\USER\Desktop\NNLT\JAVA TOOL+CODE\Tool JAVA\jdatechooser\DateChooser.jar;C:\Users\USER\Desktop\NNLT\JAVA TOOL+CODE\Tool JAVA\javadate picker\jdatepicker-1.3.4.jar;C:\Users\USER\Desktop\NNLT\JAVA TOOL+CODE\Tool JAVA\javadate picker\jdatepicker-1.3.2.jar;C:\Users\USER\Downloads\New folder\New folder\AbsoluteLayout.jar;C:\Users\USER\Downloads\New folder\New folder\commons-beanutils-1.8.2.jar;C:\Users\USER\Downloads\New folder\New folder\groovy-all-1.7.5.jar;C:\Users\USER\Downloads\New folder\New folder\jasperreports-4.0.2.jar;C:\Users\USER\Downloads\New folder\New folder\swingx-all-1.6.4.jar;C:\Users\USER\Downloads\New folder\New folder\sqljdbc4.jar;C:\Users\USER\Desktop\NNLT\JAVA TOOL+CODE\Tool JAVA\ITextSharp\itextpdf-5.4.0.jar;C:\Users\USER\Desktop\NNLT\JAVA TOOL+CODE\Tool JAVA\io\io-7.0.5.jar;C:\Users\USER\Desktop\NNLT\JAVA TOOL+CODE\Tool JAVA\pqScan.PDFtoImage\pqScan.PDFtoImage.jar;C:\Users\USER\Desktop\NNLT\JAVA
java_class_path (initial): <not set>
Launcher Type: SUN_STANDARD

[Global flags]
     intx CICompilerCount                          = 3                                         {product} {ergonomic}
     uint ConcGCThreads                            = 1                                         {product} {ergonomic}
     uint G1ConcRefinementThreads                  = 4                                         {product} {ergonomic}
   size_t G1HeapRegionSize                         = 1048576                                   {product} {ergonomic}
    uintx GCDrainStackTargetSize                   = 64                                        {product} {ergonomic}
   size_t InitialHeapSize                          = 8388608                                   {product} {command line}
   size_t MarkStackSize                            = 4194304                                   {product} {ergonomic}
   size_t MaxHeapSize                              = 3187671040                                {product} {ergonomic}
   size_t MaxNewSize                               = 1912602624                                {product} {ergonomic}
   size_t MinHeapDeltaBytes                        = 1048576                                   {product} {ergonomic}
    uintx NonNMethodCodeHeapSize                   = 5830732                                {pd product} {ergonomic}
    uintx NonProfiledCodeHeapSize                  = 122913754                              {pd product} {ergonomic}
    uintx ProfiledCodeHeapSize                     = 122913754                              {pd product} {ergonomic}
    uintx ReservedCodeCacheSize                    = 251658240                              {pd product} {ergonomic}
     bool SegmentedCodeCache                       = true                                      {product} {ergonomic}
     bool UseCompressedClassPointers               = true                                 {lp64_product} {ergonomic}
     bool UseCompressedOops                        = true                                 {lp64_product} {ergonomic}
     bool UseG1GC                                  = true                                      {product} {ergonomic}
     bool UseLargePagesIndividualAllocation        = false                                  {pd product} {ergonomic}

Logging:
Log output configuration:
 #0: stdout all=warning uptime,level,tags
 #1: stderr all=off uptime,level,tags

Environment Variables:
JAVA_HOME=C:\Program Files\Java\jdk-12.0.2
PATH=C:\Program Files (x86)\Common Files\Oracle\Java\javapath;C:\Program Files (x86)\Intel\Intel(R) Management Engine Components\iCLS\;C:\Program Files\Intel\Intel(R) Management Engine Components\iCLS\;C:\Windows\system32;C:\Windows;C:\Windows\System32\Wbem;C:\Windows\System32\WindowsPowerShell\v1.0\;C:\Windows\System32\OpenSSH\;C:\Program Files (x86)\Intel\Intel(R) Management Engine Components\DAL;C:\Program Files\Intel\Intel(R) Management Engine Components\DAL;C:\Program Files (x86)\Intel\Intel(R) Management Engine Components\IPT;C:\Program Files\Intel\Intel(R) Management Engine Components\IPT;C:\Program Files\Intel\WiFi\bin\;C:\Program Files\Common Files\Intel\WirelessCommon\;C:\Program Files\Java\jdk-12.0.2\bin;C:\Program Files\Microsoft SQL Server\110\Tools\Binn\;C:\Program Files (x86)\Microsoft SQL Server\110\Tools\Binn\;C:\Program Files\Microsoft SQL Server\110\DTS\Binn\;C:\Program Files (x86)\Microsoft SQL Server\110\Tools\Binn\ManagementStudio\;C:\Program Files (x86)\Microsoft Visual Studio 10.0\Common7\IDE\PrivateAssemblies\;C:\Program Files (x86)\Microsoft SQL Server\110\DTS\Binn\;C:\Users\USER\Documents\OpenSSL\OpenSSL-Win64\bin;C:\Program Files\OpenSSL-Win64\bin;C:\Users\USER\Downloads\New folder\New folder\bin;C:\Users\USER\AppData\Local\Microsoft\WindowsApps;C:\Program Files\Intel\WiFi\bin\;C:\Program Files\Common Files\Intel\WirelessCommon\
USERNAME=USER
OS=Windows_NT
PROCESSOR_IDENTIFIER=Intel64 Family 6 Model 142 Stepping 9, GenuineIntel



---------------  S Y S T E M  ---------------

OS: Windows 10 , 64 bit Build 18362 (10.0.18362.778)

CPU:total 4 (initial active 4) (2 cores per cpu, 2 threads per core) family 6 model 142 stepping 9, cmov, cx8, fxsr, mmx, sse, sse2, sse3, ssse3, sse4.1, sse4.2, popcnt, avx, avx2, aes, clmul, erms, 3dnowpref, lzcnt, ht, tsc, tscinvbit, bmi1, bmi2, adx, fma

Memory: 4k page, system-wide physical 12153M (2632M free)
TotalPageFile size 28176M (AvailPageFile size 1M)
current process WorkingSet (physical memory assigned to process): 25M, peak: 25M
current process commit charge ("private bytes"): 68M, peak: 70M

vm_info: Java HotSpot(TM) 64-Bit Server VM (12.0.2+10) for windows-amd64 JRE (12.0.2+10), built on Jul 16 2019 01:56:17 by "mach5one" with MS VC++ 15.5 (VS2017)

END.
