#
# There is insufficient memory for the Java Runtime Environment to continue.
# Native memory allocation (malloc) failed to allocate 32744 bytes for ChunkPool::allocate
# Possible reasons:
#   The system is out of physical RAM or swap space
#   The process is running with CompressedOops enabled, and the Java Heap may be blocking the growth of the native heap
# Possible solutions:
#   Reduce memory load on the system
#   Increase physical memory or swap space
#   Check if swap backing store is full
#   Decrease Java heap size (-Xmx/-Xms)
#   Decrease number of Java threads
#   Decrease Java thread stack sizes (-Xss)
#   Set larger code cache with -XX:ReservedCodeCacheSize=
#   JVM is running with Zero Based Compressed Oops mode in which the Java heap is
#     placed in the first 32GB address space. The Java Heap base address is the
#     maximum limit for the native heap growth. Please use -XX:HeapBaseMinAddress
#     to set the Java Heap base and to place the Java Heap above 32GB virtual address.
# This output file may be truncated or incomplete.
#
#  Out of Memory Error (t:/workspace/open/src/hotspot/share/memory/arena.cpp:81), pid=22460, tid=21388
#
# JRE version: Java(TM) SE Runtime Environment (12.0.2+10) (build 12.0.2+10)
# Java VM: Java HotSpot(TM) 64-Bit Server VM (12.0.2+10, mixed mode, sharing, tiered, compressed oops, g1 gc, windows-amd64)
# No core dump will be written. Minidumps are not enabled by default on client versions of Windows
#

---------------  S U M M A R Y ------------

Command Line: -Dfile.encoding=UTF-8 -Djava.security.policy=applet.policy cnpm.Login

Host: Intel(R) Core(TM) i7-7500U CPU @ 2.70GHz, 4 cores, 11G,  Windows 10 , 64 bit Build 18362 (10.0.18362.778)
Time: Fri Jun  5 16:38:37 2020 SE Asia Standard Time elapsed time: 9 seconds (0d 0h 0m 9s)

---------------  T H R E A D  ---------------

Current thread (0x0000025294790800):  JavaThread "C2 CompilerThread0" daemon [_thread_in_native, id=21388, stack(0x000000cd0ba00000,0x000000cd0bb00000)]


Current CompileTask:
C2:   9850 2295   !   4       sun.awt.image.PNGImageDecoder::produceImage (1916 bytes)

Stack: [0x000000cd0ba00000,0x000000cd0bb00000]
Native frames: (J=compiled Java code, j=interpreted, Vv=VM code, C=native code)
V  [jvm.dll+0x63aa2a]
V  [jvm.dll+0x78ce1e]
V  [jvm.dll+0x78e4c1]
V  [jvm.dll+0x78eb13]
V  [jvm.dll+0x2627e8]
V  [jvm.dll+0xc57f6]
V  [jvm.dll+0xc5b4c]
V  [jvm.dll+0x5ca62e]
V  [jvm.dll+0x5ca7e7]
V  [jvm.dll+0x5ca7e7]
V  [jvm.dll+0x5ca7e7]
V  [jvm.dll+0x5cf2de]
V  [jvm.dll+0x5cfa9a]
V  [jvm.dll+0x5ce77e]
V  [jvm.dll+0x21c0ad]
V  [jvm.dll+0x21b3da]
V  [jvm.dll+0x199a20]
V  [jvm.dll+0x22a744]
V  [jvm.dll+0x228d98]
V  [jvm.dll+0x7512a0]
V  [jvm.dll+0x74a2c8]
V  [jvm.dll+0x639b16]
C  [ucrtbase.dll+0x20e82]
C  [KERNEL32.DLL+0x17bd4]
C  [ntdll.dll+0x6ce51]


---------------  P R O C E S S  ---------------

Threads class SMR info:
_java_thread_list=0x0000025295201010, length=17, elements={
0x00000252ffbb8800, 0x00000252ffbba000, 0x0000025294788800, 0x000002529478b000,
0x0000025294790800, 0x0000025294795000, 0x0000025294796800, 0x00000252948c8800,
0x00000252948d0000, 0x0000025294b7b000, 0x0000025294b7b800, 0x0000025294b9c800,
0x0000025294c1b800, 0x00000252f314c000, 0x00000252962ef000, 0x00000252951dd000,
0x00000252965d9000
}

Java Threads: ( => current thread )
  0x00000252ffbb8800 JavaThread "Reference Handler" daemon [_thread_blocked, id=18752, stack(0x000000cd0b600000,0x000000cd0b700000)]
  0x00000252ffbba000 JavaThread "Finalizer" daemon [_thread_blocked, id=16560, stack(0x000000cd0b700000,0x000000cd0b800000)]
  0x0000025294788800 JavaThread "Signal Dispatcher" daemon [_thread_blocked, id=24512, stack(0x000000cd0b800000,0x000000cd0b900000)]
  0x000002529478b000 JavaThread "Attach Listener" daemon [_thread_blocked, id=15920, stack(0x000000cd0b900000,0x000000cd0ba00000)]
=>0x0000025294790800 JavaThread "C2 CompilerThread0" daemon [_thread_in_native, id=21388, stack(0x000000cd0ba00000,0x000000cd0bb00000)]
  0x0000025294795000 JavaThread "C1 CompilerThread0" daemon [_thread_blocked, id=10464, stack(0x000000cd0bb00000,0x000000cd0bc00000)]
  0x0000025294796800 JavaThread "Sweeper thread" daemon [_thread_blocked, id=14160, stack(0x000000cd0bc00000,0x000000cd0bd00000)]
  0x00000252948c8800 JavaThread "Service Thread" daemon [_thread_blocked, id=3060, stack(0x000000cd0bd00000,0x000000cd0be00000)]
  0x00000252948d0000 JavaThread "Common-Cleaner" daemon [_thread_blocked, id=23688, stack(0x000000cd0bf00000,0x000000cd0c000000)]
  0x0000025294b7b000 JavaThread "Java2D Disposer" daemon [_thread_blocked, id=22628, stack(0x000000cd0c000000,0x000000cd0c100000)]
  0x0000025294b7b800 JavaThread "AWT-Shutdown" [_thread_blocked, id=2520, stack(0x000000cd0c100000,0x000000cd0c200000)]
  0x0000025294b9c800 JavaThread "AWT-Windows" daemon [_thread_in_native, id=23908, stack(0x000000cd0c200000,0x000000cd0c300000)]
  0x0000025294c1b800 JavaThread "AWT-EventQueue-0" [_thread_blocked, id=17116, stack(0x000000cd0c300000,0x000000cd0c400000)]
  0x00000252f314c000 JavaThread "DestroyJavaVM" [_thread_blocked, id=10104, stack(0x000000cd0af00000,0x000000cd0b000000)]
  0x00000252962ef000 JavaThread "TimerQueue" daemon [_thread_blocked, id=11844, stack(0x000000cd0c800000,0x000000cd0c900000)]
  0x00000252951dd000 JavaThread "Image Fetcher 0" daemon [_thread_in_Java, id=14980, stack(0x000000cd0ce00000,0x000000cd0cf00000)]
  0x00000252965d9000 JavaThread "C2 CompilerThread1" daemon [_thread_in_native, id=20732, stack(0x000000cd0cc00000,0x000000cd0cd00000)]

Other Threads:
  0x00000252ffbb5000 VMThread "VM Thread" [stack: 0x000000cd0b500000,0x000000cd0b600000] [id=23292]
  0x00000252948cb000 WatcherThread [stack: 0x000000cd0be00000,0x000000cd0bf00000] [id=21508]
  0x00000252f319e000 GCTaskThread "GC Thread#0" [stack: 0x000000cd0b000000,0x000000cd0b100000] [id=14892]
  0x000002529671b000 GCTaskThread "GC Thread#1" [stack: 0x000000cd0c400000,0x000000cd0c500000] [id=20136]
  0x0000025296705000 GCTaskThread "GC Thread#2" [stack: 0x000000cd0c900000,0x000000cd0ca00000] [id=24156]
  0x0000025294d4b800 GCTaskThread "GC Thread#3" [stack: 0x000000cd0ca00000,0x000000cd0cb00000] [id=24172]
  0x00000252f31b1800 ConcurrentGCThread "G1 Main Marker" [stack: 0x000000cd0b100000,0x000000cd0b200000] [id=16412]
  0x00000252f31b4000 ConcurrentGCThread "G1 Conc#0" [stack: 0x000000cd0b200000,0x000000cd0b300000] [id=15020]
  0x00000252ffa31800 ConcurrentGCThread "G1 Refine#0" [stack: 0x000000cd0b300000,0x000000cd0b400000] [id=3152]
  0x0000025294979000 ConcurrentGCThread "G1 Refine#1" [stack: 0x000000cd0cb00000,0x000000cd0cc00000] [id=15656]
  0x00000252ffa32800 ConcurrentGCThread "G1 Young RemSet Sampling" [stack: 0x000000cd0b400000,0x000000cd0b500000] [id=15520]

Threads with active compile tasks:
C2 CompilerThread0  2295   !   4       sun.awt.image.PNGImageDecoder::produceImage (1916 bytes)
C2 CompilerThread1  2302 %     4       java.awt.image.AreaAveragingScaleFilter::accumPixels @ 63 (545 bytes)

VM state:not at safepoint (normal execution)

VM Mutex/Monitor currently owned by a thread: None

Heap address: 0x0000000742000000, size: 3040 MB, Compressed Oops mode: Zero based, Oop shift amount: 3
Narrow klass base: 0x0000000800000000, Narrow klass shift: 3
Compressed class space size: 1073741824 Address: 0x0000000801190000

Heap:
 garbage-first heap   total 194560K, used 27156K [0x0000000742000000, 0x0000000800000000)
  region size 1024K, 6 young (6144K), 4 survivors (4096K)
 Metaspace       used 19650K, capacity 20202K, committed 20480K, reserved 1067008K
  class space    used 2240K, capacity 2443K, committed 2560K, reserved 1048576K
Heap Regions: E=young(eden), S=young(survivor), O=old, HS=humongous(starts), HC=humongous(continues), CS=collection set, F=free, A=archive, TAMS=top-at-mark-start (previous, next)
|   0|0x0000000742000000, 0x0000000742100000, 0x0000000742100000|100%|HS|  |TAMS 0x0000000742000000, 0x0000000742000000| Complete 
|   1|0x0000000742100000, 0x0000000742200000, 0x0000000742200000|100%|HC|  |TAMS 0x0000000742100000, 0x0000000742100000| Complete 
|   2|0x0000000742200000, 0x0000000742300000, 0x0000000742300000|100%|HC|  |TAMS 0x0000000742200000, 0x0000000742200000| Complete 
|   3|0x0000000742300000, 0x0000000742400000, 0x0000000742400000|100%|HS|  |TAMS 0x0000000742300000, 0x0000000742300000| Complete 
|   4|0x0000000742400000, 0x0000000742500000, 0x0000000742500000|100%|HC|  |TAMS 0x0000000742400000, 0x0000000742400000| Complete 
|   5|0x0000000742500000, 0x0000000742600000, 0x0000000742600000|100%|HC|  |TAMS 0x0000000742500000, 0x0000000742500000| Complete 
|   6|0x0000000742600000, 0x0000000742700000, 0x0000000742700000|100%| O|  |TAMS 0x0000000742600000, 0x0000000742600000| Untracked 
|   7|0x0000000742700000, 0x0000000742800000, 0x0000000742800000|100%| O|  |TAMS 0x0000000742700000, 0x0000000742700000| Untracked 
|   8|0x0000000742800000, 0x0000000742900000, 0x0000000742900000|100%| O|  |TAMS 0x0000000742800000, 0x0000000742800000| Untracked 
|   9|0x0000000742900000, 0x0000000742a00000, 0x0000000742a00000|100%| O|  |TAMS 0x0000000742900000, 0x0000000742900000| Untracked 
|  10|0x0000000742a00000, 0x0000000742b00000, 0x0000000742b00000|100%| O|  |TAMS 0x0000000742a00000, 0x0000000742a00000| Untracked 
|  11|0x0000000742b00000, 0x0000000742c00000, 0x0000000742c00000|100%|HS|  |TAMS 0x0000000742b00000, 0x0000000742b00000| Complete 
|  12|0x0000000742c00000, 0x0000000742d00000, 0x0000000742d00000|100%|HC|  |TAMS 0x0000000742c00000, 0x0000000742c00000| Complete 
|  13|0x0000000742d00000, 0x0000000742e00000, 0x0000000742e00000|100%|HS|  |TAMS 0x0000000742d00000, 0x0000000742d00000| Complete 
|  14|0x0000000742e00000, 0x0000000742f00000, 0x0000000742f00000|100%|HC|  |TAMS 0x0000000742e00000, 0x0000000742e00000| Complete 
|  15|0x0000000742f00000, 0x0000000743000000, 0x0000000743000000|100%|HC|  |TAMS 0x0000000742f00000, 0x0000000742f00000| Complete 
|  16|0x0000000743000000, 0x0000000743100000, 0x0000000743100000|100%|HC|  |TAMS 0x0000000743000000, 0x0000000743000000| Complete 
|  17|0x0000000743100000, 0x0000000743200000, 0x0000000743200000|100%|HC|  |TAMS 0x0000000743100000, 0x0000000743100000| Complete 
|  18|0x0000000743200000, 0x0000000743300000, 0x0000000743300000|100%|HC|  |TAMS 0x0000000743200000, 0x0000000743200000| Complete 
|  19|0x0000000743300000, 0x0000000743400000, 0x0000000743400000|100%|HC|  |TAMS 0x0000000743300000, 0x0000000743300000| Complete 
|  20|0x0000000743400000, 0x0000000743500000, 0x0000000743500000|100%|HC|  |TAMS 0x0000000743400000, 0x0000000743400000| Complete 
|  21|0x0000000743500000, 0x0000000743585200, 0x0000000743600000| 52%| O|  |TAMS 0x0000000743500000, 0x0000000743500000| Untracked 
|  22|0x0000000743600000, 0x0000000743600000, 0x0000000743700000|  0%| F|  |TAMS 0x0000000743600000, 0x0000000743600000| Untracked 
|  23|0x0000000743700000, 0x0000000743700000, 0x0000000743800000|  0%| F|  |TAMS 0x0000000743700000, 0x0000000743700000| Untracked 
|  24|0x0000000743800000, 0x0000000743800000, 0x0000000743900000|  0%| F|  |TAMS 0x0000000743800000, 0x0000000743800000| Untracked 
|  25|0x0000000743900000, 0x0000000743900000, 0x0000000743a00000|  0%| F|  |TAMS 0x0000000743900000, 0x0000000743900000| Untracked 
|  26|0x0000000743a00000, 0x0000000743a00000, 0x0000000743b00000|  0%| F|  |TAMS 0x0000000743a00000, 0x0000000743a00000| Untracked 
|  27|0x0000000743b00000, 0x0000000743b00000, 0x0000000743c00000|  0%| F|  |TAMS 0x0000000743b00000, 0x0000000743b00000| Untracked 
|  28|0x0000000743c00000, 0x0000000743c00000, 0x0000000743d00000|  0%| F|  |TAMS 0x0000000743c00000, 0x0000000743c00000| Untracked 
|  29|0x0000000743d00000, 0x0000000743d00000, 0x0000000743e00000|  0%| F|  |TAMS 0x0000000743d00000, 0x0000000743d00000| Untracked 
|  30|0x0000000743e00000, 0x0000000743e00000, 0x0000000743f00000|  0%| F|  |TAMS 0x0000000743e00000, 0x0000000743e00000| Untracked 
|  31|0x0000000743f00000, 0x0000000743f00000, 0x0000000744000000|  0%| F|  |TAMS 0x0000000743f00000, 0x0000000743f00000| Untracked 
|  32|0x0000000744000000, 0x0000000744000000, 0x0000000744100000|  0%| F|  |TAMS 0x0000000744000000, 0x0000000744000000| Untracked 
|  33|0x0000000744100000, 0x0000000744100000, 0x0000000744200000|  0%| F|  |TAMS 0x0000000744100000, 0x0000000744100000| Untracked 
|  34|0x0000000744200000, 0x0000000744200000, 0x0000000744300000|  0%| F|  |TAMS 0x0000000744200000, 0x0000000744200000| Untracked 
|  35|0x0000000744300000, 0x0000000744300000, 0x0000000744400000|  0%| F|  |TAMS 0x0000000744300000, 0x0000000744300000| Untracked 
|  36|0x0000000744400000, 0x0000000744400000, 0x0000000744500000|  0%| F|  |TAMS 0x0000000744400000, 0x0000000744400000| Untracked 
|  37|0x0000000744500000, 0x0000000744500000, 0x0000000744600000|  0%| F|  |TAMS 0x0000000744500000, 0x0000000744500000| Untracked 
|  38|0x0000000744600000, 0x0000000744600000, 0x0000000744700000|  0%| F|  |TAMS 0x0000000744600000, 0x0000000744600000| Untracked 
|  39|0x0000000744700000, 0x0000000744700000, 0x0000000744800000|  0%| F|  |TAMS 0x0000000744700000, 0x0000000744700000| Untracked 
|  40|0x0000000744800000, 0x0000000744800000, 0x0000000744900000|  0%| F|  |TAMS 0x0000000744800000, 0x0000000744800000| Untracked 
|  41|0x0000000744900000, 0x0000000744900000, 0x0000000744a00000|  0%| F|  |TAMS 0x0000000744900000, 0x0000000744900000| Untracked 
|  42|0x0000000744a00000, 0x0000000744a00000, 0x0000000744b00000|  0%| F|  |TAMS 0x0000000744a00000, 0x0000000744a00000| Untracked 
|  43|0x0000000744b00000, 0x0000000744b00000, 0x0000000744c00000|  0%| F|  |TAMS 0x0000000744b00000, 0x0000000744b00000| Untracked 
|  44|0x0000000744c00000, 0x0000000744c00000, 0x0000000744d00000|  0%| F|  |TAMS 0x0000000744c00000, 0x0000000744c00000| Untracked 
|  45|0x0000000744d00000, 0x0000000744d00000, 0x0000000744e00000|  0%| F|  |TAMS 0x0000000744d00000, 0x0000000744d00000| Untracked 
|  46|0x0000000744e00000, 0x0000000744e00000, 0x0000000744f00000|  0%| F|  |TAMS 0x0000000744e00000, 0x0000000744e00000| Untracked 
|  47|0x0000000744f00000, 0x0000000744f00000, 0x0000000745000000|  0%| F|  |TAMS 0x0000000744f00000, 0x0000000744f00000| Untracked 
|  48|0x0000000745000000, 0x0000000745000000, 0x0000000745100000|  0%| F|  |TAMS 0x0000000745000000, 0x0000000745000000| Untracked 
|  49|0x0000000745100000, 0x0000000745100000, 0x0000000745200000|  0%| F|  |TAMS 0x0000000745100000, 0x0000000745100000| Untracked 
|  50|0x0000000745200000, 0x0000000745200000, 0x0000000745300000|  0%| F|  |TAMS 0x0000000745200000, 0x0000000745200000| Untracked 
|  51|0x0000000745300000, 0x0000000745300000, 0x0000000745400000|  0%| F|  |TAMS 0x0000000745300000, 0x0000000745300000| Untracked 
|  52|0x0000000745400000, 0x0000000745400000, 0x0000000745500000|  0%| F|  |TAMS 0x0000000745400000, 0x0000000745400000| Untracked 
|  53|0x0000000745500000, 0x0000000745500000, 0x0000000745600000|  0%| F|  |TAMS 0x0000000745500000, 0x0000000745500000| Untracked 
|  54|0x0000000745600000, 0x0000000745600000, 0x0000000745700000|  0%| F|  |TAMS 0x0000000745600000, 0x0000000745600000| Untracked 
|  55|0x0000000745700000, 0x0000000745700000, 0x0000000745800000|  0%| F|  |TAMS 0x0000000745700000, 0x0000000745700000| Untracked 
|  56|0x0000000745800000, 0x0000000745800000, 0x0000000745900000|  0%| F|  |TAMS 0x0000000745800000, 0x0000000745800000| Untracked 
|  57|0x0000000745900000, 0x0000000745900000, 0x0000000745a00000|  0%| F|  |TAMS 0x0000000745900000, 0x0000000745900000| Untracked 
|  58|0x0000000745a00000, 0x0000000745a00000, 0x0000000745b00000|  0%| F|  |TAMS 0x0000000745a00000, 0x0000000745a00000| Untracked 
|  59|0x0000000745b00000, 0x0000000745b00000, 0x0000000745c00000|  0%| F|  |TAMS 0x0000000745b00000, 0x0000000745b00000| Untracked 
|  60|0x0000000745c00000, 0x0000000745c00000, 0x0000000745d00000|  0%| F|  |TAMS 0x0000000745c00000, 0x0000000745c00000| Untracked 
|  61|0x0000000745d00000, 0x0000000745d00000, 0x0000000745e00000|  0%| F|  |TAMS 0x0000000745d00000, 0x0000000745d00000| Untracked 
|  62|0x0000000745e00000, 0x0000000745e00000, 0x0000000745f00000|  0%| F|  |TAMS 0x0000000745e00000, 0x0000000745e00000| Untracked 
|  63|0x0000000745f00000, 0x0000000745f00000, 0x0000000746000000|  0%| F|  |TAMS 0x0000000745f00000, 0x0000000745f00000| Untracked 
|  64|0x0000000746000000, 0x0000000746000000, 0x0000000746100000|  0%| F|  |TAMS 0x0000000746000000, 0x0000000746000000| Untracked 
|  65|0x0000000746100000, 0x0000000746100000, 0x0000000746200000|  0%| F|  |TAMS 0x0000000746100000, 0x0000000746100000| Untracked 
|  66|0x0000000746200000, 0x0000000746200000, 0x0000000746300000|  0%| F|  |TAMS 0x0000000746200000, 0x0000000746200000| Untracked 
|  67|0x0000000746300000, 0x0000000746300000, 0x0000000746400000|  0%| F|  |TAMS 0x0000000746300000, 0x0000000746300000| Untracked 
|  68|0x0000000746400000, 0x0000000746400000, 0x0000000746500000|  0%| F|  |TAMS 0x0000000746400000, 0x0000000746400000| Untracked 
|  69|0x0000000746500000, 0x0000000746500000, 0x0000000746600000|  0%| F|  |TAMS 0x0000000746500000, 0x0000000746500000| Untracked 
|  70|0x0000000746600000, 0x0000000746600000, 0x0000000746700000|  0%| F|  |TAMS 0x0000000746600000, 0x0000000746600000| Untracked 
|  71|0x0000000746700000, 0x0000000746700000, 0x0000000746800000|  0%| F|  |TAMS 0x0000000746700000, 0x0000000746700000| Untracked 
|  72|0x0000000746800000, 0x0000000746800000, 0x0000000746900000|  0%| F|  |TAMS 0x0000000746800000, 0x0000000746800000| Untracked 
|  73|0x0000000746900000, 0x0000000746900000, 0x0000000746a00000|  0%| F|  |TAMS 0x0000000746900000, 0x0000000746900000| Untracked 
|  74|0x0000000746a00000, 0x0000000746a00000, 0x0000000746b00000|  0%| F|  |TAMS 0x0000000746a00000, 0x0000000746a00000| Untracked 
|  75|0x0000000746b00000, 0x0000000746b00000, 0x0000000746c00000|  0%| F|  |TAMS 0x0000000746b00000, 0x0000000746b00000| Untracked 
|  76|0x0000000746c00000, 0x0000000746c00000, 0x0000000746d00000|  0%| F|  |TAMS 0x0000000746c00000, 0x0000000746c00000| Untracked 
|  77|0x0000000746d00000, 0x0000000746d00000, 0x0000000746e00000|  0%| F|  |TAMS 0x0000000746d00000, 0x0000000746d00000| Untracked 
|  78|0x0000000746e00000, 0x0000000746e00000, 0x0000000746f00000|  0%| F|  |TAMS 0x0000000746e00000, 0x0000000746e00000| Untracked 
|  79|0x0000000746f00000, 0x0000000746f00000, 0x0000000747000000|  0%| F|  |TAMS 0x0000000746f00000, 0x0000000746f00000| Untracked 
|  80|0x0000000747000000, 0x0000000747000000, 0x0000000747100000|  0%| F|  |TAMS 0x0000000747000000, 0x0000000747000000| Untracked 
|  81|0x0000000747100000, 0x0000000747100000, 0x0000000747200000|  0%| F|  |TAMS 0x0000000747100000, 0x0000000747100000| Untracked 
|  82|0x0000000747200000, 0x0000000747200000, 0x0000000747300000|  0%| F|  |TAMS 0x0000000747200000, 0x0000000747200000| Untracked 
|  83|0x0000000747300000, 0x0000000747300000, 0x0000000747400000|  0%| F|  |TAMS 0x0000000747300000, 0x0000000747300000| Untracked 
|  84|0x0000000747400000, 0x0000000747400000, 0x0000000747500000|  0%| F|  |TAMS 0x0000000747400000, 0x0000000747400000| Untracked 
|  85|0x0000000747500000, 0x0000000747500000, 0x0000000747600000|  0%| F|  |TAMS 0x0000000747500000, 0x0000000747500000| Untracked 
|  86|0x0000000747600000, 0x0000000747600000, 0x0000000747700000|  0%| F|  |TAMS 0x0000000747600000, 0x0000000747600000| Untracked 
|  87|0x0000000747700000, 0x0000000747700000, 0x0000000747800000|  0%| F|  |TAMS 0x0000000747700000, 0x0000000747700000| Untracked 
|  88|0x0000000747800000, 0x0000000747800000, 0x0000000747900000|  0%| F|  |TAMS 0x0000000747800000, 0x0000000747800000| Untracked 
|  89|0x0000000747900000, 0x0000000747900000, 0x0000000747a00000|  0%| F|  |TAMS 0x0000000747900000, 0x0000000747900000| Untracked 
|  90|0x0000000747a00000, 0x0000000747a00000, 0x0000000747b00000|  0%| F|  |TAMS 0x0000000747a00000, 0x0000000747a00000| Untracked 
|  91|0x0000000747b00000, 0x0000000747b00000, 0x0000000747c00000|  0%| F|  |TAMS 0x0000000747b00000, 0x0000000747b00000| Untracked 
|  92|0x0000000747c00000, 0x0000000747c00000, 0x0000000747d00000|  0%| F|  |TAMS 0x0000000747c00000, 0x0000000747c00000| Untracked 
|  93|0x0000000747d00000, 0x0000000747d00000, 0x0000000747e00000|  0%| F|  |TAMS 0x0000000747d00000, 0x0000000747d00000| Untracked 
|  94|0x0000000747e00000, 0x0000000747e00000, 0x0000000747f00000|  0%| F|  |TAMS 0x0000000747e00000, 0x0000000747e00000| Untracked 
|  95|0x0000000747f00000, 0x0000000747f00000, 0x0000000748000000|  0%| F|  |TAMS 0x0000000747f00000, 0x0000000747f00000| Untracked 
|  96|0x0000000748000000, 0x0000000748000000, 0x0000000748100000|  0%| F|  |TAMS 0x0000000748000000, 0x0000000748000000| Untracked 
|  97|0x0000000748100000, 0x0000000748100000, 0x0000000748200000|  0%| F|  |TAMS 0x0000000748100000, 0x0000000748100000| Untracked 
|  98|0x0000000748200000, 0x0000000748200000, 0x0000000748300000|  0%| F|  |TAMS 0x0000000748200000, 0x0000000748200000| Untracked 
|  99|0x0000000748300000, 0x0000000748300000, 0x0000000748400000|  0%| F|  |TAMS 0x0000000748300000, 0x0000000748300000| Untracked 
| 100|0x0000000748400000, 0x0000000748400000, 0x0000000748500000|  0%| F|  |TAMS 0x0000000748400000, 0x0000000748400000| Untracked 
| 101|0x0000000748500000, 0x0000000748500000, 0x0000000748600000|  0%| F|  |TAMS 0x0000000748500000, 0x0000000748500000| Untracked 
| 102|0x0000000748600000, 0x0000000748600000, 0x0000000748700000|  0%| F|  |TAMS 0x0000000748600000, 0x0000000748600000| Untracked 
| 103|0x0000000748700000, 0x0000000748700000, 0x0000000748800000|  0%| F|  |TAMS 0x0000000748700000, 0x0000000748700000| Untracked 
| 104|0x0000000748800000, 0x0000000748800000, 0x0000000748900000|  0%| F|  |TAMS 0x0000000748800000, 0x0000000748800000| Untracked 
| 105|0x0000000748900000, 0x0000000748900000, 0x0000000748a00000|  0%| F|  |TAMS 0x0000000748900000, 0x0000000748900000| Untracked 
| 106|0x0000000748a00000, 0x0000000748a00000, 0x0000000748b00000|  0%| F|  |TAMS 0x0000000748a00000, 0x0000000748a00000| Untracked 
| 107|0x0000000748b00000, 0x0000000748b00000, 0x0000000748c00000|  0%| F|  |TAMS 0x0000000748b00000, 0x0000000748b00000| Untracked 
| 108|0x0000000748c00000, 0x0000000748c00000, 0x0000000748d00000|  0%| F|  |TAMS 0x0000000748c00000, 0x0000000748c00000| Untracked 
| 109|0x0000000748d00000, 0x0000000748d00000, 0x0000000748e00000|  0%| F|  |TAMS 0x0000000748d00000, 0x0000000748d00000| Untracked 
| 110|0x0000000748e00000, 0x0000000748e00000, 0x0000000748f00000|  0%| F|  |TAMS 0x0000000748e00000, 0x0000000748e00000| Untracked 
| 111|0x0000000748f00000, 0x0000000748f00000, 0x0000000749000000|  0%| F|  |TAMS 0x0000000748f00000, 0x0000000748f00000| Untracked 
| 112|0x0000000749000000, 0x0000000749000000, 0x0000000749100000|  0%| F|  |TAMS 0x0000000749000000, 0x0000000749000000| Untracked 
| 113|0x0000000749100000, 0x0000000749100000, 0x0000000749200000|  0%| F|  |TAMS 0x0000000749100000, 0x0000000749100000| Untracked 
| 114|0x0000000749200000, 0x0000000749200000, 0x0000000749300000|  0%| F|  |TAMS 0x0000000749200000, 0x0000000749200000| Untracked 
| 115|0x0000000749300000, 0x0000000749300000, 0x0000000749400000|  0%| F|  |TAMS 0x0000000749300000, 0x0000000749300000| Untracked 
| 116|0x0000000749400000, 0x0000000749400000, 0x0000000749500000|  0%| F|  |TAMS 0x0000000749400000, 0x0000000749400000| Untracked 
| 117|0x0000000749500000, 0x0000000749500000, 0x0000000749600000|  0%| F|  |TAMS 0x0000000749500000, 0x0000000749500000| Untracked 
| 118|0x0000000749600000, 0x0000000749600000, 0x0000000749700000|  0%| F|  |TAMS 0x0000000749600000, 0x0000000749600000| Untracked 
| 119|0x0000000749700000, 0x0000000749700000, 0x0000000749800000|  0%| F|  |TAMS 0x0000000749700000, 0x0000000749700000| Untracked 
| 120|0x0000000749800000, 0x0000000749800000, 0x0000000749900000|  0%| F|  |TAMS 0x0000000749800000, 0x0000000749800000| Untracked 
| 121|0x0000000749900000, 0x0000000749900000, 0x0000000749a00000|  0%| F|  |TAMS 0x0000000749900000, 0x0000000749900000| Untracked 
| 122|0x0000000749a00000, 0x0000000749a00000, 0x0000000749b00000|  0%| F|  |TAMS 0x0000000749a00000, 0x0000000749a00000| Untracked 
| 123|0x0000000749b00000, 0x0000000749b00000, 0x0000000749c00000|  0%| F|  |TAMS 0x0000000749b00000, 0x0000000749b00000| Untracked 
| 124|0x0000000749c00000, 0x0000000749c00000, 0x0000000749d00000|  0%| F|  |TAMS 0x0000000749c00000, 0x0000000749c00000| Untracked 
| 125|0x0000000749d00000, 0x0000000749d00000, 0x0000000749e00000|  0%| F|  |TAMS 0x0000000749d00000, 0x0000000749d00000| Untracked 
| 126|0x0000000749e00000, 0x0000000749e00000, 0x0000000749f00000|  0%| F|  |TAMS 0x0000000749e00000, 0x0000000749e00000| Untracked 
| 127|0x0000000749f00000, 0x0000000749f00000, 0x000000074a000000|  0%| F|  |TAMS 0x0000000749f00000, 0x0000000749f00000| Untracked 
| 128|0x000000074a000000, 0x000000074a000000, 0x000000074a100000|  0%| F|  |TAMS 0x000000074a000000, 0x000000074a000000| Untracked 
| 129|0x000000074a100000, 0x000000074a100000, 0x000000074a200000|  0%| F|  |TAMS 0x000000074a100000, 0x000000074a100000| Untracked 
| 130|0x000000074a200000, 0x000000074a200000, 0x000000074a300000|  0%| F|  |TAMS 0x000000074a200000, 0x000000074a200000| Untracked 
| 131|0x000000074a300000, 0x000000074a300000, 0x000000074a400000|  0%| F|  |TAMS 0x000000074a300000, 0x000000074a300000| Untracked 
| 132|0x000000074a400000, 0x000000074a400000, 0x000000074a500000|  0%| F|  |TAMS 0x000000074a400000, 0x000000074a400000| Untracked 
| 133|0x000000074a500000, 0x000000074a500000, 0x000000074a600000|  0%| F|  |TAMS 0x000000074a500000, 0x000000074a500000| Untracked 
| 134|0x000000074a600000, 0x000000074a600000, 0x000000074a700000|  0%| F|  |TAMS 0x000000074a600000, 0x000000074a600000| Untracked 
| 135|0x000000074a700000, 0x000000074a700000, 0x000000074a800000|  0%| F|  |TAMS 0x000000074a700000, 0x000000074a700000| Untracked 
| 136|0x000000074a800000, 0x000000074a800000, 0x000000074a900000|  0%| F|  |TAMS 0x000000074a800000, 0x000000074a800000| Untracked 
| 137|0x000000074a900000, 0x000000074a900000, 0x000000074aa00000|  0%| F|  |TAMS 0x000000074a900000, 0x000000074a900000| Untracked 
| 138|0x000000074aa00000, 0x000000074aa00000, 0x000000074ab00000|  0%| F|  |TAMS 0x000000074aa00000, 0x000000074aa00000| Untracked 
| 139|0x000000074ab00000, 0x000000074ab00000, 0x000000074ac00000|  0%| F|  |TAMS 0x000000074ab00000, 0x000000074ab00000| Untracked 
| 140|0x000000074ac00000, 0x000000074ac00000, 0x000000074ad00000|  0%| F|  |TAMS 0x000000074ac00000, 0x000000074ac00000| Untracked 
| 141|0x000000074ad00000, 0x000000074ad00000, 0x000000074ae00000|  0%| F|  |TAMS 0x000000074ad00000, 0x000000074ad00000| Untracked 
| 142|0x000000074ae00000, 0x000000074ae00000, 0x000000074af00000|  0%| F|  |TAMS 0x000000074ae00000, 0x000000074ae00000| Untracked 
| 143|0x000000074af00000, 0x000000074af00000, 0x000000074b000000|  0%| F|  |TAMS 0x000000074af00000, 0x000000074af00000| Untracked 
| 144|0x000000074b000000, 0x000000074b000000, 0x000000074b100000|  0%| F|  |TAMS 0x000000074b000000, 0x000000074b000000| Untracked 
| 145|0x000000074b100000, 0x000000074b100000, 0x000000074b200000|  0%| F|  |TAMS 0x000000074b100000, 0x000000074b100000| Untracked 
| 146|0x000000074b200000, 0x000000074b200000, 0x000000074b300000|  0%| F|  |TAMS 0x000000074b200000, 0x000000074b200000| Untracked 
| 147|0x000000074b300000, 0x000000074b300000, 0x000000074b400000|  0%| F|  |TAMS 0x000000074b300000, 0x000000074b300000| Untracked 
| 148|0x000000074b400000, 0x000000074b400000, 0x000000074b500000|  0%| F|  |TAMS 0x000000074b400000, 0x000000074b400000| Untracked 
| 149|0x000000074b500000, 0x000000074b500000, 0x000000074b600000|  0%| F|  |TAMS 0x000000074b500000, 0x000000074b500000| Untracked 
| 150|0x000000074b600000, 0x000000074b600000, 0x000000074b700000|  0%| F|  |TAMS 0x000000074b600000, 0x000000074b600000| Untracked 
| 151|0x000000074b700000, 0x000000074b700000, 0x000000074b800000|  0%| F|  |TAMS 0x000000074b700000, 0x000000074b700000| Untracked 
| 152|0x000000074b800000, 0x000000074b800000, 0x000000074b900000|  0%| F|  |TAMS 0x000000074b800000, 0x000000074b800000| Untracked 
| 153|0x000000074b900000, 0x000000074b900000, 0x000000074ba00000|  0%| F|  |TAMS 0x000000074b900000, 0x000000074b900000| Untracked 
| 154|0x000000074ba00000, 0x000000074ba00000, 0x000000074bb00000|  0%| F|  |TAMS 0x000000074ba00000, 0x000000074ba00000| Untracked 
| 155|0x000000074bb00000, 0x000000074bb00000, 0x000000074bc00000|  0%| F|  |TAMS 0x000000074bb00000, 0x000000074bb00000| Untracked 
| 156|0x000000074bc00000, 0x000000074bc00000, 0x000000074bd00000|  0%| F|  |TAMS 0x000000074bc00000, 0x000000074bc00000| Untracked 
| 157|0x000000074bd00000, 0x000000074bd00000, 0x000000074be00000|  0%| F|  |TAMS 0x000000074bd00000, 0x000000074bd00000| Untracked 
| 158|0x000000074be00000, 0x000000074be00000, 0x000000074bf00000|  0%| F|  |TAMS 0x000000074be00000, 0x000000074be00000| Untracked 
| 159|0x000000074bf00000, 0x000000074bf00000, 0x000000074c000000|  0%| F|  |TAMS 0x000000074bf00000, 0x000000074bf00000| Untracked 
| 160|0x000000074c000000, 0x000000074c000000, 0x000000074c100000|  0%| F|  |TAMS 0x000000074c000000, 0x000000074c000000| Untracked 
| 161|0x000000074c100000, 0x000000074c200000, 0x000000074c200000|100%| S|CS|TAMS 0x000000074c100000, 0x000000074c100000| Complete 
| 162|0x000000074c200000, 0x000000074c300000, 0x000000074c300000|100%| S|CS|TAMS 0x000000074c200000, 0x000000074c200000| Complete 
| 163|0x000000074c300000, 0x000000074c400000, 0x000000074c400000|100%| S|CS|TAMS 0x000000074c300000, 0x000000074c300000| Complete 
| 164|0x000000074c400000, 0x000000074c500000, 0x000000074c500000|100%| S|CS|TAMS 0x000000074c400000, 0x000000074c400000| Complete 
| 165|0x000000074c500000, 0x000000074c500000, 0x000000074c600000|  0%| F|  |TAMS 0x000000074c500000, 0x000000074c500000| Untracked 
| 166|0x000000074c600000, 0x000000074c600000, 0x000000074c700000|  0%| F|  |TAMS 0x000000074c600000, 0x000000074c600000| Untracked 
| 167|0x000000074c700000, 0x000000074c700000, 0x000000074c800000|  0%| F|  |TAMS 0x000000074c700000, 0x000000074c700000| Untracked 
| 168|0x000000074c800000, 0x000000074c800000, 0x000000074c900000|  0%| F|  |TAMS 0x000000074c800000, 0x000000074c800000| Untracked 
| 169|0x000000074c900000, 0x000000074c900000, 0x000000074ca00000|  0%| F|  |TAMS 0x000000074c900000, 0x000000074c900000| Untracked 
| 170|0x000000074ca00000, 0x000000074ca00000, 0x000000074cb00000|  0%| F|  |TAMS 0x000000074ca00000, 0x000000074ca00000| Untracked 
| 171|0x000000074cb00000, 0x000000074cb00000, 0x000000074cc00000|  0%| F|  |TAMS 0x000000074cb00000, 0x000000074cb00000| Untracked 
| 172|0x000000074cc00000, 0x000000074cc00000, 0x000000074cd00000|  0%| F|  |TAMS 0x000000074cc00000, 0x000000074cc00000| Untracked 
| 173|0x000000074cd00000, 0x000000074cd00000, 0x000000074ce00000|  0%| F|  |TAMS 0x000000074cd00000, 0x000000074cd00000| Untracked 
| 174|0x000000074ce00000, 0x000000074ce00000, 0x000000074cf00000|  0%| F|  |TAMS 0x000000074ce00000, 0x000000074ce00000| Untracked 
| 175|0x000000074cf00000, 0x000000074cf00000, 0x000000074d000000|  0%| F|  |TAMS 0x000000074cf00000, 0x000000074cf00000| Untracked 
| 176|0x000000074d000000, 0x000000074d000000, 0x000000074d100000|  0%| F|  |TAMS 0x000000074d000000, 0x000000074d000000| Untracked 
| 177|0x000000074d100000, 0x000000074d100000, 0x000000074d200000|  0%| F|  |TAMS 0x000000074d100000, 0x000000074d100000| Untracked 
| 178|0x000000074d200000, 0x000000074d200000, 0x000000074d300000|  0%| F|  |TAMS 0x000000074d200000, 0x000000074d200000| Untracked 
| 179|0x000000074d300000, 0x000000074d300000, 0x000000074d400000|  0%| F|  |TAMS 0x000000074d300000, 0x000000074d300000| Untracked 
| 180|0x000000074d400000, 0x000000074d400000, 0x000000074d500000|  0%| F|  |TAMS 0x000000074d400000, 0x000000074d400000| Untracked 
| 181|0x000000074d500000, 0x000000074d500000, 0x000000074d600000|  0%| F|  |TAMS 0x000000074d500000, 0x000000074d500000| Untracked 
| 182|0x000000074d600000, 0x000000074d600000, 0x000000074d700000|  0%| F|  |TAMS 0x000000074d600000, 0x000000074d600000| Untracked 
| 183|0x000000074d700000, 0x000000074d700000, 0x000000074d800000|  0%| F|  |TAMS 0x000000074d700000, 0x000000074d700000| Untracked 
| 184|0x000000074d800000, 0x000000074d800000, 0x000000074d900000|  0%| F|  |TAMS 0x000000074d800000, 0x000000074d800000| Untracked 
| 185|0x000000074d900000, 0x000000074d900000, 0x000000074da00000|  0%| F|  |TAMS 0x000000074d900000, 0x000000074d900000| Untracked 
| 186|0x000000074da00000, 0x000000074da00000, 0x000000074db00000|  0%| F|  |TAMS 0x000000074da00000, 0x000000074da00000| Untracked 
| 187|0x000000074db00000, 0x000000074db00000, 0x000000074dc00000|  0%| F|  |TAMS 0x000000074db00000, 0x000000074db00000| Untracked 
| 188|0x000000074dc00000, 0x000000074dc243d8, 0x000000074dd00000| 14%| E|  |TAMS 0x000000074dc00000, 0x000000074dc00000| Complete 
| 189|0x000000074dd00000, 0x000000074de00000, 0x000000074de00000|100%| E|CS|TAMS 0x000000074dd00000, 0x000000074dd00000| Complete 

Card table byte_map: [0x00000252fbb40000,0x00000252fc130000] _byte_map_base: 0x00000252f8130000

Marking Bits (Prev, Next): (CMBitMap*) 0x00000252f319ed68, (CMBitMap*) 0x00000252f319eda8
 Prev Bits: [0x00000252fc720000, 0x00000252ff6a0000)
 Next Bits: [0x000002528f000000, 0x0000025291f80000)

Polling page: 0x00000252f0fe0000

Metaspace:

Usage:
  Non-class:     17.34 MB capacity,    17.00 MB ( 98%) used,   299.84 KB (  2%) free+waste,    48.31 KB ( <1%) overhead. 
      Class:      2.39 MB capacity,     2.19 MB ( 92%) used,   177.41 KB (  7%) free+waste,    25.50 KB (  1%) overhead. 
       Both:     19.73 MB capacity,    19.19 MB ( 97%) used,   477.26 KB (  2%) free+waste,    73.81 KB ( <1%) overhead. 

Virtual space:
  Non-class space:       18.00 MB reserved,      17.50 MB ( 97%) committed 
      Class space:        1.00 GB reserved,       2.50 MB ( <1%) committed 
             Both:        1.02 GB reserved,      20.00 MB (  2%) committed 

Chunk freelists:
   Non-Class:  4.13 KB
       Class:  2.63 KB
        Both:  6.75 KB

CodeHeap 'non-profiled nmethods': size=120064Kb used=916Kb max_used=916Kb free=119148Kb
 bounds [0x0000025287ac0000, 0x0000025287d30000, 0x000002528f000000]
CodeHeap 'profiled nmethods': size=120000Kb used=4820Kb max_used=4820Kb free=115179Kb
 bounds [0x0000025280590000, 0x0000025280a50000, 0x0000025287ac0000]
CodeHeap 'non-nmethods': size=5696Kb used=1331Kb max_used=1356Kb free=4365Kb
 bounds [0x0000025280000000, 0x0000025280270000, 0x0000025280590000]
 total_blobs=3486 nmethods=2300 adapters=646
 compilation: enabled
              stopped_count=0, restarted_count=0
 full_count=0

Compilation events (10 events):
Event: 9.806 Thread 0x0000025294795000 2300       3       java.lang.StringUTF16::charAt (11 bytes)
Event: 9.806 Thread 0x0000025294795000 nmethod 2300 0x0000025280a42f10 code [0x0000025280a430e0, 0x0000025280a43330]
Event: 9.806 Thread 0x0000025294795000 2301       3       java.lang.StringUTF16::checkIndex (9 bytes)
Event: 9.806 Thread 0x0000025294795000 nmethod 2301 0x0000025280a43490 code [0x0000025280a43660, 0x0000025280a43830]
Event: 9.815 Thread 0x0000025294795000 2303   !   3       java.lang.ref.ReferenceQueue::remove (125 bytes)
Event: 9.815 Thread 0x0000025294795000 nmethod 2303 0x0000025280a43910 code [0x0000025280a43b40, 0x0000025280a44440]
Event: 9.815 Thread 0x0000025294795000 2304   !   3       jdk.internal.ref.PhantomCleanable::isListEmpty (34 bytes)
Event: 9.815 Thread 0x0000025294795000 nmethod 2304 0x0000025280a44790 code [0x0000025280a44960, 0x0000025280a44d18]
Event: 9.815 Thread 0x0000025294795000 2305       3       jdk.internal.misc.InnocuousThread::eraseThreadLocals (23 bytes)
Event: 9.816 Thread 0x0000025294795000 nmethod 2305 0x0000025280a44e10 code [0x0000025280a44fe0, 0x0000025280a45258]

GC Heap History (6 events):
Event: 8.207 GC heap before
{Heap before GC invocations=0 (full 0):
 garbage-first heap   total 194560K, used 20480K [0x0000000742000000, 0x0000000800000000)
  region size 1024K, 14 young (14336K), 0 survivors (0K)
 Metaspace       used 11212K, capacity 11517K, committed 11776K, reserved 1058816K
  class space    used 1318K, capacity 1461K, committed 1536K, reserved 1048576K
}
Event: 8.213 GC heap after
{Heap after GC invocations=1 (full 0):
 garbage-first heap   total 194560K, used 10919K [0x0000000742000000, 0x0000000800000000)
  region size 1024K, 2 young (2048K), 2 survivors (2048K)
 Metaspace       used 11212K, capacity 11517K, committed 11776K, reserved 1058816K
  class space    used 1318K, capacity 1461K, committed 1536K, reserved 1048576K
}
Event: 8.538 GC heap before
{Heap before GC invocations=1 (full 0):
 garbage-first heap   total 194560K, used 18087K [0x0000000742000000, 0x0000000800000000)
  region size 1024K, 9 young (9216K), 2 survivors (2048K)
 Metaspace       used 13549K, capacity 13973K, committed 14080K, reserved 1060864K
  class space    used 1549K, capacity 1730K, committed 1792K, reserved 1048576K
}
Event: 8.542 GC heap after
{Heap after GC invocations=2 (full 0):
 garbage-first heap   total 194560K, used 11585K [0x0000000742000000, 0x0000000800000000)
  region size 1024K, 1 young (1024K), 1 survivors (1024K)
 Metaspace       used 13549K, capacity 13973K, committed 14080K, reserved 1060864K
  class space    used 1549K, capacity 1730K, committed 1792K, reserved 1048576K
}
Event: 9.811 GC heap before
{Heap before GC invocations=2 (full 0):
 garbage-first heap   total 194560K, used 45377K [0x0000000742000000, 0x0000000800000000)
  region size 1024K, 25 young (25600K), 1 survivors (1024K)
 Metaspace       used 19648K, capacity 20202K, committed 20480K, reserved 1067008K
  class space    used 2240K, capacity 2443K, committed 2560K, reserved 1048576K
}
Event: 9.814 GC heap after
{Heap after GC invocations=3 (full 0):
 garbage-first heap   total 194560K, used 26132K [0x0000000742000000, 0x0000000800000000)
  region size 1024K, 4 young (4096K), 4 survivors (4096K)
 Metaspace       used 19648K, capacity 20202K, committed 20480K, reserved 1067008K
  class space    used 2240K, capacity 2443K, committed 2560K, reserved 1048576K
}

Deoptimization events (10 events):
Event: 8.996 Thread 0x00000252951dd000 Uncommon trap: reason=unstable_if action=reinterpret pc=0x0000025287af7744 method=sun.awt.image.PNGImageDecoder.filterRow([B[BIII)V @ 4 c2
Event: 8.996 Thread 0x00000252951dd000 Uncommon trap: reason=unstable_if action=reinterpret pc=0x0000025287b01290 method=sun.awt.image.PNGImageDecoder.produceImage()V @ 975 c2
Event: 8.996 Thread 0x00000252951dd000 Uncommon trap: reason=unstable_if action=reinterpret pc=0x0000025287b16a74 method=sun.awt.image.ImageRepresentation.getOpaqueRGBImage()Ljava/awt/image/BufferedImage; @ 71 c2
Event: 9.045 Thread 0x0000025294c1b800 Uncommon trap: reason=unstable_if action=reinterpret pc=0x0000025287affca8 method=java.lang.Math.round(F)I @ 36 c2
Event: 9.592 Thread 0x00000252951dd000 Uncommon trap: reason=unstable_if action=reinterpret pc=0x0000025287b0b328 method=java.awt.image.AreaAveragingScaleFilter.accumPixels(IIIILjava/awt/image/ColorModel;Ljava/lang/Object;II)V @ 4 c2
Event: 9.592 Thread 0x00000252951dd000 Uncommon trap: reason=unstable_if action=reinterpret pc=0x0000025287b04454 method=java.awt.image.AreaAveragingScaleFilter.accumPixels(IIIILjava/awt/image/ColorModel;Ljava/lang/Object;II)V @ 183 c2
Event: 9.808 Thread 0x00000252951dd000 Uncommon trap: reason=profile_predicate action=maybe_recompile pc=0x0000025287b9d9d8 method=java.awt.image.AreaAveragingScaleFilter.accumPixels(IIIILjava/awt/image/ColorModel;Ljava/lang/Object;II)V @ 52 c2
Event: 9.809 Thread 0x00000252951dd000 Uncommon trap: reason=profile_predicate action=maybe_recompile pc=0x0000025287b9d9d8 method=java.awt.image.AreaAveragingScaleFilter.accumPixels(IIIILjava/awt/image/ColorModel;Ljava/lang/Object;II)V @ 52 c2
Event: 9.809 Thread 0x00000252951dd000 Uncommon trap: reason=profile_predicate action=maybe_recompile pc=0x0000025287b9d9d8 method=java.awt.image.AreaAveragingScaleFilter.accumPixels(IIIILjava/awt/image/ColorModel;Ljava/lang/Object;II)V @ 52 c2
Event: 9.810 Thread 0x00000252951dd000 Uncommon trap: reason=profile_predicate action=maybe_recompile pc=0x0000025287b9d9d8 method=java.awt.image.AreaAveragingScaleFilter.accumPixels(IIIILjava/awt/image/ColorModel;Ljava/lang/Object;II)V @ 52 c2

Classes redefined (0 events):
No events

Internal exceptions (10 events):
Event: 8.376 Thread 0x0000025294c1b800 Exception <a 'java/lang/NoSuchMethodError'{0x000000074d75bc20}: java.lang.invoke.DirectMethodHandle$Holder.invokeStaticInit(Ljava/lang/Object;IIII)Ljava/lang/Object;> (0x000000074d75bc20) thrown at [t:/workspace/open/src/hotspot/share/interpreter/linkReso
Event: 8.550 Thread 0x0000025294c1b800 Exception <a 'java/lang/NoSuchMethodError'{0x000000074ddbe2c8}: java.lang.invoke.DirectMethodHandle$Holder.invokeStaticInit(Ljava/lang/Object;Ljava/lang/Object;IIII)Ljava/lang/Object;> (0x000000074ddbe2c8) thrown at [t:/workspace/open/src/hotspot/share/in
Event: 8.581 Thread 0x0000025294c1b800 Exception <a 'java/lang/NoSuchMethodError'{0x000000074dc82510}: java.lang.invoke.DirectMethodHandle$Holder.invokeStaticInit(Ljava/lang/Object;Ljava/lang/Object;Ljava/lang/Object;Ljava/lang/Object;)I> (0x000000074dc82510) thrown at [t:/workspace/open/src/h
Event: 8.582 Thread 0x0000025294c1b800 Exception <a 'java/lang/IncompatibleClassChangeError'{0x000000074dc8b318}: Found class java.lang.Object, but interface was expected> (0x000000074dc8b318) thrown at [t:/workspace/open/src/hotspot/share/interpreter/linkResolver.cpp, line 843]
Event: 8.582 Thread 0x0000025294c1b800 Exception <a 'java/lang/NoSuchMethodError'{0x000000074dc8e5c8}: java.lang.invoke.DirectMethodHandle$Holder.invokeStaticInit(Ljava/lang/Object;Ljava/lang/Object;)V> (0x000000074dc8e5c8) thrown at [t:/workspace/open/src/hotspot/share/interpreter/linkResolve
Event: 8.584 Thread 0x0000025294c1b800 Exception <a 'java/lang/NoSuchMethodError'{0x000000074dc93d00}: java.lang.invoke.DirectMethodHandle$Holder.invokeStaticInit(Ljava/lang/Object;Ljava/lang/Object;)I> (0x000000074dc93d00) thrown at [t:/workspace/open/src/hotspot/share/interpreter/linkResolve
Event: 8.590 Thread 0x0000025294c1b800 Exception <a 'sun/nio/fs/WindowsException'{0x000000074dcbc3b8}> (0x000000074dcbc3b8) thrown at [t:/workspace/open/src/hotspot/share/prims/jni.cpp, line 615]
Event: 8.591 Thread 0x0000025294c1b800 Exception <a 'java/lang/NoSuchMethodError'{0x000000074dcc3358}: java.lang.invoke.DirectMethodHandle$Holder.invokeSpecialIFC(Ljava/lang/Object;Ljava/lang/Object;I)I> (0x000000074dcc3358) thrown at [t:/workspace/open/src/hotspot/share/interpreter/linkResolv
Event: 8.808 Thread 0x0000025294c1b800 Exception <a 'java/lang/NoSuchMethodError'{0x000000074d8e0dc0}: java.lang.invoke.DirectMethodHandle$Holder.invokeStatic(Ljava/lang/Object;Ljava/lang/Object;Ljava/lang/Object;Ljava/lang/Object;Ljava/lang/Object;Ljava/lang/Object;Ljava/lang/Object;Ljava/lan
Event: 8.811 Thread 0x0000025294c1b800 Exception <a 'java/lang/NoSuchMethodError'{0x000000074d712188}: java.lang.invoke.DelegatingMethodHandle$Holder.reinvoke_L(Ljava/lang/Object;ILjava/lang/Object;II)Ljava/lang/Object;> (0x000000074d712188) thrown at [t:/workspace/open/src/hotspot/share/inter

Events (10 events):
Event: 9.814 Executing VM operation: RevokeBias
Event: 9.814 Executing VM operation: RevokeBias done
Event: 9.814 Executing VM operation: RevokeBias
Event: 9.814 Executing VM operation: RevokeBias done
Event: 9.814 Executing VM operation: RevokeBias
Event: 9.814 Executing VM operation: RevokeBias done
Event: 9.814 Executing VM operation: RevokeBias
Event: 9.815 Executing VM operation: RevokeBias done
Event: 9.815 Executing VM operation: RevokeBias
Event: 9.815 Executing VM operation: RevokeBias done


Dynamic libraries:
0x00007ff76c310000 - 0x00007ff76c31f000 	C:\Program Files\Java\jdk-12.0.2\bin\java.exe
0x00007ff8d4d60000 - 0x00007ff8d4f50000 	C:\Windows\SYSTEM32\ntdll.dll
0x00007ff8d3370000 - 0x00007ff8d3422000 	C:\Windows\System32\KERNEL32.DLL
0x00007ff8d1cf0000 - 0x00007ff8d1f94000 	C:\Windows\System32\KERNELBASE.dll
0x00007ff8d2290000 - 0x00007ff8d238a000 	C:\Windows\System32\ucrtbase.dll
0x00007ff8cd4e0000 - 0x00007ff8cd4f8000 	C:\Program Files\Java\jdk-12.0.2\bin\jli.dll
0x00007ff8c2ba0000 - 0x00007ff8c2bb6000 	C:\Program Files\Java\jdk-12.0.2\bin\VCRUNTIME140.dll
0x00007ff8d44d0000 - 0x00007ff8d4573000 	C:\Windows\System32\ADVAPI32.dll
0x00007ff8d4ab0000 - 0x00007ff8d4b4e000 	C:\Windows\System32\msvcrt.dll
0x00007ff8d4610000 - 0x00007ff8d46a7000 	C:\Windows\System32\sechost.dll
0x00007ff8d3490000 - 0x00007ff8d35b0000 	C:\Windows\System32\RPCRT4.dll
0x00007ff8d48a0000 - 0x00007ff8d4a34000 	C:\Windows\System32\USER32.dll
0x00007ff8d2260000 - 0x00007ff8d2281000 	C:\Windows\System32\win32u.dll
0x00007ff8c1770000 - 0x00007ff8c19f4000 	C:\Windows\WinSxS\amd64_microsoft.windows.common-controls_6595b64144ccf1df_6.0.18362.836_none_e6c4b943130f18ed\COMCTL32.dll
0x00007ff8d4580000 - 0x00007ff8d45a6000 	C:\Windows\System32\GDI32.dll
0x00007ff8d4190000 - 0x00007ff8d44c6000 	C:\Windows\System32\combase.dll
0x00007ff8d24c0000 - 0x00007ff8d2654000 	C:\Windows\System32\gdi32full.dll
0x00007ff8d21c0000 - 0x00007ff8d225e000 	C:\Windows\System32\msvcp_win.dll
0x00007ff8d2140000 - 0x00007ff8d21c0000 	C:\Windows\System32\bcryptPrimitives.dll
0x00007ff8c56b0000 - 0x00007ff8c56ba000 	C:\Windows\SYSTEM32\VERSION.dll
0x00007ff8d2ec0000 - 0x00007ff8d2eee000 	C:\Windows\System32\IMM32.DLL
0x00007ff898360000 - 0x00007ff89840a000 	C:\Program Files\Java\jdk-12.0.2\bin\msvcp140.dll
0x00007ff885c10000 - 0x00007ff886787000 	C:\Program Files\Java\jdk-12.0.2\bin\server\jvm.dll
0x00007ff8d2ef0000 - 0x00007ff8d2ef8000 	C:\Windows\System32\PSAPI.DLL
0x00007ff8c4ee0000 - 0x00007ff8c4ee9000 	C:\Windows\SYSTEM32\WSOCK32.dll
0x00007ff8d4a40000 - 0x00007ff8d4aaf000 	C:\Windows\System32\WS2_32.dll
0x00007ff8cf2c0000 - 0x00007ff8cf2e4000 	C:\Windows\SYSTEM32\WINMM.dll
0x00007ff8cf220000 - 0x00007ff8cf24d000 	C:\Windows\SYSTEM32\WINMMBASE.dll
0x00007ff8d20f0000 - 0x00007ff8d213a000 	C:\Windows\System32\cfgmgr32.dll
0x00007ff8d1ca0000 - 0x00007ff8d1cb1000 	C:\Windows\System32\kernel.appcore.dll
0x00007ff8c2b60000 - 0x00007ff8c2b71000 	C:\Program Files\Java\jdk-12.0.2\bin\verify.dll
0x00007ff8d0530000 - 0x00007ff8d0724000 	C:\Windows\SYSTEM32\DBGHELP.DLL
0x00007ff8b6af0000 - 0x00007ff8b6b1a000 	C:\Windows\SYSTEM32\dbgcore.DLL
0x00007ff8a9b50000 - 0x00007ff8a9b76000 	C:\Program Files\Java\jdk-12.0.2\bin\java.dll
0x00007ff8b3470000 - 0x00007ff8b3487000 	C:\Program Files\Java\jdk-12.0.2\bin\zip.dll
0x00007ff8c38f0000 - 0x00007ff8c38fa000 	C:\Program Files\Java\jdk-12.0.2\bin\jimage.dll
0x00007ff8d3aa0000 - 0x00007ff8d4184000 	C:\Windows\System32\SHELL32.dll
0x00007ff8d2f00000 - 0x00007ff8d2fa9000 	C:\Windows\System32\shcore.dll
0x00007ff8d2690000 - 0x00007ff8d2e0e000 	C:\Windows\System32\windows.storage.dll
0x00007ff8d1cc0000 - 0x00007ff8d1ce3000 	C:\Windows\System32\profapi.dll
0x00007ff8d1c50000 - 0x00007ff8d1c9a000 	C:\Windows\System32\powrprof.dll
0x00007ff8d1c20000 - 0x00007ff8d1c30000 	C:\Windows\System32\UMPDC.dll
0x00007ff8d3430000 - 0x00007ff8d3482000 	C:\Windows\System32\shlwapi.dll
0x00007ff8d24a0000 - 0x00007ff8d24b7000 	C:\Windows\System32\cryptsp.dll
0x00007ff8b31a0000 - 0x00007ff8b31b9000 	C:\Program Files\Java\jdk-12.0.2\bin\net.dll
0x00007ff8c5350000 - 0x00007ff8c5440000 	C:\Windows\SYSTEM32\WINHTTP.dll
0x00007ff8b97c0000 - 0x00007ff8b9996000 	C:\Windows\SYSTEM32\urlmon.dll
0x00007ff8b9330000 - 0x00007ff8b95d6000 	C:\Windows\SYSTEM32\iertutil.dll
0x00007ff8d1660000 - 0x00007ff8d166c000 	C:\Windows\SYSTEM32\CRYPTBASE.DLL
0x00007ff8d1490000 - 0x00007ff8d14f7000 	C:\Windows\system32\mswsock.dll
0x00007ff8a8780000 - 0x00007ff8a8793000 	C:\Program Files\Java\jdk-12.0.2\bin\nio.dll
0x00007ff8974a0000 - 0x00007ff89763f000 	C:\Program Files\Java\jdk-12.0.2\bin\awt.dll
0x00007ff8d46c0000 - 0x00007ff8d4784000 	C:\Windows\System32\OLEAUT32.dll
0x00007ff8cdb60000 - 0x00007ff8ce120000 	C:\Windows\SYSTEM32\d2d1.dll
0x00007ff8cf3e0000 - 0x00007ff8cf46f000 	C:\Windows\SYSTEM32\apphelp.dll
0x00007ff8cfb90000 - 0x00007ff8cfc29000 	C:\Windows\system32\uxtheme.dll
0x00007ff8d2fb0000 - 0x00007ff8d30e6000 	C:\Windows\System32\MSCTF.dll
0x00007ff8d4b50000 - 0x00007ff8d4ca7000 	C:\Windows\System32\ole32.dll
0x00007ff8d0010000 - 0x00007ff8d003d000 	C:\Windows\system32\DWMAPI.DLL
0x00007ff89d490000 - 0x00007ff89d510000 	C:\Program Files\Java\jdk-12.0.2\bin\freetype.dll
0x00007ff897e60000 - 0x00007ff897f0b000 	C:\Program Files\Java\jdk-12.0.2\bin\fontmanager.dll
0x00007ff8bd180000 - 0x00007ff8bd2d6000 	C:\Windows\system32\opengl32.dll
0x00007ff8ba6e0000 - 0x00007ff8ba70c000 	C:\Windows\SYSTEM32\GLU32.dll
0x00007ff8d0900000 - 0x00007ff8d0920000 	C:\Windows\SYSTEM32\dxcore.dll
0x00007ff8d2e10000 - 0x00007ff8d2eb2000 	C:\Windows\System32\clbcatq.dll
0x00007ff8cab20000 - 0x00007ff8caccf000 	C:\Windows\SYSTEM32\WindowsCodecs.dll
0x00007ff8b9660000 - 0x00007ff8b969a000 	C:\Windows\system32\dataexchange.dll
0x00007ff8cea90000 - 0x00007ff8cec6c000 	C:\Windows\system32\dcomp.dll
0x00007ff8ce830000 - 0x00007ff8cea8b000 	C:\Windows\system32\d3d11.dll
0x00007ff8d0920000 - 0x00007ff8d0a0b000 	C:\Windows\system32\dxgi.dll
0x00007ff8cfca0000 - 0x00007ff8cff01000 	C:\Windows\system32\twinapi.appcore.dll
0x00007ff8d0040000 - 0x00007ff8d0069000 	C:\Windows\system32\RMCLIENT.dll
0x00007ff8c24d0000 - 0x00007ff8c256e000 	C:\Windows\System32\TextInputFramework.dll
0x00007ff8cb5a0000 - 0x00007ff8cb8ca000 	C:\Windows\System32\CoreUIComponents.dll
0x00007ff8cefe0000 - 0x00007ff8cf0b4000 	C:\Windows\System32\CoreMessaging.dll
0x00007ff8d0c80000 - 0x00007ff8d0cb1000 	C:\Windows\SYSTEM32\ntmarta.dll
0x00007ff8cce50000 - 0x00007ff8ccfa3000 	C:\Windows\SYSTEM32\wintypes.dll
0x00007ff8a8760000 - 0x00007ff8a8776000 	C:\Windows\system32\napinsp.dll
0x00007ff8a41b0000 - 0x00007ff8a41ca000 	C:\Windows\system32\pnrpnsp.dll
0x00007ff8d11e0000 - 0x00007ff8d12ab000 	C:\Windows\SYSTEM32\DNSAPI.dll
0x00007ff8d4790000 - 0x00007ff8d4798000 	C:\Windows\System32\NSI.dll
0x00007ff8d11a0000 - 0x00007ff8d11da000 	C:\Windows\SYSTEM32\IPHLPAPI.DLL
0x00007ff8c3330000 - 0x00007ff8c333e000 	C:\Windows\System32\winrnr.dll
0x00007ff8cd710000 - 0x00007ff8cd72c000 	C:\Windows\system32\NLAapi.dll
0x00007ff8a2070000 - 0x00007ff8a2085000 	C:\Windows\system32\wshbth.dll
0x00007ff8c5230000 - 0x00007ff8c523a000 	C:\Windows\System32\rasadhlp.dll
0x00007ff8c5ca0000 - 0x00007ff8c5d17000 	C:\Windows\System32\fwpuclnt.dll
0x00007ff8d2660000 - 0x00007ff8d2686000 	C:\Windows\System32\bcrypt.dll
0x00007ff8d1000000 - 0x00007ff8d1033000 	C:\Windows\system32\rsaenh.dll
0x00007ff8d1b40000 - 0x00007ff8d1b65000 	C:\Windows\SYSTEM32\USERENV.dll
0x00007ff8c5ea0000 - 0x00007ff8c5eb6000 	C:\Windows\SYSTEM32\dhcpcsvc6.DLL
0x00007ff8c5e80000 - 0x00007ff8c5e9c000 	C:\Windows\SYSTEM32\dhcpcsvc.DLL
0x00007ff8c3360000 - 0x00007ff8c3387000 	C:\Program Files\Java\jdk-12.0.2\bin\sunec.dll
0x00007ff8cf3a0000 - 0x00007ff8cf3ae000 	C:\Program Files\Java\jdk-12.0.2\bin\sunmscapi.dll
0x00007ff8d1fa0000 - 0x00007ff8d20e9000 	C:\Windows\System32\CRYPT32.dll
0x00007ff8d1c30000 - 0x00007ff8d1c42000 	C:\Windows\System32\MSASN1.dll
0x00007ff8d1760000 - 0x00007ff8d1786000 	C:\Windows\SYSTEM32\ncrypt.dll
0x00007ff8d1720000 - 0x00007ff8d175b000 	C:\Windows\SYSTEM32\NTASN1.dll

dbghelp: loaded successfully - version: 4.0.5 - missing functions: none
symbol engine: initialized successfully - sym options: 0x614 - pdb path: .;C:\Program Files\Java\jdk-12.0.2\bin;C:\Windows\SYSTEM32;C:\Windows\WinSxS\amd64_microsoft.windows.common-controls_6595b64144ccf1df_6.0.18362.836_none_e6c4b943130f18ed;C:\Program Files\Java\jdk-12.0.2\bin\server

VM Arguments:
jvm_args: -Dfile.encoding=UTF-8 -Djava.security.policy=applet.policy 
java_command: cnpm.Login
java_class_path (initial): C:\Users\USER\Desktop\NNLT\JAVA TOOL+CODE\Tool JAVA\mssql-jdbc-7.2.1.jre11.jar;D:\NETBEAN\netbeans\java\modules\ext\AbsoluteLayout.jar;C:\Users\USER\Desktop\NNLT\JAVA TOOL+CODE\Tool JAVA\jdatechooser\DateChooser.jar;C:\Users\USER\Desktop\NNLT\JAVA TOOL+CODE\Tool JAVA\javadate picker\jdatepicker-1.3.2.jar;C:\Users\USER\Desktop\NNLT\JAVA TOOL+CODE\Tool JAVA\ITextSharp\itextpdf-5.4.0.jar;C:\Users\USER\Desktop\NNLT\JAVA TOOL+CODE\Tool JAVA\io\io-7.0.5.jar;C:\Users\USER\Desktop\NNLT\JAVA TOOL+CODE\Tool JAVA\pqScan.PDFtoImage\pqScan.PDFtoImage.jar;C:\Users\USER\Desktop\NNLT\JAVA TOOL+CODE\Tool JAVA\AutoComplete\swingx-all-1.6.4.jar;C:\Users\USER\Documents\NetBeansProjects\cnpm\build\classes
Launcher Type: SUN_STANDARD

[Global flags]
     intx CICompilerCount                          = 3                                         {product} {ergonomic}
     uint ConcGCThreads                            = 1                                         {product} {ergonomic}
     uint G1ConcRefinementThreads                  = 4                                         {product} {ergonomic}
   size_t G1HeapRegionSize                         = 1048576                                   {product} {ergonomic}
    uintx GCDrainStackTargetSize                   = 64                                        {product} {ergonomic}
   size_t InitialHeapSize                          = 199229440                                 {product} {ergonomic}
   size_t MarkStackSize                            = 4194304                                   {product} {ergonomic}
   size_t MaxHeapSize                              = 3187671040                                {product} {ergonomic}
   size_t MaxNewSize                               = 1912602624                                {product} {ergonomic}
   size_t MinHeapDeltaBytes                        = 1048576                                   {product} {ergonomic}
    uintx NonNMethodCodeHeapSize                   = 5830732                                {pd product} {ergonomic}
    uintx NonProfiledCodeHeapSize                  = 122913754                              {pd product} {ergonomic}
    uintx ProfiledCodeHeapSize                     = 122913754                              {pd product} {ergonomic}
    uintx ReservedCodeCacheSize                    = 251658240                              {pd product} {ergonomic}
     bool SegmentedCodeCache                       = true                                      {product} {ergonomic}
     bool UseCompressedClassPointers               = true                                 {lp64_product} {ergonomic}
     bool UseCompressedOops                        = true                                 {lp64_product} {ergonomic}
     bool UseG1GC                                  = true                                      {product} {ergonomic}
     bool UseLargePagesIndividualAllocation        = false                                  {pd product} {ergonomic}

Logging:
Log output configuration:
 #0: stdout all=warning uptime,level,tags
 #1: stderr all=off uptime,level,tags

Environment Variables:
JAVA_HOME=C:\Program Files\Java\jdk-12.0.2
PATH=C:\Program Files (x86)\Common Files\Oracle\Java\javapath;C:\Program Files (x86)\Intel\Intel(R) Management Engine Components\iCLS\;C:\Program Files\Intel\Intel(R) Management Engine Components\iCLS\;C:\Windows\system32;C:\Windows;C:\Windows\System32\Wbem;C:\Windows\System32\WindowsPowerShell\v1.0\;C:\Windows\System32\OpenSSH\;C:\Program Files (x86)\Intel\Intel(R) Management Engine Components\DAL;C:\Program Files\Intel\Intel(R) Management Engine Components\DAL;C:\Program Files (x86)\Intel\Intel(R) Management Engine Components\IPT;C:\Program Files\Intel\Intel(R) Management Engine Components\IPT;C:\Program Files\Intel\WiFi\bin\;C:\Program Files\Common Files\Intel\WirelessCommon\;C:\Program Files\Java\jdk-12.0.2\bin;C:\Program Files\Microsoft SQL Server\110\Tools\Binn\;C:\Program Files (x86)\Microsoft SQL Server\110\Tools\Binn\;C:\Program Files\Microsoft SQL Server\110\DTS\Binn\;C:\Program Files (x86)\Microsoft SQL Server\110\Tools\Binn\ManagementStudio\;C:\Program Files (x86)\Microsoft Visual Studio 10.0\Common7\IDE\PrivateAssemblies\;C:\Program Files (x86)\Microsoft SQL Server\110\DTS\Binn\;C:\Users\USER\Documents\OpenSSL\OpenSSL-Win64\bin;C:\Program Files\OpenSSL-Win64\bin;C:\Users\USER\Downloads\New folder\New folder\bin;C:\Users\USER\AppData\Local\Microsoft\WindowsApps;C:\Program Files\Intel\WiFi\bin\;C:\Program Files\Common Files\Intel\WirelessCommon\
USERNAME=USER
OS=Windows_NT
PROCESSOR_IDENTIFIER=Intel64 Family 6 Model 142 Stepping 9, GenuineIntel



---------------  S Y S T E M  ---------------

OS: Windows 10 , 64 bit Build 18362 (10.0.18362.778)

CPU:total 4 (initial active 4) (2 cores per cpu, 2 threads per core) family 6 model 142 stepping 9, cmov, cx8, fxsr, mmx, sse, sse2, sse3, ssse3, sse4.1, sse4.2, popcnt, avx, avx2, aes, clmul, erms, 3dnowpref, lzcnt, ht, tsc, tscinvbit, bmi1, bmi2, adx, fma

Memory: 4k page, system-wide physical 12153M (4664M free)
TotalPageFile size 28176M (AvailPageFile size 4M)
current process WorkingSet (physical memory assigned to process): 143M, peak: 143M
current process commit charge ("private bytes"): 313M, peak: 313M

vm_info: Java HotSpot(TM) 64-Bit Server VM (12.0.2+10) for windows-amd64 JRE (12.0.2+10), built on Jul 16 2019 01:56:17 by "mach5one" with MS VC++ 15.5 (VS2017)

END.
