#
# There is insufficient memory for the Java Runtime Environment to continue.
# Native memory allocation (malloc) failed to allocate 1800816 bytes for Chunk::new
# Possible reasons:
#   The system is out of physical RAM or swap space
#   The process is running with CompressedOops enabled, and the Java Heap may be blocking the growth of the native heap
# Possible solutions:
#   Reduce memory load on the system
#   Increase physical memory or swap space
#   Check if swap backing store is full
#   Decrease Java heap size (-Xmx/-Xms)
#   Decrease number of Java threads
#   Decrease Java thread stack sizes (-Xss)
#   Set larger code cache with -XX:ReservedCodeCacheSize=
#   JVM is running with Zero Based Compressed Oops mode in which the Java heap is
#     placed in the first 32GB address space. The Java Heap base address is the
#     maximum limit for the native heap growth. Please use -XX:HeapBaseMinAddress
#     to set the Java Heap base and to place the Java Heap above 32GB virtual address.
# This output file may be truncated or incomplete.
#
#  Out of Memory Error (t:/workspace/open/src/hotspot/share/memory/arena.cpp:197), pid=14316, tid=6792
#
# JRE version: Java(TM) SE Runtime Environment (12.0.2+10) (build 12.0.2+10)
# Java VM: Java HotSpot(TM) 64-Bit Server VM (12.0.2+10, mixed mode, sharing, tiered, compressed oops, g1 gc, windows-amd64)
# No core dump will be written. Minidumps are not enabled by default on client versions of Windows
#

---------------  S U M M A R Y ------------

Command Line: -Dapplication.home=C:\Program Files\Java\jdk-12.0.2 --add-modules=ALL-DEFAULT -Xms8m -Djdk.module.main=jdk.compiler jdk.compiler/com.sun.tools.javac.Main -d C:\Users\USER\Documents\NetBeansProjects\cnpm\build\classes -classpath C:\Users\USER\Documents\NetBeansProjects\cnpm\build\classes;C:\Users\USER\Desktop\NNLT\JAVA TOOL+CODE\Tool JAVA\mssql-jdbc-7.2.1.jre11.jar;D:\NETBEAN\netbeans\java\modules\ext\AbsoluteLayout.jar;C:\Users\USER\Desktop\NNLT\JAVA TOOL+CODE\Tool JAVA\jdatechooser\DateChooser.jar;C:\Users\USER\Desktop\NNLT\JAVA TOOL+CODE\Tool JAVA\javadate picker\jdatepicker-1.3.2.jar;C:\Users\USER\Desktop\NNLT\JAVA TOOL+CODE\Tool JAVA\ITextSharp\itextpdf-5.4.0.jar;C:\Users\USER\Desktop\NNLT\JAVA TOOL+CODE\Tool JAVA\io\io-7.0.5.jar;C:\Users\USER\Desktop\NNLT\JAVA TOOL+CODE\Tool JAVA\pqScan.PDFtoImage\pqScan.PDFtoImage.jar;C:\Users\USER\Desktop\NNLT\JAVA TOOL+CODE\Tool JAVA\AutoComplete\swingx-all-1.6.4.jar -sourcepath C:\Users\USER\Documents\NetBeansProjects\cnpm\src -target 12 -encoding UTF-8 -g -processorpath C:\Users\USER\Desktop\NNLT\JAVA TOOL+CODE\Tool JAVA\mssql-jdbc-7.2.1.jre11.jar;D:\NETBEAN\netbeans\java\modules\ext\AbsoluteLayout.jar;C:\Users\USER\Desktop\NNLT\JAVA TOOL+CODE\Tool JAVA\jdatechooser\DateChooser.jar;C:\Users\USER\Desktop\NNLT\JAVA TOOL+CODE\Tool JAVA\javadate picker\jdatepicker-1.3.4.jar;C:\Users\USER\Desktop\NNLT\JAVA TOOL+CODE\Tool JAVA\javadate picker\jdatepicker-1.3.2.jar;C:\Users\USER\Downloads\New folder\New folder\AbsoluteLayout.jar;C:\Users\USER\Downloads\New folder\New folder\commons-beanutils-1.8.2.jar;C:\Users\USER\Downloads\New folder\New folder\groovy-all-1.7.5.jar;C:\Users\USER\Downloads\New folder\New folder\jasperreports-4.0.2.jar;C:\Users\USER\Downloads\New folder\New folder\swingx-all-1.6.4.jar;C:\Users\USER\Downloads\New folder\New folder\sqljdbc4.jar;C:\Users\USER\Desktop\NNLT\JAVA TOOL+CODE\Tool JAVA\ITextSharp\itextpdf-5.4.0.jar;C:\Users\USER\Desktop\NNLT\JAVA TOOL+CODE\Tool JAVA\io\io-7.0.5.jar;C:\Users\USER\Desktop\NNLT\JAVA TOOL+CODE\Tool JAVA\pqScan.PDFtoImage\pqScan.PDFtoImage.jar;C:\Users\USER\Desktop\NNLT\JAVA TOOL+CODE\Tool JAVA\AutoComplete\swingx-all-1.6.4.jar;C:\Users\USER\Documents\NetBeansProjects\cnpm\build\empty -s C:\Users\USER\Documents\NetBeansProjects\cnpm\build\generated-sources\ap-source-output -source 12 C:\Users\USER\Documents\NetBeansProjects\cnpm\src\cnpm\Login.java

Host: Intel(R) Core(TM) i7-7500U CPU @ 2.70GHz, 4 cores, 11G,  Windows 10 , 64 bit Build 18362 (10.0.18362.778)
Time: Fri Jun  5 16:37:46 2020 SE Asia Standard Time elapsed time: 1 seconds (0d 0h 0m 1s)

---------------  T H R E A D  ---------------

Current thread (0x000002b9b204d000):  JavaThread "C2 CompilerThread0" daemon [_thread_in_native, id=6792, stack(0x000000f8a9300000,0x000000f8a9400000)]


Current CompileTask:
C2:   1564 1927       4       com.sun.tools.javac.code.Symtab::lookupPackage (243 bytes)

Stack: [0x000000f8a9300000,0x000000f8a9400000]
Native frames: (J=compiled Java code, j=interpreted, Vv=VM code, C=native code)
V  [jvm.dll+0x63aa2a]
V  [jvm.dll+0x78ce1e]
V  [jvm.dll+0x78e4c1]
V  [jvm.dll+0x78eb13]
V  [jvm.dll+0x2627e8]
V  [jvm.dll+0xc55cc]
V  [jvm.dll+0xc5b4c]
V  [jvm.dll+0x37a632]
V  [jvm.dll+0x3463d3]
V  [jvm.dll+0x34579a]
V  [jvm.dll+0x21c205]
V  [jvm.dll+0x21b3da]
V  [jvm.dll+0x199a20]
V  [jvm.dll+0x22a744]
V  [jvm.dll+0x228d98]
V  [jvm.dll+0x7512a0]
V  [jvm.dll+0x74a2c8]
V  [jvm.dll+0x639b16]
C  [ucrtbase.dll+0x20e82]
C  [KERNEL32.DLL+0x17bd4]
C  [ntdll.dll+0x6ce51]


---------------  P R O C E S S  ---------------

Threads class SMR info:
_java_thread_list=0x000002b9b2bf82e0, length=11, elements={
0x000002b9916f0000, 0x000002b9917bb800, 0x000002b9b202f000, 0x000002b9b2049000,
0x000002b9b204a000, 0x000002b9b204d000, 0x000002b9b2053800, 0x000002b9b2061800,
0x000002b9b2a82000, 0x000002b9b2ad1000, 0x000002b9b2c2f800
}

Java Threads: ( => current thread )
  0x000002b9916f0000 JavaThread "main" [_thread_in_vm, id=12948, stack(0x000000f8a8800000,0x000000f8a8900000)]
  0x000002b9917bb800 JavaThread "Reference Handler" daemon [_thread_blocked, id=16184, stack(0x000000f8a8f00000,0x000000f8a9000000)]
  0x000002b9b202f000 JavaThread "Finalizer" daemon [_thread_blocked, id=23836, stack(0x000000f8a9000000,0x000000f8a9100000)]
  0x000002b9b2049000 JavaThread "Signal Dispatcher" daemon [_thread_blocked, id=21024, stack(0x000000f8a9100000,0x000000f8a9200000)]
  0x000002b9b204a000 JavaThread "Attach Listener" daemon [_thread_blocked, id=8352, stack(0x000000f8a9200000,0x000000f8a9300000)]
=>0x000002b9b204d000 JavaThread "C2 CompilerThread0" daemon [_thread_in_native, id=6792, stack(0x000000f8a9300000,0x000000f8a9400000)]
  0x000002b9b2053800 JavaThread "C1 CompilerThread0" daemon [_thread_blocked, id=14896, stack(0x000000f8a9400000,0x000000f8a9500000)]
  0x000002b9b2061800 JavaThread "Sweeper thread" daemon [_thread_blocked, id=8580, stack(0x000000f8a9500000,0x000000f8a9600000)]
  0x000002b9b2a82000 JavaThread "Common-Cleaner" daemon [_thread_blocked, id=23768, stack(0x000000f8a9600000,0x000000f8a9700000)]
  0x000002b9b2ad1000 JavaThread "Service Thread" daemon [_thread_blocked, id=14012, stack(0x000000f8a9700000,0x000000f8a9800000)]
  0x000002b9b2c2f800 JavaThread "C2 CompilerThread1" daemon [_thread_in_native, id=4212, stack(0x000000f8a9a00000,0x000000f8a9b00000)]

Other Threads:
  0x000002b9917ba000 VMThread "VM Thread" [stack: 0x000000f8a8e00000,0x000000f8a8f00000] [id=22504]
  0x000002b9b2ae0800 WatcherThread [stack: 0x000000f8a9800000,0x000000f8a9900000] [id=7244]
  0x000002b99173f800 GCTaskThread "GC Thread#0" [stack: 0x000000f8a8900000,0x000000f8a8a00000] [id=17436]
  0x000002b9b2d68800 GCTaskThread "GC Thread#1" [stack: 0x000000f8a9900000,0x000000f8a9a00000] [id=4384]
  0x000002b991753000 ConcurrentGCThread "G1 Main Marker" [stack: 0x000000f8a8a00000,0x000000f8a8b00000] [id=4220]
  0x000002b991755000 ConcurrentGCThread "G1 Conc#0" [stack: 0x000000f8a8b00000,0x000000f8a8c00000] [id=20352]
  0x000002b991775000 ConcurrentGCThread "G1 Refine#0" [stack: 0x000000f8a8c00000,0x000000f8a8d00000] [id=10252]
  0x000002b991776000 ConcurrentGCThread "G1 Young RemSet Sampling" [stack: 0x000000f8a8d00000,0x000000f8a8e00000] [id=13888]

Threads with active compile tasks:
C2 CompilerThread0  1927       4       com.sun.tools.javac.code.Symtab::lookupPackage (243 bytes)
C2 CompilerThread1  2097       4       com.sun.tools.javac.code.Types$16::visitClassType (10 bytes)

VM state:not at safepoint (normal execution)

VM Mutex/Monitor currently owned by a thread: None

Heap address: 0x0000000742000000, size: 3040 MB, Compressed Oops mode: Zero based, Oop shift amount: 3
Narrow klass base: 0x0000000800000000, Narrow klass shift: 3
Compressed class space size: 1073741824 Address: 0x0000000801190000

Heap:
 garbage-first heap   total 55296K, used 13644K [0x0000000742000000, 0x0000000800000000)
  region size 1024K, 2 young (2048K), 1 survivors (1024K)
 Metaspace       used 10384K, capacity 12929K, committed 13056K, reserved 1060864K
  class space    used 1141K, capacity 1458K, committed 1536K, reserved 1048576K
Heap Regions: E=young(eden), S=young(survivor), O=old, HS=humongous(starts), HC=humongous(continues), CS=collection set, F=free, A=archive, TAMS=top-at-mark-start (previous, next)
|   0|0x0000000742000000, 0x0000000742100000, 0x0000000742100000|100%| O|  |TAMS 0x0000000742100000, 0x0000000742000000| Untracked 
|   1|0x0000000742100000, 0x0000000742200000, 0x0000000742200000|100%| O|  |TAMS 0x0000000742200000, 0x0000000742100000| Untracked 
|   2|0x0000000742200000, 0x0000000742300000, 0x0000000742300000|100%| O|  |TAMS 0x0000000742300000, 0x0000000742200000| Untracked 
|   3|0x0000000742300000, 0x0000000742400000, 0x0000000742400000|100%| O|  |TAMS 0x0000000742400000, 0x0000000742300000| Untracked 
|   4|0x0000000742400000, 0x0000000742500000, 0x0000000742500000|100%| O|  |TAMS 0x0000000742467c00, 0x0000000742400000| Untracked 
|   5|0x0000000742500000, 0x0000000742600000, 0x0000000742600000|100%| O|  |TAMS 0x0000000742500000, 0x0000000742500000| Untracked 
|   6|0x0000000742600000, 0x0000000742700000, 0x0000000742700000|100%| O|  |TAMS 0x0000000742600000, 0x0000000742600000| Untracked 
|   7|0x0000000742700000, 0x0000000742800000, 0x0000000742800000|100%| O|  |TAMS 0x0000000742700000, 0x0000000742700000| Untracked 
|   8|0x0000000742800000, 0x0000000742900000, 0x0000000742900000|100%| O|  |TAMS 0x0000000742800000, 0x0000000742800000| Untracked 
|   9|0x0000000742900000, 0x0000000742a00000, 0x0000000742a00000|100%| O|  |TAMS 0x0000000742900000, 0x0000000742900000| Untracked 
|  10|0x0000000742a00000, 0x0000000742b00000, 0x0000000742b00000|100%|HS|  |TAMS 0x0000000742a00000, 0x0000000742a00000| Complete 
|  11|0x0000000742b00000, 0x0000000742c00000, 0x0000000742c00000|100%| O|  |TAMS 0x0000000742b00000, 0x0000000742b00000| Untracked 
|  12|0x0000000742c00000, 0x0000000742c90e00, 0x0000000742d00000| 56%| O|  |TAMS 0x0000000742c00000, 0x0000000742c00000| Untracked 
|  13|0x0000000742d00000, 0x0000000742d00000, 0x0000000742e00000|  0%| F|  |TAMS 0x0000000742d00000, 0x0000000742d00000| Untracked 
|  14|0x0000000742e00000, 0x0000000742e00000, 0x0000000742f00000|  0%| F|  |TAMS 0x0000000742e00000, 0x0000000742e00000| Untracked 
|  15|0x0000000742f00000, 0x0000000742f00000, 0x0000000743000000|  0%| F|  |TAMS 0x0000000742f00000, 0x0000000742f00000| Untracked 
|  16|0x0000000743000000, 0x0000000743000000, 0x0000000743100000|  0%| F|  |TAMS 0x0000000743000000, 0x0000000743000000| Untracked 
|  17|0x0000000743100000, 0x0000000743100000, 0x0000000743200000|  0%| F|  |TAMS 0x0000000743100000, 0x0000000743100000| Untracked 
|  18|0x0000000743200000, 0x0000000743200000, 0x0000000743300000|  0%| F|  |TAMS 0x0000000743200000, 0x0000000743200000| Untracked 
|  19|0x0000000743300000, 0x0000000743300000, 0x0000000743400000|  0%| F|  |TAMS 0x0000000743300000, 0x0000000743300000| Untracked 
|  20|0x0000000743400000, 0x0000000743400000, 0x0000000743500000|  0%| F|  |TAMS 0x0000000743400000, 0x0000000743400000| Untracked 
|  21|0x0000000743500000, 0x00000007435c2380, 0x0000000743600000| 75%| S|CS|TAMS 0x0000000743500000, 0x0000000743500000| Complete 
|  22|0x0000000743600000, 0x0000000743600000, 0x0000000743700000|  0%| F|  |TAMS 0x0000000743600000, 0x0000000743600000| Untracked 
|  23|0x0000000743700000, 0x0000000743700000, 0x0000000743800000|  0%| F|  |TAMS 0x0000000743700000, 0x0000000743700000| Untracked 
|  24|0x0000000743800000, 0x0000000743800000, 0x0000000743900000|  0%| F|  |TAMS 0x0000000743800000, 0x0000000743800000| Untracked 
|  25|0x0000000743900000, 0x0000000743900000, 0x0000000743a00000|  0%| F|  |TAMS 0x0000000743900000, 0x0000000743900000| Untracked 
|  26|0x0000000743a00000, 0x0000000743a00000, 0x0000000743b00000|  0%| F|  |TAMS 0x0000000743a00000, 0x0000000743a00000| Untracked 
|  27|0x0000000743b00000, 0x0000000743b00000, 0x0000000743c00000|  0%| F|  |TAMS 0x0000000743b00000, 0x0000000743b00000| Untracked 
|  28|0x0000000743c00000, 0x0000000743c00000, 0x0000000743d00000|  0%| F|  |TAMS 0x0000000743c00000, 0x0000000743c00000| Untracked 
|  29|0x0000000743d00000, 0x0000000743d00000, 0x0000000743e00000|  0%| F|  |TAMS 0x0000000743d00000, 0x0000000743d00000| Untracked 
|  30|0x0000000743e00000, 0x0000000743e00000, 0x0000000743f00000|  0%| F|  |TAMS 0x0000000743e00000, 0x0000000743e00000| Untracked 
|  31|0x0000000743f00000, 0x0000000743f00000, 0x0000000744000000|  0%| F|  |TAMS 0x0000000743f00000, 0x0000000743f00000| Untracked 
|  32|0x0000000744000000, 0x0000000744000000, 0x0000000744100000|  0%| F|  |TAMS 0x0000000744000000, 0x0000000744000000| Untracked 
|  33|0x0000000744100000, 0x0000000744100000, 0x0000000744200000|  0%| F|  |TAMS 0x0000000744100000, 0x0000000744100000| Untracked 
|  34|0x0000000744200000, 0x0000000744200000, 0x0000000744300000|  0%| F|  |TAMS 0x0000000744200000, 0x0000000744200000| Untracked 
|  35|0x0000000744300000, 0x0000000744300000, 0x0000000744400000|  0%| F|  |TAMS 0x0000000744300000, 0x0000000744300000| Untracked 
|  36|0x0000000744400000, 0x0000000744400000, 0x0000000744500000|  0%| F|  |TAMS 0x0000000744400000, 0x0000000744400000| Untracked 
|  37|0x0000000744500000, 0x0000000744500000, 0x0000000744600000|  0%| F|  |TAMS 0x0000000744500000, 0x0000000744500000| Untracked 
|  38|0x0000000744600000, 0x0000000744600000, 0x0000000744700000|  0%| F|  |TAMS 0x0000000744600000, 0x0000000744600000| Untracked 
|  39|0x0000000744700000, 0x0000000744700000, 0x0000000744800000|  0%| F|  |TAMS 0x0000000744700000, 0x0000000744700000| Untracked 
|  40|0x0000000744800000, 0x0000000744800000, 0x0000000744900000|  0%| F|  |TAMS 0x0000000744800000, 0x0000000744800000| Untracked 
|  41|0x0000000744900000, 0x0000000744900000, 0x0000000744a00000|  0%| F|  |TAMS 0x0000000744900000, 0x0000000744900000| Untracked 
|  42|0x0000000744a00000, 0x0000000744a00000, 0x0000000744b00000|  0%| F|  |TAMS 0x0000000744a00000, 0x0000000744a00000| Untracked 
|  43|0x0000000744b00000, 0x0000000744b00000, 0x0000000744c00000|  0%| F|  |TAMS 0x0000000744b00000, 0x0000000744b00000| Untracked 
|  44|0x0000000744c00000, 0x0000000744c00000, 0x0000000744d00000|  0%| F|  |TAMS 0x0000000744c00000, 0x0000000744c00000| Untracked 
|  45|0x0000000744d00000, 0x0000000744d00000, 0x0000000744e00000|  0%| F|  |TAMS 0x0000000744d00000, 0x0000000744d00000| Untracked 
|  46|0x0000000744e00000, 0x0000000744e00000, 0x0000000744f00000|  0%| F|  |TAMS 0x0000000744e00000, 0x0000000744e00000| Untracked 
|  47|0x0000000744f00000, 0x0000000744f00000, 0x0000000745000000|  0%| F|  |TAMS 0x0000000744f00000, 0x0000000744f00000| Untracked 
|  48|0x0000000745000000, 0x0000000745000000, 0x0000000745100000|  0%| F|  |TAMS 0x0000000745000000, 0x0000000745000000| Untracked 
|  49|0x0000000745100000, 0x0000000745100000, 0x0000000745200000|  0%| F|  |TAMS 0x0000000745100000, 0x0000000745100000| Untracked 
|  50|0x0000000745200000, 0x0000000745200000, 0x0000000745300000|  0%| F|  |TAMS 0x0000000745200000, 0x0000000745200000| Untracked 
|  51|0x0000000745300000, 0x0000000745300000, 0x0000000745400000|  0%| F|  |TAMS 0x0000000745300000, 0x0000000745300000| Untracked 
|  52|0x0000000745400000, 0x0000000745400000, 0x0000000745500000|  0%| F|  |TAMS 0x0000000745400000, 0x0000000745400000| Untracked 
|  53|0x0000000745500000, 0x000000074557aa20, 0x0000000745600000| 47%| E|  |TAMS 0x0000000745500000, 0x0000000745500000| Complete 

Card table byte_map: [0x000002b9a90e0000,0x000002b9a96d0000] _byte_map_base: 0x000002b9a56d0000

Marking Bits (Prev, Next): (CMBitMap*) 0x000002b9917405b8, (CMBitMap*) 0x000002b991740578
 Prev Bits: [0x000002b9acc40000, 0x000002b9afbc0000)
 Next Bits: [0x000002b9a9cc0000, 0x000002b9acc40000)

Polling page: 0x000002b98f5d0000

Metaspace:

Usage:
  Non-class:     11.20 MB capacity,     9.03 MB ( 81%) used,     2.14 MB ( 19%) free+waste,    30.88 KB ( <1%) overhead. 
      Class:      1.42 MB capacity,     1.12 MB ( 78%) used,   301.43 KB ( 21%) free+waste,    14.38 KB ( <1%) overhead. 
       Both:     12.63 MB capacity,    10.15 MB ( 80%) used,     2.44 MB ( 19%) free+waste,    45.25 KB ( <1%) overhead. 

Virtual space:
  Non-class space:       12.00 MB reserved,      11.25 MB ( 94%) committed 
      Class space:        1.00 GB reserved,       1.50 MB ( <1%) committed 
             Both:        1.01 GB reserved,      12.75 MB (  1%) committed 

Chunk freelists:
   Non-Class:  6.13 KB
       Class:  1.75 KB
        Both:  7.88 KB

CodeHeap 'non-profiled nmethods': size=120064Kb used=766Kb max_used=766Kb free=119297Kb
 bounds [0x000002b9a15b0000, 0x000002b9a1820000, 0x000002b9a8af0000]
CodeHeap 'profiled nmethods': size=120000Kb used=5383Kb max_used=5383Kb free=114616Kb
 bounds [0x000002b99a080000, 0x000002b99a5d0000, 0x000002b9a15b0000]
CodeHeap 'non-nmethods': size=5696Kb used=1121Kb max_used=1146Kb free=4574Kb
 bounds [0x000002b999af0000, 0x000002b999d60000, 0x000002b99a080000]
 total_blobs=3146 nmethods=2207 adapters=336
 compilation: enabled
              stopped_count=0, restarted_count=0
 full_count=0

Compilation events (10 events):
Event: 1.559 Thread 0x000002b9b2053800 nmethod 2208 0x000002b99a5bc210 code [0x000002b99a5bc400, 0x000002b99a5bc6f0]
Event: 1.559 Thread 0x000002b9b2053800 2209       2       com.sun.tools.javac.jvm.Target::hasNestmateAccess (16 bytes)
Event: 1.559 Thread 0x000002b9b2053800 nmethod 2209 0x000002b99a5bc890 code [0x000002b99a5bca60, 0x000002b99a5bcc10]
Event: 1.559 Thread 0x000002b9b2053800 2211       2       com.sun.tools.javac.comp.Lower::boxIfNeeded (107 bytes)
Event: 1.560 Thread 0x000002b9b2053800 nmethod 2211 0x000002b99a5bcc90 code [0x000002b99a5bcf40, 0x000002b99a5bd670]
Event: 1.560 Thread 0x000002b9b2053800 2210       2       com.sun.tools.javac.comp.Lower::translate (22 bytes)
Event: 1.560 Thread 0x000002b9b2053800 nmethod 2210 0x000002b99a5bdb90 code [0x000002b99a5bdd60, 0x000002b99a5bdfa0]
Event: 1.560 Thread 0x000002b9b2053800 2213       2       com.sun.tools.javac.comp.Lower::needsProtectedAccess (153 bytes)
Event: 1.561 Thread 0x000002b9b2053800 nmethod 2213 0x000002b99a5be090 code [0x000002b99a5be2e0, 0x000002b99a5be900]
Event: 1.561 Thread 0x000002b9b2053800 2214       2       com.sun.tools.javac.comp.Lower::visitSelect (258 bytes)

GC Heap History (10 events):
Event: 1.023 GC heap before
{Heap before GC invocations=18 (full 0):
 garbage-first heap   total 18432K, used 11616K [0x0000000742000000, 0x0000000800000000)
  region size 1024K, 4 young (4096K), 1 survivors (1024K)
 Metaspace       used 8921K, capacity 11465K, committed 11648K, reserved 1058816K
  class space    used 1017K, capacity 1316K, committed 1408K, reserved 1048576K
}
Event: 1.025 GC heap after
{Heap after GC invocations=19 (full 0):
 garbage-first heap   total 27648K, used 9164K [0x0000000742000000, 0x0000000800000000)
  region size 1024K, 1 young (1024K), 1 survivors (1024K)
 Metaspace       used 8921K, capacity 11465K, committed 11648K, reserved 1058816K
  class space    used 1017K, capacity 1316K, committed 1408K, reserved 1048576K
}
Event: 1.048 GC heap before
{Heap before GC invocations=19 (full 0):
 garbage-first heap   total 27648K, used 14284K [0x0000000742000000, 0x0000000800000000)
  region size 1024K, 6 young (6144K), 1 survivors (1024K)
 Metaspace       used 8926K, capacity 11465K, committed 11648K, reserved 1058816K
  class space    used 1017K, capacity 1316K, committed 1408K, reserved 1048576K
}
Event: 1.051 GC heap after
{Heap after GC invocations=20 (full 0):
 garbage-first heap   total 27648K, used 9918K [0x0000000742000000, 0x0000000800000000)
  region size 1024K, 1 young (1024K), 1 survivors (1024K)
 Metaspace       used 8926K, capacity 11465K, committed 11648K, reserved 1058816K
  class space    used 1017K, capacity 1316K, committed 1408K, reserved 1048576K
}
Event: 1.133 GC heap before
{Heap before GC invocations=20 (full 0):
 garbage-first heap   total 27648K, used 16062K [0x0000000742000000, 0x0000000800000000)
  region size 1024K, 7 young (7168K), 1 survivors (1024K)
 Metaspace       used 9358K, capacity 11956K, committed 12160K, reserved 1060864K
  class space    used 1063K, capacity 1371K, committed 1408K, reserved 1048576K
}
Event: 1.138 GC heap after
{Heap after GC invocations=21 (full 0):
 garbage-first heap   total 27648K, used 11050K [0x0000000742000000, 0x0000000800000000)
  region size 1024K, 1 young (1024K), 1 survivors (1024K)
 Metaspace       used 9358K, capacity 11956K, committed 12160K, reserved 1060864K
  class space    used 1063K, capacity 1371K, committed 1408K, reserved 1048576K
}
Event: 1.338 GC heap before
{Heap before GC invocations=21 (full 0):
 garbage-first heap   total 27648K, used 18218K [0x0000000742000000, 0x0000000800000000)
  region size 1024K, 7 young (7168K), 1 survivors (1024K)
 Metaspace       used 9766K, capacity 12358K, committed 12544K, reserved 1060864K
  class space    used 1089K, capacity 1419K, committed 1536K, reserved 1048576K
}
Event: 1.343 GC heap after
{Heap after GC invocations=22 (full 0):
 garbage-first heap   total 27648K, used 12879K [0x0000000742000000, 0x0000000800000000)
  region size 1024K, 1 young (1024K), 1 survivors (1024K)
 Metaspace       used 9766K, capacity 12358K, committed 12544K, reserved 1060864K
  class space    used 1089K, capacity 1419K, committed 1536K, reserved 1048576K
}
Event: 1.540 GC heap before
{Heap before GC invocations=22 (full 0):
 garbage-first heap   total 27648K, used 17999K [0x0000000742000000, 0x0000000800000000)
  region size 1024K, 6 young (6144K), 1 survivors (1024K)
 Metaspace       used 10185K, capacity 12766K, committed 13056K, reserved 1060864K
  class space    used 1116K, capacity 1425K, committed 1536K, reserved 1048576K
}
Event: 1.545 GC heap after
{Heap after GC invocations=23 (full 0):
 garbage-first heap   total 55296K, used 13644K [0x0000000742000000, 0x0000000800000000)
  region size 1024K, 1 young (1024K), 1 survivors (1024K)
 Metaspace       used 10185K, capacity 12766K, committed 13056K, reserved 1060864K
  class space    used 1116K, capacity 1425K, committed 1536K, reserved 1048576K
}

Deoptimization events (10 events):
Event: 1.188 Thread 0x000002b9916f0000 Uncommon trap: reason=bimorphic_or_optimized_type_check action=maybe_recompile pc=0x000002b9a16481cc method=com.sun.tools.javac.file.BaseFileManager.getKind(Ljava/nio/file/Path;)Ljavax/tools/JavaFileObject$Kind; @ 1 c2
Event: 1.361 Thread 0x000002b9916f0000 Uncommon trap: reason=unstable_if action=reinterpret pc=0x000002b9a165d008 method=com.sun.tools.javac.code.Scope$ScopeImpl.lookup(Lcom/sun/tools/javac/util/Name;Lcom/sun/tools/javac/util/Filter;)Lcom/sun/tools/javac/code/Scope$Entry; @ 19 c2
Event: 1.375 Thread 0x000002b9916f0000 Uncommon trap: reason=unstable_if action=reinterpret pc=0x000002b9a164f6bc method=com.sun.tools.javac.jvm.ClassReader.sigToType()Lcom/sun/tools/javac/code/Type; @ 288 c2
Event: 1.376 Thread 0x000002b9916f0000 Uncommon trap: reason=unstable_if action=reinterpret pc=0x000002b9a165e950 method=com.sun.tools.javac.code.Scope$ScopeImpl.lookup(Lcom/sun/tools/javac/util/Name;Lcom/sun/tools/javac/util/Filter;)Lcom/sun/tools/javac/code/Scope$Entry; @ 19 c2
Event: 1.396 Thread 0x000002b9916f0000 Uncommon trap: reason=unstable_if action=reinterpret pc=0x000002b9a1657e9c method=com.sun.tools.javac.code.Scope$ScopeImpl.lookup(Lcom/sun/tools/javac/util/Name;Lcom/sun/tools/javac/util/Filter;)Lcom/sun/tools/javac/code/Scope$Entry; @ 19 c2
Event: 1.554 Thread 0x000002b9916f0000 Uncommon trap: reason=class_check action=maybe_recompile pc=0x000002b9a166c120 method=com.sun.tools.javac.code.Scope$ScopeListenerList.walkReferences(Lcom/sun/tools/javac/code/Symbol;Lcom/sun/tools/javac/code/Scope;Z)V @ 20 c2
Event: 1.554 Thread 0x000002b9916f0000 Uncommon trap: reason=class_check action=maybe_recompile pc=0x000002b9a166c120 method=com.sun.tools.javac.code.Scope$ScopeListenerList.walkReferences(Lcom/sun/tools/javac/code/Symbol;Lcom/sun/tools/javac/code/Scope;Z)V @ 20 c2
Event: 1.554 Thread 0x000002b9916f0000 Uncommon trap: reason=class_check action=maybe_recompile pc=0x000002b9a166c120 method=com.sun.tools.javac.code.Scope$ScopeListenerList.walkReferences(Lcom/sun/tools/javac/code/Symbol;Lcom/sun/tools/javac/code/Scope;Z)V @ 20 c2
Event: 1.555 Thread 0x000002b9916f0000 Uncommon trap: reason=class_check action=maybe_recompile pc=0x000002b9a166c120 method=com.sun.tools.javac.code.Scope$ScopeListenerList.walkReferences(Lcom/sun/tools/javac/code/Symbol;Lcom/sun/tools/javac/code/Scope;Z)V @ 20 c2
Event: 1.558 Thread 0x000002b9916f0000 Uncommon trap: reason=unstable_if action=reinterpret pc=0x000002b9a1658860 method=com.sun.tools.javac.code.Scope$ScopeImpl$2.hasNext()Z @ 69 c2

Classes redefined (0 events):
No events

Internal exceptions (10 events):
Event: 1.175 Thread 0x000002b9916f0000 Exception <a 'sun/nio/fs/WindowsException'{0x00000007439902b0}> (0x00000007439902b0) thrown at [t:/workspace/open/src/hotspot/share/prims/jni.cpp, line 615]
Event: 1.176 Thread 0x000002b9916f0000 Exception <a 'sun/nio/fs/WindowsException'{0x0000000743992198}> (0x0000000743992198) thrown at [t:/workspace/open/src/hotspot/share/prims/jni.cpp, line 615]
Event: 1.176 Thread 0x000002b9916f0000 Exception <a 'sun/nio/fs/WindowsException'{0x0000000743992498}> (0x0000000743992498) thrown at [t:/workspace/open/src/hotspot/share/prims/jni.cpp, line 615]
Event: 1.176 Thread 0x000002b9916f0000 Exception <a 'sun/nio/fs/WindowsException'{0x00000007439939f8}> (0x00000007439939f8) thrown at [t:/workspace/open/src/hotspot/share/prims/jni.cpp, line 615]
Event: 1.176 Thread 0x000002b9916f0000 Exception <a 'sun/nio/fs/WindowsException'{0x0000000743993cb8}> (0x0000000743993cb8) thrown at [t:/workspace/open/src/hotspot/share/prims/jni.cpp, line 615]
Event: 1.176 Thread 0x000002b9916f0000 Exception <a 'sun/nio/fs/WindowsException'{0x00000007439959c8}> (0x00000007439959c8) thrown at [t:/workspace/open/src/hotspot/share/prims/jni.cpp, line 615]
Event: 1.177 Thread 0x000002b9916f0000 Exception <a 'sun/nio/fs/WindowsException'{0x0000000743995cf8}> (0x0000000743995cf8) thrown at [t:/workspace/open/src/hotspot/share/prims/jni.cpp, line 615]
Event: 1.178 Thread 0x000002b9916f0000 Exception <a 'sun/nio/fs/WindowsException'{0x0000000743998a00}> (0x0000000743998a00) thrown at [t:/workspace/open/src/hotspot/share/prims/jni.cpp, line 615]
Event: 1.178 Thread 0x000002b9916f0000 Exception <a 'sun/nio/fs/WindowsException'{0x0000000743998cf8}> (0x0000000743998cf8) thrown at [t:/workspace/open/src/hotspot/share/prims/jni.cpp, line 615]
Event: 1.237 Thread 0x000002b9916f0000 Exception <a 'java/lang/NoSuchMethodError'{0x00000007436475a0}: java.lang.invoke.DirectMethodHandle$Holder.invokeVirtual(Ljava/lang/Object;Ljava/lang/Object;)V> (0x00000007436475a0) thrown at [t:/workspace/open/src/hotspot/share/interpreter/linkResolver.c

Events (10 events):
Event: 1.554 Thread 0x000002b9916f0000 DEOPT UNPACKING pc=0x000002b999b19c2f sp=0x000000f8a88fdab0 mode 2
Event: 1.554 Thread 0x000002b9916f0000 Uncommon trap: trap_request=0xffffffde fr.pc=0x000002b9a166c120 relative=0x00000000000001e0
Event: 1.554 Thread 0x000002b9916f0000 DEOPT PACKING pc=0x000002b9a166c120 sp=0x000000f8a88fdb10
Event: 1.554 Thread 0x000002b9916f0000 DEOPT UNPACKING pc=0x000002b999b19c2f sp=0x000000f8a88fdab0 mode 2
Event: 1.555 Thread 0x000002b9916f0000 Uncommon trap: trap_request=0xffffffde fr.pc=0x000002b9a166c120 relative=0x00000000000001e0
Event: 1.555 Thread 0x000002b9916f0000 DEOPT PACKING pc=0x000002b9a166c120 sp=0x000000f8a88fdb10
Event: 1.555 Thread 0x000002b9916f0000 DEOPT UNPACKING pc=0x000002b999b19c2f sp=0x000000f8a88fdab0 mode 2
Event: 1.558 Thread 0x000002b9916f0000 Uncommon trap: trap_request=0xffffff4d fr.pc=0x000002b9a1658860 relative=0x00000000000000a0
Event: 1.558 Thread 0x000002b9916f0000 DEOPT PACKING pc=0x000002b9a1658860 sp=0x000000f8a88fe7e0
Event: 1.558 Thread 0x000002b9916f0000 DEOPT UNPACKING pc=0x000002b999b19c2f sp=0x000000f8a88fe778 mode 2


Dynamic libraries:
0x00007ff63e640000 - 0x00007ff63e648000 	C:\Program Files\Java\jdk-12.0.2\bin\javac.exe
0x00007ff8d4d60000 - 0x00007ff8d4f50000 	C:\Windows\SYSTEM32\ntdll.dll
0x00007ff8d3370000 - 0x00007ff8d3422000 	C:\Windows\System32\KERNEL32.DLL
0x00007ff8d1cf0000 - 0x00007ff8d1f94000 	C:\Windows\System32\KERNELBASE.dll
0x00007ff8d2290000 - 0x00007ff8d238a000 	C:\Windows\System32\ucrtbase.dll
0x00007ff8cd4e0000 - 0x00007ff8cd4f8000 	C:\Program Files\Java\jdk-12.0.2\bin\jli.dll
0x00007ff8c2ba0000 - 0x00007ff8c2bb6000 	C:\Program Files\Java\jdk-12.0.2\bin\VCRUNTIME140.dll
0x00007ff8d44d0000 - 0x00007ff8d4573000 	C:\Windows\System32\ADVAPI32.dll
0x00007ff8d4ab0000 - 0x00007ff8d4b4e000 	C:\Windows\System32\msvcrt.dll
0x00007ff8d4610000 - 0x00007ff8d46a7000 	C:\Windows\System32\sechost.dll
0x00007ff8d3490000 - 0x00007ff8d35b0000 	C:\Windows\System32\RPCRT4.dll
0x00007ff8d48a0000 - 0x00007ff8d4a34000 	C:\Windows\System32\USER32.dll
0x00007ff8c1770000 - 0x00007ff8c19f4000 	C:\Windows\WinSxS\amd64_microsoft.windows.common-controls_6595b64144ccf1df_6.0.18362.836_none_e6c4b943130f18ed\COMCTL32.dll
0x00007ff8d2260000 - 0x00007ff8d2281000 	C:\Windows\System32\win32u.dll
0x00007ff8d4190000 - 0x00007ff8d44c6000 	C:\Windows\System32\combase.dll
0x00007ff8d4580000 - 0x00007ff8d45a6000 	C:\Windows\System32\GDI32.dll
0x00007ff8d24c0000 - 0x00007ff8d2654000 	C:\Windows\System32\gdi32full.dll
0x00007ff8d2140000 - 0x00007ff8d21c0000 	C:\Windows\System32\bcryptPrimitives.dll
0x00007ff8d21c0000 - 0x00007ff8d225e000 	C:\Windows\System32\msvcp_win.dll
0x00007ff8c56b0000 - 0x00007ff8c56ba000 	C:\Windows\SYSTEM32\VERSION.dll
0x00007ff8d2ec0000 - 0x00007ff8d2eee000 	C:\Windows\System32\IMM32.DLL
0x00007ff898360000 - 0x00007ff89840a000 	C:\Program Files\Java\jdk-12.0.2\bin\msvcp140.dll
0x00007ff885c10000 - 0x00007ff886787000 	C:\Program Files\Java\jdk-12.0.2\bin\server\jvm.dll
0x00007ff8d2ef0000 - 0x00007ff8d2ef8000 	C:\Windows\System32\PSAPI.DLL
0x00007ff8c4ee0000 - 0x00007ff8c4ee9000 	C:\Windows\SYSTEM32\WSOCK32.dll
0x00007ff8d4a40000 - 0x00007ff8d4aaf000 	C:\Windows\System32\WS2_32.dll
0x00007ff8cf2c0000 - 0x00007ff8cf2e4000 	C:\Windows\SYSTEM32\WINMM.dll
0x00007ff8cf220000 - 0x00007ff8cf24d000 	C:\Windows\SYSTEM32\WINMMBASE.dll
0x00007ff8d20f0000 - 0x00007ff8d213a000 	C:\Windows\System32\cfgmgr32.dll
0x00007ff8d1ca0000 - 0x00007ff8d1cb1000 	C:\Windows\System32\kernel.appcore.dll
0x00007ff8c2b60000 - 0x00007ff8c2b71000 	C:\Program Files\Java\jdk-12.0.2\bin\verify.dll
0x00007ff8d0530000 - 0x00007ff8d0724000 	C:\Windows\SYSTEM32\DBGHELP.DLL
0x00007ff8b6af0000 - 0x00007ff8b6b1a000 	C:\Windows\SYSTEM32\dbgcore.DLL
0x00007ff8a9b50000 - 0x00007ff8a9b76000 	C:\Program Files\Java\jdk-12.0.2\bin\java.dll
0x00007ff8b3470000 - 0x00007ff8b3487000 	C:\Program Files\Java\jdk-12.0.2\bin\zip.dll
0x00007ff8c38f0000 - 0x00007ff8c38fa000 	C:\Program Files\Java\jdk-12.0.2\bin\jimage.dll
0x00007ff8d3aa0000 - 0x00007ff8d4184000 	C:\Windows\System32\SHELL32.dll
0x00007ff8d2f00000 - 0x00007ff8d2fa9000 	C:\Windows\System32\shcore.dll
0x00007ff8d2690000 - 0x00007ff8d2e0e000 	C:\Windows\System32\windows.storage.dll
0x00007ff8d1cc0000 - 0x00007ff8d1ce3000 	C:\Windows\System32\profapi.dll
0x00007ff8d1c50000 - 0x00007ff8d1c9a000 	C:\Windows\System32\powrprof.dll
0x00007ff8d1c20000 - 0x00007ff8d1c30000 	C:\Windows\System32\UMPDC.dll
0x00007ff8d3430000 - 0x00007ff8d3482000 	C:\Windows\System32\shlwapi.dll
0x00007ff8d24a0000 - 0x00007ff8d24b7000 	C:\Windows\System32\cryptsp.dll
0x00007ff8b31a0000 - 0x00007ff8b31b9000 	C:\Program Files\Java\jdk-12.0.2\bin\net.dll
0x00007ff8c5350000 - 0x00007ff8c5440000 	C:\Windows\SYSTEM32\WINHTTP.dll
0x00007ff8b97c0000 - 0x00007ff8b9996000 	C:\Windows\SYSTEM32\urlmon.dll
0x00007ff8b9330000 - 0x00007ff8b95d6000 	C:\Windows\SYSTEM32\iertutil.dll
0x00007ff8d1660000 - 0x00007ff8d166c000 	C:\Windows\SYSTEM32\CRYPTBASE.DLL
0x00007ff8d1490000 - 0x00007ff8d14f7000 	C:\Windows\system32\mswsock.dll
0x00007ff8a8780000 - 0x00007ff8a8793000 	C:\Program Files\Java\jdk-12.0.2\bin\nio.dll

dbghelp: loaded successfully - version: 4.0.5 - missing functions: none
symbol engine: initialized successfully - sym options: 0x614 - pdb path: .;C:\Program Files\Java\jdk-12.0.2\bin;C:\Windows\SYSTEM32;C:\Windows\WinSxS\amd64_microsoft.windows.common-controls_6595b64144ccf1df_6.0.18362.836_none_e6c4b943130f18ed;C:\Program Files\Java\jdk-12.0.2\bin\server

VM Arguments:
jvm_args: -Dapplication.home=C:\Program Files\Java\jdk-12.0.2 --add-modules=ALL-DEFAULT -Xms8m -Djdk.module.main=jdk.compiler 
java_command: jdk.compiler/com.sun.tools.javac.Main -d C:\Users\USER\Documents\NetBeansProjects\cnpm\build\classes -classpath C:\Users\USER\Documents\NetBeansProjects\cnpm\build\classes;C:\Users\USER\Desktop\NNLT\JAVA TOOL+CODE\Tool JAVA\mssql-jdbc-7.2.1.jre11.jar;D:\NETBEAN\netbeans\java\modules\ext\AbsoluteLayout.jar;C:\Users\USER\Desktop\NNLT\JAVA TOOL+CODE\Tool JAVA\jdatechooser\DateChooser.jar;C:\Users\USER\Desktop\NNLT\JAVA TOOL+CODE\Tool JAVA\javadate picker\jdatepicker-1.3.2.jar;C:\Users\USER\Desktop\NNLT\JAVA TOOL+CODE\Tool JAVA\ITextSharp\itextpdf-5.4.0.jar;C:\Users\USER\Desktop\NNLT\JAVA TOOL+CODE\Tool JAVA\io\io-7.0.5.jar;C:\Users\USER\Desktop\NNLT\JAVA TOOL+CODE\Tool JAVA\pqScan.PDFtoImage\pqScan.PDFtoImage.jar;C:\Users\USER\Desktop\NNLT\JAVA TOOL+CODE\Tool JAVA\AutoComplete\swingx-all-1.6.4.jar -sourcepath C:\Users\USER\Documents\NetBeansProjects\cnpm\src -target 12 -encoding UTF-8 -g -processorpath C:\Users\USER\Desktop\NNLT\JAVA TOOL+CODE\Tool JAVA\mssql-jdbc-7.2.1.jre11.jar;D:\NETBEAN\netbeans\java\modules\ext\AbsoluteLayout.jar;C:\Users\USER\Desktop\NNLT\JAVA TOOL+CODE\Tool JAVA\jdatechooser\DateChooser.jar;C:\Users\USER\Desktop\NNLT\JAVA TOOL+CODE\Tool JAVA\javadate picker\jdatepicker-1.3.4.jar;C:\Users\USER\Desktop\NNLT\JAVA TOOL+CODE\Tool JAVA\javadate picker\jdatepicker-1.3.2.jar;C:\Users\USER\Downloads\New folder\New folder\AbsoluteLayout.jar;C:\Users\USER\Downloads\New folder\New folder\commons-beanutils-1.8.2.jar;C:\Users\USER\Downloads\New folder\New folder\groovy-all-1.7.5.jar;C:\Users\USER\Downloads\New folder\New folder\jasperreports-4.0.2.jar;C:\Users\USER\Downloads\New folder\New folder\swingx-all-1.6.4.jar;C:\Users\USER\Downloads\New folder\New folder\sqljdbc4.jar;C:\Users\USER\Desktop\NNLT\JAVA TOOL+CODE\Tool JAVA\ITextSharp\itextpdf-5.4.0.jar;C:\Users\USER\Desktop\NNLT\JAVA TOOL+CODE\Tool JAVA\io\io-7.0.5.jar;C:\Users\USER\Desktop\NNLT\JAVA TOOL+CODE\Tool JAVA\pqScan.PDFtoImage\pqScan.PDFtoImage.jar;C:\Users\USER\Desktop\NNLT\JAVA
java_class_path (initial): <not set>
Launcher Type: SUN_STANDARD

[Global flags]
     intx CICompilerCount                          = 3                                         {product} {ergonomic}
     uint ConcGCThreads                            = 1                                         {product} {ergonomic}
     uint G1ConcRefinementThreads                  = 4                                         {product} {ergonomic}
   size_t G1HeapRegionSize                         = 1048576                                   {product} {ergonomic}
    uintx GCDrainStackTargetSize                   = 64                                        {product} {ergonomic}
   size_t InitialHeapSize                          = 8388608                                   {product} {command line}
   size_t MarkStackSize                            = 4194304                                   {product} {ergonomic}
   size_t MaxHeapSize                              = 3187671040                                {product} {ergonomic}
   size_t MaxNewSize                               = 1912602624                                {product} {ergonomic}
   size_t MinHeapDeltaBytes                        = 1048576                                   {product} {ergonomic}
    uintx NonNMethodCodeHeapSize                   = 5830732                                {pd product} {ergonomic}
    uintx NonProfiledCodeHeapSize                  = 122913754                              {pd product} {ergonomic}
    uintx ProfiledCodeHeapSize                     = 122913754                              {pd product} {ergonomic}
    uintx ReservedCodeCacheSize                    = 251658240                              {pd product} {ergonomic}
     bool SegmentedCodeCache                       = true                                      {product} {ergonomic}
     bool UseCompressedClassPointers               = true                                 {lp64_product} {ergonomic}
     bool UseCompressedOops                        = true                                 {lp64_product} {ergonomic}
     bool UseG1GC                                  = true                                      {product} {ergonomic}
     bool UseLargePagesIndividualAllocation        = false                                  {pd product} {ergonomic}

Logging:
Log output configuration:
 #0: stdout all=warning uptime,level,tags
 #1: stderr all=off uptime,level,tags

Environment Variables:
JAVA_HOME=C:\Program Files\Java\jdk-12.0.2
PATH=C:\Program Files (x86)\Common Files\Oracle\Java\javapath;C:\Program Files (x86)\Intel\Intel(R) Management Engine Components\iCLS\;C:\Program Files\Intel\Intel(R) Management Engine Components\iCLS\;C:\Windows\system32;C:\Windows;C:\Windows\System32\Wbem;C:\Windows\System32\WindowsPowerShell\v1.0\;C:\Windows\System32\OpenSSH\;C:\Program Files (x86)\Intel\Intel(R) Management Engine Components\DAL;C:\Program Files\Intel\Intel(R) Management Engine Components\DAL;C:\Program Files (x86)\Intel\Intel(R) Management Engine Components\IPT;C:\Program Files\Intel\Intel(R) Management Engine Components\IPT;C:\Program Files\Intel\WiFi\bin\;C:\Program Files\Common Files\Intel\WirelessCommon\;C:\Program Files\Java\jdk-12.0.2\bin;C:\Program Files\Microsoft SQL Server\110\Tools\Binn\;C:\Program Files (x86)\Microsoft SQL Server\110\Tools\Binn\;C:\Program Files\Microsoft SQL Server\110\DTS\Binn\;C:\Program Files (x86)\Microsoft SQL Server\110\Tools\Binn\ManagementStudio\;C:\Program Files (x86)\Microsoft Visual Studio 10.0\Common7\IDE\PrivateAssemblies\;C:\Program Files (x86)\Microsoft SQL Server\110\DTS\Binn\;C:\Users\USER\Documents\OpenSSL\OpenSSL-Win64\bin;C:\Program Files\OpenSSL-Win64\bin;C:\Users\USER\Downloads\New folder\New folder\bin;C:\Users\USER\AppData\Local\Microsoft\WindowsApps;C:\Program Files\Intel\WiFi\bin\;C:\Program Files\Common Files\Intel\WirelessCommon\
USERNAME=USER
OS=Windows_NT
PROCESSOR_IDENTIFIER=Intel64 Family 6 Model 142 Stepping 9, GenuineIntel



---------------  S Y S T E M  ---------------

OS: Windows 10 , 64 bit Build 18362 (10.0.18362.778)

CPU:total 4 (initial active 4) (2 cores per cpu, 2 threads per core) family 6 model 142 stepping 9, cmov, cx8, fxsr, mmx, sse, sse2, sse3, ssse3, sse4.1, sse4.2, popcnt, avx, avx2, aes, clmul, erms, 3dnowpref, lzcnt, ht, tsc, tscinvbit, bmi1, bmi2, adx, fma

Memory: 4k page, system-wide physical 12153M (4629M free)
TotalPageFile size 28176M (AvailPageFile size 5M)
current process WorkingSet (physical memory assigned to process): 106M, peak: 107M
current process commit charge ("private bytes"): 160M, peak: 162M

vm_info: Java HotSpot(TM) 64-Bit Server VM (12.0.2+10) for windows-amd64 JRE (12.0.2+10), built on Jul 16 2019 01:56:17 by "mach5one" with MS VC++ 15.5 (VS2017)

END.
