#
# There is insufficient memory for the Java Runtime Environment to continue.
# Native memory allocation (mmap) failed to map 6291456 bytes for Failed to commit area from 0x0000000743000000 to 0x0000000743600000 of length 6291456.
# Possible reasons:
#   The system is out of physical RAM or swap space
#   The process is running with CompressedOops enabled, and the Java Heap may be blocking the growth of the native heap
# Possible solutions:
#   Reduce memory load on the system
#   Increase physical memory or swap space
#   Check if swap backing store is full
#   Decrease Java heap size (-Xmx/-Xms)
#   Decrease number of Java threads
#   Decrease Java thread stack sizes (-Xss)
#   Set larger code cache with -XX:ReservedCodeCacheSize=
#   JVM is running with Zero Based Compressed Oops mode in which the Java heap is
#     placed in the first 32GB address space. The Java Heap base address is the
#     maximum limit for the native heap growth. Please use -XX:HeapBaseMinAddress
#     to set the Java Heap base and to place the Java Heap above 32GB virtual address.
# This output file may be truncated or incomplete.
#
#  Out of Memory Error (t:/workspace/open/src/hotspot/os/windows/os_windows.cpp:3264), pid=19400, tid=17764
#
# JRE version: Java(TM) SE Runtime Environment (12.0.2+10) (build 12.0.2+10)
# Java VM: Java HotSpot(TM) 64-Bit Server VM (12.0.2+10, mixed mode, sharing, tiered, compressed oops, g1 gc, windows-amd64)
# No core dump will be written. Minidumps are not enabled by default on client versions of Windows
#

---------------  S U M M A R Y ------------

Command Line: -Dapplication.home=C:\Program Files\Java\jdk-12.0.2 --add-modules=ALL-DEFAULT -Xms8m -Djdk.module.main=jdk.compiler jdk.compiler/com.sun.tools.javac.Main -d C:\Users\USER\Documents\NetBeansProjects\cnpm\build\classes -classpath C:\Users\USER\Documents\NetBeansProjects\cnpm\build\classes;C:\Users\USER\Desktop\NNLT\JAVA TOOL+CODE\Tool JAVA\mssql-jdbc-7.2.1.jre11.jar;D:\NETBEAN\netbeans\java\modules\ext\AbsoluteLayout.jar;C:\Users\USER\Desktop\NNLT\JAVA TOOL+CODE\Tool JAVA\jdatechooser\DateChooser.jar;C:\Users\USER\Desktop\NNLT\JAVA TOOL+CODE\Tool JAVA\javadate picker\jdatepicker-1.3.2.jar;C:\Users\USER\Desktop\NNLT\JAVA TOOL+CODE\Tool JAVA\ITextSharp\itextpdf-5.4.0.jar;C:\Users\USER\Desktop\NNLT\JAVA TOOL+CODE\Tool JAVA\io\io-7.0.5.jar;C:\Users\USER\Desktop\NNLT\JAVA TOOL+CODE\Tool JAVA\pqScan.PDFtoImage\pqScan.PDFtoImage.jar -sourcepath C:\Users\USER\Documents\NetBeansProjects\cnpm\src -target 12 -encoding UTF-8 -g -processorpath C:\Users\USER\Desktop\NNLT\JAVA TOOL+CODE\Tool JAVA\mssql-jdbc-7.2.1.jre11.jar;D:\NETBEAN\netbeans\java\modules\ext\AbsoluteLayout.jar;C:\Users\USER\Desktop\NNLT\JAVA TOOL+CODE\Tool JAVA\jdatechooser\DateChooser.jar;C:\Users\USER\Desktop\NNLT\JAVA TOOL+CODE\Tool JAVA\javadate picker\jdatepicker-1.3.4.jar;C:\Users\USER\Desktop\NNLT\JAVA TOOL+CODE\Tool JAVA\javadate picker\jdatepicker-1.3.2.jar;C:\Users\USER\Downloads\New folder\New folder\AbsoluteLayout.jar;C:\Users\USER\Downloads\New folder\New folder\commons-beanutils-1.8.2.jar;C:\Users\USER\Downloads\New folder\New folder\groovy-all-1.7.5.jar;C:\Users\USER\Downloads\New folder\New folder\jasperreports-4.0.2.jar;C:\Users\USER\Downloads\New folder\New folder\swingx-all-1.6.4.jar;C:\Users\USER\Downloads\New folder\New folder\sqljdbc4.jar;C:\Users\USER\Desktop\NNLT\JAVA TOOL+CODE\Tool JAVA\ITextSharp\itextpdf-5.4.0.jar;C:\Users\USER\Desktop\NNLT\JAVA TOOL+CODE\Tool JAVA\io\io-7.0.5.jar;C:\Users\USER\Desktop\NNLT\JAVA TOOL+CODE\Tool JAVA\pqScan.PDFtoImage\pqScan.PDFtoImage.jar;C:\Users\USER\Documents\NetBeansProjects\cnpm\build\empty -s C:\Users\USER\Documents\NetBeansProjects\cnpm\build\generated-sources\ap-source-output -source 12 C:\Users\USER\Documents\NetBeansProjects\cnpm\src\cnpm\updatePanelGuest.java

Host: Intel(R) Core(TM) i7-7500U CPU @ 2.70GHz, 4 cores, 11G,  Windows 10 , 64 bit Build 18362 (10.0.18362.778)
Time: Tue May 26 14:58:40 2020 SE Asia Standard Time elapsed time: 1 seconds (0d 0h 0m 1s)

---------------  T H R E A D  ---------------

Current thread (0x000001e6cd546000):  VMThread "VM Thread" [stack: 0x0000007d0f200000,0x0000007d0f300000] [id=17764]

Stack: [0x0000007d0f200000,0x0000007d0f300000]
[error occurred during error reporting (printing stack bounds), id 0xc0000005, EXCEPTION_ACCESS_VIOLATION (0xc0000005) at pc=0x000001e6d5880bad]

Native frames: (J=compiled Java code, j=interpreted, Vv=VM code, C=native code)
V  [jvm.dll+0x63aa2a]
V  [jvm.dll+0x78ce1e]
V  [jvm.dll+0x78e4c1]
V  [jvm.dll+0x78ea75]
V  [jvm.dll+0x78ea2b]
V  [jvm.dll+0x63a134]
V  [jvm.dll+0x63a4f8]
C  [ntdll.dll+0xa11cf]
C  [ntdll.dll+0x6a209]
C  [ntdll.dll+0x9fe3e]
C  0x000001e6d5880bad

VM_Operation (0x0000007d0ecfc390): G1CollectForAllocation, mode: safepoint, requested by thread 0x000001e6cd47d000


---------------  P R O C E S S  ---------------

Threads class SMR info:
_java_thread_list=0x000001e6eed2cd20, length=11, elements={
0x000001e6cd47d000, 0x000001e6cd54b000, 0x000001e6cd54d000, 0x000001e6edde7000,
0x000001e6edde9000, 0x000001e6eddeb000, 0x000001e6eddfa000, 0x000001e6eddfd000,
0x000001e6ee81a800, 0x000001e6ee8a2000, 0x000001e6eed45000
}

Java Threads: ( => current thread )
  0x000001e6cd47d000 JavaThread "main" [_thread_blocked, id=16672, stack(0x0000007d0ec00000,0x0000007d0ed00000)]
  0x000001e6cd54b000 JavaThread "Reference Handler" daemon [_thread_blocked, id=10644, stack(0x0000007d0f300000,0x0000007d0f400000)]
  0x000001e6cd54d000 JavaThread "Finalizer" daemon [_thread_blocked, id=22516, stack(0x0000007d0f400000,0x0000007d0f500000)]
  0x000001e6edde7000 JavaThread "Signal Dispatcher" daemon [_thread_blocked, id=21748, stack(0x0000007d0f500000,0x0000007d0f600000)]
  0x000001e6edde9000 JavaThread "Attach Listener" daemon [_thread_blocked, id=18596, stack(0x0000007d0f600000,0x0000007d0f700000)]
  0x000001e6eddeb000 JavaThread "C2 CompilerThread0" daemon [_thread_blocked, id=16952, stack(0x0000007d0f700000,0x0000007d0f800000)]
  0x000001e6eddfa000 JavaThread "C1 CompilerThread0" daemon [_thread_blocked, id=22348, stack(0x0000007d0f800000,0x0000007d0f900000)]
  0x000001e6eddfd000 JavaThread "Sweeper thread" daemon [_thread_blocked, id=22124, stack(0x0000007d0f900000,0x0000007d0fa00000)]
  0x000001e6ee81a800 JavaThread "Common-Cleaner" daemon [_thread_blocked, id=21704, stack(0x0000007d0fa00000,0x0000007d0fb00000)]
  0x000001e6ee8a2000 JavaThread "Service Thread" daemon [_thread_blocked, id=14392, stack(0x0000007d0fb00000,0x0000007d0fc00000)]
  0x000001e6eed45000 JavaThread "C2 CompilerThread1" daemon [_thread_blocked, id=22436, stack(0x0000007d0fe00000,0x0000007d0ff00000)]

Other Threads:
=>0x000001e6cd546000 VMThread "VM Thread" [stack: 0x0000007d0f200000,0x0000007d0f300000] [id=17764]
  0x000001e6ee8eb000 WatcherThread [stack: 0x0000007d0fc00000,0x0000007d0fd00000] [id=12940]
  0x000001e6cd4ce000 GCTaskThread "GC Thread#0" [stack: 0x0000007d0ed00000,0x0000007d0ee00000] [id=4576]
  0x000001e6eeafe800 GCTaskThread "GC Thread#1" [stack: 0x0000007d0fd00000,0x0000007d0fe00000] [id=21128]
  0x000001e6cd4e1800 ConcurrentGCThread "G1 Main Marker" [stack: 0x0000007d0ee00000,0x0000007d0ef00000] [id=21464]
  0x000001e6cd4e6800 ConcurrentGCThread "G1 Conc#0" [stack: 0x0000007d0ef00000,0x0000007d0f000000] [id=18748]
  0x000001e6cd503800 ConcurrentGCThread "G1 Refine#0" [stack: 0x0000007d0f000000,0x0000007d0f100000] [id=21912]
  0x000001e6cd504800 ConcurrentGCThread "G1 Young RemSet Sampling" [stack: 0x0000007d0f100000,0x0000007d0f200000] [id=1072]

Threads with active compile tasks:
C2 CompilerThread0  1425       4       jdk.internal.jimage.BasicImageReader::getString (48 bytes)
C1 CompilerThread0  1435       3       com.sun.tools.javac.code.Symbol::isInterface (19 bytes)
C2 CompilerThread1  1428       4       jdk.internal.jimage.ImageLocation::getAttributeString (54 bytes)

VM state:at safepoint (normal execution)

VM Mutex/Monitor currently owned by a thread:  ([mutex/lock_event])
[0x000001e6cd47a940] Threads_lock - owner thread: 0x000001e6cd546000
[0x000001e6cd47a1f0] Heap_lock - owner thread: 0x000001e6cd47d000

Heap address: 0x0000000742000000, size: 3040 MB, Compressed Oops mode: Zero based, Oop shift amount: 3
Narrow klass base: 0x0000000800000000, Narrow klass shift: 3
Compressed class space size: 1073741824 Address: 0x0000000801190000

Heap:
 garbage-first heap   total 22528K, used 7676K [0x0000000742000000, 0x0000000800000000)
  region size 1024K, 1 young (1024K), 1 survivors (1024K)
 Metaspace       used 8875K, capacity 11464K, committed 11648K, reserved 1058816K
  class space    used 1016K, capacity 1316K, committed 1408K, reserved 1048576K
Heap Regions: E=young(eden), S=young(survivor), O=old, HS=humongous(starts), HC=humongous(continues), CS=collection set, F=free, A=archive, TAMS=top-at-mark-start (previous, next)
|   0|0x0000000742000000, 0x0000000742100000, 0x0000000742100000|100%| O|  |TAMS 0x0000000742000000, 0x0000000742000000| Untracked 
|   1|0x0000000742100000, 0x0000000742200000, 0x0000000742200000|100%| O|  |TAMS 0x0000000742100000, 0x0000000742100000| Untracked 
|   2|0x0000000742200000, 0x0000000742300000, 0x0000000742300000|100%| O|  |TAMS 0x0000000742200000, 0x0000000742200000| Untracked 
|   3|0x0000000742300000, 0x0000000742400000, 0x0000000742400000|100%| O|  |TAMS 0x0000000742300000, 0x0000000742300000| Untracked 
|   4|0x0000000742400000, 0x0000000742500000, 0x0000000742500000|100%| O|  |TAMS 0x0000000742400000, 0x0000000742400000| Untracked 
|   5|0x0000000742500000, 0x0000000742600000, 0x0000000742600000|100%| O|  |TAMS 0x0000000742500000, 0x0000000742500000| Untracked 
|   6|0x0000000742600000, 0x00000007426d0000, 0x0000000742700000| 81%| O|  |TAMS 0x0000000742600000, 0x0000000742600000| Untracked 
|   7|0x0000000742700000, 0x0000000742700000, 0x0000000742800000|  0%| F|  |TAMS 0x0000000742700000, 0x0000000742700000| Untracked 
|   8|0x0000000742800000, 0x0000000742800000, 0x0000000742900000|  0%| F|  |TAMS 0x0000000742800000, 0x0000000742800000| Untracked 
|   9|0x0000000742900000, 0x0000000742900000, 0x0000000742a00000|  0%| F|  |TAMS 0x0000000742900000, 0x0000000742900000| Untracked 
|  10|0x0000000742a00000, 0x0000000742a00000, 0x0000000742b00000|  0%| F|  |TAMS 0x0000000742a00000, 0x0000000742a00000| Untracked 
|  11|0x0000000742b00000, 0x0000000742b00000, 0x0000000742c00000|  0%| F|  |TAMS 0x0000000742b00000, 0x0000000742b00000| Untracked 
|  12|0x0000000742c00000, 0x0000000742caf020, 0x0000000742d00000| 68%| S|CS|TAMS 0x0000000742c00000, 0x0000000742c00000| Complete 
|  13|0x0000000742d00000, 0x0000000742d00000, 0x0000000742e00000|  0%| F|  |TAMS 0x0000000742d00000, 0x0000000742d00000| Untracked 
|  14|0x0000000742e00000, 0x0000000742e00000, 0x0000000742f00000|  0%| F|  |TAMS 0x0000000742e00000, 0x0000000742e00000| Untracked 
|  15|0x0000000742f00000, 0x0000000742f00000, 0x0000000743000000|  0%| F|  |TAMS 0x0000000742f00000, 0x0000000742f00000| Untracked 

Card table byte_map: [0x000001e6e4e70000,0x000001e6e5460000] _byte_map_base: 0x000001e6e1460000

Marking Bits (Prev, Next): (CMBitMap*) 0x000001e6cd4ced18, (CMBitMap*) 0x000001e6cd4ced58
 Prev Bits: [0x000001e6e5a50000, 0x000001e6e89d0000)
 Next Bits: [0x000001e6e89d0000, 0x000001e6eb950000)

Polling page: 0x000001e6cb2c0000

Metaspace:

Usage:
  Non-class:      9.91 MB capacity,     7.68 MB ( 77%) used,     2.21 MB ( 22%) free+waste,    23.00 KB ( <1%) overhead. 
      Class:      1.29 MB capacity,  1016.31 KB ( 77%) used,   288.38 KB ( 22%) free+waste,    11.31 KB ( <1%) overhead. 
       Both:     11.20 MB capacity,     8.67 MB ( 77%) used,     2.49 MB ( 22%) free+waste,    34.31 KB ( <1%) overhead. 

Virtual space:
  Non-class space:       10.00 MB reserved,      10.00 MB (100%) committed 
      Class space:        1.00 GB reserved,       1.38 MB ( <1%) committed 
             Both:        1.01 GB reserved,      11.38 MB (  1%) committed 

Chunk freelists:
   Non-Class:  3.50 KB
       Class:  0 bytes
        Both:  3.50 KB

CodeHeap 'non-profiled nmethods': size=120064Kb used=443Kb max_used=443Kb free=119620Kb
 bounds [0x000001e6dd340000, 0x000001e6dd5b0000, 0x000001e6e4880000]
CodeHeap 'profiled nmethods': size=120000Kb used=3068Kb max_used=3068Kb free=116931Kb
 bounds [0x000001e6d5e10000, 0x000001e6d6110000, 0x000001e6dd340000]
CodeHeap 'non-nmethods': size=5696Kb used=1124Kb max_used=1145Kb free=4571Kb
 bounds [0x000001e6d5880000, 0x000001e6d5af0000, 0x000001e6d5e10000]
 total_blobs=2199 nmethods=1430 adapters=335
 compilation: enabled
              stopped_count=0, restarted_count=0
 full_count=0

Compilation events (10 events):
Event: 1.056 Thread 0x000001e6eddfa000 nmethod 1440 0x000001e6d6102b10 code [0x000001e6d6102d60, 0x000001e6d6103700]
Event: 1.056 Thread 0x000001e6eddfa000 1438       3       com.sun.tools.javac.jvm.ClassReader::setParameters (348 bytes)
Event: 1.059 Thread 0x000001e6eddfa000 nmethod 1438 0x000001e6d6103a10 code [0x000001e6d6103f40, 0x000001e6d6107390]
Event: 1.059 Thread 0x000001e6eddfa000 1436       3       com.sun.tools.javac.code.Symbol$MethodSymbol::<init> (84 bytes)
Event: 1.060 Thread 0x000001e6eddfa000 nmethod 1436 0x000001e6d6108490 code [0x000001e6d6108800, 0x000001e6d6109de0]
Event: 1.060 Thread 0x000001e6eddfa000 1433   !   3       com.sun.tools.javac.jvm.ClassReader::readMethod (462 bytes)
Event: 1.063 Thread 0x000001e6eddfa000 nmethod 1433 0x000001e6d610a410 code [0x000001e6d610a940, 0x000001e6d610dde0]
Event: 1.063 Thread 0x000001e6eddfa000 1434       3       com.sun.tools.javac.jvm.ClassReader::adjustMethodFlags (46 bytes)
Event: 1.063 Thread 0x000001e6eddfa000 nmethod 1434 0x000001e6d610ec90 code [0x000001e6d610ee40, 0x000001e6d610f098]
Event: 1.063 Thread 0x000001e6eddfa000 1435       3       com.sun.tools.javac.code.Symbol::isInterface (19 bytes)

GC Heap History (10 events):
Event: 0.965 GC heap after
{Heap after GC invocations=12 (full 0):
 garbage-first heap   total 13312K, used 5694K [0x0000000742000000, 0x0000000800000000)
  region size 1024K, 1 young (1024K), 1 survivors (1024K)
 Metaspace       used 8711K, capacity 11393K, committed 11648K, reserved 1058816K
  class space    used 1006K, capacity 1315K, committed 1408K, reserved 1048576K
}
Event: 0.975 GC heap before
{Heap before GC invocations=12 (full 0):
 garbage-first heap   total 13312K, used 7742K [0x0000000742000000, 0x0000000800000000)
  region size 1024K, 3 young (3072K), 1 survivors (1024K)
 Metaspace       used 8730K, capacity 11396K, committed 11648K, reserved 1058816K
  class space    used 1006K, capacity 1315K, committed 1408K, reserved 1048576K
}
Event: 0.977 GC heap after
{Heap after GC invocations=13 (full 0):
 garbage-first heap   total 16384K, used 5989K [0x0000000742000000, 0x0000000800000000)
  region size 1024K, 1 young (1024K), 1 survivors (1024K)
 Metaspace       used 8730K, capacity 11396K, committed 11648K, reserved 1058816K
  class space    used 1006K, capacity 1315K, committed 1408K, reserved 1048576K
}
Event: 1.027 GC heap before
{Heap before GC invocations=13 (full 0):
 garbage-first heap   total 16384K, used 9061K [0x0000000742000000, 0x0000000800000000)
  region size 1024K, 4 young (4096K), 1 survivors (1024K)
 Metaspace       used 8860K, capacity 11464K, committed 11648K, reserved 1058816K
  class space    used 1016K, capacity 1316K, committed 1408K, reserved 1048576K
}
Event: 1.030 GC heap after
{Heap after GC invocations=14 (full 0):
 garbage-first heap   total 16384K, used 6569K [0x0000000742000000, 0x0000000800000000)
  region size 1024K, 1 young (1024K), 1 survivors (1024K)
 Metaspace       used 8860K, capacity 11464K, committed 11648K, reserved 1058816K
  class space    used 1016K, capacity 1316K, committed 1408K, reserved 1048576K
}
Event: 1.040 GC heap before
{Heap before GC invocations=14 (full 0):
 garbage-first heap   total 16384K, used 9641K [0x0000000742000000, 0x0000000800000000)
  region size 1024K, 4 young (4096K), 1 survivors (1024K)
 Metaspace       used 8863K, capacity 11464K, committed 11648K, reserved 1058816K
  class space    used 1016K, capacity 1316K, committed 1408K, reserved 1048576K
}
Event: 1.043 GC heap after
{Heap after GC invocations=15 (full 0):
 garbage-first heap   total 16384K, used 7120K [0x0000000742000000, 0x0000000800000000)
  region size 1024K, 1 young (1024K), 1 survivors (1024K)
 Metaspace       used 8863K, capacity 11464K, committed 11648K, reserved 1058816K
  class space    used 1016K, capacity 1316K, committed 1408K, reserved 1048576K
}
Event: 1.048 GC heap before
{Heap before GC invocations=15 (full 0):
 garbage-first heap   total 16384K, used 9168K [0x0000000742000000, 0x0000000800000000)
  region size 1024K, 3 young (3072K), 1 survivors (1024K)
 Metaspace       used 8863K, capacity 11464K, committed 11648K, reserved 1058816K
  class space    used 1016K, capacity 1316K, committed 1408K, reserved 1048576K
}
Event: 1.050 GC heap after
{Heap after GC invocations=16 (full 0):
 garbage-first heap   total 16384K, used 7207K [0x0000000742000000, 0x0000000800000000)
  region size 1024K, 1 young (1024K), 1 survivors (1024K)
 Metaspace       used 8863K, capacity 11464K, committed 11648K, reserved 1058816K
  class space    used 1016K, capacity 1316K, committed 1408K, reserved 1048576K
}
Event: 1.063 GC heap before
{Heap before GC invocations=16 (full 0):
 garbage-first heap   total 16384K, used 9255K [0x0000000742000000, 0x0000000800000000)
  region size 1024K, 3 young (3072K), 1 survivors (1024K)
 Metaspace       used 8875K, capacity 11464K, committed 11648K, reserved 1058816K
  class space    used 1016K, capacity 1316K, committed 1408K, reserved 1048576K
}

Deoptimization events (10 events):
Event: 0.818 Thread 0x000001e6cd47d000 Uncommon trap: reason=class_check action=maybe_recompile pc=0x000001e6dd37d088 method=java.util.HashMap.putVal(ILjava/lang/Object;Ljava/lang/Object;ZZ)Ljava/lang/Object; @ 203 c2
Event: 0.821 Thread 0x000001e6cd47d000 Uncommon trap: reason=class_check action=maybe_recompile pc=0x000001e6dd37d088 method=java.util.HashMap.putVal(ILjava/lang/Object;Ljava/lang/Object;ZZ)Ljava/lang/Object; @ 203 c2
Event: 0.862 Thread 0x000001e6cd47d000 Uncommon trap: reason=bimorphic_or_optimized_type_check action=maybe_recompile pc=0x000001e6dd3919c4 method=java.util.HashMap.getNode(ILjava/lang/Object;)Ljava/util/HashMap$Node; @ 126 c2
Event: 0.862 Thread 0x000001e6cd47d000 Uncommon trap: reason=bimorphic_or_optimized_type_check action=maybe_recompile pc=0x000001e6dd3919c4 method=java.util.HashMap.getNode(ILjava/lang/Object;)Ljava/util/HashMap$Node; @ 126 c2
Event: 0.862 Thread 0x000001e6cd47d000 Uncommon trap: reason=bimorphic_or_optimized_type_check action=maybe_recompile pc=0x000001e6dd3919c4 method=java.util.HashMap.getNode(ILjava/lang/Object;)Ljava/util/HashMap$Node; @ 126 c2
Event: 0.862 Thread 0x000001e6cd47d000 Uncommon trap: reason=bimorphic_or_optimized_type_check action=maybe_recompile pc=0x000001e6dd3919c4 method=java.util.HashMap.getNode(ILjava/lang/Object;)Ljava/util/HashMap$Node; @ 126 c2
Event: 0.958 Thread 0x000001e6cd47d000 Uncommon trap: reason=class_check action=maybe_recompile pc=0x000001e6dd381734 method=java.util.HashMap.getNode(ILjava/lang/Object;)Ljava/util/HashMap$Node; @ 126 c2
Event: 0.991 Thread 0x000001e6cd47d000 Uncommon trap: reason=unstable_if action=reinterpret pc=0x000001e6dd3a1d4c method=java.lang.String.<init>([CIILjava/lang/Void;)V @ 5 c2
Event: 0.992 Thread 0x000001e6cd47d000 Uncommon trap: reason=unstable_if action=reinterpret pc=0x000001e6dd39dc60 method=java.lang.String.<init>([CIILjava/lang/Void;)V @ 5 c2
Event: 1.008 Thread 0x000001e6cd47d000 Uncommon trap: reason=unstable_if action=reinterpret pc=0x000001e6dd387bc8 method=java.lang.String.<init>([CIILjava/lang/Void;)V @ 5 c2

Classes redefined (0 events):
No events

Internal exceptions (10 events):
Event: 0.594 Thread 0x000001e6cd47d000 Exception <a 'sun/nio/fs/WindowsException'{0x00000007429ef858}> (0x00000007429ef858) thrown at [t:/workspace/open/src/hotspot/share/prims/jni.cpp, line 615]
Event: 0.594 Thread 0x000001e6cd47d000 Exception <a 'sun/nio/fs/WindowsException'{0x00000007429efb58}> (0x00000007429efb58) thrown at [t:/workspace/open/src/hotspot/share/prims/jni.cpp, line 615]
Event: 0.638 Thread 0x000001e6cd47d000 Exception <a 'java/lang/NoSuchMethodError'{0x00000007428bc598}: java.lang.invoke.DirectMethodHandle$Holder.invokeSpecial(Ljava/lang/Object;Ljava/lang/Object;Ljava/lang/Object;Ljava/lang/Object;)I> (0x00000007428bc598) thrown at [t:/workspace/open/src/hots
Event: 0.693 Thread 0x000001e6cd47d000 Exception <a 'sun/nio/fs/WindowsException'{0x000000074283b100}> (0x000000074283b100) thrown at [t:/workspace/open/src/hotspot/share/prims/jni.cpp, line 615]
Event: 0.892 Thread 0x000001e6cd47d000 Exception <a 'sun/nio/fs/WindowsException'{0x0000000742c75fc8}> (0x0000000742c75fc8) thrown at [t:/workspace/open/src/hotspot/share/prims/jni.cpp, line 615]
Event: 0.904 Thread 0x000001e6cd47d000 Exception <a 'java/lang/NoSuchMethodError'{0x0000000742ca9870}: java.lang.invoke.DirectMethodHandle$Holder.invokeSpecial(Ljava/lang/Object;Ljava/lang/Object;Ljava/lang/Object;Ljava/lang/Object;Ljava/lang/Object;)I> (0x0000000742ca9870) thrown at [t:/works
Event: 0.958 Thread 0x000001e6cd47d000 Exception <a 'sun/nio/fs/WindowsException'{0x0000000742be6818}> (0x0000000742be6818) thrown at [t:/workspace/open/src/hotspot/share/prims/jni.cpp, line 615]
Event: 0.958 Thread 0x000001e6cd47d000 Exception <a 'sun/nio/fs/WindowsException'{0x0000000742be6d18}> (0x0000000742be6d18) thrown at [t:/workspace/open/src/hotspot/share/prims/jni.cpp, line 615]
Event: 0.958 Thread 0x000001e6cd47d000 Exception <a 'sun/nio/fs/WindowsException'{0x0000000742be7cf0}> (0x0000000742be7cf0) thrown at [t:/workspace/open/src/hotspot/share/prims/jni.cpp, line 615]
Event: 0.958 Thread 0x000001e6cd47d000 Exception <a 'sun/nio/fs/WindowsException'{0x0000000742be7f60}> (0x0000000742be7f60) thrown at [t:/workspace/open/src/hotspot/share/prims/jni.cpp, line 615]

Events (10 events):
Event: 1.008 Thread 0x000001e6cd47d000 Uncommon trap: trap_request=0xffffff4d fr.pc=0x000001e6dd387bc8 relative=0x0000000000000488
Event: 1.008 Thread 0x000001e6cd47d000 DEOPT PACKING pc=0x000001e6dd387bc8 sp=0x0000007d0ecfdb90
Event: 1.008 Thread 0x000001e6cd47d000 DEOPT UNPACKING pc=0x000001e6d58a9c2f sp=0x0000007d0ecfdb50 mode 2
Event: 1.027 Executing VM operation: G1CollectForAllocation
Event: 1.030 Executing VM operation: G1CollectForAllocation done
Event: 1.040 Executing VM operation: G1CollectForAllocation
Event: 1.043 Executing VM operation: G1CollectForAllocation done
Event: 1.048 Executing VM operation: G1CollectForAllocation
Event: 1.050 Executing VM operation: G1CollectForAllocation done
Event: 1.063 Executing VM operation: G1CollectForAllocation


Dynamic libraries:
0x00007ff6d2740000 - 0x00007ff6d2748000 	C:\Program Files\Java\jdk-12.0.2\bin\javac.exe
0x00007ffe58f20000 - 0x00007ffe59110000 	C:\Windows\SYSTEM32\ntdll.dll
0x00007ffe588c0000 - 0x00007ffe58972000 	C:\Windows\System32\KERNEL32.DLL
0x00007ffe56d20000 - 0x00007ffe56fc4000 	C:\Windows\System32\KERNELBASE.dll
0x00007ffe56b30000 - 0x00007ffe56c2a000 	C:\Windows\System32\ucrtbase.dll
0x00007ffe53be0000 - 0x00007ffe53bf6000 	C:\Program Files\Java\jdk-12.0.2\bin\VCRUNTIME140.dll
0x00007ffe39660000 - 0x00007ffe39678000 	C:\Program Files\Java\jdk-12.0.2\bin\jli.dll
0x00007ffe57680000 - 0x00007ffe57723000 	C:\Windows\System32\ADVAPI32.dll
0x00007ffe575d0000 - 0x00007ffe5766e000 	C:\Windows\System32\msvcrt.dll
0x00007ffe57380000 - 0x00007ffe57417000 	C:\Windows\System32\sechost.dll
0x00007ffe57260000 - 0x00007ffe57380000 	C:\Windows\System32\RPCRT4.dll
0x00007ffe58a00000 - 0x00007ffe58b94000 	C:\Windows\System32\USER32.dll
0x00007ffe56b00000 - 0x00007ffe56b21000 	C:\Windows\System32\win32u.dll
0x00007ffe57540000 - 0x00007ffe57566000 	C:\Windows\System32\GDI32.dll
0x00007ffe56960000 - 0x00007ffe56af4000 	C:\Windows\System32\gdi32full.dll
0x00007ffe56c30000 - 0x00007ffe56cce000 	C:\Windows\System32\msvcp_win.dll
0x00007ffe47e50000 - 0x00007ffe480d4000 	C:\Windows\WinSxS\amd64_microsoft.windows.common-controls_6595b64144ccf1df_6.0.18362.836_none_e6c4b943130f18ed\COMCTL32.dll
0x00007ffe58ba0000 - 0x00007ffe58ed6000 	C:\Windows\System32\combase.dll
0x00007ffe49f90000 - 0x00007ffe49f9a000 	C:\Windows\SYSTEM32\VERSION.dll
0x00007ffe56100000 - 0x00007ffe56180000 	C:\Windows\System32\bcryptPrimitives.dll
0x00007ffe57730000 - 0x00007ffe5775e000 	C:\Windows\System32\IMM32.DLL
0x00007ffe1fd50000 - 0x00007ffe1fdfa000 	C:\Program Files\Java\jdk-12.0.2\bin\msvcp140.dll
0x00007ffe16840000 - 0x00007ffe173b7000 	C:\Program Files\Java\jdk-12.0.2\bin\server\jvm.dll
0x00007ffe57670000 - 0x00007ffe57678000 	C:\Windows\System32\PSAPI.DLL
0x00007ffe44940000 - 0x00007ffe44949000 	C:\Windows\SYSTEM32\WSOCK32.dll
0x00007ffe53a70000 - 0x00007ffe53a94000 	C:\Windows\SYSTEM32\WINMM.dll
0x00007ffe574d0000 - 0x00007ffe5753f000 	C:\Windows\System32\ws2_32.DLL
0x00007ffe53a40000 - 0x00007ffe53a6d000 	C:\Windows\SYSTEM32\WINMMBASE.dll
0x00007ffe56cd0000 - 0x00007ffe56d1a000 	C:\Windows\System32\cfgmgr32.dll
0x00007ffe55e40000 - 0x00007ffe55e51000 	C:\Windows\System32\kernel.appcore.dll
0x00007ffe52300000 - 0x00007ffe52311000 	C:\Program Files\Java\jdk-12.0.2\bin\verify.dll
0x00007ffe546f0000 - 0x00007ffe548e4000 	C:\Windows\SYSTEM32\DBGHELP.DLL
0x00007ffe3b460000 - 0x00007ffe3b48a000 	C:\Windows\SYSTEM32\dbgcore.DLL
0x00007ffe49ad0000 - 0x00007ffe49af6000 	C:\Program Files\Java\jdk-12.0.2\bin\java.dll
0x00007ffe49ab0000 - 0x00007ffe49ac7000 	C:\Program Files\Java\jdk-12.0.2\bin\zip.dll
0x00007ffe53bd0000 - 0x00007ffe53bda000 	C:\Program Files\Java\jdk-12.0.2\bin\jimage.dll
0x00007ffe57fc0000 - 0x00007ffe586a4000 	C:\Windows\System32\SHELL32.dll
0x00007ffe57f10000 - 0x00007ffe57fb9000 	C:\Windows\System32\shcore.dll
0x00007ffe561e0000 - 0x00007ffe5695e000 	C:\Windows\System32\windows.storage.dll
0x00007ffe55e80000 - 0x00007ffe55ea3000 	C:\Windows\System32\profapi.dll
0x00007ffe55df0000 - 0x00007ffe55e3a000 	C:\Windows\System32\powrprof.dll
0x00007ffe55de0000 - 0x00007ffe55df0000 	C:\Windows\System32\UMPDC.dll
0x00007ffe57200000 - 0x00007ffe57252000 	C:\Windows\System32\shlwapi.dll
0x00007ffe55eb0000 - 0x00007ffe55ec7000 	C:\Windows\System32\cryptsp.dll
0x00007ffe497f0000 - 0x00007ffe49809000 	C:\Program Files\Java\jdk-12.0.2\bin\net.dll
0x00007ffe49d10000 - 0x00007ffe49e00000 	C:\Windows\SYSTEM32\WINHTTP.dll
0x00007ffe3da60000 - 0x00007ffe3dc36000 	C:\Windows\SYSTEM32\urlmon.dll
0x00007ffe3d790000 - 0x00007ffe3da36000 	C:\Windows\SYSTEM32\iertutil.dll
0x00007ffe55820000 - 0x00007ffe5582c000 	C:\Windows\SYSTEM32\CRYPTBASE.DLL
0x00007ffe55650000 - 0x00007ffe556b7000 	C:\Windows\system32\mswsock.dll
0x00007ffe497d0000 - 0x00007ffe497e3000 	C:\Program Files\Java\jdk-12.0.2\bin\nio.dll

dbghelp: loaded successfully - version: 4.0.5 - missing functions: none
symbol engine: initialized successfully - sym options: 0x614 - pdb path: .;C:\Program Files\Java\jdk-12.0.2\bin;C:\Windows\SYSTEM32;C:\Windows\WinSxS\amd64_microsoft.windows.common-controls_6595b64144ccf1df_6.0.18362.836_none_e6c4b943130f18ed;C:\Program Files\Java\jdk-12.0.2\bin\server

VM Arguments:
jvm_args: -Dapplication.home=C:\Program Files\Java\jdk-12.0.2 --add-modules=ALL-DEFAULT -Xms8m -Djdk.module.main=jdk.compiler 
java_command: jdk.compiler/com.sun.tools.javac.Main -d C:\Users\USER\Documents\NetBeansProjects\cnpm\build\classes -classpath C:\Users\USER\Documents\NetBeansProjects\cnpm\build\classes;C:\Users\USER\Desktop\NNLT\JAVA TOOL+CODE\Tool JAVA\mssql-jdbc-7.2.1.jre11.jar;D:\NETBEAN\netbeans\java\modules\ext\AbsoluteLayout.jar;C:\Users\USER\Desktop\NNLT\JAVA TOOL+CODE\Tool JAVA\jdatechooser\DateChooser.jar;C:\Users\USER\Desktop\NNLT\JAVA TOOL+CODE\Tool JAVA\javadate picker\jdatepicker-1.3.2.jar;C:\Users\USER\Desktop\NNLT\JAVA TOOL+CODE\Tool JAVA\ITextSharp\itextpdf-5.4.0.jar;C:\Users\USER\Desktop\NNLT\JAVA TOOL+CODE\Tool JAVA\io\io-7.0.5.jar;C:\Users\USER\Desktop\NNLT\JAVA TOOL+CODE\Tool JAVA\pqScan.PDFtoImage\pqScan.PDFtoImage.jar -sourcepath C:\Users\USER\Documents\NetBeansProjects\cnpm\src -target 12 -encoding UTF-8 -g -processorpath C:\Users\USER\Desktop\NNLT\JAVA TOOL+CODE\Tool JAVA\mssql-jdbc-7.2.1.jre11.jar;D:\NETBEAN\netbeans\java\modules\ext\AbsoluteLayout.jar;C:\Users\USER\Desktop\NNLT\JAVA TOOL+CODE\Tool JAVA\jdatechooser\DateChooser.jar;C:\Users\USER\Desktop\NNLT\JAVA TOOL+CODE\Tool JAVA\javadate picker\jdatepicker-1.3.4.jar;C:\Users\USER\Desktop\NNLT\JAVA TOOL+CODE\Tool JAVA\javadate picker\jdatepicker-1.3.2.jar;C:\Users\USER\Downloads\New folder\New folder\AbsoluteLayout.jar;C:\Users\USER\Downloads\New folder\New folder\commons-beanutils-1.8.2.jar;C:\Users\USER\Downloads\New folder\New folder\groovy-all-1.7.5.jar;C:\Users\USER\Downloads\New folder\New folder\jasperreports-4.0.2.jar;C:\Users\USER\Downloads\New folder\New folder\swingx-all-1.6.4.jar;C:\Users\USER\Downloads\New folder\New folder\sqljdbc4.jar;C:\Users\USER\Desktop\NNLT\JAVA TOOL+CODE\Tool JAVA\ITextSharp\itextpdf-5.4.0.jar;C:\Users\USER\Desktop\NNLT\JAVA TOOL+CODE\Tool JAVA\io\io-7.0.5.jar;C:\Users\USER\Desktop\NNLT\JAVA TOOL+CODE\Tool JAVA\pqScan.PDFtoImage\pqScan.PDFtoImage.jar;C:\Users\USER\Documents\NetBeansProjects\cnpm\build\empty -s C:\Users\USER\Documents\NetBeansProjects\cnpm\build\gene
java_class_path (initial): <not set>
Launcher Type: SUN_STANDARD

[Global flags]
     intx CICompilerCount                          = 3                                         {product} {ergonomic}
     uint ConcGCThreads                            = 1                                         {product} {ergonomic}
     uint G1ConcRefinementThreads                  = 4                                         {product} {ergonomic}
   size_t G1HeapRegionSize                         = 1048576                                   {product} {ergonomic}
    uintx GCDrainStackTargetSize                   = 64                                        {product} {ergonomic}
   size_t InitialHeapSize                          = 8388608                                   {product} {command line}
   size_t MarkStackSize                            = 4194304                                   {product} {ergonomic}
   size_t MaxHeapSize                              = 3187671040                                {product} {ergonomic}
   size_t MaxNewSize                               = 1912602624                                {product} {ergonomic}
   size_t MinHeapDeltaBytes                        = 1048576                                   {product} {ergonomic}
    uintx NonNMethodCodeHeapSize                   = 5830732                                {pd product} {ergonomic}
    uintx NonProfiledCodeHeapSize                  = 122913754                              {pd product} {ergonomic}
    uintx ProfiledCodeHeapSize                     = 122913754                              {pd product} {ergonomic}
    uintx ReservedCodeCacheSize                    = 251658240                              {pd product} {ergonomic}
     bool SegmentedCodeCache                       = true                                      {product} {ergonomic}
     bool UseCompressedClassPointers               = true                                 {lp64_product} {ergonomic}
     bool UseCompressedOops                        = true                                 {lp64_product} {ergonomic}
     bool UseG1GC                                  = true                                      {product} {ergonomic}
     bool UseLargePagesIndividualAllocation        = false                                  {pd product} {ergonomic}

Logging:
Log output configuration:
 #0: stdout all=warning uptime,level,tags
 #1: stderr all=off uptime,level,tags

Environment Variables:
JAVA_HOME=C:\Program Files\Java\jdk-12.0.2
PATH=C:\Program Files (x86)\Common Files\Oracle\Java\javapath;C:\Program Files (x86)\Intel\Intel(R) Management Engine Components\iCLS\;C:\Program Files\Intel\Intel(R) Management Engine Components\iCLS\;C:\Windows\system32;C:\Windows;C:\Windows\System32\Wbem;C:\Windows\System32\WindowsPowerShell\v1.0\;C:\Windows\System32\OpenSSH\;C:\Program Files (x86)\Intel\Intel(R) Management Engine Components\DAL;C:\Program Files\Intel\Intel(R) Management Engine Components\DAL;C:\Program Files (x86)\Intel\Intel(R) Management Engine Components\IPT;C:\Program Files\Intel\Intel(R) Management Engine Components\IPT;C:\Program Files\Intel\WiFi\bin\;C:\Program Files\Common Files\Intel\WirelessCommon\;C:\Program Files\Java\jdk-12.0.2\bin;C:\Program Files\Microsoft SQL Server\110\Tools\Binn\;C:\Program Files (x86)\Microsoft SQL Server\110\Tools\Binn\;C:\Program Files\Microsoft SQL Server\110\DTS\Binn\;C:\Program Files (x86)\Microsoft SQL Server\110\Tools\Binn\ManagementStudio\;C:\Program Files (x86)\Microsoft Visual Studio 10.0\Common7\IDE\PrivateAssemblies\;C:\Program Files (x86)\Microsoft SQL Server\110\DTS\Binn\;C:\Users\USER\Documents\OpenSSL\OpenSSL-Win64\bin;C:\Program Files\OpenSSL-Win64\bin;C:\Users\USER\Downloads\New folder\New folder\bin;C:\Users\USER\AppData\Local\Microsoft\WindowsApps;C:\Program Files\Intel\WiFi\bin\;C:\Program Files\Common Files\Intel\WirelessCommon\
USERNAME=USER
OS=Windows_NT
PROCESSOR_IDENTIFIER=Intel64 Family 6 Model 142 Stepping 9, GenuineIntel



---------------  S Y S T E M  ---------------

OS: Windows 10 , 64 bit Build 18362 (10.0.18362.778)

CPU:total 4 (initial active 4) (2 cores per cpu, 2 threads per core) family 6 model 142 stepping 9, cmov, cx8, fxsr, mmx, sse, sse2, sse3, ssse3, sse4.1, sse4.2, popcnt, avx, avx2, aes, clmul, erms, 3dnowpref, lzcnt, ht, tsc, tscinvbit, bmi1, bmi2, adx, fma

Memory: 4k page, system-wide physical 12153M (4250M free)
TotalPageFile size 28176M (AvailPageFile size 10M)
current process WorkingSet (physical memory assigned to process): 77M, peak: 77M
current process commit charge ("private bytes"): 102M, peak: 107M

vm_info: Java HotSpot(TM) 64-Bit Server VM (12.0.2+10) for windows-amd64 JRE (12.0.2+10), built on Jul 16 2019 01:56:17 by "mach5one" with MS VC++ 15.5 (VS2017)

END.
