#
# There is insufficient memory for the Java Runtime Environment to continue.
# Native memory allocation (mmap) failed to map 30408704 bytes for Failed to commit area from 0x0000000743d00000 to 0x0000000745a00000 of length 30408704.
# Possible reasons:
#   The system is out of physical RAM or swap space
#   The process is running with CompressedOops enabled, and the Java Heap may be blocking the growth of the native heap
# Possible solutions:
#   Reduce memory load on the system
#   Increase physical memory or swap space
#   Check if swap backing store is full
#   Decrease Java heap size (-Xmx/-Xms)
#   Decrease number of Java threads
#   Decrease Java thread stack sizes (-Xss)
#   Set larger code cache with -XX:ReservedCodeCacheSize=
#   JVM is running with Zero Based Compressed Oops mode in which the Java heap is
#     placed in the first 32GB address space. The Java Heap base address is the
#     maximum limit for the native heap growth. Please use -XX:HeapBaseMinAddress
#     to set the Java Heap base and to place the Java Heap above 32GB virtual address.
# This output file may be truncated or incomplete.
#
#  Out of Memory Error (t:/workspace/open/src/hotspot/os/windows/os_windows.cpp:3264), pid=22064, tid=21444
#
# JRE version: Java(TM) SE Runtime Environment (12.0.2+10) (build 12.0.2+10)
# Java VM: Java HotSpot(TM) 64-Bit Server VM (12.0.2+10, mixed mode, sharing, tiered, compressed oops, g1 gc, windows-amd64)
# No core dump will be written. Minidumps are not enabled by default on client versions of Windows
#

---------------  S U M M A R Y ------------

Command Line: -Dapplication.home=C:\Program Files\Java\jdk-12.0.2 --add-modules=ALL-DEFAULT -Xms8m -Djdk.module.main=jdk.compiler jdk.compiler/com.sun.tools.javac.Main -d C:\Users\USER\Documents\NetBeansProjects\cnpm\build\classes -classpath C:\Users\USER\Documents\NetBeansProjects\cnpm\build\classes;C:\Users\USER\Desktop\NNLT\JAVA TOOL+CODE\Tool JAVA\mssql-jdbc-7.2.1.jre11.jar;D:\NETBEAN\netbeans\java\modules\ext\AbsoluteLayout.jar;C:\Users\USER\Desktop\NNLT\JAVA TOOL+CODE\Tool JAVA\jdatechooser\DateChooser.jar;C:\Users\USER\Desktop\NNLT\JAVA TOOL+CODE\Tool JAVA\javadate picker\jdatepicker-1.3.2.jar;C:\Users\USER\Desktop\NNLT\JAVA TOOL+CODE\Tool JAVA\ITextSharp\itextpdf-5.4.0.jar;C:\Users\USER\Desktop\NNLT\JAVA TOOL+CODE\Tool JAVA\io\io-7.0.5.jar;C:\Users\USER\Desktop\NNLT\JAVA TOOL+CODE\Tool JAVA\pqScan.PDFtoImage\pqScan.PDFtoImage.jar -sourcepath C:\Users\USER\Documents\NetBeansProjects\cnpm\src -target 12 -encoding UTF-8 -g -processorpath C:\Users\USER\Desktop\NNLT\JAVA TOOL+CODE\Tool JAVA\mssql-jdbc-7.2.1.jre11.jar;D:\NETBEAN\netbeans\java\modules\ext\AbsoluteLayout.jar;C:\Users\USER\Desktop\NNLT\JAVA TOOL+CODE\Tool JAVA\jdatechooser\DateChooser.jar;C:\Users\USER\Desktop\NNLT\JAVA TOOL+CODE\Tool JAVA\javadate picker\jdatepicker-1.3.4.jar;C:\Users\USER\Desktop\NNLT\JAVA TOOL+CODE\Tool JAVA\javadate picker\jdatepicker-1.3.2.jar;C:\Users\USER\Downloads\New folder\New folder\AbsoluteLayout.jar;C:\Users\USER\Downloads\New folder\New folder\commons-beanutils-1.8.2.jar;C:\Users\USER\Downloads\New folder\New folder\groovy-all-1.7.5.jar;C:\Users\USER\Downloads\New folder\New folder\jasperreports-4.0.2.jar;C:\Users\USER\Downloads\New folder\New folder\swingx-all-1.6.4.jar;C:\Users\USER\Downloads\New folder\New folder\sqljdbc4.jar;C:\Users\USER\Desktop\NNLT\JAVA TOOL+CODE\Tool JAVA\ITextSharp\itextpdf-5.4.0.jar;C:\Users\USER\Desktop\NNLT\JAVA TOOL+CODE\Tool JAVA\io\io-7.0.5.jar;C:\Users\USER\Desktop\NNLT\JAVA TOOL+CODE\Tool JAVA\pqScan.PDFtoImage\pqScan.PDFtoImage.jar;C:\Users\USER\Documents\NetBeansProjects\cnpm\build\empty -s C:\Users\USER\Documents\NetBeansProjects\cnpm\build\generated-sources\ap-source-output -source 12 C:\Users\USER\Documents\NetBeansProjects\cnpm\src\cnpm\updatePanelGuest.java

Host: Intel(R) Core(TM) i7-7500U CPU @ 2.70GHz, 4 cores, 11G,  Windows 10 , 64 bit Build 18362 (10.0.18362.778)
Time: Tue May 26 14:34:34 2020 SE Asia Standard Time elapsed time: 1 seconds (0d 0h 0m 1s)

---------------  T H R E A D  ---------------

Current thread (0x0000024a36379000):  VMThread "VM Thread" [stack: 0x0000005d6fe00000,0x0000005d6ff00000] [id=21444]

Stack: [0x0000005d6fe00000,0x0000005d6ff00000]
[error occurred during error reporting (printing stack bounds), id 0xc0000005, EXCEPTION_ACCESS_VIOLATION (0xc0000005) at pc=0x0000024a3e6b0bad]

Native frames: (J=compiled Java code, j=interpreted, Vv=VM code, C=native code)
V  [jvm.dll+0x63aa2a]
V  [jvm.dll+0x78ce1e]
V  [jvm.dll+0x78e4c1]
V  [jvm.dll+0x78ea75]
V  [jvm.dll+0x78ea2b]
V  [jvm.dll+0x63a134]
V  [jvm.dll+0x63a4f8]
C  [ntdll.dll+0xa11cf]
C  [ntdll.dll+0x6a209]
C  [ntdll.dll+0x9fe3e]
C  0x0000024a3e6b0bad

VM_Operation (0x0000005d6f8fe770): G1CollectForAllocation, mode: safepoint, requested by thread 0x0000024a362b0000


---------------  P R O C E S S  ---------------

Threads class SMR info:
_java_thread_list=0x0000024a580e4c70, length=11, elements={
0x0000024a362b0000, 0x0000024a3637e000, 0x0000024a56bf3800, 0x0000024a56c07000,
0x0000024a56c09800, 0x0000024a56c0c800, 0x0000024a56c15000, 0x0000024a56c23800,
0x0000024a57632000, 0x0000024a576c4000, 0x0000024a580cc000
}

Java Threads: ( => current thread )
  0x0000024a362b0000 JavaThread "main" [_thread_blocked, id=20976, stack(0x0000005d6f800000,0x0000005d6f900000)]
  0x0000024a3637e000 JavaThread "Reference Handler" daemon [_thread_blocked, id=21192, stack(0x0000005d6ff00000,0x0000005d70000000)]
  0x0000024a56bf3800 JavaThread "Finalizer" daemon [_thread_blocked, id=22120, stack(0x0000005d70000000,0x0000005d70100000)]
  0x0000024a56c07000 JavaThread "Signal Dispatcher" daemon [_thread_blocked, id=21852, stack(0x0000005d70100000,0x0000005d70200000)]
  0x0000024a56c09800 JavaThread "Attach Listener" daemon [_thread_blocked, id=21348, stack(0x0000005d70200000,0x0000005d70300000)]
  0x0000024a56c0c800 JavaThread "C2 CompilerThread0" daemon [_thread_blocked, id=18300, stack(0x0000005d70300000,0x0000005d70400000)]
  0x0000024a56c15000 JavaThread "C1 CompilerThread0" daemon [_thread_blocked, id=20496, stack(0x0000005d70400000,0x0000005d70500000)]
  0x0000024a56c23800 JavaThread "Sweeper thread" daemon [_thread_blocked, id=20508, stack(0x0000005d70500000,0x0000005d70600000)]
  0x0000024a57632000 JavaThread "Common-Cleaner" daemon [_thread_blocked, id=18132, stack(0x0000005d70600000,0x0000005d70700000)]
  0x0000024a576c4000 JavaThread "Service Thread" daemon [_thread_blocked, id=21868, stack(0x0000005d70700000,0x0000005d70800000)]
  0x0000024a580cc000 JavaThread "C2 CompilerThread1" daemon [_thread_blocked, id=22476, stack(0x0000005d70a00000,0x0000005d70b00000)]

Other Threads:
=>0x0000024a36379000 VMThread "VM Thread" [stack: 0x0000005d6fe00000,0x0000005d6ff00000] [id=21444]
  0x0000024a576ac800 WatcherThread [stack: 0x0000005d70800000,0x0000005d70900000] [id=20716]
  0x0000024a36300800 GCTaskThread "GC Thread#0" [stack: 0x0000005d6f900000,0x0000005d6fa00000] [id=13388]
  0x0000024a57953000 GCTaskThread "GC Thread#1" [stack: 0x0000005d70900000,0x0000005d70a00000] [id=20848]
  0x0000024a36314000 ConcurrentGCThread "G1 Main Marker" [stack: 0x0000005d6fa00000,0x0000005d6fb00000] [id=21916]
  0x0000024a36316800 ConcurrentGCThread "G1 Conc#0" [stack: 0x0000005d6fb00000,0x0000005d6fc00000] [id=21844]
  0x0000024a36331800 ConcurrentGCThread "G1 Refine#0" [stack: 0x0000005d6fc00000,0x0000005d6fd00000] [id=17876]
  0x0000024a36333000 ConcurrentGCThread "G1 Young RemSet Sampling" [stack: 0x0000005d6fd00000,0x0000005d6fe00000] [id=13884]

Threads with active compile tasks:

VM state:at safepoint (normal execution)

VM Mutex/Monitor currently owned by a thread:  ([mutex/lock_event])
[0x0000024a362acf40] Threads_lock - owner thread: 0x0000024a36379000
[0x0000024a362ac490] Heap_lock - owner thread: 0x0000024a362b0000

Heap address: 0x0000000742000000, size: 3040 MB, Compressed Oops mode: Zero based, Oop shift amount: 3
Narrow klass base: 0x0000000800000000, Narrow klass shift: 3
Compressed class space size: 1073741824 Address: 0x0000000801190000

Heap:
 garbage-first heap   total 59392K, used 14575K [0x0000000742000000, 0x0000000800000000)
  region size 1024K, 1 young (1024K), 1 survivors (1024K)
 Metaspace       used 10786K, capacity 13337K, committed 13568K, reserved 1060864K
  class space    used 1195K, capacity 1511K, committed 1536K, reserved 1048576K
Heap Regions: E=young(eden), S=young(survivor), O=old, HS=humongous(starts), HC=humongous(continues), CS=collection set, F=free, A=archive, TAMS=top-at-mark-start (previous, next)
|   0|0x0000000742000000, 0x0000000742100000, 0x0000000742100000|100%| O|  |TAMS 0x0000000742100000, 0x0000000742000000| Untracked 
|   1|0x0000000742100000, 0x0000000742200000, 0x0000000742200000|100%| O|  |TAMS 0x0000000742200000, 0x0000000742100000| Untracked 
|   2|0x0000000742200000, 0x0000000742300000, 0x0000000742300000|100%| O|  |TAMS 0x0000000742300000, 0x0000000742200000| Untracked 
|   3|0x0000000742300000, 0x0000000742400000, 0x0000000742400000|100%| O|  |TAMS 0x0000000742400000, 0x0000000742300000| Untracked 
|   4|0x0000000742400000, 0x0000000742500000, 0x0000000742500000|100%| O|  |TAMS 0x0000000742500000, 0x0000000742400000| Untracked 
|   5|0x0000000742500000, 0x0000000742600000, 0x0000000742600000|100%| O|  |TAMS 0x000000074254fc00, 0x0000000742500000| Untracked 
|   6|0x0000000742600000, 0x0000000742700000, 0x0000000742700000|100%| O|  |TAMS 0x0000000742600000, 0x0000000742600000| Untracked 
|   7|0x0000000742700000, 0x0000000742800000, 0x0000000742800000|100%| O|  |TAMS 0x0000000742700000, 0x0000000742700000| Untracked 
|   8|0x0000000742800000, 0x0000000742900000, 0x0000000742900000|100%| O|  |TAMS 0x0000000742800000, 0x0000000742800000| Untracked 
|   9|0x0000000742900000, 0x0000000742a00000, 0x0000000742a00000|100%| O|  |TAMS 0x0000000742900000, 0x0000000742900000| Untracked 
|  10|0x0000000742a00000, 0x0000000742b00000, 0x0000000742b00000|100%| O|  |TAMS 0x0000000742a00000, 0x0000000742a00000| Untracked 
|  11|0x0000000742b00000, 0x0000000742c00000, 0x0000000742c00000|100%|HS|  |TAMS 0x0000000742b00000, 0x0000000742b00000| Complete 
|  12|0x0000000742c00000, 0x0000000742d00000, 0x0000000742d00000|100%| O|  |TAMS 0x0000000742c00000, 0x0000000742c00000| Untracked 
|  13|0x0000000742d00000, 0x0000000742d3bc00, 0x0000000742e00000| 23%| O|  |TAMS 0x0000000742d00000, 0x0000000742d00000| Untracked 
|  14|0x0000000742e00000, 0x0000000742e00000, 0x0000000742f00000|  0%| F|  |TAMS 0x0000000742e00000, 0x0000000742e00000| Untracked 
|  15|0x0000000742f00000, 0x0000000742f00000, 0x0000000743000000|  0%| F|  |TAMS 0x0000000742f00000, 0x0000000742f00000| Untracked 
|  16|0x0000000743000000, 0x0000000743000000, 0x0000000743100000|  0%| F|  |TAMS 0x0000000743000000, 0x0000000743000000| Untracked 
|  17|0x0000000743100000, 0x0000000743100000, 0x0000000743200000|  0%| F|  |TAMS 0x0000000743100000, 0x0000000743100000| Untracked 
|  18|0x0000000743200000, 0x0000000743200000, 0x0000000743300000|  0%| F|  |TAMS 0x0000000743200000, 0x0000000743200000| Untracked 
|  19|0x0000000743300000, 0x0000000743300000, 0x0000000743400000|  0%| F|  |TAMS 0x0000000743300000, 0x0000000743300000| Untracked 
|  20|0x0000000743400000, 0x0000000743400000, 0x0000000743500000|  0%| F|  |TAMS 0x0000000743400000, 0x0000000743400000| Untracked 
|  21|0x0000000743500000, 0x0000000743500000, 0x0000000743600000|  0%| F|  |TAMS 0x0000000743500000, 0x0000000743500000| Untracked 
|  22|0x0000000743600000, 0x0000000743700000, 0x0000000743700000|100%| S|CS|TAMS 0x0000000743600000, 0x0000000743600000| Complete 
|  23|0x0000000743700000, 0x0000000743700000, 0x0000000743800000|  0%| F|  |TAMS 0x0000000743700000, 0x0000000743700000| Untracked 
|  24|0x0000000743800000, 0x0000000743800000, 0x0000000743900000|  0%| F|  |TAMS 0x0000000743800000, 0x0000000743800000| Untracked 
|  25|0x0000000743900000, 0x0000000743900000, 0x0000000743a00000|  0%| F|  |TAMS 0x0000000743900000, 0x0000000743900000| Untracked 
|  26|0x0000000743a00000, 0x0000000743a00000, 0x0000000743b00000|  0%| F|  |TAMS 0x0000000743a00000, 0x0000000743a00000| Untracked 
|  27|0x0000000743b00000, 0x0000000743b00000, 0x0000000743c00000|  0%| F|  |TAMS 0x0000000743b00000, 0x0000000743b00000| Untracked 
|  28|0x0000000743c00000, 0x0000000743c00000, 0x0000000743d00000|  0%| F|  |TAMS 0x0000000743c00000, 0x0000000743c00000| Untracked 

Card table byte_map: [0x0000024a4dca0000,0x0000024a4e290000] _byte_map_base: 0x0000024a4a290000

Marking Bits (Prev, Next): (CMBitMap*) 0x0000024a363017d8, (CMBitMap*) 0x0000024a36301818
 Prev Bits: [0x0000024a4e880000, 0x0000024a51800000)
 Next Bits: [0x0000024a51800000, 0x0000024a54780000)

Polling page: 0x0000024a34150000

Metaspace:

Usage:
  Non-class:     11.55 MB capacity,     9.37 MB ( 81%) used,     2.15 MB ( 19%) free+waste,    33.38 KB ( <1%) overhead. 
      Class:      1.48 MB capacity,     1.17 MB ( 79%) used,   299.34 KB ( 20%) free+waste,    15.75 KB (  1%) overhead. 
       Both:     13.02 MB capacity,    10.53 MB ( 81%) used,     2.44 MB ( 19%) free+waste,    49.13 KB ( <1%) overhead. 

Virtual space:
  Non-class space:       12.00 MB reserved,      11.75 MB ( 98%) committed 
      Class space:        1.00 GB reserved,       1.50 MB ( <1%) committed 
             Both:        1.01 GB reserved,      13.25 MB (  1%) committed 

Chunk freelists:
   Non-Class:  1.75 KB
       Class:  3.13 KB
        Both:  4.88 KB

CodeHeap 'non-profiled nmethods': size=120064Kb used=802Kb max_used=802Kb free=119261Kb
 bounds [0x0000024a46170000, 0x0000024a463e0000, 0x0000024a4d6b0000]
CodeHeap 'profiled nmethods': size=120000Kb used=5107Kb max_used=5107Kb free=114892Kb
 bounds [0x0000024a3ec40000, 0x0000024a3f140000, 0x0000024a46170000]
CodeHeap 'non-nmethods': size=5696Kb used=1122Kb max_used=1168Kb free=4573Kb
 bounds [0x0000024a3e6b0000, 0x0000024a3e920000, 0x0000024a3ec40000]
 total_blobs=3173 nmethods=2278 adapters=336
 compilation: enabled
              stopped_count=0, restarted_count=0
 full_count=0

Compilation events (10 events):
Event: 1.853 Thread 0x0000024a56c15000 2280       3       com.sun.tools.javac.code.Types$UniqueType::<init> (15 bytes)
Event: 1.853 Thread 0x0000024a56c15000 nmethod 2280 0x0000024a3f139110 code [0x0000024a3f1392e0, 0x0000024a3f139578]
Event: 1.853 Thread 0x0000024a56c15000 2256       3       com.sun.tools.javac.jvm.Code::isAlive (20 bytes)
Event: 1.853 Thread 0x0000024a56c15000 nmethod 2256 0x0000024a3f139610 code [0x0000024a3f1397c0, 0x0000024a3f1399d8]
Event: 1.853 Thread 0x0000024a56c15000 2260       3       com.sun.tools.javac.jvm.Items::makeMemberItem (11 bytes)
Event: 1.854 Thread 0x0000024a56c15000 nmethod 2260 0x0000024a3f139a90 code [0x0000024a3f139c80, 0x0000024a3f13a220]
Event: 1.854 Thread 0x0000024a56c15000 2254       3       com.sun.tools.javac.jvm.Gen::visitIdent (278 bytes)
Event: 1.857 Thread 0x0000024a56c15000 nmethod 2254 0x0000024a3f13a410 code [0x0000024a3f13a800, 0x0000024a3f13c5e0]
Event: 1.857 Thread 0x0000024a56c15000 2262       1       com.sun.tools.javac.jvm.Items::makeThisItem (5 bytes)
Event: 1.857 Thread 0x0000024a56c15000 nmethod 2262 0x0000024a46238710 code [0x0000024a462388c0, 0x0000024a462389f8]

GC Heap History (10 events):
Event: 1.008 GC heap after
{Heap after GC invocations=19 (full 0):
 garbage-first heap   total 17408K, used 7691K [0x0000000742000000, 0x0000000800000000)
  region size 1024K, 1 young (1024K), 1 survivors (1024K)
 Metaspace       used 8870K, capacity 11464K, committed 11648K, reserved 1058816K
  class space    used 1016K, capacity 1316K, committed 1408K, reserved 1048576K
}
Event: 1.036 GC heap before
{Heap before GC invocations=19 (full 0):
 garbage-first heap   total 17408K, used 10763K [0x0000000742000000, 0x0000000800000000)
  region size 1024K, 4 young (4096K), 1 survivors (1024K)
 Metaspace       used 8878K, capacity 11464K, committed 11648K, reserved 1058816K
  class space    used 1016K, capacity 1316K, committed 1408K, reserved 1048576K
}
Event: 1.040 GC heap after
{Heap after GC invocations=20 (full 0):
 garbage-first heap   total 29696K, used 8320K [0x0000000742000000, 0x0000000800000000)
  region size 1024K, 1 young (1024K), 1 survivors (1024K)
 Metaspace       used 8878K, capacity 11464K, committed 11648K, reserved 1058816K
  class space    used 1016K, capacity 1316K, committed 1408K, reserved 1048576K
}
Event: 1.103 GC heap before
{Heap before GC invocations=20 (full 0):
 garbage-first heap   total 29696K, used 14464K [0x0000000742000000, 0x0000000800000000)
  region size 1024K, 8 young (8192K), 1 survivors (1024K)
 Metaspace       used 8934K, capacity 11483K, committed 11648K, reserved 1058816K
  class space    used 1021K, capacity 1322K, committed 1408K, reserved 1048576K
}
Event: 1.107 GC heap after
{Heap after GC invocations=21 (full 0):
 garbage-first heap   total 29696K, used 9831K [0x0000000742000000, 0x0000000800000000)
  region size 1024K, 1 young (1024K), 1 survivors (1024K)
 Metaspace       used 8934K, capacity 11483K, committed 11648K, reserved 1058816K
  class space    used 1021K, capacity 1322K, committed 1408K, reserved 1048576K
}
Event: 1.317 GC heap before
{Heap before GC invocations=21 (full 0):
 garbage-first heap   total 29696K, used 16999K [0x0000000742000000, 0x0000000800000000)
  region size 1024K, 8 young (8192K), 1 survivors (1024K)
 Metaspace       used 9468K, capacity 12095K, committed 12160K, reserved 1060864K
  class space    used 1072K, capacity 1375K, committed 1408K, reserved 1048576K
}
Event: 1.323 GC heap after
{Heap after GC invocations=22 (full 0):
 garbage-first heap   total 29696K, used 11397K [0x0000000742000000, 0x0000000800000000)
  region size 1024K, 1 young (1024K), 1 survivors (1024K)
 Metaspace       used 9468K, capacity 12095K, committed 12160K, reserved 1060864K
  class space    used 1072K, capacity 1375K, committed 1408K, reserved 1048576K
}
Event: 1.624 GC heap before
{Heap before GC invocations=22 (full 0):
 garbage-first heap   total 29696K, used 19589K [0x0000000742000000, 0x0000000800000000)
  region size 1024K, 8 young (8192K), 1 survivors (1024K)
 Metaspace       used 10151K, capacity 12723K, committed 12800K, reserved 1060864K
  class space    used 1142K, capacity 1477K, committed 1536K, reserved 1048576K
}
Event: 1.631 GC heap after
{Heap after GC invocations=23 (full 0):
 garbage-first heap   total 29696K, used 13536K [0x0000000742000000, 0x0000000800000000)
  region size 1024K, 1 young (1024K), 1 survivors (1024K)
 Metaspace       used 10151K, capacity 12723K, committed 12800K, reserved 1060864K
  class space    used 1142K, capacity 1477K, committed 1536K, reserved 1048576K
}
Event: 1.865 GC heap before
{Heap before GC invocations=23 (full 0):
 garbage-first heap   total 29696K, used 19680K [0x0000000742000000, 0x0000000800000000)
  region size 1024K, 7 young (7168K), 1 survivors (1024K)
 Metaspace       used 10786K, capacity 13337K, committed 13568K, reserved 1060864K
  class space    used 1195K, capacity 1511K, committed 1536K, reserved 1048576K
}

Deoptimization events (10 events):
Event: 1.614 Thread 0x0000024a362b0000 Uncommon trap: reason=class_check action=maybe_recompile pc=0x0000024a46212da8 method=com.sun.tools.javac.code.Types.rank(Lcom/sun/tools/javac/code/Type;)I @ 4 c2
Event: 1.633 Thread 0x0000024a362b0000 Uncommon trap: reason=unstable_if action=reinterpret pc=0x0000024a461faffc method=com.sun.tools.javac.jvm.ClassReader.sigToType()Lcom/sun/tools/javac/code/Type; @ 288 c2
Event: 1.665 Thread 0x0000024a362b0000 Uncommon trap: reason=bimorphic_or_optimized_type_check action=maybe_recompile pc=0x0000024a461e0cb0 method=java.util.HashMap.putVal(ILjava/lang/Object;Ljava/lang/Object;ZZ)Ljava/lang/Object; @ 56 c2
Event: 1.686 Thread 0x0000024a362b0000 Uncommon trap: reason=bimorphic_or_optimized_type_check action=maybe_recompile pc=0x0000024a461e0f3c method=java.util.HashMap.putVal(ILjava/lang/Object;Ljava/lang/Object;ZZ)Ljava/lang/Object; @ 253 c2
Event: 1.714 Thread 0x0000024a362b0000 Uncommon trap: reason=bimorphic_or_optimized_type_check action=maybe_recompile pc=0x0000024a461e0f3c method=java.util.HashMap.putVal(ILjava/lang/Object;Ljava/lang/Object;ZZ)Ljava/lang/Object; @ 253 c2
Event: 1.727 Thread 0x0000024a362b0000 Uncommon trap: reason=unstable_if action=reinterpret pc=0x0000024a4621b6e0 method=com.sun.tools.javac.code.Scope$ScopeImpl$2.hasNext()Z @ 69 c2
Event: 1.730 Thread 0x0000024a362b0000 Uncommon trap: reason=bimorphic_or_optimized_type_check action=maybe_recompile pc=0x0000024a461e0f3c method=java.util.HashMap.putVal(ILjava/lang/Object;Ljava/lang/Object;ZZ)Ljava/lang/Object; @ 253 c2
Event: 1.775 Thread 0x0000024a362b0000 Uncommon trap: reason=unstable_if action=reinterpret pc=0x0000024a46176bcc method=java.lang.String.isLatin1()Z @ 10 c2
Event: 1.781 Thread 0x0000024a362b0000 Uncommon trap: reason=unstable_fused_if action=reinterpret pc=0x0000024a461cc0fc method=com.sun.tools.javac.util.Convert.chars2utf([CI[BII)I @ 28 c2
Event: 1.835 Thread 0x0000024a362b0000 Uncommon trap: reason=unstable_if action=reinterpret pc=0x0000024a4621d314 method=com.sun.tools.javac.util.ListBuffer.copy()V @ 7 c2

Classes redefined (0 events):
No events

Internal exceptions (10 events):
Event: 1.253 Thread 0x0000024a362b0000 Exception <a 'sun/nio/fs/WindowsException'{0x0000000743845e20}> (0x0000000743845e20) thrown at [t:/workspace/open/src/hotspot/share/prims/jni.cpp, line 615]
Event: 1.254 Thread 0x0000024a362b0000 Exception <a 'sun/nio/fs/WindowsException'{0x0000000743846150}> (0x0000000743846150) thrown at [t:/workspace/open/src/hotspot/share/prims/jni.cpp, line 615]
Event: 1.254 Thread 0x0000024a362b0000 Exception <a 'sun/nio/fs/WindowsException'{0x0000000743849098}> (0x0000000743849098) thrown at [t:/workspace/open/src/hotspot/share/prims/jni.cpp, line 615]
Event: 1.254 Thread 0x0000024a362b0000 Exception <a 'sun/nio/fs/WindowsException'{0x0000000743849390}> (0x0000000743849390) thrown at [t:/workspace/open/src/hotspot/share/prims/jni.cpp, line 615]
Event: 1.273 Thread 0x0000024a362b0000 Exception <a 'java/lang/NoSuchMethodError'{0x00000007437dc620}: java.lang.invoke.DirectMethodHandle$Holder.invokeVirtual(Ljava/lang/Object;Ljava/lang/Object;)V> (0x00000007437dc620) thrown at [t:/workspace/open/src/hotspot/share/interpreter/linkResolver.c
Event: 1.476 Thread 0x0000024a362b0000 Exception <a 'java/lang/NoSuchMethodError'{0x00000007439ce3d8}: java.lang.invoke.DirectMethodHandle$Holder.invokeVirtual(Ljava/lang/Object;Ljava/lang/Object;Ljava/lang/Object;Ljava/lang/Object;)I> (0x00000007439ce3d8) thrown at [t:/workspace/open/src/hots
Event: 1.477 Thread 0x0000024a362b0000 Exception <a 'java/lang/NoSuchMethodError'{0x00000007439d8be8}: java.lang.invoke.DirectMethodHandle$Holder.invokeStatic(Ljava/lang/Object;Ljava/lang/Object;ILjava/lang/Object;)Ljava/lang/Object;> (0x00000007439d8be8) thrown at [t:/workspace/open/src/hotsp
Event: 1.479 Thread 0x0000024a362b0000 Exception <a 'java/lang/NoSuchMethodError'{0x00000007439df150}: java.lang.invoke.Invokers$Holder.linkToTargetMethod(Ljava/lang/Object;ILjava/lang/Object;Ljava/lang/Object;)Ljava/lang/Object;> (0x00000007439df150) thrown at [t:/workspace/open/src/hotspot/s
Event: 1.480 Thread 0x0000024a362b0000 Exception <a 'java/lang/NoSuchMethodError'{0x00000007439e4688}: java.lang.invoke.DirectMethodHandle$Holder.invokeVirtual(Ljava/lang/Object;Ljava/lang/Object;Ljava/lang/Object;)Ljava/lang/Object;> (0x00000007439e4688) thrown at [t:/workspace/open/src/hotsp
Event: 1.842 Thread 0x0000024a362b0000 Exception <a 'sun/nio/fs/WindowsException'{0x00000007437bc1e0}> (0x00000007437bc1e0) thrown at [t:/workspace/open/src/hotspot/share/prims/jni.cpp, line 615]

Events (10 events):
Event: 1.775 Thread 0x0000024a362b0000 DEOPT UNPACKING pc=0x0000024a3e6d9c2f sp=0x0000005d6f8fdff8 mode 2
Event: 1.781 Thread 0x0000024a362b0000 Uncommon trap: trap_request=0xffffff45 fr.pc=0x0000024a461cc0fc relative=0x00000000000001dc
Event: 1.782 Thread 0x0000024a362b0000 DEOPT PACKING pc=0x0000024a461cc0fc sp=0x0000005d6f8fef00
Event: 1.782 Thread 0x0000024a362b0000 DEOPT UNPACKING pc=0x0000024a3e6d9c2f sp=0x0000005d6f8fee60 mode 2
Event: 1.835 Thread 0x0000024a362b0000 Uncommon trap: trap_request=0xffffff4d fr.pc=0x0000024a4621d314 relative=0x0000000000000a34
Event: 1.835 Thread 0x0000024a362b0000 DEOPT PACKING pc=0x0000024a4621d314 sp=0x0000005d6f8fe9c0
Event: 1.835 Thread 0x0000024a362b0000 DEOPT UNPACKING pc=0x0000024a3e6d9c2f sp=0x0000005d6f8fe940 mode 2
Event: 1.862 loading class com/sun/tools/javac/resources/spi/javacProvider
Event: 1.862 loading class com/sun/tools/javac/resources/spi/javacProvider done
Event: 1.864 Executing VM operation: G1CollectForAllocation


Dynamic libraries:
0x00007ff6d2740000 - 0x00007ff6d2748000 	C:\Program Files\Java\jdk-12.0.2\bin\javac.exe
0x00007ffe58f20000 - 0x00007ffe59110000 	C:\Windows\SYSTEM32\ntdll.dll
0x00007ffe588c0000 - 0x00007ffe58972000 	C:\Windows\System32\KERNEL32.DLL
0x00007ffe56d20000 - 0x00007ffe56fc4000 	C:\Windows\System32\KERNELBASE.dll
0x00007ffe56b30000 - 0x00007ffe56c2a000 	C:\Windows\System32\ucrtbase.dll
0x00007ffe53be0000 - 0x00007ffe53bf6000 	C:\Program Files\Java\jdk-12.0.2\bin\VCRUNTIME140.dll
0x00007ffe39660000 - 0x00007ffe39678000 	C:\Program Files\Java\jdk-12.0.2\bin\jli.dll
0x00007ffe57680000 - 0x00007ffe57723000 	C:\Windows\System32\ADVAPI32.dll
0x00007ffe575d0000 - 0x00007ffe5766e000 	C:\Windows\System32\msvcrt.dll
0x00007ffe57380000 - 0x00007ffe57417000 	C:\Windows\System32\sechost.dll
0x00007ffe57260000 - 0x00007ffe57380000 	C:\Windows\System32\RPCRT4.dll
0x00007ffe58a00000 - 0x00007ffe58b94000 	C:\Windows\System32\USER32.dll
0x00007ffe56b00000 - 0x00007ffe56b21000 	C:\Windows\System32\win32u.dll
0x00007ffe57540000 - 0x00007ffe57566000 	C:\Windows\System32\GDI32.dll
0x00007ffe47e50000 - 0x00007ffe480d4000 	C:\Windows\WinSxS\amd64_microsoft.windows.common-controls_6595b64144ccf1df_6.0.18362.836_none_e6c4b943130f18ed\COMCTL32.dll
0x00007ffe56960000 - 0x00007ffe56af4000 	C:\Windows\System32\gdi32full.dll
0x00007ffe58ba0000 - 0x00007ffe58ed6000 	C:\Windows\System32\combase.dll
0x00007ffe56c30000 - 0x00007ffe56cce000 	C:\Windows\System32\msvcp_win.dll
0x00007ffe56100000 - 0x00007ffe56180000 	C:\Windows\System32\bcryptPrimitives.dll
0x00007ffe49f90000 - 0x00007ffe49f9a000 	C:\Windows\SYSTEM32\VERSION.dll
0x00007ffe57730000 - 0x00007ffe5775e000 	C:\Windows\System32\IMM32.DLL
0x00007ffe1fd50000 - 0x00007ffe1fdfa000 	C:\Program Files\Java\jdk-12.0.2\bin\msvcp140.dll
0x00007ffe16840000 - 0x00007ffe173b7000 	C:\Program Files\Java\jdk-12.0.2\bin\server\jvm.dll
0x00007ffe57670000 - 0x00007ffe57678000 	C:\Windows\System32\PSAPI.DLL
0x00007ffe53a70000 - 0x00007ffe53a94000 	C:\Windows\SYSTEM32\WINMM.dll
0x00007ffe53a40000 - 0x00007ffe53a6d000 	C:\Windows\SYSTEM32\WINMMBASE.dll
0x00007ffe44940000 - 0x00007ffe44949000 	C:\Windows\SYSTEM32\WSOCK32.dll
0x00007ffe56cd0000 - 0x00007ffe56d1a000 	C:\Windows\System32\cfgmgr32.dll
0x0000024a35a10000 - 0x0000024a35a7f000 	C:\Windows\System32\ws2_32.DLL
0x00007ffe55e40000 - 0x00007ffe55e51000 	C:\Windows\System32\kernel.appcore.dll
0x00007ffe52300000 - 0x00007ffe52311000 	C:\Program Files\Java\jdk-12.0.2\bin\verify.dll
0x00007ffe546f0000 - 0x00007ffe548e4000 	C:\Windows\SYSTEM32\DBGHELP.DLL
0x00007ffe3b460000 - 0x00007ffe3b48a000 	C:\Windows\SYSTEM32\dbgcore.DLL
0x00007ffe49ad0000 - 0x00007ffe49af6000 	C:\Program Files\Java\jdk-12.0.2\bin\java.dll
0x00007ffe49ab0000 - 0x00007ffe49ac7000 	C:\Program Files\Java\jdk-12.0.2\bin\zip.dll
0x00007ffe53bd0000 - 0x00007ffe53bda000 	C:\Program Files\Java\jdk-12.0.2\bin\jimage.dll
0x00007ffe57fc0000 - 0x00007ffe586a4000 	C:\Windows\System32\SHELL32.dll
0x00007ffe57f10000 - 0x00007ffe57fb9000 	C:\Windows\System32\shcore.dll
0x00007ffe561e0000 - 0x00007ffe5695e000 	C:\Windows\System32\windows.storage.dll
0x00007ffe55e80000 - 0x00007ffe55ea3000 	C:\Windows\System32\profapi.dll
0x00007ffe55df0000 - 0x00007ffe55e3a000 	C:\Windows\System32\powrprof.dll
0x00007ffe55de0000 - 0x00007ffe55df0000 	C:\Windows\System32\UMPDC.dll
0x00007ffe57200000 - 0x00007ffe57252000 	C:\Windows\System32\shlwapi.dll
0x00007ffe55eb0000 - 0x00007ffe55ec7000 	C:\Windows\System32\cryptsp.dll
0x00007ffe497f0000 - 0x00007ffe49809000 	C:\Program Files\Java\jdk-12.0.2\bin\net.dll
0x00007ffe3da60000 - 0x00007ffe3dc36000 	C:\Windows\SYSTEM32\urlmon.dll
0x00007ffe49d10000 - 0x00007ffe49e00000 	C:\Windows\SYSTEM32\WINHTTP.dll
0x00007ffe3d790000 - 0x00007ffe3da36000 	C:\Windows\SYSTEM32\iertutil.dll
0x00007ffe55820000 - 0x00007ffe5582c000 	C:\Windows\SYSTEM32\CRYPTBASE.DLL
0x00007ffe55650000 - 0x00007ffe556b7000 	C:\Windows\system32\mswsock.dll
0x00007ffe497d0000 - 0x00007ffe497e3000 	C:\Program Files\Java\jdk-12.0.2\bin\nio.dll

dbghelp: loaded successfully - version: 4.0.5 - missing functions: none
symbol engine: initialized successfully - sym options: 0x614 - pdb path: .;C:\Program Files\Java\jdk-12.0.2\bin;C:\Windows\SYSTEM32;C:\Windows\WinSxS\amd64_microsoft.windows.common-controls_6595b64144ccf1df_6.0.18362.836_none_e6c4b943130f18ed;C:\Program Files\Java\jdk-12.0.2\bin\server

VM Arguments:
jvm_args: -Dapplication.home=C:\Program Files\Java\jdk-12.0.2 --add-modules=ALL-DEFAULT -Xms8m -Djdk.module.main=jdk.compiler 
java_command: jdk.compiler/com.sun.tools.javac.Main -d C:\Users\USER\Documents\NetBeansProjects\cnpm\build\classes -classpath C:\Users\USER\Documents\NetBeansProjects\cnpm\build\classes;C:\Users\USER\Desktop\NNLT\JAVA TOOL+CODE\Tool JAVA\mssql-jdbc-7.2.1.jre11.jar;D:\NETBEAN\netbeans\java\modules\ext\AbsoluteLayout.jar;C:\Users\USER\Desktop\NNLT\JAVA TOOL+CODE\Tool JAVA\jdatechooser\DateChooser.jar;C:\Users\USER\Desktop\NNLT\JAVA TOOL+CODE\Tool JAVA\javadate picker\jdatepicker-1.3.2.jar;C:\Users\USER\Desktop\NNLT\JAVA TOOL+CODE\Tool JAVA\ITextSharp\itextpdf-5.4.0.jar;C:\Users\USER\Desktop\NNLT\JAVA TOOL+CODE\Tool JAVA\io\io-7.0.5.jar;C:\Users\USER\Desktop\NNLT\JAVA TOOL+CODE\Tool JAVA\pqScan.PDFtoImage\pqScan.PDFtoImage.jar -sourcepath C:\Users\USER\Documents\NetBeansProjects\cnpm\src -target 12 -encoding UTF-8 -g -processorpath C:\Users\USER\Desktop\NNLT\JAVA TOOL+CODE\Tool JAVA\mssql-jdbc-7.2.1.jre11.jar;D:\NETBEAN\netbeans\java\modules\ext\AbsoluteLayout.jar;C:\Users\USER\Desktop\NNLT\JAVA TOOL+CODE\Tool JAVA\jdatechooser\DateChooser.jar;C:\Users\USER\Desktop\NNLT\JAVA TOOL+CODE\Tool JAVA\javadate picker\jdatepicker-1.3.4.jar;C:\Users\USER\Desktop\NNLT\JAVA TOOL+CODE\Tool JAVA\javadate picker\jdatepicker-1.3.2.jar;C:\Users\USER\Downloads\New folder\New folder\AbsoluteLayout.jar;C:\Users\USER\Downloads\New folder\New folder\commons-beanutils-1.8.2.jar;C:\Users\USER\Downloads\New folder\New folder\groovy-all-1.7.5.jar;C:\Users\USER\Downloads\New folder\New folder\jasperreports-4.0.2.jar;C:\Users\USER\Downloads\New folder\New folder\swingx-all-1.6.4.jar;C:\Users\USER\Downloads\New folder\New folder\sqljdbc4.jar;C:\Users\USER\Desktop\NNLT\JAVA TOOL+CODE\Tool JAVA\ITextSharp\itextpdf-5.4.0.jar;C:\Users\USER\Desktop\NNLT\JAVA TOOL+CODE\Tool JAVA\io\io-7.0.5.jar;C:\Users\USER\Desktop\NNLT\JAVA TOOL+CODE\Tool JAVA\pqScan.PDFtoImage\pqScan.PDFtoImage.jar;C:\Users\USER\Documents\NetBeansProjects\cnpm\build\empty -s C:\Users\USER\Documents\NetBeansProjects\cnpm\build\gene
java_class_path (initial): <not set>
Launcher Type: SUN_STANDARD

[Global flags]
     intx CICompilerCount                          = 3                                         {product} {ergonomic}
     uint ConcGCThreads                            = 1                                         {product} {ergonomic}
     uint G1ConcRefinementThreads                  = 4                                         {product} {ergonomic}
   size_t G1HeapRegionSize                         = 1048576                                   {product} {ergonomic}
    uintx GCDrainStackTargetSize                   = 64                                        {product} {ergonomic}
   size_t InitialHeapSize                          = 8388608                                   {product} {command line}
   size_t MarkStackSize                            = 4194304                                   {product} {ergonomic}
   size_t MaxHeapSize                              = 3187671040                                {product} {ergonomic}
   size_t MaxNewSize                               = 1912602624                                {product} {ergonomic}
   size_t MinHeapDeltaBytes                        = 1048576                                   {product} {ergonomic}
    uintx NonNMethodCodeHeapSize                   = 5830732                                {pd product} {ergonomic}
    uintx NonProfiledCodeHeapSize                  = 122913754                              {pd product} {ergonomic}
    uintx ProfiledCodeHeapSize                     = 122913754                              {pd product} {ergonomic}
    uintx ReservedCodeCacheSize                    = 251658240                              {pd product} {ergonomic}
     bool SegmentedCodeCache                       = true                                      {product} {ergonomic}
     bool UseCompressedClassPointers               = true                                 {lp64_product} {ergonomic}
     bool UseCompressedOops                        = true                                 {lp64_product} {ergonomic}
     bool UseG1GC                                  = true                                      {product} {ergonomic}
     bool UseLargePagesIndividualAllocation        = false                                  {pd product} {ergonomic}

Logging:
Log output configuration:
 #0: stdout all=warning uptime,level,tags
 #1: stderr all=off uptime,level,tags

Environment Variables:
JAVA_HOME=C:\Program Files\Java\jdk-12.0.2
PATH=C:\Program Files (x86)\Common Files\Oracle\Java\javapath;C:\Program Files (x86)\Intel\Intel(R) Management Engine Components\iCLS\;C:\Program Files\Intel\Intel(R) Management Engine Components\iCLS\;C:\Windows\system32;C:\Windows;C:\Windows\System32\Wbem;C:\Windows\System32\WindowsPowerShell\v1.0\;C:\Windows\System32\OpenSSH\;C:\Program Files (x86)\Intel\Intel(R) Management Engine Components\DAL;C:\Program Files\Intel\Intel(R) Management Engine Components\DAL;C:\Program Files (x86)\Intel\Intel(R) Management Engine Components\IPT;C:\Program Files\Intel\Intel(R) Management Engine Components\IPT;C:\Program Files\Intel\WiFi\bin\;C:\Program Files\Common Files\Intel\WirelessCommon\;C:\Program Files\Java\jdk-12.0.2\bin;C:\Program Files\Microsoft SQL Server\110\Tools\Binn\;C:\Program Files (x86)\Microsoft SQL Server\110\Tools\Binn\;C:\Program Files\Microsoft SQL Server\110\DTS\Binn\;C:\Program Files (x86)\Microsoft SQL Server\110\Tools\Binn\ManagementStudio\;C:\Program Files (x86)\Microsoft Visual Studio 10.0\Common7\IDE\PrivateAssemblies\;C:\Program Files (x86)\Microsoft SQL Server\110\DTS\Binn\;C:\Users\USER\Documents\OpenSSL\OpenSSL-Win64\bin;C:\Program Files\OpenSSL-Win64\bin;C:\Users\USER\Downloads\New folder\New folder\bin;C:\Users\USER\AppData\Local\Microsoft\WindowsApps;C:\Program Files\Intel\WiFi\bin\;C:\Program Files\Common Files\Intel\WirelessCommon\
USERNAME=USER
OS=Windows_NT
PROCESSOR_IDENTIFIER=Intel64 Family 6 Model 142 Stepping 9, GenuineIntel



---------------  S Y S T E M  ---------------

OS: Windows 10 , 64 bit Build 18362 (10.0.18362.778)

CPU:total 4 (initial active 4) (2 cores per cpu, 2 threads per core) family 6 model 142 stepping 9, cmov, cx8, fxsr, mmx, sse, sse2, sse3, ssse3, sse4.1, sse4.2, popcnt, avx, avx2, aes, clmul, erms, 3dnowpref, lzcnt, ht, tsc, tscinvbit, bmi1, bmi2, adx, fma

Memory: 4k page, system-wide physical 12153M (2212M free)
TotalPageFile size 28176M (AvailPageFile size 29M)
current process WorkingSet (physical memory assigned to process): 120M, peak: 127M
current process commit charge ("private bytes"): 146M, peak: 175M

vm_info: Java HotSpot(TM) 64-Bit Server VM (12.0.2+10) for windows-amd64 JRE (12.0.2+10), built on Jul 16 2019 01:56:17 by "mach5one" with MS VC++ 15.5 (VS2017)

END.
