#
# There is insufficient memory for the Java Runtime Environment to continue.
# Native memory allocation (malloc) failed to allocate 1380016 bytes for Chunk::new
# Possible reasons:
#   The system is out of physical RAM or swap space
#   The process is running with CompressedOops enabled, and the Java Heap may be blocking the growth of the native heap
# Possible solutions:
#   Reduce memory load on the system
#   Increase physical memory or swap space
#   Check if swap backing store is full
#   Decrease Java heap size (-Xmx/-Xms)
#   Decrease number of Java threads
#   Decrease Java thread stack sizes (-Xss)
#   Set larger code cache with -XX:ReservedCodeCacheSize=
#   JVM is running with Zero Based Compressed Oops mode in which the Java heap is
#     placed in the first 32GB address space. The Java Heap base address is the
#     maximum limit for the native heap growth. Please use -XX:HeapBaseMinAddress
#     to set the Java Heap base and to place the Java Heap above 32GB virtual address.
# This output file may be truncated or incomplete.
#
#  Out of Memory Error (t:/workspace/open/src/hotspot/share/memory/arena.cpp:197), pid=18752, tid=21044
#
# JRE version: Java(TM) SE Runtime Environment (12.0.2+10) (build 12.0.2+10)
# Java VM: Java HotSpot(TM) 64-Bit Server VM (12.0.2+10, mixed mode, sharing, tiered, compressed oops, g1 gc, windows-amd64)
# No core dump will be written. Minidumps are not enabled by default on client versions of Windows
#

---------------  S U M M A R Y ------------

Command Line: -Dapplication.home=C:\Program Files\Java\jdk-12.0.2 --add-modules=ALL-DEFAULT -Xms8m -Djdk.module.main=jdk.compiler jdk.compiler/com.sun.tools.javac.Main -d C:\Users\USER\Documents\NetBeansProjects\cnpm\build\classes -classpath C:\Users\USER\Documents\NetBeansProjects\cnpm\build\classes;C:\Users\USER\Desktop\NNLT\JAVA TOOL+CODE\Tool JAVA\mssql-jdbc-7.2.1.jre11.jar;D:\NETBEAN\netbeans\java\modules\ext\AbsoluteLayout.jar;C:\Users\USER\Desktop\NNLT\JAVA TOOL+CODE\Tool JAVA\jdatechooser\DateChooser.jar;C:\Users\USER\Desktop\NNLT\JAVA TOOL+CODE\Tool JAVA\javadate picker\jdatepicker-1.3.2.jar;C:\Users\USER\Desktop\NNLT\JAVA TOOL+CODE\Tool JAVA\ITextSharp\itextpdf-5.4.0.jar;C:\Users\USER\Desktop\NNLT\JAVA TOOL+CODE\Tool JAVA\io\io-7.0.5.jar;C:\Users\USER\Desktop\NNLT\JAVA TOOL+CODE\Tool JAVA\pqScan.PDFtoImage\pqScan.PDFtoImage.jar;C:\Users\USER\Desktop\NNLT\JAVA TOOL+CODE\Tool JAVA\AutoComplete\swingx-all-1.6.4.jar -sourcepath C:\Users\USER\Documents\NetBeansProjects\cnpm\src -target 12 -encoding UTF-8 -g -processorpath C:\Users\USER\Desktop\NNLT\JAVA TOOL+CODE\Tool JAVA\mssql-jdbc-7.2.1.jre11.jar;D:\NETBEAN\netbeans\java\modules\ext\AbsoluteLayout.jar;C:\Users\USER\Desktop\NNLT\JAVA TOOL+CODE\Tool JAVA\jdatechooser\DateChooser.jar;C:\Users\USER\Desktop\NNLT\JAVA TOOL+CODE\Tool JAVA\javadate picker\jdatepicker-1.3.4.jar;C:\Users\USER\Desktop\NNLT\JAVA TOOL+CODE\Tool JAVA\javadate picker\jdatepicker-1.3.2.jar;C:\Users\USER\Downloads\New folder\New folder\AbsoluteLayout.jar;C:\Users\USER\Downloads\New folder\New folder\commons-beanutils-1.8.2.jar;C:\Users\USER\Downloads\New folder\New folder\groovy-all-1.7.5.jar;C:\Users\USER\Downloads\New folder\New folder\jasperreports-4.0.2.jar;C:\Users\USER\Downloads\New folder\New folder\swingx-all-1.6.4.jar;C:\Users\USER\Downloads\New folder\New folder\sqljdbc4.jar;C:\Users\USER\Desktop\NNLT\JAVA TOOL+CODE\Tool JAVA\ITextSharp\itextpdf-5.4.0.jar;C:\Users\USER\Desktop\NNLT\JAVA TOOL+CODE\Tool JAVA\io\io-7.0.5.jar;C:\Users\USER\Desktop\NNLT\JAVA TOOL+CODE\Tool JAVA\pqScan.PDFtoImage\pqScan.PDFtoImage.jar;C:\Users\USER\Desktop\NNLT\JAVA TOOL+CODE\Tool JAVA\AutoComplete\swingx-all-1.6.4.jar;C:\Users\USER\Documents\NetBeansProjects\cnpm\build\empty -s C:\Users\USER\Documents\NetBeansProjects\cnpm\build\generated-sources\ap-source-output -source 12 C:\Users\USER\Documents\NetBeansProjects\cnpm\src\cnpm\Login.java

Host: Intel(R) Core(TM) i7-7500U CPU @ 2.70GHz, 4 cores, 11G,  Windows 10 , 64 bit Build 18362 (10.0.18362.778)
Time: Fri Jun  5 15:54:20 2020 SE Asia Standard Time elapsed time: 1 seconds (0d 0h 0m 1s)

---------------  T H R E A D  ---------------

Current thread (0x000001f9166e1800):  JavaThread "C2 CompilerThread1" daemon [_thread_in_native, id=21044, stack(0x000000f7c7300000,0x000000f7c7400000)]


Current CompileTask:
C2:   1805 1977       4       com.sun.tools.javac.code.Types::union (182 bytes)

Stack: [0x000000f7c7300000,0x000000f7c7400000]
Native frames: (J=compiled Java code, j=interpreted, Vv=VM code, C=native code)
V  [jvm.dll+0x63aa2a]
V  [jvm.dll+0x78ce1e]
V  [jvm.dll+0x78e4c1]
V  [jvm.dll+0x78eb13]
V  [jvm.dll+0x2627e8]
V  [jvm.dll+0xc55cc]
V  [jvm.dll+0xc5b4c]
V  [jvm.dll+0x37a677]
V  [jvm.dll+0x1af0e0]
V  [jvm.dll+0x21c312]
V  [jvm.dll+0x21b3da]
V  [jvm.dll+0x199a20]
V  [jvm.dll+0x22a744]
V  [jvm.dll+0x228d98]
V  [jvm.dll+0x7512a0]
V  [jvm.dll+0x74a2c8]
V  [jvm.dll+0x639b16]
C  [ucrtbase.dll+0x20e82]
C  [KERNEL32.DLL+0x17bd4]
C  [ntdll.dll+0x6ce51]


---------------  P R O C E S S  ---------------

Threads class SMR info:
_java_thread_list=0x000001f916156570, length=11, elements={
0x000001f97478d800, 0x000001f97485e000, 0x000001f91514f800, 0x000001f91516e800,
0x000001f915170800, 0x000001f915171800, 0x000001f91517a800, 0x000001f91517d800,
0x000001f915ba6000, 0x000001f915bf0000, 0x000001f9166e1800
}

Java Threads: ( => current thread )
  0x000001f97478d800 JavaThread "main" [_thread_in_vm, id=23108, stack(0x000000f7c6100000,0x000000f7c6200000)]
  0x000001f97485e000 JavaThread "Reference Handler" daemon [_thread_blocked, id=24136, stack(0x000000f7c6800000,0x000000f7c6900000)]
  0x000001f91514f800 JavaThread "Finalizer" daemon [_thread_blocked, id=20572, stack(0x000000f7c6900000,0x000000f7c6a00000)]
  0x000001f91516e800 JavaThread "Signal Dispatcher" daemon [_thread_blocked, id=23072, stack(0x000000f7c6a00000,0x000000f7c6b00000)]
  0x000001f915170800 JavaThread "Attach Listener" daemon [_thread_blocked, id=22936, stack(0x000000f7c6b00000,0x000000f7c6c00000)]
  0x000001f915171800 JavaThread "C2 CompilerThread0" daemon [_thread_in_native, id=21968, stack(0x000000f7c6c00000,0x000000f7c6d00000)]
  0x000001f91517a800 JavaThread "C1 CompilerThread0" daemon [_thread_in_native, id=24368, stack(0x000000f7c6d00000,0x000000f7c6e00000)]
  0x000001f91517d800 JavaThread "Sweeper thread" daemon [_thread_blocked, id=18116, stack(0x000000f7c6e00000,0x000000f7c6f00000)]
  0x000001f915ba6000 JavaThread "Common-Cleaner" daemon [_thread_blocked, id=23712, stack(0x000000f7c6f00000,0x000000f7c7000000)]
  0x000001f915bf0000 JavaThread "Service Thread" daemon [_thread_blocked, id=3180, stack(0x000000f7c7000000,0x000000f7c7100000)]
=>0x000001f9166e1800 JavaThread "C2 CompilerThread1" daemon [_thread_in_native, id=21044, stack(0x000000f7c7300000,0x000000f7c7400000)]

Other Threads:
  0x000001f97485b800 VMThread "VM Thread" [stack: 0x000000f7c6700000,0x000000f7c6800000] [id=23956]
  0x000001f915c09000 WatcherThread [stack: 0x000000f7c7100000,0x000000f7c7200000] [id=22984]
  0x000001f9747de000 GCTaskThread "GC Thread#0" [stack: 0x000000f7c6200000,0x000000f7c6300000] [id=24540]
  0x000001f915c49000 GCTaskThread "GC Thread#1" [stack: 0x000000f7c7200000,0x000000f7c7300000] [id=2988]
  0x000001f9747f1800 ConcurrentGCThread "G1 Main Marker" [stack: 0x000000f7c6300000,0x000000f7c6400000] [id=23844]
  0x000001f9747f3000 ConcurrentGCThread "G1 Conc#0" [stack: 0x000000f7c6400000,0x000000f7c6500000] [id=21472]
  0x000001f974810000 ConcurrentGCThread "G1 Refine#0" [stack: 0x000000f7c6500000,0x000000f7c6600000] [id=21864]
  0x000001f974813000 ConcurrentGCThread "G1 Young RemSet Sampling" [stack: 0x000000f7c6600000,0x000000f7c6700000] [id=24144]

Threads with active compile tasks:
C2 CompilerThread0  2084       4       com.sun.tools.javac.code.Types$16::visitClassType (10 bytes)
C1 CompilerThread0  2253       3       com.sun.tools.javac.jvm.Gen::visitIdent (278 bytes)
C2 CompilerThread1  1977       4       com.sun.tools.javac.code.Types::union (182 bytes)

VM state:not at safepoint (normal execution)

VM Mutex/Monitor currently owned by a thread: None

Heap address: 0x0000000742000000, size: 3040 MB, Compressed Oops mode: Zero based, Oop shift amount: 3
Narrow klass base: 0x0000000800000000, Narrow klass shift: 3
Compressed class space size: 1073741824 Address: 0x0000000801190000

Heap:
 garbage-first heap   total 31744K, used 16360K [0x0000000742000000, 0x0000000800000000)
  region size 1024K, 5 young (5120K), 1 survivors (1024K)
 Metaspace       used 10497K, capacity 13057K, committed 13312K, reserved 1060864K
  class space    used 1148K, capacity 1458K, committed 1536K, reserved 1048576K
Heap Regions: E=young(eden), S=young(survivor), O=old, HS=humongous(starts), HC=humongous(continues), CS=collection set, F=free, A=archive, TAMS=top-at-mark-start (previous, next)
|   0|0x0000000742000000, 0x0000000742100000, 0x0000000742100000|100%| O|  |TAMS 0x0000000742100000, 0x0000000742000000| Untracked 
|   1|0x0000000742100000, 0x0000000742200000, 0x0000000742200000|100%| O|  |TAMS 0x0000000742200000, 0x0000000742100000| Untracked 
|   2|0x0000000742200000, 0x0000000742300000, 0x0000000742300000|100%| O|  |TAMS 0x0000000742300000, 0x0000000742200000| Untracked 
|   3|0x0000000742300000, 0x0000000742400000, 0x0000000742400000|100%| O|  |TAMS 0x0000000742400000, 0x0000000742300000| Untracked 
|   4|0x0000000742400000, 0x0000000742500000, 0x0000000742500000|100%| O|  |TAMS 0x0000000742500000, 0x0000000742400000| Untracked 
|   5|0x0000000742500000, 0x0000000742600000, 0x0000000742600000|100%| O|  |TAMS 0x0000000742535a00, 0x0000000742500000| Untracked 
|   6|0x0000000742600000, 0x0000000742700000, 0x0000000742700000|100%| O|  |TAMS 0x0000000742600000, 0x0000000742600000| Untracked 
|   7|0x0000000742700000, 0x00000007427ffff8, 0x0000000742800000| 99%| O|  |TAMS 0x0000000742700000, 0x0000000742700000| Untracked 
|   8|0x0000000742800000, 0x0000000742900000, 0x0000000742900000|100%| O|  |TAMS 0x0000000742800000, 0x0000000742800000| Untracked 
|   9|0x0000000742900000, 0x0000000742a00000, 0x0000000742a00000|100%| O|  |TAMS 0x0000000742900000, 0x0000000742900000| Untracked 
|  10|0x0000000742a00000, 0x0000000742b00000, 0x0000000742b00000|100%|HS|  |TAMS 0x0000000742a00000, 0x0000000742a00000| Complete 
|  11|0x0000000742b00000, 0x0000000742bfa400, 0x0000000742c00000| 97%| O|  |TAMS 0x0000000742b00000, 0x0000000742b00000| Untracked 
|  12|0x0000000742c00000, 0x0000000742c00000, 0x0000000742d00000|  0%| F|  |TAMS 0x0000000742c00000, 0x0000000742c00000| Untracked 
|  13|0x0000000742d00000, 0x0000000742d00000, 0x0000000742e00000|  0%| F|  |TAMS 0x0000000742d00000, 0x0000000742d00000| Untracked 
|  14|0x0000000742e00000, 0x0000000742e00000, 0x0000000742f00000|  0%| F|  |TAMS 0x0000000742e00000, 0x0000000742e00000| Untracked 
|  15|0x0000000742f00000, 0x0000000742f00000, 0x0000000743000000|  0%| F|  |TAMS 0x0000000742f00000, 0x0000000742f00000| Untracked 
|  16|0x0000000743000000, 0x0000000743000000, 0x0000000743100000|  0%| F|  |TAMS 0x0000000743000000, 0x0000000743000000| Untracked 
|  17|0x0000000743100000, 0x0000000743100000, 0x0000000743200000|  0%| F|  |TAMS 0x0000000743100000, 0x0000000743100000| Untracked 
|  18|0x0000000743200000, 0x0000000743200000, 0x0000000743300000|  0%| F|  |TAMS 0x0000000743200000, 0x0000000743200000| Untracked 
|  19|0x0000000743300000, 0x0000000743300000, 0x0000000743400000|  0%| F|  |TAMS 0x0000000743300000, 0x0000000743300000| Untracked 
|  20|0x0000000743400000, 0x0000000743400000, 0x0000000743500000|  0%| F|  |TAMS 0x0000000743400000, 0x0000000743400000| Untracked 
|  21|0x0000000743500000, 0x0000000743500000, 0x0000000743600000|  0%| F|  |TAMS 0x0000000743500000, 0x0000000743500000| Untracked 
|  22|0x0000000743600000, 0x0000000743600000, 0x0000000743700000|  0%| F|  |TAMS 0x0000000743600000, 0x0000000743600000| Untracked 
|  23|0x0000000743700000, 0x0000000743800000, 0x0000000743800000|100%| S|CS|TAMS 0x0000000743700000, 0x0000000743700000| Complete 
|  24|0x0000000743800000, 0x0000000743800000, 0x0000000743900000|  0%| F|  |TAMS 0x0000000743800000, 0x0000000743800000| Untracked 
|  25|0x0000000743900000, 0x0000000743900000, 0x0000000743a00000|  0%| F|  |TAMS 0x0000000743900000, 0x0000000743900000| Untracked 
|  26|0x0000000743a00000, 0x0000000743a00000, 0x0000000743b00000|  0%| F|  |TAMS 0x0000000743a00000, 0x0000000743a00000| Untracked 
|  27|0x0000000743b00000, 0x0000000743bb6140, 0x0000000743c00000| 71%| E|  |TAMS 0x0000000743b00000, 0x0000000743b00000| Complete 
|  28|0x0000000743c00000, 0x0000000743d00000, 0x0000000743d00000|100%| E|CS|TAMS 0x0000000743c00000, 0x0000000743c00000| Complete 
|  29|0x0000000743d00000, 0x0000000743e00000, 0x0000000743e00000|100%| E|CS|TAMS 0x0000000743d00000, 0x0000000743d00000| Complete 
|  30|0x0000000743e00000, 0x0000000743f00000, 0x0000000743f00000|100%| E|CS|TAMS 0x0000000743e00000, 0x0000000743e00000| Complete 

Card table byte_map: [0x000001f97d180000,0x000001f97d770000] _byte_map_base: 0x000001f979770000

Marking Bits (Prev, Next): (CMBitMap*) 0x000001f9747deb38, (CMBitMap*) 0x000001f9747deb78
 Prev Bits: [0x000001f90f000000, 0x000001f911f80000)
 Next Bits: [0x000001f911f80000, 0x000001f914f00000)

Polling page: 0x000001f972550000

Metaspace:

Usage:
  Non-class:     11.33 MB capacity,     9.13 MB ( 81%) used,     2.17 MB ( 19%) free+waste,    31.00 KB ( <1%) overhead. 
      Class:      1.42 MB capacity,     1.12 MB ( 79%) used,   295.30 KB ( 20%) free+waste,    14.38 KB ( <1%) overhead. 
       Both:     12.75 MB capacity,    10.25 MB ( 80%) used,     2.45 MB ( 19%) free+waste,    45.38 KB ( <1%) overhead. 

Virtual space:
  Non-class space:       12.00 MB reserved,      11.50 MB ( 96%) committed 
      Class space:        1.00 GB reserved,       1.50 MB ( <1%) committed 
             Both:        1.01 GB reserved,      13.00 MB (  1%) committed 

Chunk freelists:
   Non-Class:  6.13 KB
       Class:  1.75 KB
        Both:  7.88 KB

CodeHeap 'non-profiled nmethods': size=120064Kb used=776Kb max_used=776Kb free=119287Kb
 bounds [0x000001f907ac0000, 0x000001f907d30000, 0x000001f90f000000]
CodeHeap 'profiled nmethods': size=120000Kb used=5556Kb max_used=5556Kb free=114443Kb
 bounds [0x000001f900590000, 0x000001f900b00000, 0x000001f907ac0000]
CodeHeap 'non-nmethods': size=5696Kb used=1127Kb max_used=1151Kb free=4568Kb
 bounds [0x000001f900000000, 0x000001f900270000, 0x000001f900590000]
 total_blobs=3192 nmethods=2244 adapters=337
 compilation: enabled
              stopped_count=0, restarted_count=0
 full_count=0

Compilation events (10 events):
Event: 1.801 Thread 0x000001f91517a800 nmethod 2222 0x000001f900acfc10 code [0x000001f900acfe00, 0x000001f900ad03d0]
Event: 1.801 Thread 0x000001f91517a800 2223       3       com.sun.tools.javac.jvm.Code::emitop (114 bytes)
Event: 1.803 Thread 0x000001f91517a800 nmethod 2223 0x000001f900ad0590 code [0x000001f900ad0920, 0x000001f900ad1d20]
Event: 1.803 Thread 0x000001f91517a800 2228       3       java.lang.String::hashCode (49 bytes)
Event: 1.803 Thread 0x000001f91517a800 nmethod 2228 0x000001f900ad2490 code [0x000001f900ad2680, 0x000001f900ad2b10]
Event: 1.803 Thread 0x000001f91517a800 2226       3       com.sun.tools.javac.code.Types$HashCodeVisitor::visitType (10 bytes)
Event: 1.803 Thread 0x000001f91517a800 nmethod 2226 0x000001f900ad2c90 code [0x000001f900ad2e80, 0x000001f900ad3320]
Event: 1.803 Thread 0x000001f91517a800 2227       3       com.sun.tools.javac.code.Types$HashCodeVisitor::visitType (11 bytes)
Event: 1.804 Thread 0x000001f91517a800 nmethod 2227 0x000001f900ad3490 code [0x000001f900ad3680, 0x000001f900ad3b90]
Event: 1.804 Thread 0x000001f91517a800 2224       3       com.sun.tools.javac.jvm.Code$State::push (238 bytes)

GC Heap History (10 events):
Event: 1.172 GC heap before
{Heap before GC invocations=18 (full 0):
 garbage-first heap   total 18432K, used 10804K [0x0000000742000000, 0x0000000800000000)
  region size 1024K, 4 young (4096K), 1 survivors (1024K)
 Metaspace       used 8898K, capacity 11464K, committed 11648K, reserved 1058816K
  class space    used 1017K, capacity 1316K, committed 1408K, reserved 1048576K
}
Event: 1.175 GC heap after
{Heap after GC invocations=19 (full 0):
 garbage-first heap   total 18432K, used 8151K [0x0000000742000000, 0x0000000800000000)
  region size 1024K, 1 young (1024K), 1 survivors (1024K)
 Metaspace       used 8898K, capacity 11464K, committed 11648K, reserved 1058816K
  class space    used 1017K, capacity 1316K, committed 1408K, reserved 1048576K
}
Event: 1.191 GC heap before
{Heap before GC invocations=19 (full 0):
 garbage-first heap   total 18432K, used 11223K [0x0000000742000000, 0x0000000800000000)
  region size 1024K, 4 young (4096K), 1 survivors (1024K)
 Metaspace       used 8899K, capacity 11464K, committed 11648K, reserved 1058816K
  class space    used 1017K, capacity 1316K, committed 1408K, reserved 1048576K
}
Event: 1.193 GC heap after
{Heap after GC invocations=20 (full 0):
 garbage-first heap   total 31744K, used 8672K [0x0000000742000000, 0x0000000800000000)
  region size 1024K, 1 young (1024K), 1 survivors (1024K)
 Metaspace       used 8899K, capacity 11464K, committed 11648K, reserved 1058816K
  class space    used 1017K, capacity 1316K, committed 1408K, reserved 1048576K
}
Event: 1.237 GC heap before
{Heap before GC invocations=20 (full 0):
 garbage-first heap   total 31744K, used 15840K [0x0000000742000000, 0x0000000800000000)
  region size 1024K, 8 young (8192K), 1 survivors (1024K)
 Metaspace       used 8911K, capacity 11464K, committed 11648K, reserved 1058816K
  class space    used 1017K, capacity 1316K, committed 1408K, reserved 1048576K
}
Event: 1.241 GC heap after
{Heap after GC invocations=21 (full 0):
 garbage-first heap   total 31744K, used 9804K [0x0000000742000000, 0x0000000800000000)
  region size 1024K, 1 young (1024K), 1 survivors (1024K)
 Metaspace       used 8911K, capacity 11464K, committed 11648K, reserved 1058816K
  class space    used 1017K, capacity 1316K, committed 1408K, reserved 1048576K
}
Event: 1.401 GC heap before
{Heap before GC invocations=21 (full 0):
 garbage-first heap   total 31744K, used 16972K [0x0000000742000000, 0x0000000800000000)
  region size 1024K, 8 young (8192K), 1 survivors (1024K)
 Metaspace       used 9439K, capacity 12023K, committed 12160K, reserved 1060864K
  class space    used 1072K, capacity 1372K, committed 1408K, reserved 1048576K
}
Event: 1.407 GC heap after
{Heap after GC invocations=22 (full 0):
 garbage-first heap   total 31744K, used 11114K [0x0000000742000000, 0x0000000800000000)
  region size 1024K, 1 young (1024K), 1 survivors (1024K)
 Metaspace       used 9439K, capacity 12023K, committed 12160K, reserved 1060864K
  class space    used 1072K, capacity 1372K, committed 1408K, reserved 1048576K
}
Event: 1.626 GC heap before
{Heap before GC invocations=22 (full 0):
 garbage-first heap   total 31744K, used 19306K [0x0000000742000000, 0x0000000800000000)
  region size 1024K, 8 young (8192K), 1 survivors (1024K)
 Metaspace       used 9845K, capacity 12441K, committed 12800K, reserved 1060864K
  class space    used 1093K, capacity 1424K, committed 1536K, reserved 1048576K
}
Event: 1.632 GC heap after
{Heap after GC invocations=23 (full 0):
 garbage-first heap   total 31744K, used 13288K [0x0000000742000000, 0x0000000800000000)
  region size 1024K, 1 young (1024K), 1 survivors (1024K)
 Metaspace       used 9845K, capacity 12441K, committed 12800K, reserved 1060864K
  class space    used 1093K, capacity 1424K, committed 1536K, reserved 1048576K
}

Deoptimization events (10 events):
Event: 1.481 Thread 0x000001f97478d800 Uncommon trap: reason=unstable_if action=reinterpret pc=0x000001f907b4f128 method=com.sun.tools.javac.code.Scope$ScopeImpl.lookup(Lcom/sun/tools/javac/util/Name;Lcom/sun/tools/javac/util/Filter;)Lcom/sun/tools/javac/code/Scope$Entry; @ 58 c2
Event: 1.600 Thread 0x000001f97478d800 Uncommon trap: reason=unstable_if action=reinterpret pc=0x000001f907b6e888 method=com.sun.tools.javac.code.Scope$ScopeImpl.lookup(Lcom/sun/tools/javac/util/Name;Lcom/sun/tools/javac/util/Filter;)Lcom/sun/tools/javac/code/Scope$Entry; @ 19 c2
Event: 1.610 Thread 0x000001f97478d800 Uncommon trap: reason=unstable_if action=reinterpret pc=0x000001f907b517cc method=com.sun.tools.javac.jvm.ClassReader.sigToType()Lcom/sun/tools/javac/code/Type; @ 288 c2
Event: 1.610 Thread 0x000001f97478d800 Uncommon trap: reason=unstable_if action=reinterpret pc=0x000001f907b6fe50 method=com.sun.tools.javac.code.Scope$ScopeImpl.lookup(Lcom/sun/tools/javac/util/Name;Lcom/sun/tools/javac/util/Filter;)Lcom/sun/tools/javac/code/Scope$Entry; @ 19 c2
Event: 1.736 Thread 0x000001f97478d800 Uncommon trap: reason=class_check action=maybe_recompile pc=0x000001f907b4cff4 method=com.sun.tools.javac.code.Scope$ScopeListenerList.walkReferences(Lcom/sun/tools/javac/code/Symbol;Lcom/sun/tools/javac/code/Scope;Z)V @ 20 c2
Event: 1.736 Thread 0x000001f97478d800 Uncommon trap: reason=class_check action=maybe_recompile pc=0x000001f907b4cff4 method=com.sun.tools.javac.code.Scope$ScopeListenerList.walkReferences(Lcom/sun/tools/javac/code/Symbol;Lcom/sun/tools/javac/code/Scope;Z)V @ 20 c2
Event: 1.737 Thread 0x000001f97478d800 Uncommon trap: reason=class_check action=maybe_recompile pc=0x000001f907b4cff4 method=com.sun.tools.javac.code.Scope$ScopeListenerList.walkReferences(Lcom/sun/tools/javac/code/Symbol;Lcom/sun/tools/javac/code/Scope;Z)V @ 20 c2
Event: 1.737 Thread 0x000001f97478d800 Uncommon trap: reason=class_check action=maybe_recompile pc=0x000001f907b4cff4 method=com.sun.tools.javac.code.Scope$ScopeListenerList.walkReferences(Lcom/sun/tools/javac/code/Symbol;Lcom/sun/tools/javac/code/Scope;Z)V @ 20 c2
Event: 1.745 Thread 0x000001f97478d800 Uncommon trap: reason=unstable_if action=reinterpret pc=0x000001f907b6b8e0 method=com.sun.tools.javac.code.Scope$ScopeImpl$2.hasNext()Z @ 69 c2
Event: 1.799 Thread 0x000001f97478d800 Uncommon trap: reason=unstable_if action=reinterpret pc=0x000001f907ac7d48 method=java.lang.String.isLatin1()Z @ 10 c2

Classes redefined (0 events):
No events

Internal exceptions (10 events):
Event: 1.426 Thread 0x000001f97478d800 Exception <a 'sun/nio/fs/WindowsException'{0x0000000743e7ae48}> (0x0000000743e7ae48) thrown at [t:/workspace/open/src/hotspot/share/prims/jni.cpp, line 615]
Event: 1.426 Thread 0x000001f97478d800 Exception <a 'sun/nio/fs/WindowsException'{0x0000000743e7cd48}> (0x0000000743e7cd48) thrown at [t:/workspace/open/src/hotspot/share/prims/jni.cpp, line 615]
Event: 1.426 Thread 0x000001f97478d800 Exception <a 'sun/nio/fs/WindowsException'{0x0000000743e7d048}> (0x0000000743e7d048) thrown at [t:/workspace/open/src/hotspot/share/prims/jni.cpp, line 615]
Event: 1.426 Thread 0x000001f97478d800 Exception <a 'sun/nio/fs/WindowsException'{0x0000000743e7e5c0}> (0x0000000743e7e5c0) thrown at [t:/workspace/open/src/hotspot/share/prims/jni.cpp, line 615]
Event: 1.426 Thread 0x000001f97478d800 Exception <a 'sun/nio/fs/WindowsException'{0x0000000743e7e880}> (0x0000000743e7e880) thrown at [t:/workspace/open/src/hotspot/share/prims/jni.cpp, line 615]
Event: 1.427 Thread 0x000001f97478d800 Exception <a 'sun/nio/fs/WindowsException'{0x0000000743e805a8}> (0x0000000743e805a8) thrown at [t:/workspace/open/src/hotspot/share/prims/jni.cpp, line 615]
Event: 1.427 Thread 0x000001f97478d800 Exception <a 'sun/nio/fs/WindowsException'{0x0000000743e808d8}> (0x0000000743e808d8) thrown at [t:/workspace/open/src/hotspot/share/prims/jni.cpp, line 615]
Event: 1.427 Thread 0x000001f97478d800 Exception <a 'sun/nio/fs/WindowsException'{0x0000000743e83618}> (0x0000000743e83618) thrown at [t:/workspace/open/src/hotspot/share/prims/jni.cpp, line 615]
Event: 1.428 Thread 0x000001f97478d800 Exception <a 'sun/nio/fs/WindowsException'{0x0000000743e83910}> (0x0000000743e83910) thrown at [t:/workspace/open/src/hotspot/share/prims/jni.cpp, line 615]
Event: 1.482 Thread 0x000001f97478d800 Exception <a 'java/lang/NoSuchMethodError'{0x0000000743b1e448}: java.lang.invoke.DirectMethodHandle$Holder.invokeVirtual(Ljava/lang/Object;Ljava/lang/Object;)V> (0x0000000743b1e448) thrown at [t:/workspace/open/src/hotspot/share/interpreter/linkResolver.c

Events (10 events):
Event: 1.752 loading class com/sun/tools/javac/code/Symbol done
Event: 1.752 loading class com/sun/tools/javac/util/Filter
Event: 1.752 loading class com/sun/tools/javac/util/Filter done
Event: 1.754 loading class java/nio/channels/Channels$1
Event: 1.754 loading class java/nio/channels/Channels$1 done
Event: 1.757 loading class sun/nio/fs/WindowsUriSupport
Event: 1.757 loading class sun/nio/fs/WindowsUriSupport done
Event: 1.799 Thread 0x000001f97478d800 Uncommon trap: trap_request=0xffffff4d fr.pc=0x000001f907ac7d48 relative=0x0000000000000208
Event: 1.799 Thread 0x000001f97478d800 DEOPT PACKING pc=0x000001f907ac7d48 sp=0x000000f7c61fe000
Event: 1.799 Thread 0x000001f97478d800 DEOPT UNPACKING pc=0x000001f900029c2f sp=0x000000f7c61fdf28 mode 2


Dynamic libraries:
0x00007ff63e640000 - 0x00007ff63e648000 	C:\Program Files\Java\jdk-12.0.2\bin\javac.exe
0x00007ff8d4d60000 - 0x00007ff8d4f50000 	C:\Windows\SYSTEM32\ntdll.dll
0x00007ff8d3370000 - 0x00007ff8d3422000 	C:\Windows\System32\KERNEL32.DLL
0x00007ff8d1cf0000 - 0x00007ff8d1f94000 	C:\Windows\System32\KERNELBASE.dll
0x00007ff8d2290000 - 0x00007ff8d238a000 	C:\Windows\System32\ucrtbase.dll
0x00007ff8cd4e0000 - 0x00007ff8cd4f8000 	C:\Program Files\Java\jdk-12.0.2\bin\jli.dll
0x00007ff8c2ba0000 - 0x00007ff8c2bb6000 	C:\Program Files\Java\jdk-12.0.2\bin\VCRUNTIME140.dll
0x00007ff8d44d0000 - 0x00007ff8d4573000 	C:\Windows\System32\ADVAPI32.dll
0x00007ff8d4ab0000 - 0x00007ff8d4b4e000 	C:\Windows\System32\msvcrt.dll
0x00007ff8d4610000 - 0x00007ff8d46a7000 	C:\Windows\System32\sechost.dll
0x00007ff8d3490000 - 0x00007ff8d35b0000 	C:\Windows\System32\RPCRT4.dll
0x00007ff8d48a0000 - 0x00007ff8d4a34000 	C:\Windows\System32\USER32.dll
0x00007ff8d2260000 - 0x00007ff8d2281000 	C:\Windows\System32\win32u.dll
0x00007ff8d4580000 - 0x00007ff8d45a6000 	C:\Windows\System32\GDI32.dll
0x00007ff8d24c0000 - 0x00007ff8d2654000 	C:\Windows\System32\gdi32full.dll
0x00007ff8d21c0000 - 0x00007ff8d225e000 	C:\Windows\System32\msvcp_win.dll
0x00007ff8c1770000 - 0x00007ff8c19f4000 	C:\Windows\WinSxS\amd64_microsoft.windows.common-controls_6595b64144ccf1df_6.0.18362.836_none_e6c4b943130f18ed\COMCTL32.dll
0x00007ff8d4190000 - 0x00007ff8d44c6000 	C:\Windows\System32\combase.dll
0x00007ff8d2140000 - 0x00007ff8d21c0000 	C:\Windows\System32\bcryptPrimitives.dll
0x00007ff8c56b0000 - 0x00007ff8c56ba000 	C:\Windows\SYSTEM32\VERSION.dll
0x00007ff8d2ec0000 - 0x00007ff8d2eee000 	C:\Windows\System32\IMM32.DLL
0x00007ff898360000 - 0x00007ff89840a000 	C:\Program Files\Java\jdk-12.0.2\bin\msvcp140.dll
0x00007ff885c10000 - 0x00007ff886787000 	C:\Program Files\Java\jdk-12.0.2\bin\server\jvm.dll
0x00007ff8d2ef0000 - 0x00007ff8d2ef8000 	C:\Windows\System32\PSAPI.DLL
0x00007ff8cf2c0000 - 0x00007ff8cf2e4000 	C:\Windows\SYSTEM32\WINMM.dll
0x00007ff8c4ee0000 - 0x00007ff8c4ee9000 	C:\Windows\SYSTEM32\WSOCK32.dll
0x00007ff8d4a40000 - 0x00007ff8d4aaf000 	C:\Windows\System32\ws2_32.DLL
0x00007ff8cf220000 - 0x00007ff8cf24d000 	C:\Windows\SYSTEM32\WINMMBASE.dll
0x00007ff8d20f0000 - 0x00007ff8d213a000 	C:\Windows\System32\cfgmgr32.dll
0x00007ff8d1ca0000 - 0x00007ff8d1cb1000 	C:\Windows\System32\kernel.appcore.dll
0x00007ff8c2b60000 - 0x00007ff8c2b71000 	C:\Program Files\Java\jdk-12.0.2\bin\verify.dll
0x00007ff8d0530000 - 0x00007ff8d0724000 	C:\Windows\SYSTEM32\DBGHELP.DLL
0x00007ff8b6af0000 - 0x00007ff8b6b1a000 	C:\Windows\SYSTEM32\dbgcore.DLL
0x00007ff8a9b50000 - 0x00007ff8a9b76000 	C:\Program Files\Java\jdk-12.0.2\bin\java.dll
0x00007ff8b3470000 - 0x00007ff8b3487000 	C:\Program Files\Java\jdk-12.0.2\bin\zip.dll
0x00007ff8c38f0000 - 0x00007ff8c38fa000 	C:\Program Files\Java\jdk-12.0.2\bin\jimage.dll
0x00007ff8d3aa0000 - 0x00007ff8d4184000 	C:\Windows\System32\SHELL32.dll
0x00007ff8d2f00000 - 0x00007ff8d2fa9000 	C:\Windows\System32\shcore.dll
0x00007ff8d2690000 - 0x00007ff8d2e0e000 	C:\Windows\System32\windows.storage.dll
0x00007ff8d1cc0000 - 0x00007ff8d1ce3000 	C:\Windows\System32\profapi.dll
0x00007ff8d1c50000 - 0x00007ff8d1c9a000 	C:\Windows\System32\powrprof.dll
0x00007ff8d1c20000 - 0x00007ff8d1c30000 	C:\Windows\System32\UMPDC.dll
0x00007ff8d3430000 - 0x00007ff8d3482000 	C:\Windows\System32\shlwapi.dll
0x00007ff8d24a0000 - 0x00007ff8d24b7000 	C:\Windows\System32\cryptsp.dll
0x00007ff8b31a0000 - 0x00007ff8b31b9000 	C:\Program Files\Java\jdk-12.0.2\bin\net.dll
0x00007ff8c5350000 - 0x00007ff8c5440000 	C:\Windows\SYSTEM32\WINHTTP.dll
0x00007ff8b97c0000 - 0x00007ff8b9996000 	C:\Windows\SYSTEM32\urlmon.dll
0x00007ff8b9330000 - 0x00007ff8b95d6000 	C:\Windows\SYSTEM32\iertutil.dll
0x00007ff8d1660000 - 0x00007ff8d166c000 	C:\Windows\SYSTEM32\CRYPTBASE.DLL
0x00007ff8d1490000 - 0x00007ff8d14f7000 	C:\Windows\system32\mswsock.dll
0x00007ff8a8780000 - 0x00007ff8a8793000 	C:\Program Files\Java\jdk-12.0.2\bin\nio.dll

dbghelp: loaded successfully - version: 4.0.5 - missing functions: none
symbol engine: initialized successfully - sym options: 0x614 - pdb path: .;C:\Program Files\Java\jdk-12.0.2\bin;C:\Windows\SYSTEM32;C:\Windows\WinSxS\amd64_microsoft.windows.common-controls_6595b64144ccf1df_6.0.18362.836_none_e6c4b943130f18ed;C:\Program Files\Java\jdk-12.0.2\bin\server

VM Arguments:
jvm_args: -Dapplication.home=C:\Program Files\Java\jdk-12.0.2 --add-modules=ALL-DEFAULT -Xms8m -Djdk.module.main=jdk.compiler 
java_command: jdk.compiler/com.sun.tools.javac.Main -d C:\Users\USER\Documents\NetBeansProjects\cnpm\build\classes -classpath C:\Users\USER\Documents\NetBeansProjects\cnpm\build\classes;C:\Users\USER\Desktop\NNLT\JAVA TOOL+CODE\Tool JAVA\mssql-jdbc-7.2.1.jre11.jar;D:\NETBEAN\netbeans\java\modules\ext\AbsoluteLayout.jar;C:\Users\USER\Desktop\NNLT\JAVA TOOL+CODE\Tool JAVA\jdatechooser\DateChooser.jar;C:\Users\USER\Desktop\NNLT\JAVA TOOL+CODE\Tool JAVA\javadate picker\jdatepicker-1.3.2.jar;C:\Users\USER\Desktop\NNLT\JAVA TOOL+CODE\Tool JAVA\ITextSharp\itextpdf-5.4.0.jar;C:\Users\USER\Desktop\NNLT\JAVA TOOL+CODE\Tool JAVA\io\io-7.0.5.jar;C:\Users\USER\Desktop\NNLT\JAVA TOOL+CODE\Tool JAVA\pqScan.PDFtoImage\pqScan.PDFtoImage.jar;C:\Users\USER\Desktop\NNLT\JAVA TOOL+CODE\Tool JAVA\AutoComplete\swingx-all-1.6.4.jar -sourcepath C:\Users\USER\Documents\NetBeansProjects\cnpm\src -target 12 -encoding UTF-8 -g -processorpath C:\Users\USER\Desktop\NNLT\JAVA TOOL+CODE\Tool JAVA\mssql-jdbc-7.2.1.jre11.jar;D:\NETBEAN\netbeans\java\modules\ext\AbsoluteLayout.jar;C:\Users\USER\Desktop\NNLT\JAVA TOOL+CODE\Tool JAVA\jdatechooser\DateChooser.jar;C:\Users\USER\Desktop\NNLT\JAVA TOOL+CODE\Tool JAVA\javadate picker\jdatepicker-1.3.4.jar;C:\Users\USER\Desktop\NNLT\JAVA TOOL+CODE\Tool JAVA\javadate picker\jdatepicker-1.3.2.jar;C:\Users\USER\Downloads\New folder\New folder\AbsoluteLayout.jar;C:\Users\USER\Downloads\New folder\New folder\commons-beanutils-1.8.2.jar;C:\Users\USER\Downloads\New folder\New folder\groovy-all-1.7.5.jar;C:\Users\USER\Downloads\New folder\New folder\jasperreports-4.0.2.jar;C:\Users\USER\Downloads\New folder\New folder\swingx-all-1.6.4.jar;C:\Users\USER\Downloads\New folder\New folder\sqljdbc4.jar;C:\Users\USER\Desktop\NNLT\JAVA TOOL+CODE\Tool JAVA\ITextSharp\itextpdf-5.4.0.jar;C:\Users\USER\Desktop\NNLT\JAVA TOOL+CODE\Tool JAVA\io\io-7.0.5.jar;C:\Users\USER\Desktop\NNLT\JAVA TOOL+CODE\Tool JAVA\pqScan.PDFtoImage\pqScan.PDFtoImage.jar;C:\Users\USER\Desktop\NNLT\JAVA
java_class_path (initial): <not set>
Launcher Type: SUN_STANDARD

[Global flags]
     intx CICompilerCount                          = 3                                         {product} {ergonomic}
     uint ConcGCThreads                            = 1                                         {product} {ergonomic}
     uint G1ConcRefinementThreads                  = 4                                         {product} {ergonomic}
   size_t G1HeapRegionSize                         = 1048576                                   {product} {ergonomic}
    uintx GCDrainStackTargetSize                   = 64                                        {product} {ergonomic}
   size_t InitialHeapSize                          = 8388608                                   {product} {command line}
   size_t MarkStackSize                            = 4194304                                   {product} {ergonomic}
   size_t MaxHeapSize                              = 3187671040                                {product} {ergonomic}
   size_t MaxNewSize                               = 1912602624                                {product} {ergonomic}
   size_t MinHeapDeltaBytes                        = 1048576                                   {product} {ergonomic}
    uintx NonNMethodCodeHeapSize                   = 5830732                                {pd product} {ergonomic}
    uintx NonProfiledCodeHeapSize                  = 122913754                              {pd product} {ergonomic}
    uintx ProfiledCodeHeapSize                     = 122913754                              {pd product} {ergonomic}
    uintx ReservedCodeCacheSize                    = 251658240                              {pd product} {ergonomic}
     bool SegmentedCodeCache                       = true                                      {product} {ergonomic}
     bool UseCompressedClassPointers               = true                                 {lp64_product} {ergonomic}
     bool UseCompressedOops                        = true                                 {lp64_product} {ergonomic}
     bool UseG1GC                                  = true                                      {product} {ergonomic}
     bool UseLargePagesIndividualAllocation        = false                                  {pd product} {ergonomic}

Logging:
Log output configuration:
 #0: stdout all=warning uptime,level,tags
 #1: stderr all=off uptime,level,tags

Environment Variables:
JAVA_HOME=C:\Program Files\Java\jdk-12.0.2
PATH=C:\Program Files (x86)\Common Files\Oracle\Java\javapath;C:\Program Files (x86)\Intel\Intel(R) Management Engine Components\iCLS\;C:\Program Files\Intel\Intel(R) Management Engine Components\iCLS\;C:\Windows\system32;C:\Windows;C:\Windows\System32\Wbem;C:\Windows\System32\WindowsPowerShell\v1.0\;C:\Windows\System32\OpenSSH\;C:\Program Files (x86)\Intel\Intel(R) Management Engine Components\DAL;C:\Program Files\Intel\Intel(R) Management Engine Components\DAL;C:\Program Files (x86)\Intel\Intel(R) Management Engine Components\IPT;C:\Program Files\Intel\Intel(R) Management Engine Components\IPT;C:\Program Files\Intel\WiFi\bin\;C:\Program Files\Common Files\Intel\WirelessCommon\;C:\Program Files\Java\jdk-12.0.2\bin;C:\Program Files\Microsoft SQL Server\110\Tools\Binn\;C:\Program Files (x86)\Microsoft SQL Server\110\Tools\Binn\;C:\Program Files\Microsoft SQL Server\110\DTS\Binn\;C:\Program Files (x86)\Microsoft SQL Server\110\Tools\Binn\ManagementStudio\;C:\Program Files (x86)\Microsoft Visual Studio 10.0\Common7\IDE\PrivateAssemblies\;C:\Program Files (x86)\Microsoft SQL Server\110\DTS\Binn\;C:\Users\USER\Documents\OpenSSL\OpenSSL-Win64\bin;C:\Program Files\OpenSSL-Win64\bin;C:\Users\USER\Downloads\New folder\New folder\bin;C:\Users\USER\AppData\Local\Microsoft\WindowsApps;C:\Program Files\Intel\WiFi\bin\;C:\Program Files\Common Files\Intel\WirelessCommon\
USERNAME=USER
OS=Windows_NT
PROCESSOR_IDENTIFIER=Intel64 Family 6 Model 142 Stepping 9, GenuineIntel



---------------  S Y S T E M  ---------------

OS: Windows 10 , 64 bit Build 18362 (10.0.18362.778)

CPU:total 4 (initial active 4) (2 cores per cpu, 2 threads per core) family 6 model 142 stepping 9, cmov, cx8, fxsr, mmx, sse, sse2, sse3, ssse3, sse4.1, sse4.2, popcnt, avx, avx2, aes, clmul, erms, 3dnowpref, lzcnt, ht, tsc, tscinvbit, bmi1, bmi2, adx, fma

Memory: 4k page, system-wide physical 12153M (2581M free)
TotalPageFile size 28176M (AvailPageFile size 7M)
current process WorkingSet (physical memory assigned to process): 110M, peak: 112M
current process commit charge ("private bytes"): 139M, peak: 142M

vm_info: Java HotSpot(TM) 64-Bit Server VM (12.0.2+10) for windows-amd64 JRE (12.0.2+10), built on Jul 16 2019 01:56:17 by "mach5one" with MS VC++ 15.5 (VS2017)

END.
