#
# There is insufficient memory for the Java Runtime Environment to continue.
# Native memory allocation (malloc) failed to allocate 32744 bytes for ChunkPool::allocate
# Possible reasons:
#   The system is out of physical RAM or swap space
#   The process is running with CompressedOops enabled, and the Java Heap may be blocking the growth of the native heap
# Possible solutions:
#   Reduce memory load on the system
#   Increase physical memory or swap space
#   Check if swap backing store is full
#   Decrease Java heap size (-Xmx/-Xms)
#   Decrease number of Java threads
#   Decrease Java thread stack sizes (-Xss)
#   Set larger code cache with -XX:ReservedCodeCacheSize=
#   JVM is running with Zero Based Compressed Oops mode in which the Java heap is
#     placed in the first 32GB address space. The Java Heap base address is the
#     maximum limit for the native heap growth. Please use -XX:HeapBaseMinAddress
#     to set the Java Heap base and to place the Java Heap above 32GB virtual address.
# This output file may be truncated or incomplete.
#
#  Out of Memory Error (t:/workspace/open/src/hotspot/share/memory/arena.cpp:81), pid=17528, tid=22292
#
# JRE version: Java(TM) SE Runtime Environment (12.0.2+10) (build 12.0.2+10)
# Java VM: Java HotSpot(TM) 64-Bit Server VM (12.0.2+10, mixed mode, sharing, tiered, compressed oops, g1 gc, windows-amd64)
# No core dump will be written. Minidumps are not enabled by default on client versions of Windows
#

---------------  S U M M A R Y ------------

Command Line: -Dapplication.home=C:\Program Files\Java\jdk-12.0.2 --add-modules=ALL-DEFAULT -Xms8m -Djdk.module.main=jdk.compiler jdk.compiler/com.sun.tools.javac.Main -d C:\Users\USER\Documents\NetBeansProjects\cnpm\build\classes -classpath C:\Users\USER\Documents\NetBeansProjects\cnpm\build\classes;C:\Users\USER\Desktop\NNLT\JAVA TOOL+CODE\Tool JAVA\mssql-jdbc-7.2.1.jre11.jar;D:\NETBEAN\netbeans\java\modules\ext\AbsoluteLayout.jar;C:\Users\USER\Desktop\NNLT\JAVA TOOL+CODE\Tool JAVA\jdatechooser\DateChooser.jar;C:\Users\USER\Desktop\NNLT\JAVA TOOL+CODE\Tool JAVA\javadate picker\jdatepicker-1.3.2.jar;C:\Users\USER\Desktop\NNLT\JAVA TOOL+CODE\Tool JAVA\ITextSharp\itextpdf-5.4.0.jar;C:\Users\USER\Desktop\NNLT\JAVA TOOL+CODE\Tool JAVA\io\io-7.0.5.jar;C:\Users\USER\Desktop\NNLT\JAVA TOOL+CODE\Tool JAVA\pqScan.PDFtoImage\pqScan.PDFtoImage.jar -sourcepath C:\Users\USER\Documents\NetBeansProjects\cnpm\src -target 12 -encoding UTF-8 -g -processorpath C:\Users\USER\Desktop\NNLT\JAVA TOOL+CODE\Tool JAVA\mssql-jdbc-7.2.1.jre11.jar;D:\NETBEAN\netbeans\java\modules\ext\AbsoluteLayout.jar;C:\Users\USER\Desktop\NNLT\JAVA TOOL+CODE\Tool JAVA\jdatechooser\DateChooser.jar;C:\Users\USER\Desktop\NNLT\JAVA TOOL+CODE\Tool JAVA\javadate picker\jdatepicker-1.3.4.jar;C:\Users\USER\Desktop\NNLT\JAVA TOOL+CODE\Tool JAVA\javadate picker\jdatepicker-1.3.2.jar;C:\Users\USER\Downloads\New folder\New folder\AbsoluteLayout.jar;C:\Users\USER\Downloads\New folder\New folder\commons-beanutils-1.8.2.jar;C:\Users\USER\Downloads\New folder\New folder\groovy-all-1.7.5.jar;C:\Users\USER\Downloads\New folder\New folder\jasperreports-4.0.2.jar;C:\Users\USER\Downloads\New folder\New folder\swingx-all-1.6.4.jar;C:\Users\USER\Downloads\New folder\New folder\sqljdbc4.jar;C:\Users\USER\Desktop\NNLT\JAVA TOOL+CODE\Tool JAVA\ITextSharp\itextpdf-5.4.0.jar;C:\Users\USER\Desktop\NNLT\JAVA TOOL+CODE\Tool JAVA\io\io-7.0.5.jar;C:\Users\USER\Desktop\NNLT\JAVA TOOL+CODE\Tool JAVA\pqScan.PDFtoImage\pqScan.PDFtoImage.jar;C:\Users\USER\Documents\NetBeansProjects\cnpm\build\empty -s C:\Users\USER\Documents\NetBeansProjects\cnpm\build\generated-sources\ap-source-output -source 12 C:\Users\USER\Documents\NetBeansProjects\cnpm\src\cnpm\updateBrandCart.java

Host: Intel(R) Core(TM) i7-7500U CPU @ 2.70GHz, 4 cores, 11G,  Windows 10 , 64 bit Build 18362 (10.0.18362.778)
Time: Tue May 26 14:57:15 2020 SE Asia Standard Time elapsed time: 2 seconds (0d 0h 0m 2s)

---------------  T H R E A D  ---------------

Current thread (0x0000018072dba000):  JavaThread "C2 CompilerThread0" daemon [_thread_in_native, id=22292, stack(0x0000002ffbf00000,0x0000002ffc000000)]


Current CompileTask:
C2:   2788 2042       4       com.sun.tools.javac.code.Symtab::lookupPackage (243 bytes)

Stack: [0x0000002ffbf00000,0x0000002ffc000000]
Native frames: (J=compiled Java code, j=interpreted, Vv=VM code, C=native code)
V  [jvm.dll+0x63aa2a]
V  [jvm.dll+0x78ce1e]
V  [jvm.dll+0x78e4c1]
V  [jvm.dll+0x78eb13]
V  [jvm.dll+0x2627e8]
V  [jvm.dll+0xc57f6]
V  [jvm.dll+0xc5b4c]
V  [jvm.dll+0xc56b0]
V  [jvm.dll+0x61b7bf]
V  [jvm.dll+0x55ab4c]
V  [jvm.dll+0x557b7d]
V  [jvm.dll+0x5579e6]
V  [jvm.dll+0x556d47]
V  [jvm.dll+0x2246f7]
V  [jvm.dll+0x21e313]
V  [jvm.dll+0x21b2b6]
V  [jvm.dll+0x199a20]
V  [jvm.dll+0x22a744]
V  [jvm.dll+0x228d98]
V  [jvm.dll+0x7512a0]
V  [jvm.dll+0x74a2c8]
V  [jvm.dll+0x639b16]
C  [ucrtbase.dll+0x20e82]
C  [KERNEL32.DLL+0x17bd4]
C  [ntdll.dll+0x6ce51]


---------------  P R O C E S S  ---------------

Threads class SMR info:
_java_thread_list=0x00000180734f6f80, length=11, elements={
0x0000018051c5d000, 0x0000018072d9a800, 0x0000018072d9b800, 0x0000018072db6000,
0x0000018072db8000, 0x0000018072dba000, 0x0000018072e25800, 0x0000018072e2d800,
0x0000018072fe5800, 0x000001807303e800, 0x00000180731c0000
}

Java Threads: ( => current thread )
  0x0000018051c5d000 JavaThread "main" [_thread_in_vm, id=4312, stack(0x0000002ffb400000,0x0000002ffb500000)]
  0x0000018072d9a800 JavaThread "Reference Handler" daemon [_thread_blocked, id=20596, stack(0x0000002ffbb00000,0x0000002ffbc00000)]
  0x0000018072d9b800 JavaThread "Finalizer" daemon [_thread_blocked, id=21636, stack(0x0000002ffbc00000,0x0000002ffbd00000)]
  0x0000018072db6000 JavaThread "Signal Dispatcher" daemon [_thread_blocked, id=9620, stack(0x0000002ffbd00000,0x0000002ffbe00000)]
  0x0000018072db8000 JavaThread "Attach Listener" daemon [_thread_blocked, id=21768, stack(0x0000002ffbe00000,0x0000002ffbf00000)]
=>0x0000018072dba000 JavaThread "C2 CompilerThread0" daemon [_thread_in_native, id=22292, stack(0x0000002ffbf00000,0x0000002ffc000000)]
  0x0000018072e25800 JavaThread "C1 CompilerThread0" daemon [_thread_blocked, id=18544, stack(0x0000002ffc000000,0x0000002ffc100000)]
  0x0000018072e2d800 JavaThread "Sweeper thread" daemon [_thread_blocked, id=19620, stack(0x0000002ffc100000,0x0000002ffc200000)]
  0x0000018072fe5800 JavaThread "Common-Cleaner" daemon [_thread_blocked, id=12168, stack(0x0000002ffc200000,0x0000002ffc300000)]
  0x000001807303e800 JavaThread "Service Thread" daemon [_thread_blocked, id=17216, stack(0x0000002ffc300000,0x0000002ffc400000)]
  0x00000180731c0000 JavaThread "C2 CompilerThread1" daemon [_thread_in_native, id=17876, stack(0x0000002ffc600000,0x0000002ffc700000)]

Other Threads:
  0x0000018072d97000 VMThread "VM Thread" [stack: 0x0000002ffba00000,0x0000002ffbb00000] [id=21224]
  0x000001807309d000 WatcherThread [stack: 0x0000002ffc400000,0x0000002ffc500000] [id=1044]
  0x0000018051cae800 GCTaskThread "GC Thread#0" [stack: 0x0000002ffb500000,0x0000002ffb600000] [id=17724]
  0x000001807333f000 GCTaskThread "GC Thread#1" [stack: 0x0000002ffc500000,0x0000002ffc600000] [id=22160]
  0x0000018051cc2800 ConcurrentGCThread "G1 Main Marker" [stack: 0x0000002ffb600000,0x0000002ffb700000] [id=18868]
  0x0000018051cc4800 ConcurrentGCThread "G1 Conc#0" [stack: 0x0000002ffb700000,0x0000002ffb800000] [id=12012]
  0x0000018051cdf000 ConcurrentGCThread "G1 Refine#0" [stack: 0x0000002ffb800000,0x0000002ffb900000] [id=7884]
  0x0000018051ce0000 ConcurrentGCThread "G1 Young RemSet Sampling" [stack: 0x0000002ffb900000,0x0000002ffba00000] [id=5044]

Threads with active compile tasks:
C2 CompilerThread0  2042       4       com.sun.tools.javac.code.Symtab::lookupPackage (243 bytes)
C2 CompilerThread1  1972       4       com.sun.tools.javac.code.Types::union (182 bytes)

VM state:not at safepoint (normal execution)

VM Mutex/Monitor currently owned by a thread: None

Heap address: 0x0000000742000000, size: 3040 MB, Compressed Oops mode: Zero based, Oop shift amount: 3
Narrow klass base: 0x0000000800000000, Narrow klass shift: 3
Compressed class space size: 1073741824 Address: 0x0000000801190000

Heap:
 garbage-first heap   total 45056K, used 19900K [0x0000000742000000, 0x0000000800000000)
  region size 1024K, 9 young (9216K), 1 survivors (1024K)
 Metaspace       used 10521K, capacity 13111K, committed 13312K, reserved 1060864K
  class space    used 1166K, capacity 1477K, committed 1536K, reserved 1048576K
Heap Regions: E=young(eden), S=young(survivor), O=old, HS=humongous(starts), HC=humongous(continues), CS=collection set, F=free, A=archive, TAMS=top-at-mark-start (previous, next)
|   0|0x0000000742000000, 0x0000000742100000, 0x0000000742100000|100%| O|  |TAMS 0x0000000742100000, 0x0000000742000000| Untracked 
|   1|0x0000000742100000, 0x0000000742200000, 0x0000000742200000|100%| O|  |TAMS 0x0000000742200000, 0x0000000742100000| Untracked 
|   2|0x0000000742200000, 0x0000000742300000, 0x0000000742300000|100%| O|  |TAMS 0x0000000742300000, 0x0000000742200000| Untracked 
|   3|0x0000000742300000, 0x0000000742400000, 0x0000000742400000|100%| O|  |TAMS 0x0000000742400000, 0x0000000742300000| Untracked 
|   4|0x0000000742400000, 0x0000000742500000, 0x0000000742500000|100%| O|  |TAMS 0x0000000742500000, 0x0000000742400000| Untracked 
|   5|0x0000000742500000, 0x0000000742600000, 0x0000000742600000|100%| O|  |TAMS 0x000000074251ae00, 0x0000000742500000| Untracked 
|   6|0x0000000742600000, 0x0000000742700000, 0x0000000742700000|100%| O|  |TAMS 0x0000000742600000, 0x0000000742600000| Untracked 
|   7|0x0000000742700000, 0x0000000742800000, 0x0000000742800000|100%| O|  |TAMS 0x0000000742700000, 0x0000000742700000| Untracked 
|   8|0x0000000742800000, 0x0000000742900000, 0x0000000742900000|100%| O|  |TAMS 0x0000000742800000, 0x0000000742800000| Untracked 
|   9|0x0000000742900000, 0x0000000742a00000, 0x0000000742a00000|100%| O|  |TAMS 0x0000000742900000, 0x0000000742900000| Untracked 
|  10|0x0000000742a00000, 0x0000000742b00000, 0x0000000742b00000|100%|HS|  |TAMS 0x0000000742a00000, 0x0000000742a00000| Complete 
|  11|0x0000000742b00000, 0x0000000742bc8c00, 0x0000000742c00000| 78%| O|  |TAMS 0x0000000742b00000, 0x0000000742b00000| Untracked 
|  12|0x0000000742c00000, 0x0000000742c00000, 0x0000000742d00000|  0%| F|  |TAMS 0x0000000742c00000, 0x0000000742c00000| Untracked 
|  13|0x0000000742d00000, 0x0000000742d00000, 0x0000000742e00000|  0%| F|  |TAMS 0x0000000742d00000, 0x0000000742d00000| Untracked 
|  14|0x0000000742e00000, 0x0000000742e00000, 0x0000000742f00000|  0%| F|  |TAMS 0x0000000742e00000, 0x0000000742e00000| Untracked 
|  15|0x0000000742f00000, 0x0000000742f00000, 0x0000000743000000|  0%| F|  |TAMS 0x0000000742f00000, 0x0000000742f00000| Untracked 
|  16|0x0000000743000000, 0x0000000743000000, 0x0000000743100000|  0%| F|  |TAMS 0x0000000743000000, 0x0000000743000000| Untracked 
|  17|0x0000000743100000, 0x0000000743100000, 0x0000000743200000|  0%| F|  |TAMS 0x0000000743100000, 0x0000000743100000| Untracked 
|  18|0x0000000743200000, 0x0000000743200000, 0x0000000743300000|  0%| F|  |TAMS 0x0000000743200000, 0x0000000743200000| Untracked 
|  19|0x0000000743300000, 0x00000007433a6540, 0x0000000743400000| 64%| S|CS|TAMS 0x0000000743300000, 0x0000000743300000| Complete 
|  20|0x0000000743400000, 0x0000000743400000, 0x0000000743500000|  0%| F|  |TAMS 0x0000000743400000, 0x0000000743400000| Untracked 
|  21|0x0000000743500000, 0x0000000743500000, 0x0000000743600000|  0%| F|  |TAMS 0x0000000743500000, 0x0000000743500000| Untracked 
|  22|0x0000000743600000, 0x0000000743600000, 0x0000000743700000|  0%| F|  |TAMS 0x0000000743600000, 0x0000000743600000| Untracked 
|  23|0x0000000743700000, 0x0000000743700000, 0x0000000743800000|  0%| F|  |TAMS 0x0000000743700000, 0x0000000743700000| Untracked 
|  24|0x0000000743800000, 0x0000000743800000, 0x0000000743900000|  0%| F|  |TAMS 0x0000000743800000, 0x0000000743800000| Untracked 
|  25|0x0000000743900000, 0x0000000743900000, 0x0000000743a00000|  0%| F|  |TAMS 0x0000000743900000, 0x0000000743900000| Untracked 
|  26|0x0000000743a00000, 0x0000000743a00000, 0x0000000743b00000|  0%| F|  |TAMS 0x0000000743a00000, 0x0000000743a00000| Untracked 
|  27|0x0000000743b00000, 0x0000000743b00000, 0x0000000743c00000|  0%| F|  |TAMS 0x0000000743b00000, 0x0000000743b00000| Untracked 
|  28|0x0000000743c00000, 0x0000000743c00000, 0x0000000743d00000|  0%| F|  |TAMS 0x0000000743c00000, 0x0000000743c00000| Untracked 
|  29|0x0000000743d00000, 0x0000000743d00000, 0x0000000743e00000|  0%| F|  |TAMS 0x0000000743d00000, 0x0000000743d00000| Untracked 
|  30|0x0000000743e00000, 0x0000000743e00000, 0x0000000743f00000|  0%| F|  |TAMS 0x0000000743e00000, 0x0000000743e00000| Untracked 
|  31|0x0000000743f00000, 0x0000000743f00000, 0x0000000744000000|  0%| F|  |TAMS 0x0000000743f00000, 0x0000000743f00000| Untracked 
|  32|0x0000000744000000, 0x0000000744000000, 0x0000000744100000|  0%| F|  |TAMS 0x0000000744000000, 0x0000000744000000| Untracked 
|  33|0x0000000744100000, 0x0000000744100000, 0x0000000744200000|  0%| F|  |TAMS 0x0000000744100000, 0x0000000744100000| Untracked 
|  34|0x0000000744200000, 0x0000000744200000, 0x0000000744300000|  0%| F|  |TAMS 0x0000000744200000, 0x0000000744200000| Untracked 
|  35|0x0000000744300000, 0x0000000744300000, 0x0000000744400000|  0%| F|  |TAMS 0x0000000744300000, 0x0000000744300000| Untracked 
|  36|0x0000000744400000, 0x00000007444cc090, 0x0000000744500000| 79%| E|  |TAMS 0x0000000744400000, 0x0000000744400000| Complete 
|  37|0x0000000744500000, 0x0000000744600000, 0x0000000744600000|100%| E|CS|TAMS 0x0000000744500000, 0x0000000744500000| Complete 
|  38|0x0000000744600000, 0x0000000744700000, 0x0000000744700000|100%| E|CS|TAMS 0x0000000744600000, 0x0000000744600000| Complete 
|  39|0x0000000744700000, 0x0000000744800000, 0x0000000744800000|100%| E|CS|TAMS 0x0000000744700000, 0x0000000744700000| Complete 
|  40|0x0000000744800000, 0x0000000744900000, 0x0000000744900000|100%| E|CS|TAMS 0x0000000744800000, 0x0000000744800000| Complete 
|  41|0x0000000744900000, 0x0000000744a00000, 0x0000000744a00000|100%| E|CS|TAMS 0x0000000744900000, 0x0000000744900000| Complete 
|  42|0x0000000744a00000, 0x0000000744b00000, 0x0000000744b00000|100%| E|CS|TAMS 0x0000000744a00000, 0x0000000744a00000| Complete 
|  43|0x0000000744b00000, 0x0000000744c00000, 0x0000000744c00000|100%| E|CS|TAMS 0x0000000744b00000, 0x0000000744b00000| Complete 

Card table byte_map: [0x0000018069650000,0x0000018069c40000] _byte_map_base: 0x0000018065c40000

Marking Bits (Prev, Next): (CMBitMap*) 0x0000018051cafa18, (CMBitMap*) 0x0000018051caf9d8
 Prev Bits: [0x000001806d1b0000, 0x0000018070130000)
 Next Bits: [0x000001806a230000, 0x000001806d1b0000)

Polling page: 0x000001804fc40000

Metaspace:

Usage:
  Non-class:     11.36 MB capacity,     9.14 MB ( 80%) used,     2.19 MB ( 19%) free+waste,    33.19 KB ( <1%) overhead. 
      Class:      1.44 MB capacity,     1.14 MB ( 79%) used,   294.79 KB ( 20%) free+waste,    15.56 KB (  1%) overhead. 
       Both:     12.80 MB capacity,    10.27 MB ( 80%) used,     2.48 MB ( 19%) free+waste,    48.75 KB ( <1%) overhead. 

Virtual space:
  Non-class space:       12.00 MB reserved,      11.50 MB ( 96%) committed 
      Class space:        1.00 GB reserved,       1.50 MB ( <1%) committed 
             Both:        1.01 GB reserved,      13.00 MB (  1%) committed 

Chunk freelists:
   Non-Class:  1.75 KB
       Class:  3.38 KB
        Both:  5.13 KB

CodeHeap 'non-profiled nmethods': size=120064Kb used=838Kb max_used=838Kb free=119225Kb
 bounds [0x0000018061b20000, 0x0000018061d90000, 0x0000018069060000]
CodeHeap 'profiled nmethods': size=120000Kb used=5433Kb max_used=5433Kb free=114566Kb
 bounds [0x000001805a5f0000, 0x000001805ab40000, 0x0000018061b20000]
CodeHeap 'non-nmethods': size=5696Kb used=1121Kb max_used=1182Kb free=4574Kb
 bounds [0x000001805a060000, 0x000001805a2d0000, 0x000001805a5f0000]
 total_blobs=3160 nmethods=2267 adapters=336
 compilation: enabled
              stopped_count=0, restarted_count=0
 full_count=0

Compilation events (10 events):
Event: 2.780 Thread 0x0000018072e25800 2281       2       com.sun.tools.javac.jvm.Target::hasNestmateAccess (16 bytes)
Event: 2.780 Thread 0x0000018072e25800 nmethod 2281 0x000001805ab3be90 code [0x000001805ab3c060, 0x000001805ab3c210]
Event: 2.780 Thread 0x0000018072e25800 2283       2       com.sun.tools.javac.comp.Lower::boxIfNeeded (107 bytes)
Event: 2.781 Thread 0x0000018072e25800 nmethod 2283 0x000001805ab3c290 code [0x000001805ab3c540, 0x000001805ab3cc70]
Event: 2.781 Thread 0x0000018072e25800 2282       2       com.sun.tools.javac.comp.Lower::translate (22 bytes)
Event: 2.781 Thread 0x0000018072e25800 nmethod 2282 0x000001805ab3d190 code [0x000001805ab3d360, 0x000001805ab3d5a0]
Event: 2.781 Thread 0x0000018072e25800 2279       2       com.sun.tools.javac.comp.Lower::needsProtectedAccess (153 bytes)
Event: 2.782 Thread 0x0000018072e25800 nmethod 2279 0x000001805ab3d690 code [0x000001805ab3d8e0, 0x000001805ab3df00]
Event: 2.782 Thread 0x0000018072e25800 2286       2       com.sun.tools.javac.tree.JCTree$JCLiteral::getTag (4 bytes)
Event: 2.782 Thread 0x0000018072e25800 nmethod 2286 0x000001805ab3e290 code [0x000001805ab3e440, 0x000001805ab3e5b8]

GC Heap History (10 events):
Event: 1.645 GC heap before
{Heap before GC invocations=18 (full 0):
 garbage-first heap   total 17408K, used 10567K [0x0000000742000000, 0x0000000800000000)
  region size 1024K, 4 young (4096K), 1 survivors (1024K)
 Metaspace       used 8870K, capacity 11469K, committed 11648K, reserved 1058816K
  class space    used 1017K, capacity 1317K, committed 1408K, reserved 1048576K
}
Event: 1.648 GC heap after
{Heap after GC invocations=19 (full 0):
 garbage-first heap   total 25600K, used 7628K [0x0000000742000000, 0x0000000800000000)
  region size 1024K, 1 young (1024K), 1 survivors (1024K)
 Metaspace       used 8870K, capacity 11469K, committed 11648K, reserved 1058816K
  class space    used 1017K, capacity 1317K, committed 1408K, reserved 1048576K
}
Event: 1.693 GC heap before
{Heap before GC invocations=19 (full 0):
 garbage-first heap   total 25600K, used 13772K [0x0000000742000000, 0x0000000800000000)
  region size 1024K, 7 young (7168K), 1 survivors (1024K)
 Metaspace       used 8887K, capacity 11469K, committed 11648K, reserved 1058816K
  class space    used 1017K, capacity 1317K, committed 1408K, reserved 1048576K
}
Event: 1.696 GC heap after
{Heap after GC invocations=20 (full 0):
 garbage-first heap   total 25600K, used 8692K [0x0000000742000000, 0x0000000800000000)
  region size 1024K, 1 young (1024K), 1 survivors (1024K)
 Metaspace       used 8887K, capacity 11469K, committed 11648K, reserved 1058816K
  class space    used 1017K, capacity 1317K, committed 1408K, reserved 1048576K
}
Event: 1.819 GC heap before
{Heap before GC invocations=20 (full 0):
 garbage-first heap   total 25600K, used 13812K [0x0000000742000000, 0x0000000800000000)
  region size 1024K, 6 young (6144K), 1 survivors (1024K)
 Metaspace       used 9055K, capacity 11639K, committed 11904K, reserved 1060864K
  class space    used 1030K, capacity 1331K, committed 1408K, reserved 1048576K
}
Event: 1.824 GC heap after
{Heap after GC invocations=21 (full 0):
 garbage-first heap   total 25600K, used 10072K [0x0000000742000000, 0x0000000800000000)
  region size 1024K, 1 young (1024K), 1 survivors (1024K)
 Metaspace       used 9055K, capacity 11639K, committed 11904K, reserved 1060864K
  class space    used 1030K, capacity 1331K, committed 1408K, reserved 1048576K
}
Event: 2.197 GC heap before
{Heap before GC invocations=21 (full 0):
 garbage-first heap   total 25600K, used 15192K [0x0000000742000000, 0x0000000800000000)
  region size 1024K, 6 young (6144K), 1 survivors (1024K)
 Metaspace       used 9534K, capacity 12161K, committed 12416K, reserved 1060864K
  class space    used 1071K, capacity 1375K, committed 1408K, reserved 1048576K
}
Event: 2.202 GC heap after
{Heap after GC invocations=22 (full 0):
 garbage-first heap   total 25600K, used 10982K [0x0000000742000000, 0x0000000800000000)
  region size 1024K, 1 young (1024K), 1 survivors (1024K)
 Metaspace       used 9534K, capacity 12161K, committed 12416K, reserved 1060864K
  class space    used 1071K, capacity 1375K, committed 1408K, reserved 1048576K
}
Event: 2.429 GC heap before
{Heap before GC invocations=22 (full 0):
 garbage-first heap   total 25600K, used 17126K [0x0000000742000000, 0x0000000800000000)
  region size 1024K, 6 young (6144K), 1 survivors (1024K)
 Metaspace       used 9855K, capacity 12437K, committed 12800K, reserved 1060864K
  class space    used 1098K, capacity 1424K, committed 1536K, reserved 1048576K
}
Event: 2.433 GC heap after
{Heap after GC invocations=23 (full 0):
 garbage-first heap   total 45056K, used 12732K [0x0000000742000000, 0x0000000800000000)
  region size 1024K, 1 young (1024K), 1 survivors (1024K)
 Metaspace       used 9855K, capacity 12437K, committed 12800K, reserved 1060864K
  class space    used 1098K, capacity 1424K, committed 1536K, reserved 1048576K
}

Deoptimization events (10 events):
Event: 2.692 Thread 0x0000018051c5d000 Uncommon trap: reason=class_check action=maybe_recompile pc=0x0000018061bc282c method=com.sun.tools.javac.code.Types.rank(Lcom/sun/tools/javac/code/Type;)I @ 4 c2
Event: 2.692 Thread 0x0000018051c5d000 Uncommon trap: reason=class_check action=maybe_recompile pc=0x0000018061be4ba0 method=com.sun.tools.javac.code.Types.rank(Lcom/sun/tools/javac/code/Type;)I @ 123 c2
Event: 2.695 Thread 0x0000018051c5d000 Uncommon trap: reason=unstable_if action=reinterpret pc=0x0000018061be0c08 method=com.sun.tools.javac.code.Scope$ScopeImpl.lookup(Lcom/sun/tools/javac/util/Name;Lcom/sun/tools/javac/util/Filter;)Lcom/sun/tools/javac/code/Scope$Entry; @ 19 c2
Event: 2.696 Thread 0x0000018051c5d000 Uncommon trap: reason=unstable_if action=reinterpret pc=0x0000018061be254c method=com.sun.tools.javac.code.Scope$ScopeImpl.lookup(Lcom/sun/tools/javac/util/Name;Lcom/sun/tools/javac/util/Filter;)Lcom/sun/tools/javac/code/Scope$Entry; @ 19 c2
Event: 2.702 Thread 0x0000018051c5d000 Uncommon trap: reason=unstable_if action=reinterpret pc=0x0000018061bc201c method=com.sun.tools.javac.code.Scope$ScopeImpl.lookup(Lcom/sun/tools/javac/util/Name;Lcom/sun/tools/javac/util/Filter;)Lcom/sun/tools/javac/code/Scope$Entry; @ 19 c2
Event: 2.773 Thread 0x0000018051c5d000 Uncommon trap: reason=class_check action=maybe_recompile pc=0x0000018061bd0420 method=com.sun.tools.javac.code.Scope$ScopeListenerList.walkReferences(Lcom/sun/tools/javac/code/Symbol;Lcom/sun/tools/javac/code/Scope;Z)V @ 20 c2
Event: 2.773 Thread 0x0000018051c5d000 Uncommon trap: reason=class_check action=maybe_recompile pc=0x0000018061bd0420 method=com.sun.tools.javac.code.Scope$ScopeListenerList.walkReferences(Lcom/sun/tools/javac/code/Symbol;Lcom/sun/tools/javac/code/Scope;Z)V @ 20 c2
Event: 2.773 Thread 0x0000018051c5d000 Uncommon trap: reason=class_check action=maybe_recompile pc=0x0000018061bd0420 method=com.sun.tools.javac.code.Scope$ScopeListenerList.walkReferences(Lcom/sun/tools/javac/code/Symbol;Lcom/sun/tools/javac/code/Scope;Z)V @ 20 c2
Event: 2.774 Thread 0x0000018051c5d000 Uncommon trap: reason=class_check action=maybe_recompile pc=0x0000018061bd0420 method=com.sun.tools.javac.code.Scope$ScopeListenerList.walkReferences(Lcom/sun/tools/javac/code/Symbol;Lcom/sun/tools/javac/code/Scope;Z)V @ 20 c2
Event: 2.779 Thread 0x0000018051c5d000 Uncommon trap: reason=unstable_if action=reinterpret pc=0x0000018061bd0be0 method=com.sun.tools.javac.code.Scope$ScopeImpl$2.hasNext()Z @ 69 c2

Classes redefined (0 events):
No events

Internal exceptions (10 events):
Event: 2.050 Thread 0x0000018051c5d000 Exception <a 'sun/nio/fs/WindowsException'{0x000000074368f098}> (0x000000074368f098) thrown at [t:/workspace/open/src/hotspot/share/prims/jni.cpp, line 615]
Event: 2.050 Thread 0x0000018051c5d000 Exception <a 'sun/nio/fs/WindowsException'{0x0000000743690dc0}> (0x0000000743690dc0) thrown at [t:/workspace/open/src/hotspot/share/prims/jni.cpp, line 615]
Event: 2.051 Thread 0x0000018051c5d000 Exception <a 'sun/nio/fs/WindowsException'{0x00000007436910f0}> (0x00000007436910f0) thrown at [t:/workspace/open/src/hotspot/share/prims/jni.cpp, line 615]
Event: 2.052 Thread 0x0000018051c5d000 Exception <a 'sun/nio/fs/WindowsException'{0x0000000743693e70}> (0x0000000743693e70) thrown at [t:/workspace/open/src/hotspot/share/prims/jni.cpp, line 615]
Event: 2.052 Thread 0x0000018051c5d000 Exception <a 'sun/nio/fs/WindowsException'{0x0000000743694168}> (0x0000000743694168) thrown at [t:/workspace/open/src/hotspot/share/prims/jni.cpp, line 615]
Event: 2.071 Thread 0x0000018051c5d000 Exception <a 'java/lang/NoSuchMethodError'{0x0000000743450a78}: java.lang.invoke.DirectMethodHandle$Holder.invokeVirtual(Ljava/lang/Object;Ljava/lang/Object;)V> (0x0000000743450a78) thrown at [t:/workspace/open/src/hotspot/share/interpreter/linkResolver.c
Event: 2.547 Thread 0x0000018051c5d000 Exception <a 'java/lang/NoSuchMethodError'{0x0000000744a58468}: java.lang.invoke.DirectMethodHandle$Holder.invokeVirtual(Ljava/lang/Object;Ljava/lang/Object;Ljava/lang/Object;Ljava/lang/Object;)I> (0x0000000744a58468) thrown at [t:/workspace/open/src/hots
Event: 2.551 Thread 0x0000018051c5d000 Exception <a 'java/lang/NoSuchMethodError'{0x0000000744a62c78}: java.lang.invoke.DirectMethodHandle$Holder.invokeStatic(Ljava/lang/Object;Ljava/lang/Object;ILjava/lang/Object;)Ljava/lang/Object;> (0x0000000744a62c78) thrown at [t:/workspace/open/src/hotsp
Event: 2.554 Thread 0x0000018051c5d000 Exception <a 'java/lang/NoSuchMethodError'{0x0000000744a69420}: java.lang.invoke.Invokers$Holder.linkToTargetMethod(Ljava/lang/Object;ILjava/lang/Object;Ljava/lang/Object;)Ljava/lang/Object;> (0x0000000744a69420) thrown at [t:/workspace/open/src/hotspot/s
Event: 2.556 Thread 0x0000018051c5d000 Exception <a 'java/lang/NoSuchMethodError'{0x0000000744a6e9d8}: java.lang.invoke.DirectMethodHandle$Holder.invokeVirtual(Ljava/lang/Object;Ljava/lang/Object;Ljava/lang/Object;)Ljava/lang/Object;> (0x0000000744a6e9d8) thrown at [t:/workspace/open/src/hotsp

Events (10 events):
Event: 2.773 Thread 0x0000018051c5d000 DEOPT UNPACKING pc=0x000001805a089c2f sp=0x0000002ffb4fdcc0 mode 2
Event: 2.773 Thread 0x0000018051c5d000 Uncommon trap: trap_request=0xffffffde fr.pc=0x0000018061bd0420 relative=0x00000000000001e0
Event: 2.773 Thread 0x0000018051c5d000 DEOPT PACKING pc=0x0000018061bd0420 sp=0x0000002ffb4fdd20
Event: 2.773 Thread 0x0000018051c5d000 DEOPT UNPACKING pc=0x000001805a089c2f sp=0x0000002ffb4fdcc0 mode 2
Event: 2.774 Thread 0x0000018051c5d000 Uncommon trap: trap_request=0xffffffde fr.pc=0x0000018061bd0420 relative=0x00000000000001e0
Event: 2.774 Thread 0x0000018051c5d000 DEOPT PACKING pc=0x0000018061bd0420 sp=0x0000002ffb4fdd20
Event: 2.774 Thread 0x0000018051c5d000 DEOPT UNPACKING pc=0x000001805a089c2f sp=0x0000002ffb4fdcc0 mode 2
Event: 2.779 Thread 0x0000018051c5d000 Uncommon trap: trap_request=0xffffff4d fr.pc=0x0000018061bd0be0 relative=0x00000000000000a0
Event: 2.779 Thread 0x0000018051c5d000 DEOPT PACKING pc=0x0000018061bd0be0 sp=0x0000002ffb4fea70
Event: 2.779 Thread 0x0000018051c5d000 DEOPT UNPACKING pc=0x000001805a089c2f sp=0x0000002ffb4fea08 mode 2


Dynamic libraries:
0x00007ff6d2740000 - 0x00007ff6d2748000 	C:\Program Files\Java\jdk-12.0.2\bin\javac.exe
0x00007ffe58f20000 - 0x00007ffe59110000 	C:\Windows\SYSTEM32\ntdll.dll
0x00007ffe588c0000 - 0x00007ffe58972000 	C:\Windows\System32\KERNEL32.DLL
0x00007ffe56d20000 - 0x00007ffe56fc4000 	C:\Windows\System32\KERNELBASE.dll
0x00007ffe56b30000 - 0x00007ffe56c2a000 	C:\Windows\System32\ucrtbase.dll
0x00007ffe39660000 - 0x00007ffe39678000 	C:\Program Files\Java\jdk-12.0.2\bin\jli.dll
0x00007ffe53be0000 - 0x00007ffe53bf6000 	C:\Program Files\Java\jdk-12.0.2\bin\VCRUNTIME140.dll
0x00007ffe57680000 - 0x00007ffe57723000 	C:\Windows\System32\ADVAPI32.dll
0x00007ffe575d0000 - 0x00007ffe5766e000 	C:\Windows\System32\msvcrt.dll
0x00007ffe57380000 - 0x00007ffe57417000 	C:\Windows\System32\sechost.dll
0x00007ffe57260000 - 0x00007ffe57380000 	C:\Windows\System32\RPCRT4.dll
0x00007ffe58a00000 - 0x00007ffe58b94000 	C:\Windows\System32\USER32.dll
0x00007ffe56b00000 - 0x00007ffe56b21000 	C:\Windows\System32\win32u.dll
0x00007ffe57540000 - 0x00007ffe57566000 	C:\Windows\System32\GDI32.dll
0x00007ffe56960000 - 0x00007ffe56af4000 	C:\Windows\System32\gdi32full.dll
0x00007ffe56c30000 - 0x00007ffe56cce000 	C:\Windows\System32\msvcp_win.dll
0x00007ffe47e50000 - 0x00007ffe480d4000 	C:\Windows\WinSxS\amd64_microsoft.windows.common-controls_6595b64144ccf1df_6.0.18362.836_none_e6c4b943130f18ed\COMCTL32.dll
0x00007ffe58ba0000 - 0x00007ffe58ed6000 	C:\Windows\System32\combase.dll
0x00007ffe56100000 - 0x00007ffe56180000 	C:\Windows\System32\bcryptPrimitives.dll
0x00007ffe49f90000 - 0x00007ffe49f9a000 	C:\Windows\SYSTEM32\VERSION.dll
0x00007ffe57730000 - 0x00007ffe5775e000 	C:\Windows\System32\IMM32.DLL
0x00007ffe1fd50000 - 0x00007ffe1fdfa000 	C:\Program Files\Java\jdk-12.0.2\bin\msvcp140.dll
0x00007ffe16840000 - 0x00007ffe173b7000 	C:\Program Files\Java\jdk-12.0.2\bin\server\jvm.dll
0x00007ffe57670000 - 0x00007ffe57678000 	C:\Windows\System32\PSAPI.DLL
0x00007ffe44940000 - 0x00007ffe44949000 	C:\Windows\SYSTEM32\WSOCK32.dll
0x00007ffe574d0000 - 0x00007ffe5753f000 	C:\Windows\System32\WS2_32.dll
0x00007ffe53a70000 - 0x00007ffe53a94000 	C:\Windows\SYSTEM32\WINMM.dll
0x00007ffe53a40000 - 0x00007ffe53a6d000 	C:\Windows\SYSTEM32\WINMMBASE.dll
0x00007ffe56cd0000 - 0x00007ffe56d1a000 	C:\Windows\System32\cfgmgr32.dll
0x00007ffe55e40000 - 0x00007ffe55e51000 	C:\Windows\System32\kernel.appcore.dll
0x00007ffe52300000 - 0x00007ffe52311000 	C:\Program Files\Java\jdk-12.0.2\bin\verify.dll
0x00007ffe546f0000 - 0x00007ffe548e4000 	C:\Windows\SYSTEM32\DBGHELP.DLL
0x00007ffe3b460000 - 0x00007ffe3b48a000 	C:\Windows\SYSTEM32\dbgcore.DLL
0x00007ffe49ad0000 - 0x00007ffe49af6000 	C:\Program Files\Java\jdk-12.0.2\bin\java.dll
0x00007ffe49ab0000 - 0x00007ffe49ac7000 	C:\Program Files\Java\jdk-12.0.2\bin\zip.dll
0x00007ffe53bd0000 - 0x00007ffe53bda000 	C:\Program Files\Java\jdk-12.0.2\bin\jimage.dll
0x00007ffe57fc0000 - 0x00007ffe586a4000 	C:\Windows\System32\SHELL32.dll
0x00007ffe57f10000 - 0x00007ffe57fb9000 	C:\Windows\System32\shcore.dll
0x00007ffe561e0000 - 0x00007ffe5695e000 	C:\Windows\System32\windows.storage.dll
0x00007ffe55e80000 - 0x00007ffe55ea3000 	C:\Windows\System32\profapi.dll
0x00007ffe55df0000 - 0x00007ffe55e3a000 	C:\Windows\System32\powrprof.dll
0x00007ffe55de0000 - 0x00007ffe55df0000 	C:\Windows\System32\UMPDC.dll
0x00007ffe57200000 - 0x00007ffe57252000 	C:\Windows\System32\shlwapi.dll
0x00007ffe55eb0000 - 0x00007ffe55ec7000 	C:\Windows\System32\cryptsp.dll
0x00007ffe497f0000 - 0x00007ffe49809000 	C:\Program Files\Java\jdk-12.0.2\bin\net.dll
0x00007ffe49d10000 - 0x00007ffe49e00000 	C:\Windows\SYSTEM32\WINHTTP.dll
0x00007ffe3da60000 - 0x00007ffe3dc36000 	C:\Windows\SYSTEM32\urlmon.dll
0x00007ffe3d790000 - 0x00007ffe3da36000 	C:\Windows\SYSTEM32\iertutil.dll
0x00007ffe55820000 - 0x00007ffe5582c000 	C:\Windows\SYSTEM32\CRYPTBASE.DLL
0x00007ffe55650000 - 0x00007ffe556b7000 	C:\Windows\system32\mswsock.dll
0x00007ffe497d0000 - 0x00007ffe497e3000 	C:\Program Files\Java\jdk-12.0.2\bin\nio.dll

dbghelp: loaded successfully - version: 4.0.5 - missing functions: none
symbol engine: initialized successfully - sym options: 0x614 - pdb path: .;C:\Program Files\Java\jdk-12.0.2\bin;C:\Windows\SYSTEM32;C:\Windows\WinSxS\amd64_microsoft.windows.common-controls_6595b64144ccf1df_6.0.18362.836_none_e6c4b943130f18ed;C:\Program Files\Java\jdk-12.0.2\bin\server

VM Arguments:
jvm_args: -Dapplication.home=C:\Program Files\Java\jdk-12.0.2 --add-modules=ALL-DEFAULT -Xms8m -Djdk.module.main=jdk.compiler 
java_command: jdk.compiler/com.sun.tools.javac.Main -d C:\Users\USER\Documents\NetBeansProjects\cnpm\build\classes -classpath C:\Users\USER\Documents\NetBeansProjects\cnpm\build\classes;C:\Users\USER\Desktop\NNLT\JAVA TOOL+CODE\Tool JAVA\mssql-jdbc-7.2.1.jre11.jar;D:\NETBEAN\netbeans\java\modules\ext\AbsoluteLayout.jar;C:\Users\USER\Desktop\NNLT\JAVA TOOL+CODE\Tool JAVA\jdatechooser\DateChooser.jar;C:\Users\USER\Desktop\NNLT\JAVA TOOL+CODE\Tool JAVA\javadate picker\jdatepicker-1.3.2.jar;C:\Users\USER\Desktop\NNLT\JAVA TOOL+CODE\Tool JAVA\ITextSharp\itextpdf-5.4.0.jar;C:\Users\USER\Desktop\NNLT\JAVA TOOL+CODE\Tool JAVA\io\io-7.0.5.jar;C:\Users\USER\Desktop\NNLT\JAVA TOOL+CODE\Tool JAVA\pqScan.PDFtoImage\pqScan.PDFtoImage.jar -sourcepath C:\Users\USER\Documents\NetBeansProjects\cnpm\src -target 12 -encoding UTF-8 -g -processorpath C:\Users\USER\Desktop\NNLT\JAVA TOOL+CODE\Tool JAVA\mssql-jdbc-7.2.1.jre11.jar;D:\NETBEAN\netbeans\java\modules\ext\AbsoluteLayout.jar;C:\Users\USER\Desktop\NNLT\JAVA TOOL+CODE\Tool JAVA\jdatechooser\DateChooser.jar;C:\Users\USER\Desktop\NNLT\JAVA TOOL+CODE\Tool JAVA\javadate picker\jdatepicker-1.3.4.jar;C:\Users\USER\Desktop\NNLT\JAVA TOOL+CODE\Tool JAVA\javadate picker\jdatepicker-1.3.2.jar;C:\Users\USER\Downloads\New folder\New folder\AbsoluteLayout.jar;C:\Users\USER\Downloads\New folder\New folder\commons-beanutils-1.8.2.jar;C:\Users\USER\Downloads\New folder\New folder\groovy-all-1.7.5.jar;C:\Users\USER\Downloads\New folder\New folder\jasperreports-4.0.2.jar;C:\Users\USER\Downloads\New folder\New folder\swingx-all-1.6.4.jar;C:\Users\USER\Downloads\New folder\New folder\sqljdbc4.jar;C:\Users\USER\Desktop\NNLT\JAVA TOOL+CODE\Tool JAVA\ITextSharp\itextpdf-5.4.0.jar;C:\Users\USER\Desktop\NNLT\JAVA TOOL+CODE\Tool JAVA\io\io-7.0.5.jar;C:\Users\USER\Desktop\NNLT\JAVA TOOL+CODE\Tool JAVA\pqScan.PDFtoImage\pqScan.PDFtoImage.jar;C:\Users\USER\Documents\NetBeansProjects\cnpm\build\empty -s C:\Users\USER\Documents\NetBeansProjects\cnpm\build\gene
java_class_path (initial): <not set>
Launcher Type: SUN_STANDARD

[Global flags]
     intx CICompilerCount                          = 3                                         {product} {ergonomic}
     uint ConcGCThreads                            = 1                                         {product} {ergonomic}
     uint G1ConcRefinementThreads                  = 4                                         {product} {ergonomic}
   size_t G1HeapRegionSize                         = 1048576                                   {product} {ergonomic}
    uintx GCDrainStackTargetSize                   = 64                                        {product} {ergonomic}
   size_t InitialHeapSize                          = 8388608                                   {product} {command line}
   size_t MarkStackSize                            = 4194304                                   {product} {ergonomic}
   size_t MaxHeapSize                              = 3187671040                                {product} {ergonomic}
   size_t MaxNewSize                               = 1912602624                                {product} {ergonomic}
   size_t MinHeapDeltaBytes                        = 1048576                                   {product} {ergonomic}
    uintx NonNMethodCodeHeapSize                   = 5830732                                {pd product} {ergonomic}
    uintx NonProfiledCodeHeapSize                  = 122913754                              {pd product} {ergonomic}
    uintx ProfiledCodeHeapSize                     = 122913754                              {pd product} {ergonomic}
    uintx ReservedCodeCacheSize                    = 251658240                              {pd product} {ergonomic}
     bool SegmentedCodeCache                       = true                                      {product} {ergonomic}
     bool UseCompressedClassPointers               = true                                 {lp64_product} {ergonomic}
     bool UseCompressedOops                        = true                                 {lp64_product} {ergonomic}
     bool UseG1GC                                  = true                                      {product} {ergonomic}
     bool UseLargePagesIndividualAllocation        = false                                  {pd product} {ergonomic}

Logging:
Log output configuration:
 #0: stdout all=warning uptime,level,tags
 #1: stderr all=off uptime,level,tags

Environment Variables:
JAVA_HOME=C:\Program Files\Java\jdk-12.0.2
PATH=C:\Program Files (x86)\Common Files\Oracle\Java\javapath;C:\Program Files (x86)\Intel\Intel(R) Management Engine Components\iCLS\;C:\Program Files\Intel\Intel(R) Management Engine Components\iCLS\;C:\Windows\system32;C:\Windows;C:\Windows\System32\Wbem;C:\Windows\System32\WindowsPowerShell\v1.0\;C:\Windows\System32\OpenSSH\;C:\Program Files (x86)\Intel\Intel(R) Management Engine Components\DAL;C:\Program Files\Intel\Intel(R) Management Engine Components\DAL;C:\Program Files (x86)\Intel\Intel(R) Management Engine Components\IPT;C:\Program Files\Intel\Intel(R) Management Engine Components\IPT;C:\Program Files\Intel\WiFi\bin\;C:\Program Files\Common Files\Intel\WirelessCommon\;C:\Program Files\Java\jdk-12.0.2\bin;C:\Program Files\Microsoft SQL Server\110\Tools\Binn\;C:\Program Files (x86)\Microsoft SQL Server\110\Tools\Binn\;C:\Program Files\Microsoft SQL Server\110\DTS\Binn\;C:\Program Files (x86)\Microsoft SQL Server\110\Tools\Binn\ManagementStudio\;C:\Program Files (x86)\Microsoft Visual Studio 10.0\Common7\IDE\PrivateAssemblies\;C:\Program Files (x86)\Microsoft SQL Server\110\DTS\Binn\;C:\Users\USER\Documents\OpenSSL\OpenSSL-Win64\bin;C:\Program Files\OpenSSL-Win64\bin;C:\Users\USER\Downloads\New folder\New folder\bin;C:\Users\USER\AppData\Local\Microsoft\WindowsApps;C:\Program Files\Intel\WiFi\bin\;C:\Program Files\Common Files\Intel\WirelessCommon\
USERNAME=USER
OS=Windows_NT
PROCESSOR_IDENTIFIER=Intel64 Family 6 Model 142 Stepping 9, GenuineIntel



---------------  S Y S T E M  ---------------

OS: Windows 10 , 64 bit Build 18362 (10.0.18362.778)

CPU:total 4 (initial active 4) (2 cores per cpu, 2 threads per core) family 6 model 142 stepping 9, cmov, cx8, fxsr, mmx, sse, sse2, sse3, ssse3, sse4.1, sse4.2, popcnt, avx, avx2, aes, clmul, erms, 3dnowpref, lzcnt, ht, tsc, tscinvbit, bmi1, bmi2, adx, fma

Memory: 4k page, system-wide physical 12153M (4206M free)
TotalPageFile size 28176M (AvailPageFile size 3M)
current process WorkingSet (physical memory assigned to process): 130M, peak: 130M
current process commit charge ("private bytes"): 167M, peak: 167M

vm_info: Java HotSpot(TM) 64-Bit Server VM (12.0.2+10) for windows-amd64 JRE (12.0.2+10), built on Jul 16 2019 01:56:17 by "mach5one" with MS VC++ 15.5 (VS2017)

END.
