#
# There is insufficient memory for the Java Runtime Environment to continue.
# Native memory allocation (mmap) failed to map 28311552 bytes for Failed to commit area from 0x0000000743a00000 to 0x0000000745500000 of length 28311552.
# Possible reasons:
#   The system is out of physical RAM or swap space
#   The process is running with CompressedOops enabled, and the Java Heap may be blocking the growth of the native heap
# Possible solutions:
#   Reduce memory load on the system
#   Increase physical memory or swap space
#   Check if swap backing store is full
#   Decrease Java heap size (-Xmx/-Xms)
#   Decrease number of Java threads
#   Decrease Java thread stack sizes (-Xss)
#   Set larger code cache with -XX:ReservedCodeCacheSize=
#   JVM is running with Zero Based Compressed Oops mode in which the Java heap is
#     placed in the first 32GB address space. The Java Heap base address is the
#     maximum limit for the native heap growth. Please use -XX:HeapBaseMinAddress
#     to set the Java Heap base and to place the Java Heap above 32GB virtual address.
# This output file may be truncated or incomplete.
#
#  Out of Memory Error (t:/workspace/open/src/hotspot/os/windows/os_windows.cpp:3264), pid=22248, tid=21548
#
# JRE version: Java(TM) SE Runtime Environment (12.0.2+10) (build 12.0.2+10)
# Java VM: Java HotSpot(TM) 64-Bit Server VM (12.0.2+10, mixed mode, sharing, tiered, compressed oops, g1 gc, windows-amd64)
# No core dump will be written. Minidumps are not enabled by default on client versions of Windows
#

---------------  S U M M A R Y ------------

Command Line: -Dapplication.home=C:\Program Files\Java\jdk-12.0.2 --add-modules=ALL-DEFAULT -Xms8m -Djdk.module.main=jdk.compiler jdk.compiler/com.sun.tools.javac.Main -d C:\Users\USER\Documents\NetBeansProjects\cnpm\build\classes -classpath C:\Users\USER\Documents\NetBeansProjects\cnpm\build\classes;C:\Users\USER\Desktop\NNLT\JAVA TOOL+CODE\Tool JAVA\mssql-jdbc-7.2.1.jre11.jar;D:\NETBEAN\netbeans\java\modules\ext\AbsoluteLayout.jar;C:\Users\USER\Desktop\NNLT\JAVA TOOL+CODE\Tool JAVA\jdatechooser\DateChooser.jar;C:\Users\USER\Desktop\NNLT\JAVA TOOL+CODE\Tool JAVA\javadate picker\jdatepicker-1.3.2.jar;C:\Users\USER\Desktop\NNLT\JAVA TOOL+CODE\Tool JAVA\ITextSharp\itextpdf-5.4.0.jar;C:\Users\USER\Desktop\NNLT\JAVA TOOL+CODE\Tool JAVA\io\io-7.0.5.jar;C:\Users\USER\Desktop\NNLT\JAVA TOOL+CODE\Tool JAVA\pqScan.PDFtoImage\pqScan.PDFtoImage.jar -sourcepath C:\Users\USER\Documents\NetBeansProjects\cnpm\src -target 12 -encoding UTF-8 -g -processorpath C:\Users\USER\Desktop\NNLT\JAVA TOOL+CODE\Tool JAVA\mssql-jdbc-7.2.1.jre11.jar;D:\NETBEAN\netbeans\java\modules\ext\AbsoluteLayout.jar;C:\Users\USER\Desktop\NNLT\JAVA TOOL+CODE\Tool JAVA\jdatechooser\DateChooser.jar;C:\Users\USER\Desktop\NNLT\JAVA TOOL+CODE\Tool JAVA\javadate picker\jdatepicker-1.3.4.jar;C:\Users\USER\Desktop\NNLT\JAVA TOOL+CODE\Tool JAVA\javadate picker\jdatepicker-1.3.2.jar;C:\Users\USER\Downloads\New folder\New folder\AbsoluteLayout.jar;C:\Users\USER\Downloads\New folder\New folder\commons-beanutils-1.8.2.jar;C:\Users\USER\Downloads\New folder\New folder\groovy-all-1.7.5.jar;C:\Users\USER\Downloads\New folder\New folder\jasperreports-4.0.2.jar;C:\Users\USER\Downloads\New folder\New folder\swingx-all-1.6.4.jar;C:\Users\USER\Downloads\New folder\New folder\sqljdbc4.jar;C:\Users\USER\Desktop\NNLT\JAVA TOOL+CODE\Tool JAVA\ITextSharp\itextpdf-5.4.0.jar;C:\Users\USER\Desktop\NNLT\JAVA TOOL+CODE\Tool JAVA\io\io-7.0.5.jar;C:\Users\USER\Desktop\NNLT\JAVA TOOL+CODE\Tool JAVA\pqScan.PDFtoImage\pqScan.PDFtoImage.jar;C:\Users\USER\Documents\NetBeansProjects\cnpm\build\empty -s C:\Users\USER\Documents\NetBeansProjects\cnpm\build\generated-sources\ap-source-output -source 12 C:\Users\USER\Documents\NetBeansProjects\cnpm\src\cnpm\updatePanelGuest.java

Host: Intel(R) Core(TM) i7-7500U CPU @ 2.70GHz, 4 cores, 11G,  Windows 10 , 64 bit Build 18362 (10.0.18362.778)
Time: Fri Jun 26 14:33:09 2020 SE Asia Standard Time elapsed time: 1 seconds (0d 0h 0m 1s)

---------------  T H R E A D  ---------------

Current thread (0x000001f4a1c58000):  VMThread "VM Thread" [stack: 0x0000000bd8600000,0x0000000bd8700000] [id=21548]

Stack: [0x0000000bd8600000,0x0000000bd8700000]
[error occurred during error reporting (printing stack bounds), id 0xc0000005, EXCEPTION_ACCESS_VIOLATION (0xc0000005) at pc=0x000001f4a9f90bad]

Native frames: (J=compiled Java code, j=interpreted, Vv=VM code, C=native code)
V  [jvm.dll+0x63aa2a]
V  [jvm.dll+0x78ce1e]
V  [jvm.dll+0x78e4c1]
V  [jvm.dll+0x78ea75]
V  [jvm.dll+0x78ea2b]
V  [jvm.dll+0x63a134]
V  [jvm.dll+0x63a4f8]
C  [ntdll.dll+0xa11cf]
C  [ntdll.dll+0x6a209]
C  [ntdll.dll+0x9fe3e]
C  0x000001f4a9f90bad

VM_Operation (0x0000000bd80f95b0): G1CollectForAllocation, mode: safepoint, requested by thread 0x000001f4a1b90000


---------------  P R O C E S S  ---------------

Threads class SMR info:
_java_thread_list=0x000001f4c3154e00, length=11, elements={
0x000001f4a1b90000, 0x000001f4a1c5c000, 0x000001f4c24cf800, 0x000001f4c24e6000,
0x000001f4c24e8000, 0x000001f4c24ec800, 0x000001f4c2519800, 0x000001f4c2522000,
0x000001f4c2f39000, 0x000001f4c2fbf800, 0x000001f4c2fe2000
}

Java Threads: ( => current thread )
  0x000001f4a1b90000 JavaThread "main" [_thread_blocked, id=19540, stack(0x0000000bd8000000,0x0000000bd8100000)]
  0x000001f4a1c5c000 JavaThread "Reference Handler" daemon [_thread_blocked, id=21084, stack(0x0000000bd8700000,0x0000000bd8800000)]
  0x000001f4c24cf800 JavaThread "Finalizer" daemon [_thread_blocked, id=12940, stack(0x0000000bd8800000,0x0000000bd8900000)]
  0x000001f4c24e6000 JavaThread "Signal Dispatcher" daemon [_thread_blocked, id=21152, stack(0x0000000bd8900000,0x0000000bd8a00000)]
  0x000001f4c24e8000 JavaThread "Attach Listener" daemon [_thread_blocked, id=16400, stack(0x0000000bd8a00000,0x0000000bd8b00000)]
  0x000001f4c24ec800 JavaThread "C2 CompilerThread0" daemon [_thread_in_native, id=15224, stack(0x0000000bd8b00000,0x0000000bd8c00000)]
  0x000001f4c2519800 JavaThread "C1 CompilerThread0" daemon [_thread_blocked, id=22504, stack(0x0000000bd8c00000,0x0000000bd8d00000)]
  0x000001f4c2522000 JavaThread "Sweeper thread" daemon [_thread_blocked, id=14548, stack(0x0000000bd8d00000,0x0000000bd8e00000)]
  0x000001f4c2f39000 JavaThread "Common-Cleaner" daemon [_thread_blocked, id=20612, stack(0x0000000bd8e00000,0x0000000bd8f00000)]
  0x000001f4c2fbf800 JavaThread "Service Thread" daemon [_thread_blocked, id=21656, stack(0x0000000bd9000000,0x0000000bd9100000)]
  0x000001f4c2fe2000 JavaThread "C2 CompilerThread1" daemon [_thread_blocked, id=22256, stack(0x0000000bd9200000,0x0000000bd9300000)]

Other Threads:
=>0x000001f4a1c58000 VMThread "VM Thread" [stack: 0x0000000bd8600000,0x0000000bd8700000] [id=21548]
  0x000001f4c2fcd800 WatcherThread [stack: 0x0000000bd9100000,0x0000000bd9200000] [id=22016]
  0x000001f4a1be0800 GCTaskThread "GC Thread#0" [stack: 0x0000000bd8100000,0x0000000bd8200000] [id=20552]
  0x000001f4c302d000 GCTaskThread "GC Thread#1" [stack: 0x0000000bd8f00000,0x0000000bd9000000] [id=21832]
  0x000001f4a1bf4000 ConcurrentGCThread "G1 Main Marker" [stack: 0x0000000bd8200000,0x0000000bd8300000] [id=21676]
  0x000001f4a1bf8000 ConcurrentGCThread "G1 Conc#0" [stack: 0x0000000bd8300000,0x0000000bd8400000] [id=22444]
  0x000001f4a1c13000 ConcurrentGCThread "G1 Refine#0" [stack: 0x0000000bd8400000,0x0000000bd8500000] [id=15708]
  0x000001f4a1c14000 ConcurrentGCThread "G1 Young RemSet Sampling" [stack: 0x0000000bd8500000,0x0000000bd8600000] [id=22380]

Threads with active compile tasks:
C2 CompilerThread0  1510   !   4       com.sun.tools.javac.jvm.ClassReader::classSigToType (498 bytes)
C2 CompilerThread1  1864       4       com.sun.tools.javac.code.Types::rank (269 bytes)

VM state:at safepoint (normal execution)

VM Mutex/Monitor currently owned by a thread:  ([mutex/lock_event])
[0x000001f4a1b8c070] Threads_lock - owner thread: 0x000001f4a1c58000
[0x000001f4a1b8ce80] Heap_lock - owner thread: 0x000001f4a1b90000

Heap address: 0x0000000742000000, size: 3040 MB, Compressed Oops mode: Zero based, Oop shift amount: 3
Narrow klass base: 0x0000000800000000, Narrow klass shift: 3
Compressed class space size: 1073741824 Address: 0x0000000801190000

Heap:
 garbage-first heap   total 54272K, used 13445K [0x0000000742000000, 0x0000000800000000)
  region size 1024K, 1 young (1024K), 1 survivors (1024K)
 Metaspace       used 10209K, capacity 12787K, committed 13056K, reserved 1060864K
  class space    used 1142K, capacity 1477K, committed 1536K, reserved 1048576K
Heap Regions: E=young(eden), S=young(survivor), O=old, HS=humongous(starts), HC=humongous(continues), CS=collection set, F=free, A=archive, TAMS=top-at-mark-start (previous, next)
|   0|0x0000000742000000, 0x0000000742100000, 0x0000000742100000|100%| O|  |TAMS 0x0000000742100000, 0x0000000742100000| Untracked 
|   1|0x0000000742100000, 0x0000000742200000, 0x0000000742200000|100%| O|  |TAMS 0x0000000742200000, 0x0000000742200000| Untracked 
|   2|0x0000000742200000, 0x0000000742300000, 0x0000000742300000|100%| O|  |TAMS 0x0000000742300000, 0x0000000742300000| Untracked 
|   3|0x0000000742300000, 0x0000000742400000, 0x0000000742400000|100%| O|  |TAMS 0x0000000742400000, 0x0000000742400000| Untracked 
|   4|0x0000000742400000, 0x0000000742500000, 0x0000000742500000|100%| O|  |TAMS 0x0000000742500000, 0x0000000742500000| Untracked 
|   5|0x0000000742500000, 0x0000000742600000, 0x0000000742600000|100%| O|  |TAMS 0x000000074254a000, 0x0000000742600000| Untracked 
|   6|0x0000000742600000, 0x0000000742700000, 0x0000000742700000|100%| O|  |TAMS 0x0000000742600000, 0x0000000742700000| Untracked 
|   7|0x0000000742700000, 0x0000000742800000, 0x0000000742800000|100%| O|  |TAMS 0x0000000742700000, 0x0000000742800000| Untracked 
|   8|0x0000000742800000, 0x0000000742900000, 0x0000000742900000|100%| O|  |TAMS 0x0000000742800000, 0x0000000742900000| Untracked 
|   9|0x0000000742900000, 0x0000000742a00000, 0x0000000742a00000|100%| O|  |TAMS 0x0000000742900000, 0x0000000742a00000| Untracked 
|  10|0x0000000742a00000, 0x0000000742b00000, 0x0000000742b00000|100%|HS|  |TAMS 0x0000000742a00000, 0x0000000742b00000| Complete 
|  11|0x0000000742b00000, 0x0000000742c00000, 0x0000000742c00000|100%| O|  |TAMS 0x0000000742b00000, 0x0000000742b30a00| Untracked 
|  12|0x0000000742c00000, 0x0000000742c4ba00, 0x0000000742d00000| 29%| O|  |TAMS 0x0000000742c00000, 0x0000000742c00000| Untracked 
|  13|0x0000000742d00000, 0x0000000742d00000, 0x0000000742e00000|  0%| F|  |TAMS 0x0000000742d00000, 0x0000000742d00000| Untracked 
|  14|0x0000000742e00000, 0x0000000742e00000, 0x0000000742f00000|  0%| F|  |TAMS 0x0000000742e00000, 0x0000000742e00000| Untracked 
|  15|0x0000000742f00000, 0x0000000742f00000, 0x0000000743000000|  0%| F|  |TAMS 0x0000000742f00000, 0x0000000742f00000| Untracked 
|  16|0x0000000743000000, 0x0000000743000000, 0x0000000743100000|  0%| F|  |TAMS 0x0000000743000000, 0x0000000743000000| Untracked 
|  17|0x0000000743100000, 0x0000000743100000, 0x0000000743200000|  0%| F|  |TAMS 0x0000000743100000, 0x0000000743100000| Untracked 
|  18|0x0000000743200000, 0x0000000743200000, 0x0000000743300000|  0%| F|  |TAMS 0x0000000743200000, 0x0000000743200000| Untracked 
|  19|0x0000000743300000, 0x0000000743300000, 0x0000000743400000|  0%| F|  |TAMS 0x0000000743300000, 0x0000000743300000| Untracked 
|  20|0x0000000743400000, 0x00000007434d5b70, 0x0000000743500000| 83%| S|CS|TAMS 0x0000000743400000, 0x0000000743400000| Complete 
|  21|0x0000000743500000, 0x0000000743500000, 0x0000000743600000|  0%| F|  |TAMS 0x0000000743500000, 0x0000000743500000| Untracked 
|  22|0x0000000743600000, 0x0000000743600000, 0x0000000743700000|  0%| F|  |TAMS 0x0000000743600000, 0x0000000743600000| Untracked 
|  23|0x0000000743700000, 0x0000000743700000, 0x0000000743800000|  0%| F|  |TAMS 0x0000000743700000, 0x0000000743700000| Untracked 
|  24|0x0000000743800000, 0x0000000743800000, 0x0000000743900000|  0%| F|  |TAMS 0x0000000743800000, 0x0000000743800000| Untracked 
|  25|0x0000000743900000, 0x0000000743900000, 0x0000000743a00000|  0%| F|  |TAMS 0x0000000743900000, 0x0000000743900000| Untracked 

Card table byte_map: [0x000001f4b9580000,0x000001f4b9b70000] _byte_map_base: 0x000001f4b5b70000

Marking Bits (Prev, Next): (CMBitMap*) 0x000001f4a1be1798, (CMBitMap*) 0x000001f4a1be17d8
 Prev Bits: [0x000001f4ba160000, 0x000001f4bd0e0000)
 Next Bits: [0x000001f4bd0e0000, 0x000001f4c0060000)

Polling page: 0x000001f4a1360000

Metaspace:

Usage:
  Non-class:     11.04 MB capacity,     8.85 MB ( 80%) used,     2.16 MB ( 20%) free+waste,    32.63 KB ( <1%) overhead. 
      Class:      1.44 MB capacity,     1.12 MB ( 77%) used,   318.60 KB ( 22%) free+waste,    15.56 KB (  1%) overhead. 
       Both:     12.49 MB capacity,     9.97 MB ( 80%) used,     2.47 MB ( 20%) free+waste,    48.19 KB ( <1%) overhead. 

Virtual space:
  Non-class space:       12.00 MB reserved,      11.25 MB ( 94%) committed 
      Class space:        1.00 GB reserved,       1.50 MB ( <1%) committed 
             Both:        1.01 GB reserved,      12.75 MB (  1%) committed 

Chunk freelists:
   Non-Class:  2.25 KB
       Class:  3.38 KB
        Both:  5.63 KB

CodeHeap 'non-profiled nmethods': size=120064Kb used=638Kb max_used=638Kb free=119425Kb
 bounds [0x000001f4b1a50000, 0x000001f4b1cc0000, 0x000001f4b8f90000]
CodeHeap 'profiled nmethods': size=120000Kb used=4572Kb max_used=4572Kb free=115427Kb
 bounds [0x000001f4aa520000, 0x000001f4aa9a0000, 0x000001f4b1a50000]
CodeHeap 'non-nmethods': size=5696Kb used=1125Kb max_used=1171Kb free=4570Kb
 bounds [0x000001f4a9f90000, 0x000001f4aa200000, 0x000001f4aa520000]
 total_blobs=2873 nmethods=2045 adapters=336
 compilation: enabled
              stopped_count=0, restarted_count=0
 full_count=0

Compilation events (10 events):
Event: 1.601 Thread 0x000001f4c2519800 2059       2       com.sun.tools.javac.code.Symbol::isAccessibleIn (208 bytes)
Event: 1.602 Thread 0x000001f4c2519800 nmethod 2059 0x000001f4aa994690 code [0x000001f4aa9948e0, 0x000001f4aa995030]
Event: 1.602 Thread 0x000001f4c2519800 2061       2       com.sun.tools.javac.code.Symbol::isInheritedIn (7 bytes)
Event: 1.602 Thread 0x000001f4c2519800 nmethod 2061 0x000001f4aa995410 code [0x000001f4aa9955e0, 0x000001f4aa995770]
Event: 1.602 Thread 0x000001f4c2519800 2062       2       java.lang.invoke.TypeConvertingMethodAdapter::cast (42 bytes)
Event: 1.602 Thread 0x000001f4c2519800 nmethod 2062 0x000001f4aa995810 code [0x000001f4aa995a00, 0x000001f4aa995c70]
Event: 1.602 Thread 0x000001f4c2519800 2060       2       com.sun.tools.javac.comp.Resolve$5::<init> (39 bytes)
Event: 1.602 Thread 0x000001f4c2519800 nmethod 2060 0x000001f4aa995e10 code [0x000001f4aa995fe0, 0x000001f4aa996370]
Event: 1.603 Thread 0x000001f4c2519800 2063       2       com.sun.tools.javac.code.Scope$ScopeImpl::leave (160 bytes)
Event: 1.604 Thread 0x000001f4c2519800 nmethod 2063 0x000001f4aa996410 code [0x000001f4aa996640, 0x000001f4aa996d90]

GC Heap History (10 events):
Event: 0.990 GC heap after
{Heap after GC invocations=19 (full 0):
 garbage-first heap   total 16384K, used 7339K [0x0000000742000000, 0x0000000800000000)
  region size 1024K, 1 young (1024K), 1 survivors (1024K)
 Metaspace       used 8862K, capacity 11464K, committed 11648K, reserved 1058816K
  class space    used 1016K, capacity 1316K, committed 1408K, reserved 1048576K
}
Event: 1.002 GC heap before
{Heap before GC invocations=19 (full 0):
 garbage-first heap   total 16384K, used 9387K [0x0000000742000000, 0x0000000800000000)
  region size 1024K, 3 young (3072K), 1 survivors (1024K)
 Metaspace       used 8865K, capacity 11464K, committed 11648K, reserved 1058816K
  class space    used 1016K, capacity 1316K, committed 1408K, reserved 1048576K
}
Event: 1.005 GC heap after
{Heap after GC invocations=20 (full 0):
 garbage-first heap   total 26624K, used 7986K [0x0000000742000000, 0x0000000800000000)
  region size 1024K, 1 young (1024K), 1 survivors (1024K)
 Metaspace       used 8865K, capacity 11464K, committed 11648K, reserved 1058816K
  class space    used 1016K, capacity 1316K, committed 1408K, reserved 1048576K
}
Event: 1.052 GC heap before
{Heap before GC invocations=20 (full 0):
 garbage-first heap   total 26624K, used 14130K [0x0000000742000000, 0x0000000800000000)
  region size 1024K, 7 young (7168K), 1 survivors (1024K)
 Metaspace       used 8876K, capacity 11464K, committed 11648K, reserved 1058816K
  class space    used 1016K, capacity 1316K, committed 1408K, reserved 1048576K
}
Event: 1.056 GC heap after
{Heap after GC invocations=21 (full 0):
 garbage-first heap   total 26624K, used 8888K [0x0000000742000000, 0x0000000800000000)
  region size 1024K, 1 young (1024K), 1 survivors (1024K)
 Metaspace       used 8876K, capacity 11464K, committed 11648K, reserved 1058816K
  class space    used 1016K, capacity 1316K, committed 1408K, reserved 1048576K
}
Event: 1.157 GC heap before
{Heap before GC invocations=21 (full 0):
 garbage-first heap   total 26624K, used 14008K [0x0000000742000000, 0x0000000800000000)
  region size 1024K, 7 young (7168K), 1 survivors (1024K)
 Metaspace       used 9074K, capacity 11638K, committed 11904K, reserved 1060864K
  class space    used 1034K, capacity 1331K, committed 1408K, reserved 1048576K
}
Event: 1.163 GC heap after
{Heap after GC invocations=22 (full 0):
 garbage-first heap   total 26624K, used 10341K [0x0000000742000000, 0x0000000800000000)
  region size 1024K, 1 young (1024K), 1 survivors (1024K)
 Metaspace       used 9074K, capacity 11638K, committed 11904K, reserved 1060864K
  class space    used 1034K, capacity 1331K, committed 1408K, reserved 1048576K
}
Event: 1.336 GC heap before
{Heap before GC invocations=22 (full 0):
 garbage-first heap   total 26624K, used 17509K [0x0000000742000000, 0x0000000800000000)
  region size 1024K, 7 young (7168K), 1 survivors (1024K)
 Metaspace       used 9499K, capacity 12092K, committed 12160K, reserved 1060864K
  class space    used 1072K, capacity 1375K, committed 1408K, reserved 1048576K
}
Event: 1.342 GC heap after
{Heap after GC invocations=23 (full 0):
 garbage-first heap   total 26624K, used 12482K [0x0000000742000000, 0x0000000800000000)
  region size 1024K, 1 young (1024K), 1 survivors (1024K)
 Metaspace       used 9499K, capacity 12092K, committed 12160K, reserved 1060864K
  class space    used 1072K, capacity 1375K, committed 1408K, reserved 1048576K
}
Event: 1.604 GC heap before
{Heap before GC invocations=23 (full 0):
 garbage-first heap   total 26624K, used 17602K [0x0000000742000000, 0x0000000800000000)
  region size 1024K, 6 young (6144K), 1 survivors (1024K)
 Metaspace       used 10209K, capacity 12787K, committed 13056K, reserved 1060864K
  class space    used 1142K, capacity 1477K, committed 1536K, reserved 1048576K
}

Deoptimization events (10 events):
Event: 0.742 Thread 0x000001f4a1b90000 Uncommon trap: reason=class_check action=maybe_recompile pc=0x000001f4b1a8ea08 method=java.util.HashMap.putVal(ILjava/lang/Object;Ljava/lang/Object;ZZ)Ljava/lang/Object; @ 203 c2
Event: 0.744 Thread 0x000001f4a1b90000 Uncommon trap: reason=class_check action=maybe_recompile pc=0x000001f4b1a8ea08 method=java.util.HashMap.putVal(ILjava/lang/Object;Ljava/lang/Object;ZZ)Ljava/lang/Object; @ 203 c2
Event: 0.873 Thread 0x000001f4a1b90000 Uncommon trap: reason=class_check action=maybe_recompile pc=0x000001f4b1a927b4 method=java.util.HashMap.getNode(ILjava/lang/Object;)Ljava/util/HashMap$Node; @ 126 c2
Event: 0.914 Thread 0x000001f4a1b90000 Uncommon trap: reason=unstable_if action=reinterpret pc=0x000001f4b1ab3874 method=java.lang.String.<init>([CIILjava/lang/Void;)V @ 5 c2
Event: 0.915 Thread 0x000001f4a1b90000 Uncommon trap: reason=unstable_if action=reinterpret pc=0x000001f4b1aaf3e8 method=java.lang.String.<init>([CIILjava/lang/Void;)V @ 5 c2
Event: 0.932 Thread 0x000001f4a1b90000 Uncommon trap: reason=unstable_if action=reinterpret pc=0x000001f4b1a987c8 method=java.lang.String.<init>([CIILjava/lang/Void;)V @ 5 c2
Event: 1.257 Thread 0x000001f4a1b90000 Uncommon trap: reason=bimorphic_or_optimized_type_check action=maybe_recompile pc=0x000001f4b1acf81c method=com.sun.tools.javac.file.BaseFileManager.getKind(Ljava/nio/file/Path;)Ljavax/tools/JavaFileObject$Kind; @ 1 c2
Event: 1.257 Thread 0x000001f4a1b90000 Uncommon trap: reason=bimorphic_or_optimized_type_check action=maybe_recompile pc=0x000001f4b1acf81c method=com.sun.tools.javac.file.BaseFileManager.getKind(Ljava/nio/file/Path;)Ljavax/tools/JavaFileObject$Kind; @ 1 c2
Event: 1.257 Thread 0x000001f4a1b90000 Uncommon trap: reason=bimorphic_or_optimized_type_check action=maybe_recompile pc=0x000001f4b1acf81c method=com.sun.tools.javac.file.BaseFileManager.getKind(Ljava/nio/file/Path;)Ljavax/tools/JavaFileObject$Kind; @ 1 c2
Event: 1.257 Thread 0x000001f4a1b90000 Uncommon trap: reason=bimorphic_or_optimized_type_check action=maybe_recompile pc=0x000001f4b1acf81c method=com.sun.tools.javac.file.BaseFileManager.getKind(Ljava/nio/file/Path;)Ljavax/tools/JavaFileObject$Kind; @ 1 c2

Classes redefined (0 events):
No events

Internal exceptions (10 events):
Event: 1.256 Thread 0x000001f4a1b90000 Exception <a 'sun/nio/fs/WindowsException'{0x000000074383b350}> (0x000000074383b350) thrown at [t:/workspace/open/src/hotspot/share/prims/jni.cpp, line 615]
Event: 1.257 Thread 0x000001f4a1b90000 Exception <a 'sun/nio/fs/WindowsException'{0x000000074383d078}> (0x000000074383d078) thrown at [t:/workspace/open/src/hotspot/share/prims/jni.cpp, line 615]
Event: 1.257 Thread 0x000001f4a1b90000 Exception <a 'sun/nio/fs/WindowsException'{0x000000074383e040}> (0x000000074383e040) thrown at [t:/workspace/open/src/hotspot/share/prims/jni.cpp, line 615]
Event: 1.258 Thread 0x000001f4a1b90000 Exception <a 'sun/nio/fs/WindowsException'{0x0000000743840dc0}> (0x0000000743840dc0) thrown at [t:/workspace/open/src/hotspot/share/prims/jni.cpp, line 615]
Event: 1.258 Thread 0x000001f4a1b90000 Exception <a 'sun/nio/fs/WindowsException'{0x00000007438410b8}> (0x00000007438410b8) thrown at [t:/workspace/open/src/hotspot/share/prims/jni.cpp, line 615]
Event: 1.306 Thread 0x000001f4a1b90000 Exception <a 'java/lang/NoSuchMethodError'{0x00000007437cf148}: java.lang.invoke.DirectMethodHandle$Holder.invokeVirtual(Ljava/lang/Object;Ljava/lang/Object;)V> (0x00000007437cf148) thrown at [t:/workspace/open/src/hotspot/share/interpreter/linkResolver.c
Event: 1.462 Thread 0x000001f4a1b90000 Exception <a 'java/lang/NoSuchMethodError'{0x00000007438c7538}: java.lang.invoke.DirectMethodHandle$Holder.invokeVirtual(Ljava/lang/Object;Ljava/lang/Object;Ljava/lang/Object;Ljava/lang/Object;)I> (0x00000007438c7538) thrown at [t:/workspace/open/src/hots
Event: 1.464 Thread 0x000001f4a1b90000 Exception <a 'java/lang/NoSuchMethodError'{0x00000007438d1d48}: java.lang.invoke.DirectMethodHandle$Holder.invokeStatic(Ljava/lang/Object;Ljava/lang/Object;ILjava/lang/Object;)Ljava/lang/Object;> (0x00000007438d1d48) thrown at [t:/workspace/open/src/hotsp
Event: 1.464 Thread 0x000001f4a1b90000 Exception <a 'java/lang/NoSuchMethodError'{0x00000007438d84f0}: java.lang.invoke.Invokers$Holder.linkToTargetMethod(Ljava/lang/Object;ILjava/lang/Object;Ljava/lang/Object;)Ljava/lang/Object;> (0x00000007438d84f0) thrown at [t:/workspace/open/src/hotspot/s
Event: 1.465 Thread 0x000001f4a1b90000 Exception <a 'java/lang/NoSuchMethodError'{0x00000007438dda28}: java.lang.invoke.DirectMethodHandle$Holder.invokeVirtual(Ljava/lang/Object;Ljava/lang/Object;Ljava/lang/Object;)Ljava/lang/Object;> (0x00000007438dda28) thrown at [t:/workspace/open/src/hotsp

Events (10 events):
Event: 1.486 loading class com/sun/tools/javac/tree/JCTree done
Event: 1.524 Executing VM operation: ICBufferFull
Event: 1.524 Executing VM operation: ICBufferFull done
Event: 1.599 loading class com/sun/tools/javac/code/Type
Event: 1.599 loading class com/sun/tools/javac/code/Type done
Event: 1.599 loading class com/sun/tools/javac/code/Types$UniqueType
Event: 1.599 loading class com/sun/tools/javac/code/Types$UniqueType done
Event: 1.599 loading class com/sun/tools/javac/code/Symtab
Event: 1.599 loading class com/sun/tools/javac/code/Symtab done
Event: 1.604 Executing VM operation: G1CollectForAllocation


Dynamic libraries:
0x00007ff6d2740000 - 0x00007ff6d2748000 	C:\Program Files\Java\jdk-12.0.2\bin\javac.exe
0x00007ffe58f20000 - 0x00007ffe59110000 	C:\Windows\SYSTEM32\ntdll.dll
0x00007ffe588c0000 - 0x00007ffe58972000 	C:\Windows\System32\KERNEL32.DLL
0x00007ffe56d20000 - 0x00007ffe56fc4000 	C:\Windows\System32\KERNELBASE.dll
0x00007ffe56b30000 - 0x00007ffe56c2a000 	C:\Windows\System32\ucrtbase.dll
0x00007ffe39660000 - 0x00007ffe39678000 	C:\Program Files\Java\jdk-12.0.2\bin\jli.dll
0x00007ffe53be0000 - 0x00007ffe53bf6000 	C:\Program Files\Java\jdk-12.0.2\bin\VCRUNTIME140.dll
0x00007ffe57680000 - 0x00007ffe57723000 	C:\Windows\System32\ADVAPI32.dll
0x00007ffe575d0000 - 0x00007ffe5766e000 	C:\Windows\System32\msvcrt.dll
0x00007ffe57380000 - 0x00007ffe57417000 	C:\Windows\System32\sechost.dll
0x00007ffe57260000 - 0x00007ffe57380000 	C:\Windows\System32\RPCRT4.dll
0x00007ffe58a00000 - 0x00007ffe58b94000 	C:\Windows\System32\USER32.dll
0x00007ffe56b00000 - 0x00007ffe56b21000 	C:\Windows\System32\win32u.dll
0x00007ffe57540000 - 0x00007ffe57566000 	C:\Windows\System32\GDI32.dll
0x00007ffe47e50000 - 0x00007ffe480d4000 	C:\Windows\WinSxS\amd64_microsoft.windows.common-controls_6595b64144ccf1df_6.0.18362.836_none_e6c4b943130f18ed\COMCTL32.dll
0x00007ffe56960000 - 0x00007ffe56af4000 	C:\Windows\System32\gdi32full.dll
0x00007ffe58ba0000 - 0x00007ffe58ed6000 	C:\Windows\System32\combase.dll
0x00007ffe56c30000 - 0x00007ffe56cce000 	C:\Windows\System32\msvcp_win.dll
0x00007ffe56100000 - 0x00007ffe56180000 	C:\Windows\System32\bcryptPrimitives.dll
0x00007ffe49f90000 - 0x00007ffe49f9a000 	C:\Windows\SYSTEM32\VERSION.dll
0x00007ffe57730000 - 0x00007ffe5775e000 	C:\Windows\System32\IMM32.DLL
0x00007ffe1fd50000 - 0x00007ffe1fdfa000 	C:\Program Files\Java\jdk-12.0.2\bin\msvcp140.dll
0x00007ffe16840000 - 0x00007ffe173b7000 	C:\Program Files\Java\jdk-12.0.2\bin\server\jvm.dll
0x00007ffe57670000 - 0x00007ffe57678000 	C:\Windows\System32\PSAPI.DLL
0x00007ffe44940000 - 0x00007ffe44949000 	C:\Windows\SYSTEM32\WSOCK32.dll
0x00007ffe53a70000 - 0x00007ffe53a94000 	C:\Windows\SYSTEM32\WINMM.dll
0x00007ffe574d0000 - 0x00007ffe5753f000 	C:\Windows\System32\WS2_32.dll
0x00007ffe53a40000 - 0x00007ffe53a6d000 	C:\Windows\SYSTEM32\WINMMBASE.dll
0x00007ffe56cd0000 - 0x00007ffe56d1a000 	C:\Windows\System32\cfgmgr32.dll
0x00007ffe55e40000 - 0x00007ffe55e51000 	C:\Windows\System32\kernel.appcore.dll
0x00007ffe52300000 - 0x00007ffe52311000 	C:\Program Files\Java\jdk-12.0.2\bin\verify.dll
0x00007ffe546f0000 - 0x00007ffe548e4000 	C:\Windows\SYSTEM32\DBGHELP.DLL
0x00007ffe3b460000 - 0x00007ffe3b48a000 	C:\Windows\SYSTEM32\dbgcore.DLL
0x00007ffe49ad0000 - 0x00007ffe49af6000 	C:\Program Files\Java\jdk-12.0.2\bin\java.dll
0x00007ffe49ab0000 - 0x00007ffe49ac7000 	C:\Program Files\Java\jdk-12.0.2\bin\zip.dll
0x00007ffe53bd0000 - 0x00007ffe53bda000 	C:\Program Files\Java\jdk-12.0.2\bin\jimage.dll
0x00007ffe57fc0000 - 0x00007ffe586a4000 	C:\Windows\System32\SHELL32.dll
0x00007ffe57f10000 - 0x00007ffe57fb9000 	C:\Windows\System32\shcore.dll
0x00007ffe561e0000 - 0x00007ffe5695e000 	C:\Windows\System32\windows.storage.dll
0x00007ffe55e80000 - 0x00007ffe55ea3000 	C:\Windows\System32\profapi.dll
0x00007ffe55df0000 - 0x00007ffe55e3a000 	C:\Windows\System32\powrprof.dll
0x00007ffe55de0000 - 0x00007ffe55df0000 	C:\Windows\System32\UMPDC.dll
0x00007ffe57200000 - 0x00007ffe57252000 	C:\Windows\System32\shlwapi.dll
0x00007ffe55eb0000 - 0x00007ffe55ec7000 	C:\Windows\System32\cryptsp.dll
0x00007ffe497f0000 - 0x00007ffe49809000 	C:\Program Files\Java\jdk-12.0.2\bin\net.dll
0x00007ffe49d10000 - 0x00007ffe49e00000 	C:\Windows\SYSTEM32\WINHTTP.dll
0x00007ffe3da60000 - 0x00007ffe3dc36000 	C:\Windows\SYSTEM32\urlmon.dll
0x00007ffe3d790000 - 0x00007ffe3da36000 	C:\Windows\SYSTEM32\iertutil.dll
0x00007ffe55820000 - 0x00007ffe5582c000 	C:\Windows\SYSTEM32\CRYPTBASE.DLL
0x00007ffe55650000 - 0x00007ffe556b7000 	C:\Windows\system32\mswsock.dll
0x00007ffe497d0000 - 0x00007ffe497e3000 	C:\Program Files\Java\jdk-12.0.2\bin\nio.dll

dbghelp: loaded successfully - version: 4.0.5 - missing functions: none
symbol engine: initialized successfully - sym options: 0x614 - pdb path: .;C:\Program Files\Java\jdk-12.0.2\bin;C:\Windows\SYSTEM32;C:\Windows\WinSxS\amd64_microsoft.windows.common-controls_6595b64144ccf1df_6.0.18362.836_none_e6c4b943130f18ed;C:\Program Files\Java\jdk-12.0.2\bin\server

VM Arguments:
jvm_args: -Dapplication.home=C:\Program Files\Java\jdk-12.0.2 --add-modules=ALL-DEFAULT -Xms8m -Djdk.module.main=jdk.compiler 
java_command: jdk.compiler/com.sun.tools.javac.Main -d C:\Users\USER\Documents\NetBeansProjects\cnpm\build\classes -classpath C:\Users\USER\Documents\NetBeansProjects\cnpm\build\classes;C:\Users\USER\Desktop\NNLT\JAVA TOOL+CODE\Tool JAVA\mssql-jdbc-7.2.1.jre11.jar;D:\NETBEAN\netbeans\java\modules\ext\AbsoluteLayout.jar;C:\Users\USER\Desktop\NNLT\JAVA TOOL+CODE\Tool JAVA\jdatechooser\DateChooser.jar;C:\Users\USER\Desktop\NNLT\JAVA TOOL+CODE\Tool JAVA\javadate picker\jdatepicker-1.3.2.jar;C:\Users\USER\Desktop\NNLT\JAVA TOOL+CODE\Tool JAVA\ITextSharp\itextpdf-5.4.0.jar;C:\Users\USER\Desktop\NNLT\JAVA TOOL+CODE\Tool JAVA\io\io-7.0.5.jar;C:\Users\USER\Desktop\NNLT\JAVA TOOL+CODE\Tool JAVA\pqScan.PDFtoImage\pqScan.PDFtoImage.jar -sourcepath C:\Users\USER\Documents\NetBeansProjects\cnpm\src -target 12 -encoding UTF-8 -g -processorpath C:\Users\USER\Desktop\NNLT\JAVA TOOL+CODE\Tool JAVA\mssql-jdbc-7.2.1.jre11.jar;D:\NETBEAN\netbeans\java\modules\ext\AbsoluteLayout.jar;C:\Users\USER\Desktop\NNLT\JAVA TOOL+CODE\Tool JAVA\jdatechooser\DateChooser.jar;C:\Users\USER\Desktop\NNLT\JAVA TOOL+CODE\Tool JAVA\javadate picker\jdatepicker-1.3.4.jar;C:\Users\USER\Desktop\NNLT\JAVA TOOL+CODE\Tool JAVA\javadate picker\jdatepicker-1.3.2.jar;C:\Users\USER\Downloads\New folder\New folder\AbsoluteLayout.jar;C:\Users\USER\Downloads\New folder\New folder\commons-beanutils-1.8.2.jar;C:\Users\USER\Downloads\New folder\New folder\groovy-all-1.7.5.jar;C:\Users\USER\Downloads\New folder\New folder\jasperreports-4.0.2.jar;C:\Users\USER\Downloads\New folder\New folder\swingx-all-1.6.4.jar;C:\Users\USER\Downloads\New folder\New folder\sqljdbc4.jar;C:\Users\USER\Desktop\NNLT\JAVA TOOL+CODE\Tool JAVA\ITextSharp\itextpdf-5.4.0.jar;C:\Users\USER\Desktop\NNLT\JAVA TOOL+CODE\Tool JAVA\io\io-7.0.5.jar;C:\Users\USER\Desktop\NNLT\JAVA TOOL+CODE\Tool JAVA\pqScan.PDFtoImage\pqScan.PDFtoImage.jar;C:\Users\USER\Documents\NetBeansProjects\cnpm\build\empty -s C:\Users\USER\Documents\NetBeansProjects\cnpm\build\gene
java_class_path (initial): <not set>
Launcher Type: SUN_STANDARD

[Global flags]
     intx CICompilerCount                          = 3                                         {product} {ergonomic}
     uint ConcGCThreads                            = 1                                         {product} {ergonomic}
     uint G1ConcRefinementThreads                  = 4                                         {product} {ergonomic}
   size_t G1HeapRegionSize                         = 1048576                                   {product} {ergonomic}
    uintx GCDrainStackTargetSize                   = 64                                        {product} {ergonomic}
   size_t InitialHeapSize                          = 8388608                                   {product} {command line}
   size_t MarkStackSize                            = 4194304                                   {product} {ergonomic}
   size_t MaxHeapSize                              = 3187671040                                {product} {ergonomic}
   size_t MaxNewSize                               = 1912602624                                {product} {ergonomic}
   size_t MinHeapDeltaBytes                        = 1048576                                   {product} {ergonomic}
    uintx NonNMethodCodeHeapSize                   = 5830732                                {pd product} {ergonomic}
    uintx NonProfiledCodeHeapSize                  = 122913754                              {pd product} {ergonomic}
    uintx ProfiledCodeHeapSize                     = 122913754                              {pd product} {ergonomic}
    uintx ReservedCodeCacheSize                    = 251658240                              {pd product} {ergonomic}
     bool SegmentedCodeCache                       = true                                      {product} {ergonomic}
     bool UseCompressedClassPointers               = true                                 {lp64_product} {ergonomic}
     bool UseCompressedOops                        = true                                 {lp64_product} {ergonomic}
     bool UseG1GC                                  = true                                      {product} {ergonomic}
     bool UseLargePagesIndividualAllocation        = false                                  {pd product} {ergonomic}

Logging:
Log output configuration:
 #0: stdout all=warning uptime,level,tags
 #1: stderr all=off uptime,level,tags

Environment Variables:
JAVA_HOME=C:\Program Files\Java\jdk-12.0.2
PATH=C:\Program Files (x86)\Common Files\Oracle\Java\javapath;C:\Program Files (x86)\Intel\Intel(R) Management Engine Components\iCLS\;C:\Program Files\Intel\Intel(R) Management Engine Components\iCLS\;C:\Windows\system32;C:\Windows;C:\Windows\System32\Wbem;C:\Windows\System32\WindowsPowerShell\v1.0\;C:\Windows\System32\OpenSSH\;C:\Program Files (x86)\Intel\Intel(R) Management Engine Components\DAL;C:\Program Files\Intel\Intel(R) Management Engine Components\DAL;C:\Program Files (x86)\Intel\Intel(R) Management Engine Components\IPT;C:\Program Files\Intel\Intel(R) Management Engine Components\IPT;C:\Program Files\Intel\WiFi\bin\;C:\Program Files\Common Files\Intel\WirelessCommon\;C:\Program Files\Java\jdk-12.0.2\bin;C:\Program Files\Microsoft SQL Server\110\Tools\Binn\;C:\Program Files (x86)\Microsoft SQL Server\110\Tools\Binn\;C:\Program Files\Microsoft SQL Server\110\DTS\Binn\;C:\Program Files (x86)\Microsoft SQL Server\110\Tools\Binn\ManagementStudio\;C:\Program Files (x86)\Microsoft Visual Studio 10.0\Common7\IDE\PrivateAssemblies\;C:\Program Files (x86)\Microsoft SQL Server\110\DTS\Binn\;C:\Users\USER\Documents\OpenSSL\OpenSSL-Win64\bin;C:\Program Files\OpenSSL-Win64\bin;C:\Users\USER\Downloads\New folder\New folder\bin;C:\Users\USER\AppData\Local\Microsoft\WindowsApps;C:\Program Files\Intel\WiFi\bin\;C:\Program Files\Common Files\Intel\WirelessCommon\
USERNAME=USER
OS=Windows_NT
PROCESSOR_IDENTIFIER=Intel64 Family 6 Model 142 Stepping 9, GenuineIntel



---------------  S Y S T E M  ---------------

OS: Windows 10 , 64 bit Build 18362 (10.0.18362.778)

CPU:total 4 (initial active 4) (2 cores per cpu, 2 threads per core) family 6 model 142 stepping 9, cmov, cx8, fxsr, mmx, sse, sse2, sse3, ssse3, sse4.1, sse4.2, popcnt, avx, avx2, aes, clmul, erms, 3dnowpref, lzcnt, ht, tsc, tscinvbit, bmi1, bmi2, adx, fma

Memory: 4k page, system-wide physical 12153M (2199M free)
TotalPageFile size 28176M (AvailPageFile size 16M)
current process WorkingSet (physical memory assigned to process): 121M, peak: 126M
current process commit charge ("private bytes"): 147M, peak: 174M

vm_info: Java HotSpot(TM) 64-Bit Server VM (12.0.2+10) for windows-amd64 JRE (12.0.2+10), built on Jul 16 2019 01:56:17 by "mach5one" with MS VC++ 15.5 (VS2017)

END.
